#
# There is insufficient memory for the Java Runtime Environment to continue.
# Native memory allocation (malloc) failed to allocate 978256 bytes for Chunk::new
# Possible reasons:
#   The system is out of physical RAM or swap space
#   The process is running with CompressedOops enabled, and the Java Heap may be blocking the growth of the native heap
# Possible solutions:
#   Reduce memory load on the system
#   Increase physical memory or swap space
#   Check if swap backing store is full
#   Decrease Java heap size (-Xmx/-Xms)
#   Decrease number of Java threads
#   Decrease Java thread stack sizes (-Xss)
#   Set larger code cache with -XX:ReservedCodeCacheSize=
#   JVM is running with Unscaled Compressed Oops mode in which the Java heap is
#     placed in the first 4GB address space. The Java Heap base address is the
#     maximum limit for the native heap growth. Please use -XX:HeapBaseMinAddress
#     to set the Java Heap base and to place the Java Heap above 4GB virtual address.
# This output file may be truncated or incomplete.
#
#  Out of Memory Error (./src/hotspot/share/memory/arena.cpp:197), pid=18468, tid=13496
#
# JRE version: OpenJDK Runtime Environment Microsoft-7208460 (11.0.18+10) (build 11.0.18+10-LTS)
# Java VM: OpenJDK 64-Bit Server VM Microsoft-7208460 (11.0.18+10-LTS, mixed mode, tiered, compressed oops, g1 gc, windows-amd64)
# No core dump will be written. Minidumps are not enabled by default on client versions of Windows
#

---------------  S U M M A R Y ------------

Command Line: -XX:MaxMetaspaceSize=512m --add-opens=java.base/java.util=ALL-UNNAMED --add-opens=java.base/java.lang=ALL-UNNAMED --add-opens=java.base/java.lang.invoke=ALL-UNNAMED --add-opens=java.base/java.util=ALL-UNNAMED --add-opens=java.prefs/java.util.prefs=ALL-UNNAMED --add-opens=java.prefs/java.util.prefs=ALL-UNNAMED --add-opens=java.base/java.nio.charset=ALL-UNNAMED --add-opens=java.base/java.net=ALL-UNNAMED --add-opens=java.base/java.util.concurrent.atomic=ALL-UNNAMED -Xmx2048m -Dfile.encoding=windows-1252 -Duser.country=ES -Duser.language=es -Duser.variant org.gradle.launcher.daemon.bootstrap.GradleDaemon 7.5.1

Host: Intel(R) Core(TM) i7-8750H CPU @ 2.20GHz, 12 cores, 15G,  Windows 10 , 64 bit Build 19041 (10.0.19041.2546)
Time: Sat Mar 18 20:58:29 2023 Hora estándar central (México) elapsed time: 3.606810 seconds (0d 0h 0m 3s)

---------------  T H R E A D  ---------------

Current thread (0x00000285aed28000):  JavaThread "C2 CompilerThread0" daemon [_thread_in_native, id=13496, stack(0x000000fde8500000,0x000000fde8600000)]


Current CompileTask:
C2:   3606 2645  s!   4       jdk.internal.loader.URLClassPath::getLoader (194 bytes)

Stack: [0x000000fde8500000,0x000000fde8600000]
Native frames: (J=compiled Java code, j=interpreted, Vv=VM code, C=native code)
V  [jvm.dll+0x62bf8a]
V  [jvm.dll+0x7b8fb9]
V  [jvm.dll+0x7ba6a8]
V  [jvm.dll+0x7bad83]
V  [jvm.dll+0x250248]
V  [jvm.dll+0xc260c]
V  [jvm.dll+0xc2bcc]
V  [jvm.dll+0x35e1c7]
V  [jvm.dll+0x19ede1]
V  [jvm.dll+0x209495]
V  [jvm.dll+0x20850d]
V  [jvm.dll+0x18a4b1]
V  [jvm.dll+0x217eec]
V  [jvm.dll+0x21612b]
V  [jvm.dll+0x77bac0]
V  [jvm.dll+0x7749f4]
V  [jvm.dll+0x62adf5]
C  [ucrtbase.dll+0x21bb2]
C  [KERNEL32.DLL+0x17614]
C  [ntdll.dll+0x526a1]


---------------  P R O C E S S  ---------------

Threads class SMR info:
_java_thread_list=0x00000285b2c86230, length=33, elements={
0x000002858ef25800, 0x00000285aecd5000, 0x00000285aecd8800, 0x00000285aed24000,
0x00000285aed26000, 0x00000285aed27000, 0x00000285aed28000, 0x00000285aed2a000,
0x00000285aed30800, 0x00000285aee9d000, 0x00000285b0cb6000, 0x00000285aef95000,
0x00000285b120b000, 0x00000285b0b9b000, 0x00000285afe0f000, 0x00000285b1208000,
0x00000285b0df5800, 0x00000285b0e90000, 0x00000285b108b000, 0x00000285b19e5800,
0x00000285b19e4800, 0x00000285b19e6800, 0x00000285b19e7000, 0x00000285b10aa800,
0x00000285b10a9000, 0x00000285b19e2000, 0x00000285b19e3000, 0x00000285b19e1800,
0x00000285b19e4000, 0x00000285b19e8000, 0x00000285b2743000, 0x00000285b2744800,
0x00000285b2745800
}

Java Threads: ( => current thread )
  0x000002858ef25800 JavaThread "main" [_thread_blocked, id=17032, stack(0x000000fde7900000,0x000000fde7a00000)]
  0x00000285aecd5000 JavaThread "Reference Handler" daemon [_thread_blocked, id=25428, stack(0x000000fde8000000,0x000000fde8100000)]
  0x00000285aecd8800 JavaThread "Finalizer" daemon [_thread_blocked, id=22660, stack(0x000000fde8100000,0x000000fde8200000)]
  0x00000285aed24000 JavaThread "Signal Dispatcher" daemon [_thread_blocked, id=22132, stack(0x000000fde8200000,0x000000fde8300000)]
  0x00000285aed26000 JavaThread "Attach Listener" daemon [_thread_blocked, id=13888, stack(0x000000fde8300000,0x000000fde8400000)]
  0x00000285aed27000 JavaThread "Service Thread" daemon [_thread_blocked, id=27336, stack(0x000000fde8400000,0x000000fde8500000)]
=>0x00000285aed28000 JavaThread "C2 CompilerThread0" daemon [_thread_in_native, id=13496, stack(0x000000fde8500000,0x000000fde8600000)]
  0x00000285aed2a000 JavaThread "C1 CompilerThread0" daemon [_thread_blocked, id=24648, stack(0x000000fde8600000,0x000000fde8700000)]
  0x00000285aed30800 JavaThread "Sweeper thread" daemon [_thread_blocked, id=21928, stack(0x000000fde8700000,0x000000fde8800000)]
  0x00000285aee9d000 JavaThread "Common-Cleaner" daemon [_thread_blocked, id=6244, stack(0x000000fde8800000,0x000000fde8900000)]
  0x00000285b0cb6000 JavaThread "Daemon health stats" [_thread_blocked, id=21252, stack(0x000000fde9100000,0x000000fde9200000)]
  0x00000285aef95000 JavaThread "Incoming local TCP Connector on port 59613" [_thread_in_native, id=1956, stack(0x000000fde8a00000,0x000000fde8b00000)]
  0x00000285b120b000 JavaThread "Daemon periodic checks" [_thread_blocked, id=22724, stack(0x000000fde8b00000,0x000000fde8c00000)]
  0x00000285b0b9b000 JavaThread "Daemon" [_thread_blocked, id=18612, stack(0x000000fde9200000,0x000000fde9300000)]
  0x00000285afe0f000 JavaThread "Handler for socket connection from /127.0.0.1:59613 to /127.0.0.1:59614" [_thread_in_native, id=24620, stack(0x000000fde9300000,0x000000fde9400000)]
  0x00000285b1208000 JavaThread "Cancel handler" [_thread_blocked, id=26004, stack(0x000000fde9400000,0x000000fde9500000)]
  0x00000285b0df5800 JavaThread "Daemon worker" [_thread_in_Java, id=27368, stack(0x000000fde9500000,0x000000fde9600000)]
  0x00000285b0e90000 JavaThread "Asynchronous log dispatcher for DefaultDaemonConnection: socket connection from /127.0.0.1:59613 to /127.0.0.1:59614" [_thread_blocked, id=12892, stack(0x000000fde9600000,0x000000fde9700000)]
  0x00000285b108b000 JavaThread "Stdin handler" [_thread_blocked, id=21832, stack(0x000000fde9700000,0x000000fde9800000)]
  0x00000285b19e5800 JavaThread "Daemon client event forwarder" [_thread_blocked, id=22168, stack(0x000000fde9800000,0x000000fde9900000)]
  0x00000285b19e4800 JavaThread "Cache worker for journal cache (C:\Users\Juan\.gradle\caches\journal-1)" [_thread_blocked, id=18808, stack(0x000000fde9900000,0x000000fde9a00000)]
  0x00000285b19e6800 JavaThread "File lock request listener" [_thread_in_native, id=18796, stack(0x000000fde9a00000,0x000000fde9b00000)]
  0x00000285b19e7000 JavaThread "Cache worker for file hash cache (C:\Users\Juan\.gradle\caches\7.5.1\fileHashes)" [_thread_blocked, id=5408, stack(0x000000fde9b00000,0x000000fde9c00000)]
  0x00000285b10aa800 JavaThread "C2 CompilerThread1" daemon [_thread_in_native, id=17848, stack(0x000000fdea200000,0x000000fdea300000)]
  0x00000285b10a9000 JavaThread "C2 CompilerThread2" daemon [_thread_in_native, id=10584, stack(0x000000fdea300000,0x000000fdea400000)]
  0x00000285b19e2000 JavaThread "File watcher server" daemon [_thread_in_native, id=19068, stack(0x000000fdea400000,0x000000fdea500000)]
  0x00000285b19e3000 JavaThread "File watcher consumer" daemon [_thread_blocked, id=26124, stack(0x000000fdea500000,0x000000fdea600000)]
  0x00000285b19e1800 JavaThread "Cache worker for checksums cache (C:\Users\Juan\Desktop\React\appNaranja\android\.gradle\7.5.1\checksums)" [_thread_blocked, id=27560, stack(0x000000fdea600000,0x000000fdea700000)]
  0x00000285b19e4000 JavaThread "Cache worker for cache directory md-rule (C:\Users\Juan\.gradle\caches\7.5.1\md-rule)" [_thread_blocked, id=10652, stack(0x000000fdea700000,0x000000fdea800000)]
  0x00000285b19e8000 JavaThread "Cache worker for file content cache (C:\Users\Juan\.gradle\caches\7.5.1\fileContent)" [_thread_blocked, id=16488, stack(0x000000fdea800000,0x000000fdea900000)]
  0x00000285b2743000 JavaThread "Cache worker for file hash cache (C:\Users\Juan\Desktop\React\appNaranja\android\.gradle\7.5.1\fileHashes)" [_thread_blocked, id=19912, stack(0x000000fdea900000,0x000000fdeaa00000)]
  0x00000285b2744800 JavaThread "Cache worker for cache directory md-supplier (C:\Users\Juan\.gradle\caches\7.5.1\md-supplier)" [_thread_blocked, id=27348, stack(0x000000fdeaa00000,0x000000fdeab00000)]
  0x00000285b2745800 JavaThread "Cache worker for execution history cache (C:\Users\Juan\.gradle\caches\7.5.1\executionHistory)" [_thread_blocked, id=19316, stack(0x000000fdeab00000,0x000000fdeac00000)]

Other Threads:
  0x00000285aecc1800 VMThread "VM Thread" [stack: 0x000000fde7f00000,0x000000fde8000000] [id=16104]
  0x00000285aeebd800 WatcherThread [stack: 0x000000fde8900000,0x000000fde8a00000] [id=19856]
  0x000002858ef40000 GCTaskThread "GC Thread#0" [stack: 0x000000fde7a00000,0x000000fde7b00000] [id=19412]
  0x00000285afe39000 GCTaskThread "GC Thread#1" [stack: 0x000000fde8c00000,0x000000fde8d00000] [id=25468]
  0x00000285af9be800 GCTaskThread "GC Thread#2" [stack: 0x000000fde8d00000,0x000000fde8e00000] [id=24516]
  0x00000285b02e4800 GCTaskThread "GC Thread#3" [stack: 0x000000fde8e00000,0x000000fde8f00000] [id=27240]
  0x00000285af362000 GCTaskThread "GC Thread#4" [stack: 0x000000fde8f00000,0x000000fde9000000] [id=6580]
  0x00000285af466000 GCTaskThread "GC Thread#5" [stack: 0x000000fde9000000,0x000000fde9100000] [id=22464]
  0x00000285b1df2800 GCTaskThread "GC Thread#6" [stack: 0x000000fde9c00000,0x000000fde9d00000] [id=21844]
  0x00000285afe38000 GCTaskThread "GC Thread#7" [stack: 0x000000fde9d00000,0x000000fde9e00000] [id=20352]
  0x00000285b096c000 GCTaskThread "GC Thread#8" [stack: 0x000000fde9e00000,0x000000fde9f00000] [id=14600]
  0x00000285b020f000 GCTaskThread "GC Thread#9" [stack: 0x000000fde9f00000,0x000000fdea000000] [id=17508]
  0x000002858ef71800 ConcurrentGCThread "G1 Main Marker" [stack: 0x000000fde7b00000,0x000000fde7c00000] [id=11384]
  0x000002858ef72800 ConcurrentGCThread "G1 Conc#0" [stack: 0x000000fde7c00000,0x000000fde7d00000] [id=22076]
  0x00000285afe78800 ConcurrentGCThread "G1 Conc#1" [stack: 0x000000fdea000000,0x000000fdea100000] [id=1744]
  0x00000285b14f1000 ConcurrentGCThread "G1 Conc#2" [stack: 0x000000fdea100000,0x000000fdea200000] [id=27600]
  0x000002858effe000 ConcurrentGCThread "G1 Refine#0" [stack: 0x000000fde7d00000,0x000000fde7e00000] [id=10628]
  0x00000285ae326800 ConcurrentGCThread "G1 Young RemSet Sampling" [stack: 0x000000fde7e00000,0x000000fde7f00000] [id=21520]

Threads with active compile tasks:
C2 CompilerThread0     3637 2645  s!   4       jdk.internal.loader.URLClassPath::getLoader (194 bytes)
C1 CompilerThread0     3637 2808       3       org.codehaus.groovy.reflection.CachedMethod::getParamsCount (6 bytes)
C2 CompilerThread1     3637 2757 %     4       jdk.internal.loader.URLClassPath::getResource @ 39 (74 bytes)
C2 CompilerThread2     3637 2767   !   4       java.util.concurrent.ConcurrentHashMap::computeIfAbsent (576 bytes)

VM state:not at safepoint (normal execution)

VM Mutex/Monitor currently owned by a thread: None

Heap address: 0x0000000080000000, size: 2048 MB, Compressed Oops mode: 32-bit
Narrow klass base: 0x0000000000000000, Narrow klass shift: 3
Compressed class space size: 528482304 Address: 0x0000000100000000

Heap:
 garbage-first heap   total 260096K, used 101038K [0x0000000080000000, 0x0000000100000000)
  region size 1024K, 84 young (86016K), 2 survivors (2048K)
 Metaspace       used 33711K, capacity 34460K, committed 34608K, reserved 546816K
  class space    used 4350K, capacity 4660K, committed 4736K, reserved 516096K
Heap Regions: E=young(eden), S=young(survivor), O=old, HS=humongous(starts), HC=humongous(continues), CS=collection set, F=free, A=archive, TAMS=top-at-mark-start (previous, next)
|   0|0x0000000080000000, 0x0000000080100000, 0x0000000080100000|100%| O|  |TAMS 0x0000000080000000, 0x0000000080000000| Untracked 
|   1|0x0000000080100000, 0x0000000080200000, 0x0000000080200000|100%| O|  |TAMS 0x0000000080100000, 0x0000000080100000| Untracked 
|   2|0x0000000080200000, 0x0000000080300000, 0x0000000080300000|100%| O|  |TAMS 0x0000000080200000, 0x0000000080200000| Untracked 
|   3|0x0000000080300000, 0x0000000080400000, 0x0000000080400000|100%|HS|  |TAMS 0x0000000080400000, 0x0000000080300000| Complete 
|   4|0x0000000080400000, 0x0000000080500000, 0x0000000080500000|100%|HC|  |TAMS 0x0000000080500000, 0x0000000080400000| Complete 
|   5|0x0000000080500000, 0x0000000080600000, 0x0000000080600000|100%|HC|  |TAMS 0x0000000080600000, 0x0000000080500000| Complete 
|   6|0x0000000080600000, 0x0000000080700000, 0x0000000080700000|100%| O|  |TAMS 0x0000000080700000, 0x0000000080600000| Untracked 
|   7|0x0000000080700000, 0x0000000080800000, 0x0000000080800000|100%| O|  |TAMS 0x0000000080800000, 0x0000000080700000| Untracked 
|   8|0x0000000080800000, 0x0000000080900000, 0x0000000080900000|100%| O|  |TAMS 0x0000000080900000, 0x0000000080800000| Untracked 
|   9|0x0000000080900000, 0x0000000080a00000, 0x0000000080a00000|100%| O|  |TAMS 0x0000000080900000, 0x0000000080900000| Untracked 
|  10|0x0000000080a00000, 0x0000000080b00000, 0x0000000080b00000|100%| O|  |TAMS 0x0000000080a00000, 0x0000000080a00000| Untracked 
|  11|0x0000000080b00000, 0x0000000080c00000, 0x0000000080c00000|100%| O|  |TAMS 0x0000000080b00000, 0x0000000080b00000| Untracked 
|  12|0x0000000080c00000, 0x0000000080d00000, 0x0000000080d00000|100%| O|  |TAMS 0x0000000080c00000, 0x0000000080c00000| Untracked 
|  13|0x0000000080d00000, 0x0000000080e00000, 0x0000000080e00000|100%| O|  |TAMS 0x0000000080d00000, 0x0000000080d00000| Untracked 
|  14|0x0000000080e00000, 0x0000000080f00000, 0x0000000080f00000|100%| O|  |TAMS 0x0000000080e00000, 0x0000000080e00000| Untracked 
|  15|0x0000000080f00000, 0x0000000081000000, 0x0000000081000000|100%| O|  |TAMS 0x0000000080f00000, 0x0000000080f00000| Untracked 
|  16|0x0000000081000000, 0x000000008100be00, 0x0000000081100000|  4%| O|  |TAMS 0x0000000081000000, 0x0000000081000000| Untracked 
|  17|0x0000000081100000, 0x0000000081100000, 0x0000000081200000|  0%| F|  |TAMS 0x0000000081100000, 0x0000000081100000| Untracked 
|  18|0x0000000081200000, 0x0000000081200000, 0x0000000081300000|  0%| F|  |TAMS 0x0000000081200000, 0x0000000081200000| Untracked 
|  19|0x0000000081300000, 0x0000000081300000, 0x0000000081400000|  0%| F|  |TAMS 0x0000000081300000, 0x0000000081300000| Untracked 
|  20|0x0000000081400000, 0x0000000081400000, 0x0000000081500000|  0%| F|  |TAMS 0x0000000081400000, 0x0000000081400000| Untracked 
|  21|0x0000000081500000, 0x0000000081500000, 0x0000000081600000|  0%| F|  |TAMS 0x0000000081500000, 0x0000000081500000| Untracked 
|  22|0x0000000081600000, 0x0000000081600000, 0x0000000081700000|  0%| F|  |TAMS 0x0000000081600000, 0x0000000081600000| Untracked 
|  23|0x0000000081700000, 0x0000000081700000, 0x0000000081800000|  0%| F|  |TAMS 0x0000000081700000, 0x0000000081700000| Untracked 
|  24|0x0000000081800000, 0x0000000081800000, 0x0000000081900000|  0%| F|  |TAMS 0x0000000081800000, 0x0000000081800000| Untracked 
|  25|0x0000000081900000, 0x0000000081900000, 0x0000000081a00000|  0%| F|  |TAMS 0x0000000081900000, 0x0000000081900000| Untracked 
|  26|0x0000000081a00000, 0x0000000081a00000, 0x0000000081b00000|  0%| F|  |TAMS 0x0000000081a00000, 0x0000000081a00000| Untracked 
|  27|0x0000000081b00000, 0x0000000081b00000, 0x0000000081c00000|  0%| F|  |TAMS 0x0000000081b00000, 0x0000000081b00000| Untracked 
|  28|0x0000000081c00000, 0x0000000081c00000, 0x0000000081d00000|  0%| F|  |TAMS 0x0000000081c00000, 0x0000000081c00000| Untracked 
|  29|0x0000000081d00000, 0x0000000081d00000, 0x0000000081e00000|  0%| F|  |TAMS 0x0000000081d00000, 0x0000000081d00000| Untracked 
|  30|0x0000000081e00000, 0x0000000081e00000, 0x0000000081f00000|  0%| F|  |TAMS 0x0000000081e00000, 0x0000000081e00000| Untracked 
|  31|0x0000000081f00000, 0x0000000081f00000, 0x0000000082000000|  0%| F|  |TAMS 0x0000000081f00000, 0x0000000081f00000| Untracked 
|  32|0x0000000082000000, 0x0000000082000000, 0x0000000082100000|  0%| F|  |TAMS 0x0000000082000000, 0x0000000082000000| Untracked 
|  33|0x0000000082100000, 0x0000000082100000, 0x0000000082200000|  0%| F|  |TAMS 0x0000000082100000, 0x0000000082100000| Untracked 
|  34|0x0000000082200000, 0x0000000082200000, 0x0000000082300000|  0%| F|  |TAMS 0x0000000082200000, 0x0000000082200000| Untracked 
|  35|0x0000000082300000, 0x0000000082300000, 0x0000000082400000|  0%| F|  |TAMS 0x0000000082300000, 0x0000000082300000| Untracked 
|  36|0x0000000082400000, 0x0000000082400000, 0x0000000082500000|  0%| F|  |TAMS 0x0000000082400000, 0x0000000082400000| Untracked 
|  37|0x0000000082500000, 0x0000000082500000, 0x0000000082600000|  0%| F|  |TAMS 0x0000000082500000, 0x0000000082500000| Untracked 
|  38|0x0000000082600000, 0x0000000082600000, 0x0000000082700000|  0%| F|  |TAMS 0x0000000082600000, 0x0000000082600000| Untracked 
|  39|0x0000000082700000, 0x0000000082700000, 0x0000000082800000|  0%| F|  |TAMS 0x0000000082700000, 0x0000000082700000| Untracked 
|  40|0x0000000082800000, 0x0000000082800000, 0x0000000082900000|  0%| F|  |TAMS 0x0000000082800000, 0x0000000082800000| Untracked 
|  41|0x0000000082900000, 0x0000000082900000, 0x0000000082a00000|  0%| F|  |TAMS 0x0000000082900000, 0x0000000082900000| Untracked 
|  42|0x0000000082a00000, 0x0000000082a00000, 0x0000000082b00000|  0%| F|  |TAMS 0x0000000082a00000, 0x0000000082a00000| Untracked 
|  43|0x0000000082b00000, 0x0000000082b00000, 0x0000000082c00000|  0%| F|  |TAMS 0x0000000082b00000, 0x0000000082b00000| Untracked 
|  44|0x0000000082c00000, 0x0000000082c00000, 0x0000000082d00000|  0%| F|  |TAMS 0x0000000082c00000, 0x0000000082c00000| Untracked 
|  45|0x0000000082d00000, 0x0000000082d00000, 0x0000000082e00000|  0%| F|  |TAMS 0x0000000082d00000, 0x0000000082d00000| Untracked 
|  46|0x0000000082e00000, 0x0000000082e00000, 0x0000000082f00000|  0%| F|  |TAMS 0x0000000082e00000, 0x0000000082e00000| Untracked 
|  47|0x0000000082f00000, 0x0000000082f00000, 0x0000000083000000|  0%| F|  |TAMS 0x0000000082f00000, 0x0000000082f00000| Untracked 
|  48|0x0000000083000000, 0x0000000083000000, 0x0000000083100000|  0%| F|  |TAMS 0x0000000083000000, 0x0000000083000000| Untracked 
|  49|0x0000000083100000, 0x0000000083100000, 0x0000000083200000|  0%| F|  |TAMS 0x0000000083100000, 0x0000000083100000| Untracked 
|  50|0x0000000083200000, 0x0000000083200000, 0x0000000083300000|  0%| F|  |TAMS 0x0000000083200000, 0x0000000083200000| Untracked 
|  51|0x0000000083300000, 0x0000000083300000, 0x0000000083400000|  0%| F|  |TAMS 0x0000000083300000, 0x0000000083300000| Untracked 
|  52|0x0000000083400000, 0x0000000083400000, 0x0000000083500000|  0%| F|  |TAMS 0x0000000083400000, 0x0000000083400000| Untracked 
|  53|0x0000000083500000, 0x0000000083500000, 0x0000000083600000|  0%| F|  |TAMS 0x0000000083500000, 0x0000000083500000| Untracked 
|  54|0x0000000083600000, 0x0000000083600000, 0x0000000083700000|  0%| F|  |TAMS 0x0000000083600000, 0x0000000083600000| Untracked 
|  55|0x0000000083700000, 0x0000000083700000, 0x0000000083800000|  0%| F|  |TAMS 0x0000000083700000, 0x0000000083700000| Untracked 
|  56|0x0000000083800000, 0x0000000083800000, 0x0000000083900000|  0%| F|  |TAMS 0x0000000083800000, 0x0000000083800000| Untracked 
|  57|0x0000000083900000, 0x0000000083900000, 0x0000000083a00000|  0%| F|  |TAMS 0x0000000083900000, 0x0000000083900000| Untracked 
|  58|0x0000000083a00000, 0x0000000083a00000, 0x0000000083b00000|  0%| F|  |TAMS 0x0000000083a00000, 0x0000000083a00000| Untracked 
|  59|0x0000000083b00000, 0x0000000083b00000, 0x0000000083c00000|  0%| F|  |TAMS 0x0000000083b00000, 0x0000000083b00000| Untracked 
|  60|0x0000000083c00000, 0x0000000083c00000, 0x0000000083d00000|  0%| F|  |TAMS 0x0000000083c00000, 0x0000000083c00000| Untracked 
|  61|0x0000000083d00000, 0x0000000083d00000, 0x0000000083e00000|  0%| F|  |TAMS 0x0000000083d00000, 0x0000000083d00000| Untracked 
|  62|0x0000000083e00000, 0x0000000083e00000, 0x0000000083f00000|  0%| F|  |TAMS 0x0000000083e00000, 0x0000000083e00000| Untracked 
|  63|0x0000000083f00000, 0x0000000083f00000, 0x0000000084000000|  0%| F|  |TAMS 0x0000000083f00000, 0x0000000083f00000| Untracked 
|  64|0x0000000084000000, 0x0000000084000000, 0x0000000084100000|  0%| F|  |TAMS 0x0000000084000000, 0x0000000084000000| Untracked 
|  65|0x0000000084100000, 0x0000000084100000, 0x0000000084200000|  0%| F|  |TAMS 0x0000000084100000, 0x0000000084100000| Untracked 
|  66|0x0000000084200000, 0x0000000084200000, 0x0000000084300000|  0%| F|  |TAMS 0x0000000084200000, 0x0000000084200000| Untracked 
|  67|0x0000000084300000, 0x0000000084300000, 0x0000000084400000|  0%| F|  |TAMS 0x0000000084300000, 0x0000000084300000| Untracked 
|  68|0x0000000084400000, 0x0000000084400000, 0x0000000084500000|  0%| F|  |TAMS 0x0000000084400000, 0x0000000084400000| Untracked 
|  69|0x0000000084500000, 0x0000000084500000, 0x0000000084600000|  0%| F|  |TAMS 0x0000000084500000, 0x0000000084500000| Untracked 
|  70|0x0000000084600000, 0x0000000084600000, 0x0000000084700000|  0%| F|  |TAMS 0x0000000084600000, 0x0000000084600000| Untracked 
|  71|0x0000000084700000, 0x0000000084700000, 0x0000000084800000|  0%| F|  |TAMS 0x0000000084700000, 0x0000000084700000| Untracked 
|  72|0x0000000084800000, 0x0000000084800000, 0x0000000084900000|  0%| F|  |TAMS 0x0000000084800000, 0x0000000084800000| Untracked 
|  73|0x0000000084900000, 0x0000000084900000, 0x0000000084a00000|  0%| F|  |TAMS 0x0000000084900000, 0x0000000084900000| Untracked 
|  74|0x0000000084a00000, 0x0000000084a00000, 0x0000000084b00000|  0%| F|  |TAMS 0x0000000084a00000, 0x0000000084a00000| Untracked 
|  75|0x0000000084b00000, 0x0000000084b00000, 0x0000000084c00000|  0%| F|  |TAMS 0x0000000084b00000, 0x0000000084b00000| Untracked 
|  76|0x0000000084c00000, 0x0000000084c00000, 0x0000000084d00000|  0%| F|  |TAMS 0x0000000084c00000, 0x0000000084c00000| Untracked 
|  77|0x0000000084d00000, 0x0000000084d00000, 0x0000000084e00000|  0%| F|  |TAMS 0x0000000084d00000, 0x0000000084d00000| Untracked 
|  78|0x0000000084e00000, 0x0000000084e00000, 0x0000000084f00000|  0%| F|  |TAMS 0x0000000084e00000, 0x0000000084e00000| Untracked 
|  79|0x0000000084f00000, 0x0000000084f00000, 0x0000000085000000|  0%| F|  |TAMS 0x0000000084f00000, 0x0000000084f00000| Untracked 
|  80|0x0000000085000000, 0x0000000085000000, 0x0000000085100000|  0%| F|  |TAMS 0x0000000085000000, 0x0000000085000000| Untracked 
|  81|0x0000000085100000, 0x0000000085100000, 0x0000000085200000|  0%| F|  |TAMS 0x0000000085100000, 0x0000000085100000| Untracked 
|  82|0x0000000085200000, 0x0000000085200000, 0x0000000085300000|  0%| F|  |TAMS 0x0000000085200000, 0x0000000085200000| Untracked 
|  83|0x0000000085300000, 0x0000000085300000, 0x0000000085400000|  0%| F|  |TAMS 0x0000000085300000, 0x0000000085300000| Untracked 
|  84|0x0000000085400000, 0x0000000085400000, 0x0000000085500000|  0%| F|  |TAMS 0x0000000085400000, 0x0000000085400000| Untracked 
|  85|0x0000000085500000, 0x0000000085500000, 0x0000000085600000|  0%| F|  |TAMS 0x0000000085500000, 0x0000000085500000| Untracked 
|  86|0x0000000085600000, 0x0000000085600000, 0x0000000085700000|  0%| F|  |TAMS 0x0000000085600000, 0x0000000085600000| Untracked 
|  87|0x0000000085700000, 0x0000000085700000, 0x0000000085800000|  0%| F|  |TAMS 0x0000000085700000, 0x0000000085700000| Untracked 
|  88|0x0000000085800000, 0x0000000085800000, 0x0000000085900000|  0%| F|  |TAMS 0x0000000085800000, 0x0000000085800000| Untracked 
|  89|0x0000000085900000, 0x0000000085900000, 0x0000000085a00000|  0%| F|  |TAMS 0x0000000085900000, 0x0000000085900000| Untracked 
|  90|0x0000000085a00000, 0x0000000085a00000, 0x0000000085b00000|  0%| F|  |TAMS 0x0000000085a00000, 0x0000000085a00000| Untracked 
|  91|0x0000000085b00000, 0x0000000085b00000, 0x0000000085c00000|  0%| F|  |TAMS 0x0000000085b00000, 0x0000000085b00000| Untracked 
|  92|0x0000000085c00000, 0x0000000085c00000, 0x0000000085d00000|  0%| F|  |TAMS 0x0000000085c00000, 0x0000000085c00000| Untracked 
|  93|0x0000000085d00000, 0x0000000085d00000, 0x0000000085e00000|  0%| F|  |TAMS 0x0000000085d00000, 0x0000000085d00000| Untracked 
|  94|0x0000000085e00000, 0x0000000085e00000, 0x0000000085f00000|  0%| F|  |TAMS 0x0000000085e00000, 0x0000000085e00000| Untracked 
|  95|0x0000000085f00000, 0x0000000085f00000, 0x0000000086000000|  0%| F|  |TAMS 0x0000000085f00000, 0x0000000085f00000| Untracked 
|  96|0x0000000086000000, 0x0000000086000000, 0x0000000086100000|  0%| F|  |TAMS 0x0000000086000000, 0x0000000086000000| Untracked 
|  97|0x0000000086100000, 0x0000000086100000, 0x0000000086200000|  0%| F|  |TAMS 0x0000000086100000, 0x0000000086100000| Untracked 
|  98|0x0000000086200000, 0x0000000086200000, 0x0000000086300000|  0%| F|  |TAMS 0x0000000086200000, 0x0000000086200000| Untracked 
|  99|0x0000000086300000, 0x0000000086300000, 0x0000000086400000|  0%| F|  |TAMS 0x0000000086300000, 0x0000000086300000| Untracked 
| 100|0x0000000086400000, 0x0000000086400000, 0x0000000086500000|  0%| F|  |TAMS 0x0000000086400000, 0x0000000086400000| Untracked 
| 101|0x0000000086500000, 0x0000000086500000, 0x0000000086600000|  0%| F|  |TAMS 0x0000000086500000, 0x0000000086500000| Untracked 
| 102|0x0000000086600000, 0x0000000086600000, 0x0000000086700000|  0%| F|  |TAMS 0x0000000086600000, 0x0000000086600000| Untracked 
| 103|0x0000000086700000, 0x0000000086700000, 0x0000000086800000|  0%| F|  |TAMS 0x0000000086700000, 0x0000000086700000| Untracked 
| 104|0x0000000086800000, 0x0000000086800000, 0x0000000086900000|  0%| F|  |TAMS 0x0000000086800000, 0x0000000086800000| Untracked 
| 105|0x0000000086900000, 0x0000000086900000, 0x0000000086a00000|  0%| F|  |TAMS 0x0000000086900000, 0x0000000086900000| Untracked 
| 106|0x0000000086a00000, 0x0000000086a00000, 0x0000000086b00000|  0%| F|  |TAMS 0x0000000086a00000, 0x0000000086a00000| Untracked 
| 107|0x0000000086b00000, 0x0000000086b00000, 0x0000000086c00000|  0%| F|  |TAMS 0x0000000086b00000, 0x0000000086b00000| Untracked 
| 108|0x0000000086c00000, 0x0000000086c00000, 0x0000000086d00000|  0%| F|  |TAMS 0x0000000086c00000, 0x0000000086c00000| Untracked 
| 109|0x0000000086d00000, 0x0000000086d00000, 0x0000000086e00000|  0%| F|  |TAMS 0x0000000086d00000, 0x0000000086d00000| Untracked 
| 110|0x0000000086e00000, 0x0000000086e00000, 0x0000000086f00000|  0%| F|  |TAMS 0x0000000086e00000, 0x0000000086e00000| Untracked 
| 111|0x0000000086f00000, 0x0000000086f00000, 0x0000000087000000|  0%| F|  |TAMS 0x0000000086f00000, 0x0000000086f00000| Untracked 
| 112|0x0000000087000000, 0x0000000087000000, 0x0000000087100000|  0%| F|  |TAMS 0x0000000087000000, 0x0000000087000000| Untracked 
| 113|0x0000000087100000, 0x0000000087100000, 0x0000000087200000|  0%| F|  |TAMS 0x0000000087100000, 0x0000000087100000| Untracked 
| 114|0x0000000087200000, 0x0000000087200000, 0x0000000087300000|  0%| F|  |TAMS 0x0000000087200000, 0x0000000087200000| Untracked 
| 115|0x0000000087300000, 0x0000000087300000, 0x0000000087400000|  0%| F|  |TAMS 0x0000000087300000, 0x0000000087300000| Untracked 
| 116|0x0000000087400000, 0x0000000087400000, 0x0000000087500000|  0%| F|  |TAMS 0x0000000087400000, 0x0000000087400000| Untracked 
| 117|0x0000000087500000, 0x0000000087500000, 0x0000000087600000|  0%| F|  |TAMS 0x0000000087500000, 0x0000000087500000| Untracked 
| 118|0x0000000087600000, 0x0000000087600000, 0x0000000087700000|  0%| F|  |TAMS 0x0000000087600000, 0x0000000087600000| Untracked 
| 119|0x0000000087700000, 0x0000000087700000, 0x0000000087800000|  0%| F|  |TAMS 0x0000000087700000, 0x0000000087700000| Untracked 
| 120|0x0000000087800000, 0x0000000087800000, 0x0000000087900000|  0%| F|  |TAMS 0x0000000087800000, 0x0000000087800000| Untracked 
| 121|0x0000000087900000, 0x0000000087900000, 0x0000000087a00000|  0%| F|  |TAMS 0x0000000087900000, 0x0000000087900000| Untracked 
| 122|0x0000000087a00000, 0x0000000087a00000, 0x0000000087b00000|  0%| F|  |TAMS 0x0000000087a00000, 0x0000000087a00000| Untracked 
| 123|0x0000000087b00000, 0x0000000087b00000, 0x0000000087c00000|  0%| F|  |TAMS 0x0000000087b00000, 0x0000000087b00000| Untracked 
| 124|0x0000000087c00000, 0x0000000087c00000, 0x0000000087d00000|  0%| F|  |TAMS 0x0000000087c00000, 0x0000000087c00000| Untracked 
| 125|0x0000000087d00000, 0x0000000087d00000, 0x0000000087e00000|  0%| F|  |TAMS 0x0000000087d00000, 0x0000000087d00000| Untracked 
| 126|0x0000000087e00000, 0x0000000087e00000, 0x0000000087f00000|  0%| F|  |TAMS 0x0000000087e00000, 0x0000000087e00000| Untracked 
| 127|0x0000000087f00000, 0x0000000087f00000, 0x0000000088000000|  0%| F|  |TAMS 0x0000000087f00000, 0x0000000087f00000| Untracked 
| 128|0x0000000088000000, 0x0000000088000000, 0x0000000088100000|  0%| F|  |TAMS 0x0000000088000000, 0x0000000088000000| Untracked 
| 129|0x0000000088100000, 0x0000000088100000, 0x0000000088200000|  0%| F|  |TAMS 0x0000000088100000, 0x0000000088100000| Untracked 
| 130|0x0000000088200000, 0x0000000088200000, 0x0000000088300000|  0%| F|  |TAMS 0x0000000088200000, 0x0000000088200000| Untracked 
| 131|0x0000000088300000, 0x0000000088300000, 0x0000000088400000|  0%| F|  |TAMS 0x0000000088300000, 0x0000000088300000| Untracked 
| 132|0x0000000088400000, 0x0000000088400000, 0x0000000088500000|  0%| F|  |TAMS 0x0000000088400000, 0x0000000088400000| Untracked 
| 133|0x0000000088500000, 0x0000000088500000, 0x0000000088600000|  0%| F|  |TAMS 0x0000000088500000, 0x0000000088500000| Untracked 
| 134|0x0000000088600000, 0x0000000088600000, 0x0000000088700000|  0%| F|  |TAMS 0x0000000088600000, 0x0000000088600000| Untracked 
| 135|0x0000000088700000, 0x0000000088700000, 0x0000000088800000|  0%| F|  |TAMS 0x0000000088700000, 0x0000000088700000| Untracked 
| 136|0x0000000088800000, 0x0000000088800000, 0x0000000088900000|  0%| F|  |TAMS 0x0000000088800000, 0x0000000088800000| Untracked 
| 137|0x0000000088900000, 0x0000000088900000, 0x0000000088a00000|  0%| F|  |TAMS 0x0000000088900000, 0x0000000088900000| Untracked 
| 138|0x0000000088a00000, 0x0000000088a00000, 0x0000000088b00000|  0%| F|  |TAMS 0x0000000088a00000, 0x0000000088a00000| Untracked 
| 139|0x0000000088b00000, 0x0000000088b00000, 0x0000000088c00000|  0%| F|  |TAMS 0x0000000088b00000, 0x0000000088b00000| Untracked 
| 140|0x0000000088c00000, 0x0000000088c00000, 0x0000000088d00000|  0%| F|  |TAMS 0x0000000088c00000, 0x0000000088c00000| Untracked 
| 141|0x0000000088d00000, 0x0000000088d00000, 0x0000000088e00000|  0%| F|  |TAMS 0x0000000088d00000, 0x0000000088d00000| Untracked 
| 142|0x0000000088e00000, 0x0000000088e00000, 0x0000000088f00000|  0%| F|  |TAMS 0x0000000088e00000, 0x0000000088e00000| Untracked 
| 143|0x0000000088f00000, 0x0000000088f00000, 0x0000000089000000|  0%| F|  |TAMS 0x0000000088f00000, 0x0000000088f00000| Untracked 
| 144|0x0000000089000000, 0x0000000089000000, 0x0000000089100000|  0%| F|  |TAMS 0x0000000089000000, 0x0000000089000000| Untracked 
| 145|0x0000000089100000, 0x0000000089100000, 0x0000000089200000|  0%| F|  |TAMS 0x0000000089100000, 0x0000000089100000| Untracked 
| 146|0x0000000089200000, 0x0000000089200000, 0x0000000089300000|  0%| F|  |TAMS 0x0000000089200000, 0x0000000089200000| Untracked 
| 147|0x0000000089300000, 0x0000000089300000, 0x0000000089400000|  0%| F|  |TAMS 0x0000000089300000, 0x0000000089300000| Untracked 
| 148|0x0000000089400000, 0x0000000089400000, 0x0000000089500000|  0%| F|  |TAMS 0x0000000089400000, 0x0000000089400000| Untracked 
| 149|0x0000000089500000, 0x0000000089500000, 0x0000000089600000|  0%| F|  |TAMS 0x0000000089500000, 0x0000000089500000| Untracked 
| 150|0x0000000089600000, 0x0000000089600000, 0x0000000089700000|  0%| F|  |TAMS 0x0000000089600000, 0x0000000089600000| Untracked 
| 151|0x0000000089700000, 0x0000000089700000, 0x0000000089800000|  0%| F|  |TAMS 0x0000000089700000, 0x0000000089700000| Untracked 
| 152|0x0000000089800000, 0x0000000089800000, 0x0000000089900000|  0%| F|  |TAMS 0x0000000089800000, 0x0000000089800000| Untracked 
| 153|0x0000000089900000, 0x0000000089900000, 0x0000000089a00000|  0%| F|  |TAMS 0x0000000089900000, 0x0000000089900000| Untracked 
| 154|0x0000000089a00000, 0x0000000089a00000, 0x0000000089b00000|  0%| F|  |TAMS 0x0000000089a00000, 0x0000000089a00000| Untracked 
| 155|0x0000000089b00000, 0x0000000089b00000, 0x0000000089c00000|  0%| F|  |TAMS 0x0000000089b00000, 0x0000000089b00000| Untracked 
| 156|0x0000000089c00000, 0x0000000089c00000, 0x0000000089d00000|  0%| F|  |TAMS 0x0000000089c00000, 0x0000000089c00000| Untracked 
| 157|0x0000000089d00000, 0x0000000089d00000, 0x0000000089e00000|  0%| F|  |TAMS 0x0000000089d00000, 0x0000000089d00000| Untracked 
| 158|0x0000000089e00000, 0x0000000089e00000, 0x0000000089f00000|  0%| F|  |TAMS 0x0000000089e00000, 0x0000000089e00000| Untracked 
| 159|0x0000000089f00000, 0x0000000089f00000, 0x000000008a000000|  0%| F|  |TAMS 0x0000000089f00000, 0x0000000089f00000| Untracked 
| 160|0x000000008a000000, 0x000000008a000000, 0x000000008a100000|  0%| F|  |TAMS 0x000000008a000000, 0x000000008a000000| Untracked 
| 161|0x000000008a100000, 0x000000008a100000, 0x000000008a200000|  0%| F|  |TAMS 0x000000008a100000, 0x000000008a100000| Untracked 
| 162|0x000000008a200000, 0x000000008a200000, 0x000000008a300000|  0%| F|  |TAMS 0x000000008a200000, 0x000000008a200000| Untracked 
| 163|0x000000008a300000, 0x000000008a300000, 0x000000008a400000|  0%| F|  |TAMS 0x000000008a300000, 0x000000008a300000| Untracked 
| 164|0x000000008a400000, 0x000000008a400000, 0x000000008a500000|  0%| F|  |TAMS 0x000000008a400000, 0x000000008a400000| Untracked 
| 165|0x000000008a500000, 0x000000008a500000, 0x000000008a600000|  0%| F|  |TAMS 0x000000008a500000, 0x000000008a500000| Untracked 
| 166|0x000000008a600000, 0x000000008a600000, 0x000000008a700000|  0%| F|  |TAMS 0x000000008a600000, 0x000000008a600000| Untracked 
| 167|0x000000008a700000, 0x000000008a700000, 0x000000008a800000|  0%| F|  |TAMS 0x000000008a700000, 0x000000008a700000| Untracked 
| 168|0x000000008a800000, 0x000000008a800000, 0x000000008a900000|  0%| F|  |TAMS 0x000000008a800000, 0x000000008a800000| Untracked 
| 169|0x000000008a900000, 0x000000008a900000, 0x000000008aa00000|  0%| F|  |TAMS 0x000000008a900000, 0x000000008a900000| Untracked 
| 170|0x000000008aa00000, 0x000000008ab00000, 0x000000008ab00000|100%| E|  |TAMS 0x000000008aa00000, 0x000000008aa00000| Complete 
| 171|0x000000008ab00000, 0x000000008ac00000, 0x000000008ac00000|100%| E|CS|TAMS 0x000000008ab00000, 0x000000008ab00000| Complete 
| 172|0x000000008ac00000, 0x000000008ad00000, 0x000000008ad00000|100%| E|CS|TAMS 0x000000008ac00000, 0x000000008ac00000| Complete 
| 173|0x000000008ad00000, 0x000000008ae00000, 0x000000008ae00000|100%| E|CS|TAMS 0x000000008ad00000, 0x000000008ad00000| Complete 
| 174|0x000000008ae00000, 0x000000008af00000, 0x000000008af00000|100%| E|CS|TAMS 0x000000008ae00000, 0x000000008ae00000| Complete 
| 175|0x000000008af00000, 0x000000008b000000, 0x000000008b000000|100%| E|CS|TAMS 0x000000008af00000, 0x000000008af00000| Complete 
| 176|0x000000008b000000, 0x000000008b100000, 0x000000008b100000|100%| E|CS|TAMS 0x000000008b000000, 0x000000008b000000| Complete 
| 177|0x000000008b100000, 0x000000008b200000, 0x000000008b200000|100%| E|CS|TAMS 0x000000008b100000, 0x000000008b100000| Complete 
| 178|0x000000008b200000, 0x000000008b300000, 0x000000008b300000|100%| E|CS|TAMS 0x000000008b200000, 0x000000008b200000| Complete 
| 179|0x000000008b300000, 0x000000008b400000, 0x000000008b400000|100%| E|CS|TAMS 0x000000008b300000, 0x000000008b300000| Complete 
| 180|0x000000008b400000, 0x000000008b500000, 0x000000008b500000|100%| E|CS|TAMS 0x000000008b400000, 0x000000008b400000| Complete 
| 181|0x000000008b500000, 0x000000008b600000, 0x000000008b600000|100%| E|CS|TAMS 0x000000008b500000, 0x000000008b500000| Complete 
| 182|0x000000008b600000, 0x000000008b700000, 0x000000008b700000|100%| E|CS|TAMS 0x000000008b600000, 0x000000008b600000| Complete 
| 183|0x000000008b700000, 0x000000008b800000, 0x000000008b800000|100%| E|CS|TAMS 0x000000008b700000, 0x000000008b700000| Complete 
| 184|0x000000008b800000, 0x000000008b900000, 0x000000008b900000|100%| E|CS|TAMS 0x000000008b800000, 0x000000008b800000| Complete 
| 185|0x000000008b900000, 0x000000008ba00000, 0x000000008ba00000|100%| E|CS|TAMS 0x000000008b900000, 0x000000008b900000| Complete 
| 186|0x000000008ba00000, 0x000000008bb00000, 0x000000008bb00000|100%| E|CS|TAMS 0x000000008ba00000, 0x000000008ba00000| Complete 
| 187|0x000000008bb00000, 0x000000008bc00000, 0x000000008bc00000|100%| E|CS|TAMS 0x000000008bb00000, 0x000000008bb00000| Complete 
| 188|0x000000008bc00000, 0x000000008bd00000, 0x000000008bd00000|100%| E|CS|TAMS 0x000000008bc00000, 0x000000008bc00000| Complete 
| 189|0x000000008bd00000, 0x000000008be00000, 0x000000008be00000|100%| E|CS|TAMS 0x000000008bd00000, 0x000000008bd00000| Complete 
| 190|0x000000008be00000, 0x000000008bf00000, 0x000000008bf00000|100%| E|CS|TAMS 0x000000008be00000, 0x000000008be00000| Complete 
| 191|0x000000008bf00000, 0x000000008c000000, 0x000000008c000000|100%| E|CS|TAMS 0x000000008bf00000, 0x000000008bf00000| Complete 
| 192|0x000000008c000000, 0x000000008c100000, 0x000000008c100000|100%| E|CS|TAMS 0x000000008c000000, 0x000000008c000000| Complete 
| 193|0x000000008c100000, 0x000000008c200000, 0x000000008c200000|100%| E|CS|TAMS 0x000000008c100000, 0x000000008c100000| Complete 
| 194|0x000000008c200000, 0x000000008c300000, 0x000000008c300000|100%| E|CS|TAMS 0x000000008c200000, 0x000000008c200000| Complete 
| 195|0x000000008c300000, 0x000000008c400000, 0x000000008c400000|100%| E|CS|TAMS 0x000000008c300000, 0x000000008c300000| Complete 
| 196|0x000000008c400000, 0x000000008c500000, 0x000000008c500000|100%| E|CS|TAMS 0x000000008c400000, 0x000000008c400000| Complete 
| 197|0x000000008c500000, 0x000000008c600000, 0x000000008c600000|100%| E|CS|TAMS 0x000000008c500000, 0x000000008c500000| Complete 
| 198|0x000000008c600000, 0x000000008c700000, 0x000000008c700000|100%| E|CS|TAMS 0x000000008c600000, 0x000000008c600000| Complete 
| 199|0x000000008c700000, 0x000000008c800000, 0x000000008c800000|100%| E|CS|TAMS 0x000000008c700000, 0x000000008c700000| Complete 
| 200|0x000000008c800000, 0x000000008c900000, 0x000000008c900000|100%| E|CS|TAMS 0x000000008c800000, 0x000000008c800000| Complete 
| 201|0x000000008c900000, 0x000000008ca00000, 0x000000008ca00000|100%| E|CS|TAMS 0x000000008c900000, 0x000000008c900000| Complete 
| 202|0x000000008ca00000, 0x000000008cb00000, 0x000000008cb00000|100%| E|CS|TAMS 0x000000008ca00000, 0x000000008ca00000| Complete 
| 203|0x000000008cb00000, 0x000000008cc00000, 0x000000008cc00000|100%| E|CS|TAMS 0x000000008cb00000, 0x000000008cb00000| Complete 
| 204|0x000000008cc00000, 0x000000008cd00000, 0x000000008cd00000|100%| E|CS|TAMS 0x000000008cc00000, 0x000000008cc00000| Complete 
| 205|0x000000008cd00000, 0x000000008ce00000, 0x000000008ce00000|100%| E|CS|TAMS 0x000000008cd00000, 0x000000008cd00000| Complete 
| 206|0x000000008ce00000, 0x000000008cf00000, 0x000000008cf00000|100%| E|CS|TAMS 0x000000008ce00000, 0x000000008ce00000| Complete 
| 207|0x000000008cf00000, 0x000000008d000000, 0x000000008d000000|100%| E|CS|TAMS 0x000000008cf00000, 0x000000008cf00000| Complete 
| 208|0x000000008d000000, 0x000000008d100000, 0x000000008d100000|100%| E|CS|TAMS 0x000000008d000000, 0x000000008d000000| Complete 
| 209|0x000000008d100000, 0x000000008d200000, 0x000000008d200000|100%| E|CS|TAMS 0x000000008d100000, 0x000000008d100000| Complete 
| 210|0x000000008d200000, 0x000000008d300000, 0x000000008d300000|100%| E|CS|TAMS 0x000000008d200000, 0x000000008d200000| Complete 
| 211|0x000000008d300000, 0x000000008d400000, 0x000000008d400000|100%| E|CS|TAMS 0x000000008d300000, 0x000000008d300000| Complete 
| 212|0x000000008d400000, 0x000000008d500000, 0x000000008d500000|100%| E|CS|TAMS 0x000000008d400000, 0x000000008d400000| Complete 
| 213|0x000000008d500000, 0x000000008d600000, 0x000000008d600000|100%| E|CS|TAMS 0x000000008d500000, 0x000000008d500000| Complete 
| 214|0x000000008d600000, 0x000000008d700000, 0x000000008d700000|100%| E|CS|TAMS 0x000000008d600000, 0x000000008d600000| Complete 
| 215|0x000000008d700000, 0x000000008d800000, 0x000000008d800000|100%| E|CS|TAMS 0x000000008d700000, 0x000000008d700000| Complete 
| 216|0x000000008d800000, 0x000000008d900000, 0x000000008d900000|100%| E|CS|TAMS 0x000000008d800000, 0x000000008d800000| Complete 
| 217|0x000000008d900000, 0x000000008da00000, 0x000000008da00000|100%| E|CS|TAMS 0x000000008d900000, 0x000000008d900000| Complete 
| 218|0x000000008da00000, 0x000000008da9fdd8, 0x000000008db00000| 62%| S|CS|TAMS 0x000000008da00000, 0x000000008da00000| Complete 
| 219|0x000000008db00000, 0x000000008dc00000, 0x000000008dc00000|100%| S|CS|TAMS 0x000000008db00000, 0x000000008db00000| Complete 
| 220|0x000000008dc00000, 0x000000008dd00000, 0x000000008dd00000|100%| E|CS|TAMS 0x000000008dc00000, 0x000000008dc00000| Complete 
| 221|0x000000008dd00000, 0x000000008de00000, 0x000000008de00000|100%| E|CS|TAMS 0x000000008dd00000, 0x000000008dd00000| Complete 
| 222|0x000000008de00000, 0x000000008df00000, 0x000000008df00000|100%| E|CS|TAMS 0x000000008de00000, 0x000000008de00000| Complete 
| 223|0x000000008df00000, 0x000000008e000000, 0x000000008e000000|100%| E|CS|TAMS 0x000000008df00000, 0x000000008df00000| Complete 
| 224|0x000000008e000000, 0x000000008e100000, 0x000000008e100000|100%| E|CS|TAMS 0x000000008e000000, 0x000000008e000000| Complete 
| 225|0x000000008e100000, 0x000000008e200000, 0x000000008e200000|100%| E|CS|TAMS 0x000000008e100000, 0x000000008e100000| Complete 
| 226|0x000000008e200000, 0x000000008e300000, 0x000000008e300000|100%| E|CS|TAMS 0x000000008e200000, 0x000000008e200000| Complete 
| 227|0x000000008e300000, 0x000000008e400000, 0x000000008e400000|100%| E|CS|TAMS 0x000000008e300000, 0x000000008e300000| Complete 
| 228|0x000000008e400000, 0x000000008e500000, 0x000000008e500000|100%| E|CS|TAMS 0x000000008e400000, 0x000000008e400000| Complete 
| 229|0x000000008e500000, 0x000000008e600000, 0x000000008e600000|100%| E|CS|TAMS 0x000000008e500000, 0x000000008e500000| Complete 
| 230|0x000000008e600000, 0x000000008e700000, 0x000000008e700000|100%| E|CS|TAMS 0x000000008e600000, 0x000000008e600000| Complete 
| 231|0x000000008e700000, 0x000000008e800000, 0x000000008e800000|100%| E|CS|TAMS 0x000000008e700000, 0x000000008e700000| Complete 
| 232|0x000000008e800000, 0x000000008e900000, 0x000000008e900000|100%| E|CS|TAMS 0x000000008e800000, 0x000000008e800000| Complete 
| 233|0x000000008e900000, 0x000000008ea00000, 0x000000008ea00000|100%| E|CS|TAMS 0x000000008e900000, 0x000000008e900000| Complete 
| 234|0x000000008ea00000, 0x000000008eb00000, 0x000000008eb00000|100%| E|CS|TAMS 0x000000008ea00000, 0x000000008ea00000| Complete 
| 235|0x000000008eb00000, 0x000000008ec00000, 0x000000008ec00000|100%| E|CS|TAMS 0x000000008eb00000, 0x000000008eb00000| Complete 
| 236|0x000000008ec00000, 0x000000008ed00000, 0x000000008ed00000|100%| E|CS|TAMS 0x000000008ec00000, 0x000000008ec00000| Complete 
| 237|0x000000008ed00000, 0x000000008ee00000, 0x000000008ee00000|100%| E|CS|TAMS 0x000000008ed00000, 0x000000008ed00000| Complete 
| 238|0x000000008ee00000, 0x000000008ef00000, 0x000000008ef00000|100%| E|CS|TAMS 0x000000008ee00000, 0x000000008ee00000| Complete 
| 239|0x000000008ef00000, 0x000000008f000000, 0x000000008f000000|100%| E|CS|TAMS 0x000000008ef00000, 0x000000008ef00000| Complete 
| 240|0x000000008f000000, 0x000000008f100000, 0x000000008f100000|100%| E|CS|TAMS 0x000000008f000000, 0x000000008f000000| Complete 
| 241|0x000000008f100000, 0x000000008f200000, 0x000000008f200000|100%| E|CS|TAMS 0x000000008f100000, 0x000000008f100000| Complete 
| 242|0x000000008f200000, 0x000000008f300000, 0x000000008f300000|100%| E|CS|TAMS 0x000000008f200000, 0x000000008f200000| Complete 
| 243|0x000000008f300000, 0x000000008f400000, 0x000000008f400000|100%| E|CS|TAMS 0x000000008f300000, 0x000000008f300000| Complete 
| 244|0x000000008f400000, 0x000000008f500000, 0x000000008f500000|100%| E|CS|TAMS 0x000000008f400000, 0x000000008f400000| Complete 
| 245|0x000000008f500000, 0x000000008f600000, 0x000000008f600000|100%| E|CS|TAMS 0x000000008f500000, 0x000000008f500000| Complete 
| 246|0x000000008f600000, 0x000000008f700000, 0x000000008f700000|100%| E|CS|TAMS 0x000000008f600000, 0x000000008f600000| Complete 
| 247|0x000000008f700000, 0x000000008f800000, 0x000000008f800000|100%| E|CS|TAMS 0x000000008f700000, 0x000000008f700000| Complete 
| 248|0x000000008f800000, 0x000000008f900000, 0x000000008f900000|100%| E|CS|TAMS 0x000000008f800000, 0x000000008f800000| Complete 
| 249|0x000000008f900000, 0x000000008fa00000, 0x000000008fa00000|100%| E|CS|TAMS 0x000000008f900000, 0x000000008f900000| Complete 
| 250|0x000000008fa00000, 0x000000008fb00000, 0x000000008fb00000|100%| E|CS|TAMS 0x000000008fa00000, 0x000000008fa00000| Complete 
| 251|0x000000008fb00000, 0x000000008fc00000, 0x000000008fc00000|100%| E|CS|TAMS 0x000000008fb00000, 0x000000008fb00000| Complete 
| 252|0x000000008fc00000, 0x000000008fd00000, 0x000000008fd00000|100%| E|CS|TAMS 0x000000008fc00000, 0x000000008fc00000| Complete 
| 253|0x000000008fd00000, 0x000000008fe00000, 0x000000008fe00000|100%| E|CS|TAMS 0x000000008fd00000, 0x000000008fd00000| Complete 

Card table byte_map: [0x00000285a6ff0000,0x00000285a73f0000] _byte_map_base: 0x00000285a6bf0000

Marking Bits (Prev, Next): (CMBitMap*) 0x000002858ef68e30, (CMBitMap*) 0x000002858ef68df8
 Prev Bits: [0x00000285a97f0000, 0x00000285ab7f0000)
 Next Bits: [0x00000285a77f0000, 0x00000285a97f0000)

Polling page: 0x000002858ce90000

Metaspace:

Usage:
  Non-class:     29.23 MB capacity,    28.81 MB ( 99%) used,   354.62 KB (  1%) free+waste,    75.06 KB ( <1%) overhead. 
      Class:      4.58 MB capacity,     4.26 MB ( 93%) used,   294.80 KB (  6%) free+waste,    37.38 KB ( <1%) overhead. 
       Both:     33.81 MB capacity,    33.07 MB ( 98%) used,   649.42 KB (  2%) free+waste,   112.44 KB ( <1%) overhead. 

Virtual space:
  Non-class space:       30.00 MB reserved,      29.42 MB ( 98%) committed 
      Class space:      504.00 MB reserved,       4.63 MB ( <1%) committed 
             Both:      534.00 MB reserved,      34.05 MB (  6%) committed 

Chunk freelists:
   Non-Class:  7.00 KB
       Class:  10.00 KB
        Both:  17.00 KB

MaxMetaspaceSize: 512.00 MB
CompressedClassSpaceSize: 504.00 MB
Initial GC threshold: 20.80 MB
Current GC threshold: 35.08 MB
CDS: off

CodeHeap 'non-profiled nmethods': size=120000Kb used=1469Kb max_used=1469Kb free=118530Kb
 bounds [0x000002859f170000, 0x000002859f3e0000, 0x00000285a66a0000]
CodeHeap 'profiled nmethods': size=120000Kb used=5861Kb max_used=5861Kb free=114138Kb
 bounds [0x0000028597c40000, 0x0000028598200000, 0x000002859f170000]
CodeHeap 'non-nmethods': size=5760Kb used=1238Kb max_used=1282Kb free=4521Kb
 bounds [0x00000285976a0000, 0x0000028597910000, 0x0000028597c40000]
 total_blobs=3330 nmethods=2811 adapters=431
 compilation: enabled
              stopped_count=0, restarted_count=0
 full_count=0

Compilation events (20 events):
Event: 3.594 Thread 0x00000285aed2a000 2763       3       org.codehaus.groovy.reflection.CachedClass::getCachedSuperClass (11 bytes)
Event: 3.594 Thread 0x00000285aed2a000 nmethod 2763 0x00000285981e4610 code [0x00000285981e47e0, 0x00000285981e4a88]
Event: 3.594 Thread 0x00000285aed2a000 2768       1       java.lang.ClassValue$Version::promise (5 bytes)
Event: 3.594 Thread 0x00000285aed2a000 nmethod 2768 0x000002859f2daa10 code [0x000002859f2dabc0, 0x000002859f2dac78]
Event: 3.594 Thread 0x00000285aed2a000 2769       1       org.codehaus.groovy.util.ManagedConcurrentLinkedQueue::access$000 (5 bytes)
Event: 3.594 Thread 0x00000285aed2a000 nmethod 2769 0x000002859f2dad10 code [0x000002859f2daec0, 0x000002859f2daf58]
Event: 3.594 Thread 0x00000285aed2a000 2770       1       org.codehaus.groovy.reflection.ClassInfo::access$200 (5 bytes)
Event: 3.594 Thread 0x00000285aed2a000 nmethod 2770 0x000002859f2db010 code [0x000002859f2db1c0, 0x000002859f2db258]
Event: 3.594 Thread 0x00000285aed2a000 2771       3       org.codehaus.groovy.util.LockableObject::tryRelease (45 bytes)
Event: 3.595 Thread 0x00000285aed2a000 nmethod 2771 0x00000285981e4b90 code [0x00000285981e4d60, 0x00000285981e5028]
Event: 3.595 Thread 0x00000285aed2a000 2772       3       org.codehaus.groovy.reflection.ParameterTypes::getParameterTypes (16 bytes)
Event: 3.595 Thread 0x00000285aed2a000 nmethod 2772 0x00000285981e5110 code [0x00000285981e52c0, 0x00000285981e5448]
Event: 3.596 Thread 0x00000285aed2a000 2773       3       sun.reflect.annotation.AnnotationInvocationHandler::invoke (178 bytes)
Event: 3.598 Thread 0x00000285aed2a000 nmethod 2773 0x00000285981e5510 code [0x00000285981e5820, 0x00000285981e6888]
Event: 3.598 Thread 0x00000285aed2a000 2774       3       jdk.internal.jimage.BasicImageReader::getAttributes (48 bytes)
Event: 3.598 Thread 0x00000285aed2a000 nmethod 2774 0x00000285981e6e10 code [0x00000285981e7020, 0x00000285981e7708]
Event: 3.598 Thread 0x00000285aed2a000 2775       3       jdk.internal.jimage.ImageLocation::verify (50 bytes)
Event: 3.599 Thread 0x00000285aed2a000 nmethod 2775 0x00000285981e7910 code [0x00000285981e7b60, 0x00000285981e82a8]
Event: 3.599 Thread 0x00000285aed2a000 2776       3       java.util.Properties::loadConvert (524 bytes)
Event: 3.600 Thread 0x00000285aed2a000 nmethod 2776 0x00000285981e8610 code [0x00000285981e8940, 0x00000285981e9f78]

GC Heap History (6 events):
Event: 0.613 GC heap before
{Heap before GC invocations=0 (full 0):
 garbage-first heap   total 260096K, used 29696K [0x0000000080000000, 0x0000000100000000)
  region size 1024K, 24 young (24576K), 0 survivors (0K)
 Metaspace       used 10062K, capacity 10320K, committed 10368K, reserved 526336K
  class space    used 1019K, capacity 1105K, committed 1152K, reserved 516096K
}
Event: 0.618 GC heap after
{Heap after GC invocations=1 (full 0):
 garbage-first heap   total 260096K, used 9216K [0x0000000080000000, 0x0000000100000000)
  region size 1024K, 3 young (3072K), 3 survivors (3072K)
 Metaspace       used 10062K, capacity 10320K, committed 10368K, reserved 526336K
  class space    used 1019K, capacity 1105K, committed 1152K, reserved 516096K
}
Event: 2.407 GC heap before
{Heap before GC invocations=1 (full 0):
 garbage-first heap   total 260096K, used 105472K [0x0000000080000000, 0x0000000100000000)
  region size 1024K, 97 young (99328K), 3 survivors (3072K)
 Metaspace       used 20730K, capacity 21241K, committed 21296K, reserved 536576K
  class space    used 2499K, capacity 2668K, committed 2688K, reserved 516096K
}
Event: 2.418 GC heap after
{Heap after GC invocations=2 (full 0):
 garbage-first heap   total 260096K, used 16868K [0x0000000080000000, 0x0000000100000000)
  region size 1024K, 11 young (11264K), 11 survivors (11264K)
 Metaspace       used 20730K, capacity 21241K, committed 21296K, reserved 536576K
  class space    used 2499K, capacity 2668K, committed 2688K, reserved 516096K
}
Event: 2.726 GC heap before
{Heap before GC invocations=3 (full 0):
 garbage-first heap   total 260096K, used 51684K [0x0000000080000000, 0x0000000100000000)
  region size 1024K, 45 young (46080K), 11 survivors (11264K)
 Metaspace       used 24050K, capacity 24638K, committed 24752K, reserved 538624K
  class space    used 3037K, capacity 3252K, committed 3328K, reserved 516096K
}
Event: 2.732 GC heap after
{Heap after GC invocations=4 (full 0):
 garbage-first heap   total 260096K, used 18094K [0x0000000080000000, 0x0000000100000000)
  region size 1024K, 2 young (2048K), 2 survivors (2048K)
 Metaspace       used 24050K, capacity 24638K, committed 24752K, reserved 538624K
  class space    used 3037K, capacity 3252K, committed 3328K, reserved 516096K
}

Deoptimization events (20 events):
Event: 3.184 Thread 0x00000285b0df5800 Uncommon trap: trap_request=0xffffff4d fr.pc=0x000002859f260ccc relative=0x000000000000020c
Event: 3.184 Thread 0x00000285b0df5800 Uncommon trap: reason=unstable_if action=reinterpret pc=0x000002859f260ccc method=java.util.HashMap.hash(Ljava/lang/Object;)I @ 1 c2
Event: 3.184 Thread 0x00000285b0df5800 DEOPT PACKING pc=0x000002859f260ccc sp=0x000000fde95f7b60
Event: 3.184 Thread 0x00000285b0df5800 DEOPT UNPACKING pc=0x00000285976ea1af sp=0x000000fde95f7a98 mode 2
Event: 3.184 Thread 0x00000285b0df5800 Uncommon trap: trap_request=0xffffff4d fr.pc=0x000002859f2271ac relative=0x000000000000008c
Event: 3.184 Thread 0x00000285b0df5800 Uncommon trap: reason=unstable_if action=reinterpret pc=0x000002859f2271ac method=java.util.HashMap.hash(Ljava/lang/Object;)I @ 1 c2
Event: 3.184 Thread 0x00000285b0df5800 DEOPT PACKING pc=0x000002859f2271ac sp=0x000000fde95f78d0
Event: 3.184 Thread 0x00000285b0df5800 DEOPT UNPACKING pc=0x00000285976ea1af sp=0x000000fde95f7868 mode 2
Event: 3.221 Thread 0x00000285b0df5800 Uncommon trap: trap_request=0xffffff4d fr.pc=0x000002859f2b43e4 relative=0x00000000000001a4
Event: 3.221 Thread 0x00000285b0df5800 Uncommon trap: reason=unstable_if action=reinterpret pc=0x000002859f2b43e4 method=java.util.regex.Pattern$BmpCharProperty.match(Ljava/util/regex/Matcher;ILjava/lang/CharSequence;)Z @ 39 c2
Event: 3.221 Thread 0x00000285b0df5800 DEOPT PACKING pc=0x000002859f2b43e4 sp=0x000000fde95f94d0
Event: 3.221 Thread 0x00000285b0df5800 DEOPT UNPACKING pc=0x00000285976ea1af sp=0x000000fde95f9480 mode 2
Event: 3.228 Thread 0x00000285b0df5800 DEOPT PACKING pc=0x0000028598037079 sp=0x000000fde95f7cc0
Event: 3.228 Thread 0x00000285b0df5800 DEOPT UNPACKING pc=0x00000285976ea95e sp=0x000000fde95f7208 mode 0
Event: 3.234 Thread 0x00000285b0df5800 DEOPT PACKING pc=0x0000028598037079 sp=0x000000fde95f7fe0
Event: 3.234 Thread 0x00000285b0df5800 DEOPT UNPACKING pc=0x00000285976ea95e sp=0x000000fde95f7528 mode 0
Event: 3.421 Thread 0x00000285b0df5800 Uncommon trap: trap_request=0xffffff4d fr.pc=0x000002859f258d38 relative=0x00000000000002b8
Event: 3.421 Thread 0x00000285b0df5800 Uncommon trap: reason=unstable_if action=reinterpret pc=0x000002859f258d38 method=java.util.HashMap.putVal(ILjava/lang/Object;Ljava/lang/Object;ZZ)Ljava/lang/Object; @ 162 c2
Event: 3.421 Thread 0x00000285b0df5800 DEOPT PACKING pc=0x000002859f258d38 sp=0x000000fde95fa720
Event: 3.421 Thread 0x00000285b0df5800 DEOPT UNPACKING pc=0x00000285976ea1af sp=0x000000fde95fa630 mode 2

Classes redefined (0 events):
No events

Internal exceptions (20 events):
Event: 2.930 Thread 0x00000285b0df5800 Exception <a 'java/lang/NoSuchMethodError'{0x000000008edf2ac8}: 'void java.lang.invoke.DirectMethodHandle$Holder.invokeStatic(java.lang.Object, java.lang.Object, java.lang.Object, java.lang.Object)'> (0x000000008edf2ac8) thrown at [./src/hotspot/share/interpreter/linkResolver.cpp, line 773]
Event: 2.933 Thread 0x00000285b0df5800 Exception <a 'java/lang/NoSuchMethodError'{0x000000008ec12a58}: 'int java.lang.invoke.DirectMethodHandle$Holder.invokeVirtual(java.lang.Object, java.lang.Object)'> (0x000000008ec12a58) thrown at [./src/hotspot/share/interpreter/linkResolver.cpp, line 773]
Event: 2.935 Thread 0x00000285b0df5800 Exception <a 'java/lang/NoSuchMethodError'{0x000000008ec2e8a8}: 'java.lang.Object java.lang.invoke.DirectMethodHandle$Holder.invokeVirtual(java.lang.Object, java.lang.Object, java.lang.Object)'> (0x000000008ec2e8a8) thrown at [./src/hotspot/share/interpreter/linkResolver.cpp, line 773]
Event: 2.938 Thread 0x00000285b0df5800 Exception <a 'java/lang/NoSuchMethodError'{0x000000008ec57040}: 'int java.lang.invoke.DirectMethodHandle$Holder.invokeVirtual(java.lang.Object, java.lang.Object, java.lang.Object)'> (0x000000008ec57040) thrown at [./src/hotspot/share/interpreter/linkResolver.cpp, line 773]
Event: 2.958 Thread 0x00000285b0df5800 Exception <a 'java/lang/NoSuchMethodError'{0x000000008ebf1200}: 'void java.lang.invoke.DirectMethodHandle$Holder.invokeSpecial(java.lang.Object, java.lang.Object)'> (0x000000008ebf1200) thrown at [./src/hotspot/share/interpreter/linkResolver.cpp, line 773]
Event: 3.086 Thread 0x00000285b0df5800 Exception <a 'java/lang/NoSuchMethodError'{0x000000008d9555b8}: 'java.lang.Object java.lang.invoke.DirectMethodHandle$Holder.invokeSpecialIFC(java.lang.Object, java.lang.Object, java.lang.Object, java.lang.Object)'> (0x000000008d9555b8) thrown at [./src/hotspot/share/interpreter/linkResolver.cpp, line 773]
Event: 3.184 Thread 0x00000285b0df5800 Implicit null exception at 0x000002859f260af5 to 0x000002859f260cbc
Event: 3.184 Thread 0x00000285b0df5800 Implicit null exception at 0x000002859f22712f to 0x000002859f22719d
Event: 3.223 Thread 0x00000285b0df5800 Exception <a 'java/lang/NoSuchMethodError'{0x000000008cd08f48}: 'java.lang.Object java.lang.invoke.DirectMethodHandle$Holder.invokeSpecial(java.lang.Object, java.lang.Object, java.lang.Object, java.lang.Object, java.lang.Object, java.lang.Object, java.lang.Object, java.lang.Object, java.lang.Object, java.lang.Object, java.lang.Object, java.lang.Object, java.lang.Object)'> (0x000000008cd08f48) thrown at [./src/hotspot/share/interpreter/linkResolver.cpp, line 773]
Event: 3.224 Thread 0x00000285b0df5800 Exception <a 'java/lang/NoSuchMethodError'{0x000000008cd1a050}: 'java.lang.Object java.lang.invoke.DirectMethodHandle$Holder.invokeSpecial(java.lang.Object, java.lang.Object, java.lang.Object, java.lang.Object, java.lang.Object, java.lang.Object, java.lang.Object, java.lang.Object, java.lang.Object, java.lang.Object, java.lang.Object, java.lang.Object)'> (0x000000008cd1a050) thrown at [./src/hotspot/share/interpreter/linkResolver.cpp, line 773]
Event: 3.225 Thread 0x00000285b0df5800 Exception <a 'java/lang/NoSuchMethodError'{0x000000008cd1f420}: 'java.lang.Object java.lang.invoke.Invokers$Holder.linkToTargetMethod(java.lang.Object, java.lang.Object, java.lang.Object, java.lang.Object, java.lang.Object, java.lang.Object, java.lang.Object, java.lang.Object, java.lang.Object, java.lang.Object, java.lang.Object)'> (0x000000008cd1f420) thrown at [./src/hotspot/share/interpreter/linkResolver.cpp, line 773]
Event: 3.228 Thread 0x00000285b0df5800 Exception <a 'java/lang/NoSuchMethodError'{0x000000008cdc5f60}: 'java.lang.Object java.lang.invoke.DirectMethodHandle$Holder.invokeSpecial(java.lang.Object, java.lang.Object, java.lang.Object, java.lang.Object, java.lang.Object, java.lang.Object, java.lang.Object, java.lang.Object, java.lang.Object, java.lang.Object, java.lang.Object, java.lang.Object, java.lang.Object, java.lang.Object)'> (0x000000008cdc5f60) thrown at [./src/hotspot/share/interpreter/linkResolver.cpp, line 773]
Event: 3.229 Thread 0x00000285b0df5800 Exception <a 'java/lang/NoSuchMethodError'{0x000000008cdd7880}: 'java.lang.Object java.lang.invoke.Invokers$Holder.linkToTargetMethod(java.lang.Object, java.lang.Object, java.lang.Object, java.lang.Object, java.lang.Object, java.lang.Object, java.lang.Object, java.lang.Object, java.lang.Object, java.lang.Object, java.lang.Object, java.lang.Object)'> (0x000000008cdd7880) thrown at [./src/hotspot/share/interpreter/linkResolver.cpp, line 773]
Event: 3.243 Thread 0x00000285b0df5800 Exception <a 'java/lang/NoSuchMethodError'{0x000000008cb27ef8}: 'java.lang.Object java.lang.invoke.DirectMethodHandle$Holder.invokeStaticInit(java.lang.Object, java.lang.Object, java.lang.Object, java.lang.Object)'> (0x000000008cb27ef8) thrown at [./src/hotspot/share/interpreter/linkResolver.cpp, line 773]
Event: 3.318 Thread 0x00000285b0df5800 Exception <a 'java/lang/NoSuchMethodError'{0x000000008c279ae0}: 'java.lang.Object java.lang.invoke.Invokers$Holder.linkToTargetMethod(java.lang.Object, java.lang.Object, java.lang.Object, java.lang.Object, java.lang.Object, java.lang.Object, java.lang.Object, java.lang.Object)'> (0x000000008c279ae0) thrown at [./src/hotspot/share/interpreter/linkResolver.cpp, line 773]
Event: 3.326 Thread 0x00000285b0df5800 Exception <a 'java/lang/IncompatibleClassChangeError'{0x000000008c10fb30}: Found class java.lang.Object, but interface was expected> (0x000000008c10fb30) thrown at [./src/hotspot/share/interpreter/linkResolver.cpp, line 839]
Event: 3.514 Thread 0x00000285b0df5800 Exception <a 'java/lang/NoSuchMethodError'{0x000000008afb8660}: 'void java.lang.invoke.DirectMethodHandle$Holder.invokeStaticInit(java.lang.Object, java.lang.Object, java.lang.Object)'> (0x000000008afb8660) thrown at [./src/hotspot/share/interpreter/linkResolver.cpp, line 773]
Event: 3.515 Thread 0x00000285b0df5800 Exception <a 'java/lang/NoSuchMethodError'{0x000000008afbf810}: 'void java.lang.invoke.DirectMethodHandle$Holder.invokeStaticInit(java.lang.Object, java.lang.Object, java.lang.Object, java.lang.Object)'> (0x000000008afbf810) thrown at [./src/hotspot/share/interpreter/linkResolver.cpp, line 773]
Event: 3.518 Thread 0x00000285b0df5800 Exception <a 'java/lang/NoSuchMethodError'{0x000000008afe20b8}: 'void java.lang.invoke.DirectMethodHandle$Holder.invokeStaticInit(java.lang.Object, java.lang.Object, java.lang.Object, java.lang.Object, java.lang.Object)'> (0x000000008afe20b8) thrown at [./src/hotspot/share/interpreter/linkResolver.cpp, line 773]
Event: 3.543 Thread 0x00000285b0df5800 Exception <a 'java/lang/NoSuchMethodError'{0x000000008ae43420}: 'int java.lang.invoke.DirectMethodHandle$Holder.invokeStaticInit(java.lang.Object, java.lang.Object, java.lang.Object, java.lang.Object)'> (0x000000008ae43420) thrown at [./src/hotspot/share/interpreter/linkResolver.cpp, line 773]

Events (20 events):
Event: 3.597 loading class org/codehaus/groovy/runtime/metaclass/MetaClassRegistryImpl$DefaultModuleListener
Event: 3.597 loading class org/codehaus/groovy/runtime/metaclass/MetaClassRegistryImpl$DefaultModuleListener done
Event: 3.598 loading class org/codehaus/groovy/util/URLStreams
Event: 3.598 loading class org/codehaus/groovy/util/URLStreams done
Event: 3.599 Executing VM operation: RevokeBias
Event: 3.599 Executing VM operation: RevokeBias done
Event: 3.599 loading class org/codehaus/groovy/runtime/m12n/StandardPropertiesModuleFactory
Event: 3.599 loading class org/codehaus/groovy/runtime/m12n/StandardPropertiesModuleFactory done
Event: 3.599 loading class org/codehaus/groovy/runtime/m12n/PropertiesModuleFactory
Event: 3.599 loading class org/codehaus/groovy/runtime/m12n/PropertiesModuleFactory done
Event: 3.599 loading class org/codehaus/groovy/runtime/m12n/ExtensionModule
Event: 3.599 loading class org/codehaus/groovy/runtime/m12n/ExtensionModule done
Event: 3.600 loading class org/codehaus/groovy/runtime/m12n/MetaInfExtensionModule
Event: 3.600 loading class org/codehaus/groovy/runtime/m12n/MetaInfExtensionModule done
Event: 3.600 loading class org/codehaus/groovy/runtime/m12n/SimpleExtensionModule
Event: 3.600 loading class org/codehaus/groovy/runtime/m12n/SimpleExtensionModule done
Event: 3.600 loading class java/lang/UnsupportedClassVersionError
Event: 3.600 loading class java/lang/UnsupportedClassVersionError done
Event: 3.601 loading class org/apache/groovy/datetime/extensions/DateTimeExtensions
Event: 3.601 loading class org/apache/groovy/datetime/extensions/DateTimeExtensions done


Dynamic libraries:
0x00007ff735700000 - 0x00007ff73570d000 	C:\Program Files\Microsoft\jdk-11.0.18.10-hotspot\bin\java.exe
0x00007ffd8e690000 - 0x00007ffd8e888000 	C:\WINDOWS\SYSTEM32\ntdll.dll
0x00007ffd8d1f0000 - 0x00007ffd8d2af000 	C:\WINDOWS\System32\KERNEL32.DLL
0x00007ffd8be10000 - 0x00007ffd8c0e2000 	C:\WINDOWS\System32\KERNELBASE.dll
0x00007ffd8c330000 - 0x00007ffd8c430000 	C:\WINDOWS\System32\ucrtbase.dll
0x00007ffd1b940000 - 0x00007ffd1b957000 	C:\Program Files\Microsoft\jdk-11.0.18.10-hotspot\bin\jli.dll
0x00007ffd01690000 - 0x00007ffd016a5000 	C:\Program Files\Microsoft\jdk-11.0.18.10-hotspot\bin\VCRUNTIME140.dll
0x00007ffd8d650000 - 0x00007ffd8d7f1000 	C:\WINDOWS\System32\USER32.dll
0x00007ffd8c0f0000 - 0x00007ffd8c112000 	C:\WINDOWS\System32\win32u.dll
0x00007ffd8dde0000 - 0x00007ffd8de0b000 	C:\WINDOWS\System32\GDI32.dll
0x00007ffd764a0000 - 0x00007ffd7673a000 	C:\WINDOWS\WinSxS\amd64_microsoft.windows.common-controls_6595b64144ccf1df_6.0.19041.1110_none_60b5254171f9507e\COMCTL32.dll
0x00007ffd8c540000 - 0x00007ffd8c64f000 	C:\WINDOWS\System32\gdi32full.dll
0x00007ffd8de10000 - 0x00007ffd8deae000 	C:\WINDOWS\System32\msvcrt.dll
0x00007ffd8c4a0000 - 0x00007ffd8c53d000 	C:\WINDOWS\System32\msvcp_win.dll
0x00007ffd8e450000 - 0x00007ffd8e480000 	C:\WINDOWS\System32\IMM32.DLL
0x00007ffcf01a0000 - 0x00007ffcf023b000 	C:\Program Files\Microsoft\jdk-11.0.18.10-hotspot\bin\msvcp140.dll
0x00007ffcef600000 - 0x00007ffcf0192000 	C:\Program Files\Microsoft\jdk-11.0.18.10-hotspot\bin\server\jvm.dll
0x00007ffd8d5a0000 - 0x00007ffd8d64e000 	C:\WINDOWS\System32\ADVAPI32.dll
0x00007ffd8d140000 - 0x00007ffd8d1dc000 	C:\WINDOWS\System32\sechost.dll
0x00007ffd8e320000 - 0x00007ffd8e444000 	C:\WINDOWS\System32\RPCRT4.dll
0x00007ffd8d020000 - 0x00007ffd8d028000 	C:\WINDOWS\System32\PSAPI.DLL
0x00007ffd760c0000 - 0x00007ffd760e7000 	C:\WINDOWS\SYSTEM32\WINMM.dll
0x00007ffd65390000 - 0x00007ffd65399000 	C:\WINDOWS\SYSTEM32\WSOCK32.dll
0x00007ffd81ef0000 - 0x00007ffd81efa000 	C:\WINDOWS\SYSTEM32\VERSION.dll
0x00007ffd8d530000 - 0x00007ffd8d59b000 	C:\WINDOWS\System32\WS2_32.dll
0x00007ffd8a5e0000 - 0x00007ffd8a5f2000 	C:\WINDOWS\SYSTEM32\kernel.appcore.dll
0x00007ffd3ae10000 - 0x00007ffd3ae20000 	C:\Program Files\Microsoft\jdk-11.0.18.10-hotspot\bin\verify.dll
0x00007ffd89b50000 - 0x00007ffd89d34000 	C:\WINDOWS\SYSTEM32\DBGHELP.DLL
0x00007ffd74650000 - 0x00007ffd74685000 	C:\WINDOWS\SYSTEM32\dbgcore.DLL
0x00007ffd8c650000 - 0x00007ffd8c6d2000 	C:\WINDOWS\System32\bcryptPrimitives.dll
0x00007ffcfc690000 - 0x00007ffcfc6b8000 	C:\Program Files\Microsoft\jdk-11.0.18.10-hotspot\bin\java.dll
0x00007ffd3adb0000 - 0x00007ffd3adba000 	C:\Program Files\Microsoft\jdk-11.0.18.10-hotspot\bin\jimage.dll
0x00007ffcef5e0000 - 0x00007ffcef5f8000 	C:\Program Files\Microsoft\jdk-11.0.18.10-hotspot\bin\zip.dll
0x00007ffd8c810000 - 0x00007ffd8cf55000 	C:\WINDOWS\System32\SHELL32.dll
0x00007ffd89e30000 - 0x00007ffd8a5c2000 	C:\WINDOWS\SYSTEM32\windows.storage.dll
0x00007ffd8d8d0000 - 0x00007ffd8dc25000 	C:\WINDOWS\System32\combase.dll
0x00007ffd8b7f0000 - 0x00007ffd8b820000 	C:\WINDOWS\SYSTEM32\Wldp.dll
0x00007ffd8e5a0000 - 0x00007ffd8e64d000 	C:\WINDOWS\System32\SHCORE.dll
0x00007ffd8d3f0000 - 0x00007ffd8d445000 	C:\WINDOWS\System32\shlwapi.dll
0x00007ffd8bcd0000 - 0x00007ffd8bcef000 	C:\WINDOWS\SYSTEM32\profapi.dll
0x00007ffcecaf0000 - 0x00007ffcecb09000 	C:\Program Files\Microsoft\jdk-11.0.18.10-hotspot\bin\net.dll
0x00007ffd7f7e0000 - 0x00007ffd7f8ea000 	C:\WINDOWS\SYSTEM32\WINHTTP.dll
0x00007ffd8b550000 - 0x00007ffd8b5ba000 	C:\WINDOWS\system32\mswsock.dll
0x00007ffcecad0000 - 0x00007ffcecae3000 	C:\Program Files\Microsoft\jdk-11.0.18.10-hotspot\bin\nio.dll
0x00007ffcecaa0000 - 0x00007ffcecac7000 	C:\Users\Juan\.gradle\native\e1d6ef7f7dcc3fd88c89a11ec53ec762bb8ba0a96d01ffa2cd45eb1d1d8dd5c5\windows-amd64\native-platform.dll
0x00007ffcec950000 - 0x00007ffceca94000 	C:\Users\Juan\.gradle\native\0d407fdbe67a94daf76414ababcb853783967236a71b16ec16e742cd7a986fd3\windows-amd64\native-platform-file-events.dll
0x00007ffd1ca10000 - 0x00007ffd1ca19000 	C:\Program Files\Microsoft\jdk-11.0.18.10-hotspot\bin\management.dll
0x00007ffd1bf00000 - 0x00007ffd1bf0b000 	C:\Program Files\Microsoft\jdk-11.0.18.10-hotspot\bin\management_ext.dll
0x00007ffd8b740000 - 0x00007ffd8b758000 	C:\WINDOWS\SYSTEM32\CRYPTSP.dll
0x00007ffd8ae00000 - 0x00007ffd8ae34000 	C:\WINDOWS\system32\rsaenh.dll
0x00007ffd8bde0000 - 0x00007ffd8be07000 	C:\WINDOWS\System32\bcrypt.dll
0x00007ffd8bc50000 - 0x00007ffd8bc7e000 	C:\WINDOWS\SYSTEM32\USERENV.dll
0x00007ffd8b760000 - 0x00007ffd8b76c000 	C:\WINDOWS\SYSTEM32\CRYPTBASE.dll
0x00007ffd8b1f0000 - 0x00007ffd8b22b000 	C:\WINDOWS\SYSTEM32\IPHLPAPI.DLL
0x00007ffd8d1e0000 - 0x00007ffd8d1e8000 	C:\WINDOWS\System32\NSI.dll
0x00007ffd7feb0000 - 0x00007ffd7fec7000 	C:\WINDOWS\SYSTEM32\dhcpcsvc6.DLL
0x00007ffd81e50000 - 0x00007ffd81e6d000 	C:\WINDOWS\SYSTEM32\dhcpcsvc.DLL
0x00007ffd8b230000 - 0x00007ffd8b2fb000 	C:\WINDOWS\SYSTEM32\DNSAPI.dll

dbghelp: loaded successfully - version: 4.0.5 - missing functions: none
symbol engine: initialized successfully - sym options: 0x614 - pdb path: .;C:\Program Files\Microsoft\jdk-11.0.18.10-hotspot\bin;C:\WINDOWS\SYSTEM32;C:\WINDOWS\WinSxS\amd64_microsoft.windows.common-controls_6595b64144ccf1df_6.0.19041.1110_none_60b5254171f9507e;C:\Program Files\Microsoft\jdk-11.0.18.10-hotspot\bin\server;C:\Users\Juan\.gradle\native\e1d6ef7f7dcc3fd88c89a11ec53ec762bb8ba0a96d01ffa2cd45eb1d1d8dd5c5\windows-amd64;C:\Users\Juan\.gradle\native\0d407fdbe67a94daf76414ababcb853783967236a71b16ec16e742cd7a986fd3\windows-amd64

VM Arguments:
jvm_args: -XX:MaxMetaspaceSize=512m --add-opens=java.base/java.util=ALL-UNNAMED --add-opens=java.base/java.lang=ALL-UNNAMED --add-opens=java.base/java.lang.invoke=ALL-UNNAMED --add-opens=java.base/java.util=ALL-UNNAMED --add-opens=java.prefs/java.util.prefs=ALL-UNNAMED --add-opens=java.prefs/java.util.prefs=ALL-UNNAMED --add-opens=java.base/java.nio.charset=ALL-UNNAMED --add-opens=java.base/java.net=ALL-UNNAMED --add-opens=java.base/java.util.concurrent.atomic=ALL-UNNAMED -Xmx2048m -Dfile.encoding=windows-1252 -Duser.country=ES -Duser.language=es -Duser.variant 
java_command: org.gradle.launcher.daemon.bootstrap.GradleDaemon 7.5.1
java_class_path (initial): C:\Users\Juan\.gradle\wrapper\dists\gradle-7.5.1-all\1ehga6e77gqps5uk2kc5kf1vc\gradle-7.5.1\lib\gradle-launcher-7.5.1.jar
Launcher Type: SUN_STANDARD

[Global flags]
     intx CICompilerCount                          = 4                                         {product} {ergonomic}
   size_t CompressedClassSpaceSize                 = 528482304                                 {product} {ergonomic}
     uint ConcGCThreads                            = 3                                         {product} {ergonomic}
     uint G1ConcRefinementThreads                  = 10                                        {product} {ergonomic}
   size_t G1HeapRegionSize                         = 1048576                                   {product} {ergonomic}
    uintx GCDrainStackTargetSize                   = 64                                        {product} {ergonomic}
   size_t InitialHeapSize                          = 266338304                                 {product} {ergonomic}
   size_t MarkStackSize                            = 4194304                                   {product} {ergonomic}
   size_t MaxHeapSize                              = 2147483648                                {product} {command line}
   size_t MaxMetaspaceSize                         = 536870912                                 {product} {command line}
   size_t MaxNewSize                               = 1287651328                                {product} {ergonomic}
   size_t MinHeapDeltaBytes                        = 1048576                                   {product} {ergonomic}
    uintx NonNMethodCodeHeapSize                   = 5836300                                {pd product} {ergonomic}
    uintx NonProfiledCodeHeapSize                  = 122910970                              {pd product} {ergonomic}
    uintx ProfiledCodeHeapSize                     = 122910970                              {pd product} {ergonomic}
    uintx ReservedCodeCacheSize                    = 251658240                              {pd product} {ergonomic}
     bool SegmentedCodeCache                       = true                                      {product} {ergonomic}
     bool UseCompressedClassPointers               = true                                 {lp64_product} {ergonomic}
     bool UseCompressedOops                        = true                                 {lp64_product} {ergonomic}
     bool UseG1GC                                  = true                                      {product} {ergonomic}
     bool UseLargePagesIndividualAllocation        = false                                  {pd product} {ergonomic}

Logging:
Log output configuration:
 #0: stdout all=warning uptime,level,tags
 #1: stderr all=off uptime,level,tags

Environment Variables:
JAVA_HOME=C:\Program Files\Microsoft\jdk-11.0.18.10-hotspot\
CLASSPATH=C:\Users\Juan\Desktop\React\appNaranja\android\\gradle\wrapper\gradle-wrapper.jar
PATH=C:\Users\Juan\Desktop\React\appNaranja\android\node_modules\.bin;C:\Users\Juan\Desktop\React\appNaranja\node_modules\.bin;C:\Users\Juan\Desktop\React\node_modules\.bin;C:\Users\Juan\Desktop\node_modules\.bin;C:\Users\Juan\node_modules\.bin;C:\Users\node_modules\.bin;C:\node_modules\.bin;C:\Program Files\nodejs;C:\Users\Juan\Desktop\React\appNaranja\node_modules\.bin;C:\Users\Juan\Desktop\React\appNaranja\node_modules\.bin;C:\Users\Juan\Desktop\React\node_modules\.bin;C:\Users\Juan\Desktop\node_modules\.bin;C:\Users\Juan\node_modules\.bin;C:\Users\node_modules\.bin;C:\node_modules\.bin;C:\Program Files\nodejs\node_modules\npm\node_modules\@npmcli\run-script\lib\node-gyp-bin;C:\Users\Juan\Desktop\React\appNaranja\node_modules\.bin;C:\Users\Juan\Desktop\React\node_modules\.bin;C:\Users\Juan\Desktop\node_modules\.bin;C:\Users\Juan\node_modules\.bin;C:\Users\node_modules\.bin;C:\node_modules\.bin;C:\Program Files\nodejs;C:\Users\Juan\Desktop\React\appNaranja\node_modules\.bin;C:\Users\Juan\Desktop\React\node_modules\.bin;C:\Users\Juan\Desktop\node_modules\.bin;C:\Users\Juan\node_modules\.bin;C:\Users\node_modules\.bin;C:\node_modules\.bin;C:\Program Files\nodejs\node_modules\npm\node_modules\@npmcli\run-script\lib\node-gyp-bin;C:\Program Files\Microsoft\jdk-11.0.18.10-hotspot\bin;C:\Python310\Scripts\;C:\Python310\;C:\Program Files\Microsoft\jdk-11.0.12.7-hotspot\bin;C:\WINDOWS\system32;C:\WINDOWS;C:\WINDOWS\System32\Wbem;C:\WINDOWS\System32\WindowsPowerShell\v1.0\;C:\WINDOWS\System32\OpenSSH\;C:\Program Files\Microsoft SQL Server\150\Tools\Binn\;C:\Program Files\Microsoft SQL Server\Client SDK\ODBC\170\Tools\Binn\;C:\Program Files\dotnet\;C:\Program Files (x86)\Microsoft SQL Server\150\Tools\Binn\;C:\Program Files\Microsoft SQL Server\150\DTS\Binn\;C:\Program Files (x86)\Microsoft SQL Server\150\DTS\Binn\;C:\Program Files\Azure Data Studio\bin;C:\ProgramData\chocolatey\bin;C:\Program Files\PostgreSQL\10\bin;C:\php;C:\Program Files\MySQL\MySQL Server 8.0\bin;C:\Program
USERNAME=Noemi
OS=Windows_NT
PROCESSOR_IDENTIFIER=Intel64 Family 6 Model 158 Stepping 10, GenuineIntel
TMP=C:\Users\Juan\AppData\Local\Temp
TEMP=C:\Users\Juan\AppData\Local\Temp



---------------  S Y S T E M  ---------------

OS: Windows 10 , 64 bit Build 19041 (10.0.19041.2546)
OS uptime: 0 days 1:58 hours

CPU:total 12 (initial active 12) (6 cores per cpu, 2 threads per core) family 6 model 158 stepping 10 microcode 0xb4, cmov, cx8, fxsr, mmx, sse, sse2, sse3, ssse3, sse4.1, sse4.2, popcnt, avx, avx2, aes, clmul, erms, 3dnowpref, lzcnt, ht, tsc, tscinvbit, bmi1, bmi2, adx, fma

Memory: 4k page, system-wide physical 16255M (3245M free)
TotalPageFile size 18303M (AvailPageFile size 77M)
current process WorkingSet (physical memory assigned to process): 255M, peak: 255M
current process commit charge ("private bytes"): 434M, peak: 434M

vm_info: OpenJDK 64-Bit Server VM (11.0.18+10-LTS) for windows-amd64 JRE (11.0.18+10-LTS), built on Jan 18 2023 15:56:47 by "MicrosoftCorporation" with MS VC++ 15.9 (VS2017)

END.
