#
# There is insufficient memory for the Java Runtime Environment to continue.
# Native memory allocation (malloc) failed to allocate 987536 bytes for Chunk::new
# Possible reasons:
#   The system is out of physical RAM or swap space
#   The process is running with CompressedOops enabled, and the Java Heap may be blocking the growth of the native heap
# Possible solutions:
#   Reduce memory load on the system
#   Increase physical memory or swap space
#   Check if swap backing store is full
#   Decrease Java heap size (-Xmx/-Xms)
#   Decrease number of Java threads
#   Decrease Java thread stack sizes (-Xss)
#   Set larger code cache with -XX:ReservedCodeCacheSize=
#   JVM is running with Zero Based Compressed Oops mode in which the Java heap is
#     placed in the first 32GB address space. The Java Heap base address is the
#     maximum limit for the native heap growth. Please use -XX:HeapBaseMinAddress
#     to set the Java Heap base and to place the Java Heap above 32GB virtual address.
# This output file may be truncated or incomplete.
#
#  Out of Memory Error (./src/hotspot/share/memory/arena.cpp:197), pid=19092, tid=17996
#
# JRE version: OpenJDK Runtime Environment Microsoft-7208460 (11.0.18+10) (build 11.0.18+10-LTS)
# Java VM: OpenJDK 64-Bit Server VM Microsoft-7208460 (11.0.18+10-LTS, mixed mode, tiered, compressed oops, g1 gc, windows-amd64)
# No core dump will be written. Minidumps are not enabled by default on client versions of Windows
#

---------------  S U M M A R Y ------------

Command Line: org.jetbrains.kotlin.cli.jvm.K2JVMCompiler @C:\Users\Juan\Desktop\React\appNaranja\node_modules\react-native-gesture-handler\android\build\20230409_9013909152112616986.compiler.options

Host: Intel(R) Core(TM) i7-8750H CPU @ 2.20GHz, 12 cores, 15G,  Windows 10 , 64 bit Build 19041 (10.0.19041.2546)
Time: Sun Apr  9 18:29:08 2023 Hora estándar central (México) elapsed time: 59.316913 seconds (0d 0h 0m 59s)

---------------  T H R E A D  ---------------

Current thread (0x000001e57f548000):  JavaThread "C2 CompilerThread0" daemon [_thread_in_native, id=17996, stack(0x000000043d100000,0x000000043d200000)]


Current CompileTask:
C2:  59317 10974       4       java.lang.invoke.MethodType::makeImpl (108 bytes)

Stack: [0x000000043d100000,0x000000043d200000]
Native frames: (J=compiled Java code, j=interpreted, Vv=VM code, C=native code)
V  [jvm.dll+0x62bf8a]
V  [jvm.dll+0x7b8fb9]
V  [jvm.dll+0x7ba6a8]
V  [jvm.dll+0x7bad83]
V  [jvm.dll+0x250248]
V  [jvm.dll+0xc260c]
V  [jvm.dll+0xc2bcc]
V  [jvm.dll+0x35e182]
V  [jvm.dll+0x19ebe9]
V  [jvm.dll+0x209495]
V  [jvm.dll+0x20850d]
V  [jvm.dll+0x18a4b1]
V  [jvm.dll+0x217eec]
V  [jvm.dll+0x21612b]
V  [jvm.dll+0x77bac0]
V  [jvm.dll+0x7749f4]
V  [jvm.dll+0x62adf5]
C  [ucrtbase.dll+0x21bb2]
C  [KERNEL32.DLL+0x17614]
C  [ntdll.dll+0x526a1]


---------------  P R O C E S S  ---------------

Threads class SMR info:
_java_thread_list=0x000001e51544da50, length=11, elements={
0x000001e569b24000, 0x000001e57ec76800, 0x000001e57ec77800, 0x000001e57f59b800,
0x000001e57f59d800, 0x000001e57f59e800, 0x000001e57f548000, 0x000001e57f603800,
0x000001e57f604000, 0x000001e57f709800, 0x000001e5121c6800
}

Java Threads: ( => current thread )
  0x000001e569b24000 JavaThread "main" [_thread_in_Java, id=11152, stack(0x000000043c500000,0x000000043c600000)]
  0x000001e57ec76800 JavaThread "Reference Handler" daemon [_thread_blocked, id=17776, stack(0x000000043cc00000,0x000000043cd00000)]
  0x000001e57ec77800 JavaThread "Finalizer" daemon [_thread_blocked, id=12004, stack(0x000000043cd00000,0x000000043ce00000)]
  0x000001e57f59b800 JavaThread "Signal Dispatcher" daemon [_thread_blocked, id=17840, stack(0x000000043ce00000,0x000000043cf00000)]
  0x000001e57f59d800 JavaThread "Attach Listener" daemon [_thread_blocked, id=5336, stack(0x000000043cf00000,0x000000043d000000)]
  0x000001e57f59e800 JavaThread "Service Thread" daemon [_thread_blocked, id=2304, stack(0x000000043d000000,0x000000043d100000)]
=>0x000001e57f548000 JavaThread "C2 CompilerThread0" daemon [_thread_in_native, id=17996, stack(0x000000043d100000,0x000000043d200000)]
  0x000001e57f603800 JavaThread "C1 CompilerThread0" daemon [_thread_blocked, id=3528, stack(0x000000043d200000,0x000000043d300000)]
  0x000001e57f604000 JavaThread "Sweeper thread" daemon [_thread_blocked, id=12556, stack(0x000000043d300000,0x000000043d400000)]
  0x000001e57f709800 JavaThread "Common-Cleaner" daemon [_thread_blocked, id=16216, stack(0x000000043d500000,0x000000043d600000)]
  0x000001e5121c6800 JavaThread "C2 CompilerThread1" daemon [_thread_in_native, id=1592, stack(0x000000043df00000,0x000000043e000000)]

Other Threads:
  0x000001e57ec73800 VMThread "VM Thread" [stack: 0x000000043cb00000,0x000000043cc00000] [id=19616]
  0x000001e57f700800 WatcherThread [stack: 0x000000043d400000,0x000000043d500000] [id=3752]
  0x000001e569b3c000 GCTaskThread "GC Thread#0" [stack: 0x000000043c600000,0x000000043c700000] [id=17608]
  0x000001e50f3ca000 GCTaskThread "GC Thread#1" [stack: 0x000000043d600000,0x000000043d700000] [id=8904]
  0x000001e50f3cb000 GCTaskThread "GC Thread#2" [stack: 0x000000043d700000,0x000000043d800000] [id=18200]
  0x000001e50f3cb800 GCTaskThread "GC Thread#3" [stack: 0x000000043d800000,0x000000043d900000] [id=16564]
  0x000001e50f3cc000 GCTaskThread "GC Thread#4" [stack: 0x000000043d900000,0x000000043da00000] [id=7620]
  0x000001e50f3ff800 GCTaskThread "GC Thread#5" [stack: 0x000000043da00000,0x000000043db00000] [id=16624]
  0x000001e569b98800 ConcurrentGCThread "G1 Main Marker" [stack: 0x000000043c700000,0x000000043c800000] [id=11220]
  0x000001e569b9a000 ConcurrentGCThread "G1 Conc#0" [stack: 0x000000043c800000,0x000000043c900000] [id=15484]
  0x000001e50f3d3800 ConcurrentGCThread "G1 Conc#1" [stack: 0x000000043db00000,0x000000043dc00000] [id=6228]
  0x000001e50f403000 ConcurrentGCThread "G1 Conc#2" [stack: 0x000000043dc00000,0x000000043dd00000] [id=17932]
  0x000001e57eb60800 ConcurrentGCThread "G1 Refine#0" [stack: 0x000000043c900000,0x000000043ca00000] [id=19332]
  0x000001e50f7de800 ConcurrentGCThread "G1 Refine#1" [stack: 0x000000043dd00000,0x000000043de00000] [id=15032]
  0x000001e50f808800 ConcurrentGCThread "G1 Refine#2" [stack: 0x000000043de00000,0x000000043df00000] [id=19308]
  0x000001e57eb61800 ConcurrentGCThread "G1 Young RemSet Sampling" [stack: 0x000000043ca00000,0x000000043cb00000] [id=19584]

Threads with active compile tasks:
C2 CompilerThread0    59416 10974       4       java.lang.invoke.MethodType::makeImpl (108 bytes)
C2 CompilerThread1    59417 11044       4       org.jetbrains.kotlin.resolve.calls.util.CallUtilKt::getCalleeExpressionIfAny (106 bytes)

VM state:not at safepoint (normal execution)

VM Mutex/Monitor currently owned by a thread: None

Heap address: 0x0000000702000000, size: 4064 MB, Compressed Oops mode: Zero based, Oop shift amount: 3
Narrow klass base: 0x0000000800000000, Narrow klass shift: 0
Compressed class space size: 1073741824 Address: 0x0000000800000000

Heap:
 garbage-first heap   total 260096K, used 72011K [0x0000000702000000, 0x0000000800000000)
  region size 1024K, 15 young (15360K), 9 survivors (9216K)
 Metaspace       used 68969K, capacity 69906K, committed 70224K, reserved 1118208K
  class space    used 7623K, capacity 7987K, committed 8060K, reserved 1048576K
Heap Regions: E=young(eden), S=young(survivor), O=old, HS=humongous(starts), HC=humongous(continues), CS=collection set, F=free, A=archive, TAMS=top-at-mark-start (previous, next)
|   0|0x0000000702000000, 0x0000000702100000, 0x0000000702100000|100%|HS|  |TAMS 0x0000000702100000, 0x0000000702000000| Complete 
|   1|0x0000000702100000, 0x0000000702200000, 0x0000000702200000|100%|HC|  |TAMS 0x0000000702200000, 0x0000000702100000| Complete 
|   2|0x0000000702200000, 0x0000000702300000, 0x0000000702300000|100%|HC|  |TAMS 0x0000000702300000, 0x0000000702200000| Complete 
|   3|0x0000000702300000, 0x0000000702400000, 0x0000000702400000|100%|HS|  |TAMS 0x0000000702400000, 0x0000000702300000| Complete 
|   4|0x0000000702400000, 0x0000000702500000, 0x0000000702500000|100%|HC|  |TAMS 0x0000000702500000, 0x0000000702400000| Complete 
|   5|0x0000000702500000, 0x0000000702600000, 0x0000000702600000|100%|HC|  |TAMS 0x0000000702600000, 0x0000000702500000| Complete 
|   6|0x0000000702600000, 0x0000000702700000, 0x0000000702700000|100%|HS|  |TAMS 0x0000000702700000, 0x0000000702600000| Complete 
|   7|0x0000000702700000, 0x0000000702800000, 0x0000000702800000|100%|HC|  |TAMS 0x0000000702800000, 0x0000000702700000| Complete 
|   8|0x0000000702800000, 0x0000000702900000, 0x0000000702900000|100%| O|  |TAMS 0x0000000702900000, 0x0000000702800000| Untracked 
|   9|0x0000000702900000, 0x0000000702a00000, 0x0000000702a00000|100%| O|  |TAMS 0x0000000702a00000, 0x0000000702900000| Untracked 
|  10|0x0000000702a00000, 0x0000000702b00000, 0x0000000702b00000|100%| O|  |TAMS 0x0000000702b00000, 0x0000000702a00000| Untracked 
|  11|0x0000000702b00000, 0x0000000702c00000, 0x0000000702c00000|100%| O|  |TAMS 0x0000000702c00000, 0x0000000702b00000| Untracked 
|  12|0x0000000702c00000, 0x0000000702d00000, 0x0000000702d00000|100%| O|  |TAMS 0x0000000702d00000, 0x0000000702c00000| Untracked 
|  13|0x0000000702d00000, 0x0000000702e00000, 0x0000000702e00000|100%| O|  |TAMS 0x0000000702e00000, 0x0000000702d00000| Untracked 
|  14|0x0000000702e00000, 0x0000000702f00000, 0x0000000702f00000|100%| O|  |TAMS 0x0000000702f00000, 0x0000000702e00000| Untracked 
|  15|0x0000000702f00000, 0x0000000703000000, 0x0000000703000000|100%| O|  |TAMS 0x0000000703000000, 0x0000000702f00000| Untracked 
|  16|0x0000000703000000, 0x0000000703100000, 0x0000000703100000|100%| O|  |TAMS 0x0000000703100000, 0x0000000703000000| Untracked 
|  17|0x0000000703100000, 0x0000000703200000, 0x0000000703200000|100%| O|  |TAMS 0x0000000703200000, 0x0000000703100000| Untracked 
|  18|0x0000000703200000, 0x0000000703300000, 0x0000000703300000|100%| O|  |TAMS 0x0000000703300000, 0x0000000703200000| Untracked 
|  19|0x0000000703300000, 0x0000000703400000, 0x0000000703400000|100%| O|  |TAMS 0x0000000703400000, 0x0000000703300000| Untracked 
|  20|0x0000000703400000, 0x0000000703500000, 0x0000000703500000|100%| O|  |TAMS 0x0000000703500000, 0x0000000703400000| Untracked 
|  21|0x0000000703500000, 0x0000000703600000, 0x0000000703600000|100%| O|  |TAMS 0x0000000703600000, 0x0000000703500000| Untracked 
|  22|0x0000000703600000, 0x0000000703700000, 0x0000000703700000|100%| O|  |TAMS 0x0000000703700000, 0x0000000703600000| Untracked 
|  23|0x0000000703700000, 0x0000000703800000, 0x0000000703800000|100%| O|  |TAMS 0x0000000703800000, 0x0000000703700000| Untracked 
|  24|0x0000000703800000, 0x0000000703900000, 0x0000000703900000|100%| O|  |TAMS 0x0000000703900000, 0x0000000703800000| Untracked 
|  25|0x0000000703900000, 0x0000000703a00000, 0x0000000703a00000|100%| O|  |TAMS 0x0000000703a00000, 0x0000000703900000| Untracked 
|  26|0x0000000703a00000, 0x0000000703b00000, 0x0000000703b00000|100%| O|  |TAMS 0x0000000703b00000, 0x0000000703a00000| Untracked 
|  27|0x0000000703b00000, 0x0000000703c00000, 0x0000000703c00000|100%| O|  |TAMS 0x0000000703c00000, 0x0000000703b00000| Untracked 
|  28|0x0000000703c00000, 0x0000000703d00000, 0x0000000703d00000|100%| O|  |TAMS 0x0000000703d00000, 0x0000000703c00000| Untracked 
|  29|0x0000000703d00000, 0x0000000703e00000, 0x0000000703e00000|100%| O|  |TAMS 0x0000000703e00000, 0x0000000703d00000| Untracked 
|  30|0x0000000703e00000, 0x0000000703f00000, 0x0000000703f00000|100%| O|  |TAMS 0x0000000703f00000, 0x0000000703e00000| Untracked 
|  31|0x0000000703f00000, 0x0000000704000000, 0x0000000704000000|100%| O|  |TAMS 0x0000000704000000, 0x0000000703f00000| Untracked 
|  32|0x0000000704000000, 0x0000000704100000, 0x0000000704100000|100%| O|  |TAMS 0x0000000704100000, 0x0000000704000000| Untracked 
|  33|0x0000000704100000, 0x0000000704200000, 0x0000000704200000|100%| O|  |TAMS 0x0000000704200000, 0x0000000704100000| Untracked 
|  34|0x0000000704200000, 0x0000000704300000, 0x0000000704300000|100%| O|  |TAMS 0x0000000704300000, 0x0000000704200000| Untracked 
|  35|0x0000000704300000, 0x0000000704400000, 0x0000000704400000|100%| O|  |TAMS 0x0000000704400000, 0x0000000704300000| Untracked 
|  36|0x0000000704400000, 0x0000000704500000, 0x0000000704500000|100%| O|  |TAMS 0x0000000704500000, 0x0000000704400000| Untracked 
|  37|0x0000000704500000, 0x0000000704600000, 0x0000000704600000|100%| O|  |TAMS 0x0000000704600000, 0x0000000704500000| Untracked 
|  38|0x0000000704600000, 0x0000000704700000, 0x0000000704700000|100%| O|  |TAMS 0x0000000704700000, 0x0000000704600000| Untracked 
|  39|0x0000000704700000, 0x0000000704800000, 0x0000000704800000|100%| O|  |TAMS 0x0000000704800000, 0x0000000704700000| Untracked 
|  40|0x0000000704800000, 0x0000000704900000, 0x0000000704900000|100%| O|  |TAMS 0x0000000704900000, 0x0000000704800000| Untracked 
|  41|0x0000000704900000, 0x0000000704a00000, 0x0000000704a00000|100%|HS|  |TAMS 0x0000000704a00000, 0x0000000704900000| Complete 
|  42|0x0000000704a00000, 0x0000000704b00000, 0x0000000704b00000|100%|HC|  |TAMS 0x0000000704b00000, 0x0000000704a00000| Complete 
|  43|0x0000000704b00000, 0x0000000704b00000, 0x0000000704c00000|  0%| F|  |TAMS 0x0000000704b00000, 0x0000000704b00000| Untracked 
|  44|0x0000000704c00000, 0x0000000704d00000, 0x0000000704d00000|100%| O|  |TAMS 0x0000000704d00000, 0x0000000704c00000| Untracked 
|  45|0x0000000704d00000, 0x0000000704e00000, 0x0000000704e00000|100%| O|  |TAMS 0x0000000704e00000, 0x0000000704d00000| Untracked 
|  46|0x0000000704e00000, 0x0000000704f00000, 0x0000000704f00000|100%| O|  |TAMS 0x0000000704f00000, 0x0000000704e00000| Untracked 
|  47|0x0000000704f00000, 0x0000000705000000, 0x0000000705000000|100%| O|  |TAMS 0x0000000705000000, 0x0000000704f00000| Untracked 
|  48|0x0000000705000000, 0x0000000705100000, 0x0000000705100000|100%| O|  |TAMS 0x0000000705100000, 0x0000000705000000| Untracked 
|  49|0x0000000705100000, 0x0000000705200000, 0x0000000705200000|100%| O|  |TAMS 0x0000000705200000, 0x0000000705100000| Untracked 
|  50|0x0000000705200000, 0x0000000705300000, 0x0000000705300000|100%| O|  |TAMS 0x0000000705300000, 0x0000000705200000| Untracked 
|  51|0x0000000705300000, 0x0000000705400000, 0x0000000705400000|100%| O|  |TAMS 0x0000000705400000, 0x0000000705300000| Untracked 
|  52|0x0000000705400000, 0x0000000705500000, 0x0000000705500000|100%| O|  |TAMS 0x0000000705500000, 0x0000000705400000| Untracked 
|  53|0x0000000705500000, 0x0000000705600000, 0x0000000705600000|100%| O|  |TAMS 0x0000000705600000, 0x0000000705500000| Untracked 
|  54|0x0000000705600000, 0x0000000705700000, 0x0000000705700000|100%| O|  |TAMS 0x0000000705700000, 0x0000000705600000| Untracked 
|  55|0x0000000705700000, 0x0000000705800000, 0x0000000705800000|100%| O|  |TAMS 0x0000000705800000, 0x0000000705700000| Untracked 
|  56|0x0000000705800000, 0x0000000705900000, 0x0000000705900000|100%| O|  |TAMS 0x0000000705900000, 0x0000000705800000| Untracked 
|  57|0x0000000705900000, 0x0000000705989800, 0x0000000705a00000| 53%| O|  |TAMS 0x0000000705989800, 0x0000000705900000| Untracked 
|  58|0x0000000705a00000, 0x0000000705a00000, 0x0000000705b00000|  0%| F|  |TAMS 0x0000000705a00000, 0x0000000705a00000| Untracked 
|  59|0x0000000705b00000, 0x0000000705b00000, 0x0000000705c00000|  0%| F|  |TAMS 0x0000000705b00000, 0x0000000705b00000| Untracked 
|  60|0x0000000705c00000, 0x0000000705c00000, 0x0000000705d00000|  0%| F|  |TAMS 0x0000000705c00000, 0x0000000705c00000| Untracked 
|  61|0x0000000705d00000, 0x0000000705d00000, 0x0000000705e00000|  0%| F|  |TAMS 0x0000000705d00000, 0x0000000705d00000| Untracked 
|  62|0x0000000705e00000, 0x0000000705e00000, 0x0000000705f00000|  0%| F|  |TAMS 0x0000000705e00000, 0x0000000705e00000| Untracked 
|  63|0x0000000705f00000, 0x0000000705f00000, 0x0000000706000000|  0%| F|  |TAMS 0x0000000705f00000, 0x0000000705f00000| Untracked 
|  64|0x0000000706000000, 0x0000000706000000, 0x0000000706100000|  0%| F|  |TAMS 0x0000000706000000, 0x0000000706000000| Untracked 
|  65|0x0000000706100000, 0x0000000706100000, 0x0000000706200000|  0%| F|  |TAMS 0x0000000706100000, 0x0000000706100000| Untracked 
|  66|0x0000000706200000, 0x0000000706200000, 0x0000000706300000|  0%| F|  |TAMS 0x0000000706200000, 0x0000000706200000| Untracked 
|  67|0x0000000706300000, 0x0000000706300000, 0x0000000706400000|  0%| F|  |TAMS 0x0000000706300000, 0x0000000706300000| Untracked 
|  68|0x0000000706400000, 0x0000000706400000, 0x0000000706500000|  0%| F|  |TAMS 0x0000000706400000, 0x0000000706400000| Untracked 
|  69|0x0000000706500000, 0x0000000706500000, 0x0000000706600000|  0%| F|  |TAMS 0x0000000706500000, 0x0000000706500000| Untracked 
|  70|0x0000000706600000, 0x0000000706600000, 0x0000000706700000|  0%| F|  |TAMS 0x0000000706600000, 0x0000000706600000| Untracked 
|  71|0x0000000706700000, 0x0000000706700000, 0x0000000706800000|  0%| F|  |TAMS 0x0000000706700000, 0x0000000706700000| Untracked 
|  72|0x0000000706800000, 0x0000000706800000, 0x0000000706900000|  0%| F|  |TAMS 0x0000000706800000, 0x0000000706800000| Untracked 
|  73|0x0000000706900000, 0x0000000706900000, 0x0000000706a00000|  0%| F|  |TAMS 0x0000000706900000, 0x0000000706900000| Untracked 
|  74|0x0000000706a00000, 0x0000000706a00000, 0x0000000706b00000|  0%| F|  |TAMS 0x0000000706a00000, 0x0000000706a00000| Untracked 
|  75|0x0000000706b00000, 0x0000000706b00000, 0x0000000706c00000|  0%| F|  |TAMS 0x0000000706b00000, 0x0000000706b00000| Untracked 
|  76|0x0000000706c00000, 0x0000000706c00000, 0x0000000706d00000|  0%| F|  |TAMS 0x0000000706c00000, 0x0000000706c00000| Untracked 
|  77|0x0000000706d00000, 0x0000000706d00000, 0x0000000706e00000|  0%| F|  |TAMS 0x0000000706d00000, 0x0000000706d00000| Untracked 
|  78|0x0000000706e00000, 0x0000000706e00000, 0x0000000706f00000|  0%| F|  |TAMS 0x0000000706e00000, 0x0000000706e00000| Untracked 
|  79|0x0000000706f00000, 0x0000000706f00000, 0x0000000707000000|  0%| F|  |TAMS 0x0000000706f00000, 0x0000000706f00000| Untracked 
|  80|0x0000000707000000, 0x0000000707000000, 0x0000000707100000|  0%| F|  |TAMS 0x0000000707000000, 0x0000000707000000| Untracked 
|  81|0x0000000707100000, 0x0000000707100000, 0x0000000707200000|  0%| F|  |TAMS 0x0000000707100000, 0x0000000707100000| Untracked 
|  82|0x0000000707200000, 0x0000000707200000, 0x0000000707300000|  0%| F|  |TAMS 0x0000000707200000, 0x0000000707200000| Untracked 
|  83|0x0000000707300000, 0x0000000707300000, 0x0000000707400000|  0%| F|  |TAMS 0x0000000707300000, 0x0000000707300000| Untracked 
|  84|0x0000000707400000, 0x0000000707400000, 0x0000000707500000|  0%| F|  |TAMS 0x0000000707400000, 0x0000000707400000| Untracked 
|  85|0x0000000707500000, 0x0000000707500000, 0x0000000707600000|  0%| F|  |TAMS 0x0000000707500000, 0x0000000707500000| Untracked 
|  86|0x0000000707600000, 0x0000000707600000, 0x0000000707700000|  0%| F|  |TAMS 0x0000000707600000, 0x0000000707600000| Untracked 
|  87|0x0000000707700000, 0x0000000707700000, 0x0000000707800000|  0%| F|  |TAMS 0x0000000707700000, 0x0000000707700000| Untracked 
|  88|0x0000000707800000, 0x0000000707800000, 0x0000000707900000|  0%| F|  |TAMS 0x0000000707800000, 0x0000000707800000| Untracked 
|  89|0x0000000707900000, 0x0000000707900000, 0x0000000707a00000|  0%| F|  |TAMS 0x0000000707900000, 0x0000000707900000| Untracked 
|  90|0x0000000707a00000, 0x0000000707a00000, 0x0000000707b00000|  0%| F|  |TAMS 0x0000000707a00000, 0x0000000707a00000| Untracked 
|  91|0x0000000707b00000, 0x0000000707b00000, 0x0000000707c00000|  0%| F|  |TAMS 0x0000000707b00000, 0x0000000707b00000| Untracked 
|  92|0x0000000707c00000, 0x0000000707c00000, 0x0000000707d00000|  0%| F|  |TAMS 0x0000000707c00000, 0x0000000707c00000| Untracked 
|  93|0x0000000707d00000, 0x0000000707d00000, 0x0000000707e00000|  0%| F|  |TAMS 0x0000000707d00000, 0x0000000707d00000| Untracked 
|  94|0x0000000707e00000, 0x0000000707e00000, 0x0000000707f00000|  0%| F|  |TAMS 0x0000000707e00000, 0x0000000707e00000| Untracked 
|  95|0x0000000707f00000, 0x0000000707f00000, 0x0000000708000000|  0%| F|  |TAMS 0x0000000707f00000, 0x0000000707f00000| Untracked 
|  96|0x0000000708000000, 0x0000000708000000, 0x0000000708100000|  0%| F|  |TAMS 0x0000000708000000, 0x0000000708000000| Untracked 
|  97|0x0000000708100000, 0x0000000708100000, 0x0000000708200000|  0%| F|  |TAMS 0x0000000708100000, 0x0000000708100000| Untracked 
|  98|0x0000000708200000, 0x0000000708200000, 0x0000000708300000|  0%| F|  |TAMS 0x0000000708200000, 0x0000000708200000| Untracked 
|  99|0x0000000708300000, 0x0000000708300000, 0x0000000708400000|  0%| F|  |TAMS 0x0000000708300000, 0x0000000708300000| Untracked 
| 100|0x0000000708400000, 0x0000000708400000, 0x0000000708500000|  0%| F|  |TAMS 0x0000000708400000, 0x0000000708400000| Untracked 
| 101|0x0000000708500000, 0x0000000708500000, 0x0000000708600000|  0%| F|  |TAMS 0x0000000708500000, 0x0000000708500000| Untracked 
| 102|0x0000000708600000, 0x0000000708600000, 0x0000000708700000|  0%| F|  |TAMS 0x0000000708600000, 0x0000000708600000| Untracked 
| 103|0x0000000708700000, 0x0000000708700000, 0x0000000708800000|  0%| F|  |TAMS 0x0000000708700000, 0x0000000708700000| Untracked 
| 104|0x0000000708800000, 0x0000000708800000, 0x0000000708900000|  0%| F|  |TAMS 0x0000000708800000, 0x0000000708800000| Untracked 
| 105|0x0000000708900000, 0x0000000708900000, 0x0000000708a00000|  0%| F|  |TAMS 0x0000000708900000, 0x0000000708900000| Untracked 
| 106|0x0000000708a00000, 0x0000000708a00000, 0x0000000708b00000|  0%| F|  |TAMS 0x0000000708a00000, 0x0000000708a00000| Untracked 
| 107|0x0000000708b00000, 0x0000000708b00000, 0x0000000708c00000|  0%| F|  |TAMS 0x0000000708b00000, 0x0000000708b00000| Untracked 
| 108|0x0000000708c00000, 0x0000000708c00000, 0x0000000708d00000|  0%| F|  |TAMS 0x0000000708c00000, 0x0000000708c00000| Untracked 
| 109|0x0000000708d00000, 0x0000000708d00000, 0x0000000708e00000|  0%| F|  |TAMS 0x0000000708d00000, 0x0000000708d00000| Untracked 
| 110|0x0000000708e00000, 0x0000000708e00000, 0x0000000708f00000|  0%| F|  |TAMS 0x0000000708e00000, 0x0000000708e00000| Untracked 
| 111|0x0000000708f00000, 0x0000000708f00000, 0x0000000709000000|  0%| F|  |TAMS 0x0000000708f00000, 0x0000000708f00000| Untracked 
| 112|0x0000000709000000, 0x0000000709000000, 0x0000000709100000|  0%| F|  |TAMS 0x0000000709000000, 0x0000000709000000| Untracked 
| 113|0x0000000709100000, 0x0000000709100000, 0x0000000709200000|  0%| F|  |TAMS 0x0000000709100000, 0x0000000709100000| Untracked 
| 114|0x0000000709200000, 0x0000000709200000, 0x0000000709300000|  0%| F|  |TAMS 0x0000000709200000, 0x0000000709200000| Untracked 
| 115|0x0000000709300000, 0x0000000709300000, 0x0000000709400000|  0%| F|  |TAMS 0x0000000709300000, 0x0000000709300000| Untracked 
| 116|0x0000000709400000, 0x0000000709400000, 0x0000000709500000|  0%| F|  |TAMS 0x0000000709400000, 0x0000000709400000| Untracked 
| 117|0x0000000709500000, 0x0000000709500000, 0x0000000709600000|  0%| F|  |TAMS 0x0000000709500000, 0x0000000709500000| Untracked 
| 118|0x0000000709600000, 0x0000000709600000, 0x0000000709700000|  0%| F|  |TAMS 0x0000000709600000, 0x0000000709600000| Untracked 
| 119|0x0000000709700000, 0x0000000709700000, 0x0000000709800000|  0%| F|  |TAMS 0x0000000709700000, 0x0000000709700000| Untracked 
| 120|0x0000000709800000, 0x0000000709800000, 0x0000000709900000|  0%| F|  |TAMS 0x0000000709800000, 0x0000000709800000| Untracked 
| 121|0x0000000709900000, 0x0000000709900000, 0x0000000709a00000|  0%| F|  |TAMS 0x0000000709900000, 0x0000000709900000| Untracked 
| 122|0x0000000709a00000, 0x0000000709a00000, 0x0000000709b00000|  0%| F|  |TAMS 0x0000000709a00000, 0x0000000709a00000| Untracked 
| 123|0x0000000709b00000, 0x0000000709b00000, 0x0000000709c00000|  0%| F|  |TAMS 0x0000000709b00000, 0x0000000709b00000| Untracked 
| 124|0x0000000709c00000, 0x0000000709c00000, 0x0000000709d00000|  0%| F|  |TAMS 0x0000000709c00000, 0x0000000709c00000| Untracked 
| 125|0x0000000709d00000, 0x0000000709d00000, 0x0000000709e00000|  0%| F|  |TAMS 0x0000000709d00000, 0x0000000709d00000| Untracked 
| 126|0x0000000709e00000, 0x0000000709e00000, 0x0000000709f00000|  0%| F|  |TAMS 0x0000000709e00000, 0x0000000709e00000| Untracked 
| 127|0x0000000709f00000, 0x0000000709f00000, 0x000000070a000000|  0%| F|  |TAMS 0x0000000709f00000, 0x0000000709f00000| Untracked 
| 128|0x000000070a000000, 0x000000070a000000, 0x000000070a100000|  0%| F|  |TAMS 0x000000070a000000, 0x000000070a000000| Untracked 
| 129|0x000000070a100000, 0x000000070a100000, 0x000000070a200000|  0%| F|  |TAMS 0x000000070a100000, 0x000000070a100000| Untracked 
| 130|0x000000070a200000, 0x000000070a200000, 0x000000070a300000|  0%| F|  |TAMS 0x000000070a200000, 0x000000070a200000| Untracked 
| 131|0x000000070a300000, 0x000000070a300000, 0x000000070a400000|  0%| F|  |TAMS 0x000000070a300000, 0x000000070a300000| Untracked 
| 132|0x000000070a400000, 0x000000070a400000, 0x000000070a500000|  0%| F|  |TAMS 0x000000070a400000, 0x000000070a400000| Untracked 
| 133|0x000000070a500000, 0x000000070a500000, 0x000000070a600000|  0%| F|  |TAMS 0x000000070a500000, 0x000000070a500000| Untracked 
| 134|0x000000070a600000, 0x000000070a600000, 0x000000070a700000|  0%| F|  |TAMS 0x000000070a600000, 0x000000070a600000| Untracked 
| 135|0x000000070a700000, 0x000000070a700000, 0x000000070a800000|  0%| F|  |TAMS 0x000000070a700000, 0x000000070a700000| Untracked 
| 136|0x000000070a800000, 0x000000070a800000, 0x000000070a900000|  0%| F|  |TAMS 0x000000070a800000, 0x000000070a800000| Untracked 
| 137|0x000000070a900000, 0x000000070a900000, 0x000000070aa00000|  0%| F|  |TAMS 0x000000070a900000, 0x000000070a900000| Untracked 
| 138|0x000000070aa00000, 0x000000070aa00000, 0x000000070ab00000|  0%| F|  |TAMS 0x000000070aa00000, 0x000000070aa00000| Untracked 
| 139|0x000000070ab00000, 0x000000070ab00000, 0x000000070ac00000|  0%| F|  |TAMS 0x000000070ab00000, 0x000000070ab00000| Untracked 
| 140|0x000000070ac00000, 0x000000070ac00000, 0x000000070ad00000|  0%| F|  |TAMS 0x000000070ac00000, 0x000000070ac00000| Untracked 
| 141|0x000000070ad00000, 0x000000070ad00000, 0x000000070ae00000|  0%| F|  |TAMS 0x000000070ad00000, 0x000000070ad00000| Untracked 
| 142|0x000000070ae00000, 0x000000070ae00000, 0x000000070af00000|  0%| F|  |TAMS 0x000000070ae00000, 0x000000070ae00000| Untracked 
| 143|0x000000070af00000, 0x000000070af00000, 0x000000070b000000|  0%| F|  |TAMS 0x000000070af00000, 0x000000070af00000| Untracked 
| 144|0x000000070b000000, 0x000000070b000000, 0x000000070b100000|  0%| F|  |TAMS 0x000000070b000000, 0x000000070b000000| Untracked 
| 145|0x000000070b100000, 0x000000070b100000, 0x000000070b200000|  0%| F|  |TAMS 0x000000070b100000, 0x000000070b100000| Untracked 
| 146|0x000000070b200000, 0x000000070b200000, 0x000000070b300000|  0%| F|  |TAMS 0x000000070b200000, 0x000000070b200000| Untracked 
| 147|0x000000070b300000, 0x000000070b300000, 0x000000070b400000|  0%| F|  |TAMS 0x000000070b300000, 0x000000070b300000| Untracked 
| 148|0x000000070b400000, 0x000000070b400000, 0x000000070b500000|  0%| F|  |TAMS 0x000000070b400000, 0x000000070b400000| Untracked 
| 149|0x000000070b500000, 0x000000070b500000, 0x000000070b600000|  0%| F|  |TAMS 0x000000070b500000, 0x000000070b500000| Untracked 
| 150|0x000000070b600000, 0x000000070b600000, 0x000000070b700000|  0%| F|  |TAMS 0x000000070b600000, 0x000000070b600000| Untracked 
| 151|0x000000070b700000, 0x000000070b700000, 0x000000070b800000|  0%| F|  |TAMS 0x000000070b700000, 0x000000070b700000| Untracked 
| 152|0x000000070b800000, 0x000000070b800000, 0x000000070b900000|  0%| F|  |TAMS 0x000000070b800000, 0x000000070b800000| Untracked 
| 153|0x000000070b900000, 0x000000070b900000, 0x000000070ba00000|  0%| F|  |TAMS 0x000000070b900000, 0x000000070b900000| Untracked 
| 154|0x000000070ba00000, 0x000000070ba00000, 0x000000070bb00000|  0%| F|  |TAMS 0x000000070ba00000, 0x000000070ba00000| Untracked 
| 155|0x000000070bb00000, 0x000000070bb00000, 0x000000070bc00000|  0%| F|  |TAMS 0x000000070bb00000, 0x000000070bb00000| Untracked 
| 156|0x000000070bc00000, 0x000000070bc00000, 0x000000070bd00000|  0%| F|  |TAMS 0x000000070bc00000, 0x000000070bc00000| Untracked 
| 157|0x000000070bd00000, 0x000000070bd00000, 0x000000070be00000|  0%| F|  |TAMS 0x000000070bd00000, 0x000000070bd00000| Untracked 
| 158|0x000000070be00000, 0x000000070be00000, 0x000000070bf00000|  0%| F|  |TAMS 0x000000070be00000, 0x000000070be00000| Untracked 
| 159|0x000000070bf00000, 0x000000070bf00000, 0x000000070c000000|  0%| F|  |TAMS 0x000000070bf00000, 0x000000070bf00000| Untracked 
| 160|0x000000070c000000, 0x000000070c000000, 0x000000070c100000|  0%| F|  |TAMS 0x000000070c000000, 0x000000070c000000| Untracked 
| 161|0x000000070c100000, 0x000000070c100000, 0x000000070c200000|  0%| F|  |TAMS 0x000000070c100000, 0x000000070c100000| Untracked 
| 162|0x000000070c200000, 0x000000070c200000, 0x000000070c300000|  0%| F|  |TAMS 0x000000070c200000, 0x000000070c200000| Untracked 
| 163|0x000000070c300000, 0x000000070c300000, 0x000000070c400000|  0%| F|  |TAMS 0x000000070c300000, 0x000000070c300000| Untracked 
| 164|0x000000070c400000, 0x000000070c400000, 0x000000070c500000|  0%| F|  |TAMS 0x000000070c400000, 0x000000070c400000| Untracked 
| 165|0x000000070c500000, 0x000000070c500000, 0x000000070c600000|  0%| F|  |TAMS 0x000000070c500000, 0x000000070c500000| Untracked 
| 166|0x000000070c600000, 0x000000070c600000, 0x000000070c700000|  0%| F|  |TAMS 0x000000070c600000, 0x000000070c600000| Untracked 
| 167|0x000000070c700000, 0x000000070c700000, 0x000000070c800000|  0%| F|  |TAMS 0x000000070c700000, 0x000000070c700000| Untracked 
| 168|0x000000070c800000, 0x000000070c800000, 0x000000070c900000|  0%| F|  |TAMS 0x000000070c800000, 0x000000070c800000| Untracked 
| 169|0x000000070c900000, 0x000000070c900000, 0x000000070ca00000|  0%| F|  |TAMS 0x000000070c900000, 0x000000070c900000| Untracked 
| 170|0x000000070ca00000, 0x000000070ca00000, 0x000000070cb00000|  0%| F|  |TAMS 0x000000070ca00000, 0x000000070ca00000| Untracked 
| 171|0x000000070cb00000, 0x000000070cb00000, 0x000000070cc00000|  0%| F|  |TAMS 0x000000070cb00000, 0x000000070cb00000| Untracked 
| 172|0x000000070cc00000, 0x000000070cc00000, 0x000000070cd00000|  0%| F|  |TAMS 0x000000070cc00000, 0x000000070cc00000| Untracked 
| 173|0x000000070cd00000, 0x000000070cd00000, 0x000000070ce00000|  0%| F|  |TAMS 0x000000070cd00000, 0x000000070cd00000| Untracked 
| 174|0x000000070ce00000, 0x000000070ce00000, 0x000000070cf00000|  0%| F|  |TAMS 0x000000070ce00000, 0x000000070ce00000| Untracked 
| 175|0x000000070cf00000, 0x000000070cfc95c0, 0x000000070d000000| 78%| S|CS|TAMS 0x000000070cf00000, 0x000000070cf00000| Complete 
| 176|0x000000070d000000, 0x000000070d100000, 0x000000070d100000|100%| S|CS|TAMS 0x000000070d000000, 0x000000070d000000| Complete 
| 177|0x000000070d100000, 0x000000070d200000, 0x000000070d200000|100%| S|CS|TAMS 0x000000070d100000, 0x000000070d100000| Complete 
| 178|0x000000070d200000, 0x000000070d300000, 0x000000070d300000|100%| S|CS|TAMS 0x000000070d200000, 0x000000070d200000| Complete 
| 179|0x000000070d300000, 0x000000070d400000, 0x000000070d400000|100%| S|CS|TAMS 0x000000070d300000, 0x000000070d300000| Complete 
| 180|0x000000070d400000, 0x000000070d500000, 0x000000070d500000|100%| S|CS|TAMS 0x000000070d400000, 0x000000070d400000| Complete 
| 181|0x000000070d500000, 0x000000070d600000, 0x000000070d600000|100%| S|CS|TAMS 0x000000070d500000, 0x000000070d500000| Complete 
| 182|0x000000070d600000, 0x000000070d700000, 0x000000070d700000|100%| S|CS|TAMS 0x000000070d600000, 0x000000070d600000| Complete 
| 183|0x000000070d700000, 0x000000070d800000, 0x000000070d800000|100%| S|CS|TAMS 0x000000070d700000, 0x000000070d700000| Complete 
| 184|0x000000070d800000, 0x000000070d800000, 0x000000070d900000|  0%| F|  |TAMS 0x000000070d800000, 0x000000070d800000| Untracked 
| 185|0x000000070d900000, 0x000000070d900000, 0x000000070da00000|  0%| F|  |TAMS 0x000000070d900000, 0x000000070d900000| Untracked 
| 186|0x000000070da00000, 0x000000070da00000, 0x000000070db00000|  0%| F|  |TAMS 0x000000070da00000, 0x000000070da00000| Untracked 
| 187|0x000000070db00000, 0x000000070db00000, 0x000000070dc00000|  0%| F|  |TAMS 0x000000070db00000, 0x000000070db00000| Untracked 
| 188|0x000000070dc00000, 0x000000070dc00000, 0x000000070dd00000|  0%| F|  |TAMS 0x000000070dc00000, 0x000000070dc00000| Untracked 
| 189|0x000000070dd00000, 0x000000070dd00000, 0x000000070de00000|  0%| F|  |TAMS 0x000000070dd00000, 0x000000070dd00000| Untracked 
| 190|0x000000070de00000, 0x000000070de00000, 0x000000070df00000|  0%| F|  |TAMS 0x000000070de00000, 0x000000070de00000| Untracked 
| 191|0x000000070df00000, 0x000000070df00000, 0x000000070e000000|  0%| F|  |TAMS 0x000000070df00000, 0x000000070df00000| Untracked 
| 192|0x000000070e000000, 0x000000070e000000, 0x000000070e100000|  0%| F|  |TAMS 0x000000070e000000, 0x000000070e000000| Untracked 
| 193|0x000000070e100000, 0x000000070e100000, 0x000000070e200000|  0%| F|  |TAMS 0x000000070e100000, 0x000000070e100000| Untracked 
| 194|0x000000070e200000, 0x000000070e200000, 0x000000070e300000|  0%| F|  |TAMS 0x000000070e200000, 0x000000070e200000| Untracked 
| 195|0x000000070e300000, 0x000000070e300000, 0x000000070e400000|  0%| F|  |TAMS 0x000000070e300000, 0x000000070e300000| Untracked 
| 196|0x000000070e400000, 0x000000070e400000, 0x000000070e500000|  0%| F|  |TAMS 0x000000070e400000, 0x000000070e400000| Untracked 
| 197|0x000000070e500000, 0x000000070e500000, 0x000000070e600000|  0%| F|  |TAMS 0x000000070e500000, 0x000000070e500000| Untracked 
| 198|0x000000070e600000, 0x000000070e600000, 0x000000070e700000|  0%| F|  |TAMS 0x000000070e600000, 0x000000070e600000| Untracked 
| 199|0x000000070e700000, 0x000000070e700000, 0x000000070e800000|  0%| F|  |TAMS 0x000000070e700000, 0x000000070e700000| Untracked 
| 200|0x000000070e800000, 0x000000070e800000, 0x000000070e900000|  0%| F|  |TAMS 0x000000070e800000, 0x000000070e800000| Untracked 
| 201|0x000000070e900000, 0x000000070e900000, 0x000000070ea00000|  0%| F|  |TAMS 0x000000070e900000, 0x000000070e900000| Untracked 
| 202|0x000000070ea00000, 0x000000070ea00000, 0x000000070eb00000|  0%| F|  |TAMS 0x000000070ea00000, 0x000000070ea00000| Untracked 
| 203|0x000000070eb00000, 0x000000070eb00000, 0x000000070ec00000|  0%| F|  |TAMS 0x000000070eb00000, 0x000000070eb00000| Untracked 
| 204|0x000000070ec00000, 0x000000070ec00000, 0x000000070ed00000|  0%| F|  |TAMS 0x000000070ec00000, 0x000000070ec00000| Untracked 
| 205|0x000000070ed00000, 0x000000070ed00000, 0x000000070ee00000|  0%| F|  |TAMS 0x000000070ed00000, 0x000000070ed00000| Untracked 
| 206|0x000000070ee00000, 0x000000070ee00000, 0x000000070ef00000|  0%| F|  |TAMS 0x000000070ee00000, 0x000000070ee00000| Untracked 
| 207|0x000000070ef00000, 0x000000070ef00000, 0x000000070f000000|  0%| F|  |TAMS 0x000000070ef00000, 0x000000070ef00000| Untracked 
| 208|0x000000070f000000, 0x000000070f000000, 0x000000070f100000|  0%| F|  |TAMS 0x000000070f000000, 0x000000070f000000| Untracked 
| 209|0x000000070f100000, 0x000000070f100000, 0x000000070f200000|  0%| F|  |TAMS 0x000000070f100000, 0x000000070f100000| Untracked 
| 210|0x000000070f200000, 0x000000070f200000, 0x000000070f300000|  0%| F|  |TAMS 0x000000070f200000, 0x000000070f200000| Untracked 
| 211|0x000000070f300000, 0x000000070f300000, 0x000000070f400000|  0%| F|  |TAMS 0x000000070f300000, 0x000000070f300000| Untracked 
| 212|0x000000070f400000, 0x000000070f400000, 0x000000070f500000|  0%| F|  |TAMS 0x000000070f400000, 0x000000070f400000| Untracked 
| 213|0x000000070f500000, 0x000000070f500000, 0x000000070f600000|  0%| F|  |TAMS 0x000000070f500000, 0x000000070f500000| Untracked 
| 214|0x000000070f600000, 0x000000070f600000, 0x000000070f700000|  0%| F|  |TAMS 0x000000070f600000, 0x000000070f600000| Untracked 
| 215|0x000000070f700000, 0x000000070f700000, 0x000000070f800000|  0%| F|  |TAMS 0x000000070f700000, 0x000000070f700000| Untracked 
| 216|0x000000070f800000, 0x000000070f800000, 0x000000070f900000|  0%| F|  |TAMS 0x000000070f800000, 0x000000070f800000| Untracked 
| 217|0x000000070f900000, 0x000000070f900000, 0x000000070fa00000|  0%| F|  |TAMS 0x000000070f900000, 0x000000070f900000| Untracked 
| 218|0x000000070fa00000, 0x000000070fa00000, 0x000000070fb00000|  0%| F|  |TAMS 0x000000070fa00000, 0x000000070fa00000| Untracked 
| 219|0x000000070fb00000, 0x000000070fb00000, 0x000000070fc00000|  0%| F|  |TAMS 0x000000070fb00000, 0x000000070fb00000| Untracked 
| 220|0x000000070fc00000, 0x000000070fc00000, 0x000000070fd00000|  0%| F|  |TAMS 0x000000070fc00000, 0x000000070fc00000| Untracked 
| 221|0x000000070fd00000, 0x000000070fd00000, 0x000000070fe00000|  0%| F|  |TAMS 0x000000070fd00000, 0x000000070fd00000| Untracked 
| 222|0x000000070fe00000, 0x000000070fe00000, 0x000000070ff00000|  0%| F|  |TAMS 0x000000070fe00000, 0x000000070fe00000| Untracked 
| 223|0x000000070ff00000, 0x000000070ff00000, 0x0000000710000000|  0%| F|  |TAMS 0x000000070ff00000, 0x000000070ff00000| Untracked 
| 224|0x0000000710000000, 0x0000000710000000, 0x0000000710100000|  0%| F|  |TAMS 0x0000000710000000, 0x0000000710000000| Untracked 
| 225|0x0000000710100000, 0x0000000710100000, 0x0000000710200000|  0%| F|  |TAMS 0x0000000710100000, 0x0000000710100000| Untracked 
| 226|0x0000000710200000, 0x0000000710200000, 0x0000000710300000|  0%| F|  |TAMS 0x0000000710200000, 0x0000000710200000| Untracked 
| 227|0x0000000710300000, 0x0000000710300000, 0x0000000710400000|  0%| F|  |TAMS 0x0000000710300000, 0x0000000710300000| Untracked 
| 228|0x0000000710400000, 0x0000000710400000, 0x0000000710500000|  0%| F|  |TAMS 0x0000000710400000, 0x0000000710400000| Untracked 
| 229|0x0000000710500000, 0x0000000710500000, 0x0000000710600000|  0%| F|  |TAMS 0x0000000710500000, 0x0000000710500000| Untracked 
| 230|0x0000000710600000, 0x0000000710600000, 0x0000000710700000|  0%| F|  |TAMS 0x0000000710600000, 0x0000000710600000| Untracked 
| 231|0x0000000710700000, 0x0000000710700000, 0x0000000710800000|  0%| F|  |TAMS 0x0000000710700000, 0x0000000710700000| Untracked 
| 232|0x0000000710800000, 0x0000000710800000, 0x0000000710900000|  0%| F|  |TAMS 0x0000000710800000, 0x0000000710800000| Untracked 
| 233|0x0000000710900000, 0x0000000710900000, 0x0000000710a00000|  0%| F|  |TAMS 0x0000000710900000, 0x0000000710900000| Untracked 
| 234|0x0000000710a00000, 0x0000000710a00000, 0x0000000710b00000|  0%| F|  |TAMS 0x0000000710a00000, 0x0000000710a00000| Untracked 
| 235|0x0000000710b00000, 0x0000000710b00000, 0x0000000710c00000|  0%| F|  |TAMS 0x0000000710b00000, 0x0000000710b00000| Untracked 
| 236|0x0000000710c00000, 0x0000000710c00000, 0x0000000710d00000|  0%| F|  |TAMS 0x0000000710c00000, 0x0000000710c00000| Untracked 
| 237|0x0000000710d00000, 0x0000000710d00000, 0x0000000710e00000|  0%| F|  |TAMS 0x0000000710d00000, 0x0000000710d00000| Untracked 
| 238|0x0000000710e00000, 0x0000000710e00000, 0x0000000710f00000|  0%| F|  |TAMS 0x0000000710e00000, 0x0000000710e00000| Untracked 
| 239|0x0000000710f00000, 0x0000000710f00000, 0x0000000711000000|  0%| F|  |TAMS 0x0000000710f00000, 0x0000000710f00000| Untracked 
| 240|0x0000000711000000, 0x0000000711000000, 0x0000000711100000|  0%| F|  |TAMS 0x0000000711000000, 0x0000000711000000| Untracked 
| 241|0x0000000711100000, 0x0000000711100000, 0x0000000711200000|  0%| F|  |TAMS 0x0000000711100000, 0x0000000711100000| Untracked 
| 242|0x0000000711200000, 0x0000000711200000, 0x0000000711300000|  0%| F|  |TAMS 0x0000000711200000, 0x0000000711200000| Untracked 
| 243|0x0000000711300000, 0x0000000711300000, 0x0000000711400000|  0%| F|  |TAMS 0x0000000711300000, 0x0000000711300000| Untracked 
| 244|0x0000000711400000, 0x0000000711400000, 0x0000000711500000|  0%| F|  |TAMS 0x0000000711400000, 0x0000000711400000| Untracked 
| 245|0x0000000711500000, 0x0000000711500000, 0x0000000711600000|  0%| F|  |TAMS 0x0000000711500000, 0x0000000711500000| Untracked 
| 246|0x0000000711600000, 0x0000000711600000, 0x0000000711700000|  0%| F|  |TAMS 0x0000000711600000, 0x0000000711600000| Untracked 
| 247|0x0000000711700000, 0x0000000711700000, 0x0000000711800000|  0%| F|  |TAMS 0x0000000711700000, 0x0000000711700000| Untracked 
| 248|0x0000000711800000, 0x0000000711880800, 0x0000000711900000| 50%| E|  |TAMS 0x0000000711800000, 0x0000000711800000| Complete 
| 249|0x0000000711900000, 0x0000000711a00000, 0x0000000711a00000|100%| E|CS|TAMS 0x0000000711900000, 0x0000000711900000| Complete 
| 250|0x0000000711a00000, 0x0000000711b00000, 0x0000000711b00000|100%| E|CS|TAMS 0x0000000711a00000, 0x0000000711a00000| Complete 
| 251|0x0000000711b00000, 0x0000000711c00000, 0x0000000711c00000|100%| E|CS|TAMS 0x0000000711b00000, 0x0000000711b00000| Complete 
| 252|0x0000000711c00000, 0x0000000711d00000, 0x0000000711d00000|100%| E|CS|TAMS 0x0000000711c00000, 0x0000000711c00000| Complete 
| 253|0x0000000711d00000, 0x0000000711e00000, 0x0000000711e00000|100%| E|CS|TAMS 0x0000000711d00000, 0x0000000711d00000| Complete 

Card table byte_map: [0x000001e573010000,0x000001e573800000] _byte_map_base: 0x000001e56f800000

Marking Bits (Prev, Next): (CMBitMap*) 0x000001e569b87fa8, (CMBitMap*) 0x000001e569b87fe0
 Prev Bits: [0x000001e573ff0000, 0x000001e577f70000)
 Next Bits: [0x000001e577f70000, 0x000001e57bef0000)

Polling page: 0x000001e567b20000

Metaspace:

Usage:
  Non-class:     60.47 MB capacity,    59.91 MB (>99%) used,   444.72 KB ( <1%) free+waste,   125.25 KB ( <1%) overhead. 
      Class:      7.80 MB capacity,     7.45 MB ( 95%) used,   309.20 KB (  4%) free+waste,    54.06 KB ( <1%) overhead. 
       Both:     68.27 MB capacity,    67.36 MB ( 99%) used,   753.91 KB (  1%) free+waste,   179.31 KB ( <1%) overhead. 

Virtual space:
  Non-class space:       68.00 MB reserved,      60.71 MB ( 89%) committed 
      Class space:        1.00 GB reserved,       7.87 MB ( <1%) committed 
             Both:        1.07 GB reserved,      68.58 MB (  6%) committed 

Chunk freelists:
   Non-Class:  53.00 KB
       Class:  13.00 KB
        Both:  66.00 KB

MaxMetaspaceSize: 17179869184.00 GB
CompressedClassSpaceSize: 1.00 GB
Initial GC threshold: 20.80 MB
Current GC threshold: 113.88 MB
CDS: off

CodeHeap 'non-profiled nmethods': size=120000Kb used=6710Kb max_used=6710Kb free=113290Kb
 bounds [0x000001e507ad0000, 0x000001e508160000, 0x000001e50f000000]
CodeHeap 'profiled nmethods': size=120000Kb used=34673Kb max_used=34673Kb free=85326Kb
 bounds [0x000001e5005a0000, 0x000001e502780000, 0x000001e507ad0000]
CodeHeap 'non-nmethods': size=5760Kb used=1311Kb max_used=1390Kb free=4449Kb
 bounds [0x000001e500000000, 0x000001e500270000, 0x000001e5005a0000]
 total_blobs=11506 nmethods=10914 adapters=502
 compilation: enabled
              stopped_count=0, restarted_count=0
 full_count=0

Compilation events (20 events):
Event: 59.246 Thread 0x000001e57f603800 11042       3       org.jetbrains.kotlin.psi.KtConstantExpression::<init> (14 bytes)
Event: 59.247 Thread 0x000001e57f603800 nmethod 11042 0x000001e50275bc90 code [0x000001e50275bf00, 0x000001e50275c9a8]
Event: 59.248 Thread 0x000001e57f603800 11043       3       org.jetbrains.kotlin.descriptors.impl.AbstractClassDescriptor::getUnsubstitutedInnerClassesScope (21 bytes)
Event: 59.249 Thread 0x000001e57f603800 nmethod 11043 0x000001e50275cd10 code [0x000001e50275cee0, 0x000001e50275d238]
Event: 59.257 Thread 0x000001e57f603800 11045       3       org.jetbrains.kotlin.resolve.calls.util.FakeCallableDescriptorForObject::hashCode (8 bytes)
Event: 59.258 Thread 0x000001e57f603800 nmethod 11045 0x000001e50275d310 code [0x000001e50275d4c0, 0x000001e50275d688]
Event: 59.259 Thread 0x000001e57f603800 11047       3       org.jetbrains.kotlin.com.intellij.psi.impl.source.tree.RecursiveTreeElementWalkingVisitor::visitNode (23 bytes)
Event: 59.259 Thread 0x000001e57f603800 nmethod 11047 0x000001e50275d790 code [0x000001e50275d980, 0x000001e50275df68]
Event: 59.269 Thread 0x000001e57f603800 11048       3       org.jetbrains.kotlin.synthetic.SamAdapterFunctionsScope::getHasNothingTypeInParameters (138 bytes)
Event: 59.271 Thread 0x000001e57f603800 nmethod 11048 0x000001e50275e090 code [0x000001e50275e520, 0x000001e5027608c8]
Event: 59.271 Thread 0x000001e57f603800 11049       3       org.jetbrains.kotlin.synthetic.SamAdapterFunctionsScope::isCallableReference (23 bytes)
Event: 59.272 Thread 0x000001e57f603800 nmethod 11049 0x000001e502761190 code [0x000001e502761360, 0x000001e502761828]
Event: 59.274 Thread 0x000001e57f603800 11050       3       org.jetbrains.kotlin.resolve.constants.evaluate.ConstantExpressionEvaluatorVisitor::visitQualifiedExpression (10 bytes)
Event: 59.274 Thread 0x000001e57f603800 nmethod 11050 0x000001e502761910 code [0x000001e502761ae0, 0x000001e502761d08]
Event: 59.274 Thread 0x000001e57f603800 11051       3       org.jetbrains.kotlin.resolve.constants.evaluate.ConstantExpressionEvaluatorVisitor::visitQualifiedExpression (123 bytes)
Event: 59.276 Thread 0x000001e57f603800 nmethod 11051 0x000001e502761e10 code [0x000001e5027621a0, 0x000001e502763c18]
Event: 59.280 Thread 0x000001e57f603800 11052       3       org.jetbrains.kotlin.descriptors.impl.LocalVariableDescriptor::getVisibility (13 bytes)
Event: 59.281 Thread 0x000001e57f603800 nmethod 11052 0x000001e502764210 code [0x000001e5027643c0, 0x000001e5027644d8]
Event: 59.284 Thread 0x000001e5121c6800 nmethod 11033 0x000001e50815aa10 code [0x000001e50815ad00, 0x000001e50815c4b0]
Event: 59.284 Thread 0x000001e5121c6800 11044       4       org.jetbrains.kotlin.resolve.calls.util.CallUtilKt::getCalleeExpressionIfAny (106 bytes)

GC Heap History (18 events):
Event: 3.481 GC heap before
{Heap before GC invocations=0 (full 0):
 garbage-first heap   total 260096K, used 27648K [0x0000000702000000, 0x0000000800000000)
  region size 1024K, 24 young (24576K), 0 survivors (0K)
 Metaspace       used 12397K, capacity 12504K, committed 12800K, reserved 1060864K
  class space    used 1150K, capacity 1207K, committed 1280K, reserved 1048576K
}
Event: 3.820 GC heap after
{Heap after GC invocations=1 (full 0):
 garbage-first heap   total 260096K, used 5889K [0x0000000702000000, 0x0000000800000000)
  region size 1024K, 3 young (3072K), 3 survivors (3072K)
 Metaspace       used 12397K, capacity 12504K, committed 12800K, reserved 1060864K
  class space    used 1150K, capacity 1207K, committed 1280K, reserved 1048576K
}
Event: 8.441 GC heap before
{Heap before GC invocations=1 (full 0):
 garbage-first heap   total 260096K, used 41729K [0x0000000702000000, 0x0000000800000000)
  region size 1024K, 39 young (39936K), 3 survivors (3072K)
 Metaspace       used 21000K, capacity 21182K, committed 21248K, reserved 1069056K
  class space    used 2217K, capacity 2280K, committed 2304K, reserved 1048576K
}
Event: 8.500 GC heap after
{Heap after GC invocations=2 (full 0):
 garbage-first heap   total 260096K, used 9271K [0x0000000702000000, 0x0000000800000000)
  region size 1024K, 7 young (7168K), 7 survivors (7168K)
 Metaspace       used 21000K, capacity 21182K, committed 21248K, reserved 1069056K
  class space    used 2217K, capacity 2280K, committed 2304K, reserved 1048576K
}
Event: 14.038 GC heap before
{Heap before GC invocations=3 (full 0):
 garbage-first heap   total 260096K, used 63543K [0x0000000702000000, 0x0000000800000000)
  region size 1024K, 55 young (56320K), 7 survivors (7168K)
 Metaspace       used 32407K, capacity 32799K, committed 32892K, reserved 1077248K
  class space    used 4004K, capacity 4182K, committed 4220K, reserved 1048576K
}
Event: 14.057 GC heap after
{Heap after GC invocations=4 (full 0):
 garbage-first heap   total 260096K, used 20686K [0x0000000702000000, 0x0000000800000000)
  region size 1024K, 7 young (7168K), 7 survivors (7168K)
 Metaspace       used 32407K, capacity 32799K, committed 32892K, reserved 1077248K
  class space    used 4004K, capacity 4182K, committed 4220K, reserved 1048576K
}
Event: 14.965 GC heap before
{Heap before GC invocations=4 (full 0):
 garbage-first heap   total 260096K, used 25806K [0x0000000702000000, 0x0000000800000000)
  region size 1024K, 12 young (12288K), 7 survivors (7168K)
 Metaspace       used 33857K, capacity 34303K, committed 34684K, reserved 1079296K
  class space    used 4166K, capacity 4342K, committed 4476K, reserved 1048576K
}
Event: 14.974 GC heap after
{Heap after GC invocations=5 (full 0):
 garbage-first heap   total 260096K, used 22208K [0x0000000702000000, 0x0000000800000000)
  region size 1024K, 2 young (2048K), 2 survivors (2048K)
 Metaspace       used 33857K, capacity 34303K, committed 34684K, reserved 1079296K
  class space    used 4166K, capacity 4342K, committed 4476K, reserved 1048576K
}
Event: 15.884 GC heap before
{Heap before GC invocations=5 (full 0):
 garbage-first heap   total 260096K, used 29376K [0x0000000702000000, 0x0000000800000000)
  region size 1024K, 11 young (11264K), 2 survivors (2048K)
 Metaspace       used 35470K, capacity 35882K, committed 36048K, reserved 1081344K
  class space    used 4332K, capacity 4506K, committed 4604K, reserved 1048576K
}
Event: 15.892 GC heap after
{Heap after GC invocations=6 (full 0):
 garbage-first heap   total 260096K, used 20626K [0x0000000702000000, 0x0000000800000000)
  region size 1024K, 2 young (2048K), 2 survivors (2048K)
 Metaspace       used 35470K, capacity 35882K, committed 36048K, reserved 1081344K
  class space    used 4332K, capacity 4506K, committed 4604K, reserved 1048576K
}
Event: 24.388 GC heap before
{Heap before GC invocations=7 (full 0):
 garbage-first heap   total 260096K, used 100498K [0x0000000702000000, 0x0000000800000000)
  region size 1024K, 78 young (79872K), 2 survivors (2048K)
 Metaspace       used 48794K, capacity 49423K, committed 49744K, reserved 1093632K
  class space    used 5636K, capacity 5869K, committed 6012K, reserved 1048576K
}
Event: 24.405 GC heap after
{Heap after GC invocations=8 (full 0):
 garbage-first heap   total 260096K, used 33787K [0x0000000702000000, 0x0000000800000000)
  region size 1024K, 10 young (10240K), 10 survivors (10240K)
 Metaspace       used 48794K, capacity 49423K, committed 49744K, reserved 1093632K
  class space    used 5636K, capacity 5869K, committed 6012K, reserved 1048576K
}
Event: 36.592 GC heap before
{Heap before GC invocations=8 (full 0):
 garbage-first heap   total 260096K, used 111611K [0x0000000702000000, 0x0000000800000000)
  region size 1024K, 87 young (89088K), 10 survivors (10240K)
 Metaspace       used 59696K, capacity 60440K, committed 60496K, reserved 1101824K
  class space    used 6918K, capacity 7238K, committed 7292K, reserved 1048576K
}
Event: 36.638 GC heap after
{Heap after GC invocations=9 (full 0):
 garbage-first heap   total 260096K, used 42014K [0x0000000702000000, 0x0000000800000000)
  region size 1024K, 10 young (10240K), 10 survivors (10240K)
 Metaspace       used 59696K, capacity 60440K, committed 60496K, reserved 1101824K
  class space    used 6918K, capacity 7238K, committed 7292K, reserved 1048576K
}
Event: 48.865 GC heap before
{Heap before GC invocations=10 (full 0):
 garbage-first heap   total 260096K, used 140318K [0x0000000702000000, 0x0000000800000000)
  region size 1024K, 106 young (108544K), 10 survivors (10240K)
 Metaspace       used 63941K, capacity 64791K, committed 64976K, reserved 1105920K
  class space    used 7263K, capacity 7621K, committed 7676K, reserved 1048576K
}
Event: 48.902 GC heap after
{Heap after GC invocations=11 (full 0):
 garbage-first heap   total 260096K, used 55749K [0x0000000702000000, 0x0000000800000000)
  region size 1024K, 14 young (14336K), 14 survivors (14336K)
 Metaspace       used 63941K, capacity 64791K, committed 64976K, reserved 1105920K
  class space    used 7263K, capacity 7621K, committed 7676K, reserved 1048576K
}
Event: 58.711 GC heap before
{Heap before GC invocations=11 (full 0):
 garbage-first heap   total 260096K, used 129477K [0x0000000702000000, 0x0000000800000000)
  region size 1024K, 84 young (86016K), 14 survivors (14336K)
 Metaspace       used 68633K, capacity 69539K, committed 69712K, reserved 1118208K
  class space    used 7579K, capacity 7950K, committed 8060K, reserved 1048576K
}
Event: 58.798 GC heap after
{Heap after GC invocations=12 (full 0):
 garbage-first heap   total 260096K, used 66891K [0x0000000702000000, 0x0000000800000000)
  region size 1024K, 9 young (9216K), 9 survivors (9216K)
 Metaspace       used 68633K, capacity 69539K, committed 69712K, reserved 1118208K
  class space    used 7579K, capacity 7950K, committed 8060K, reserved 1048576K
}

Deoptimization events (20 events):
Event: 58.685 Thread 0x000001e569b24000 DEOPT PACKING pc=0x000001e50805737c sp=0x000000043c5fad20
Event: 58.685 Thread 0x000001e569b24000 DEOPT UNPACKING pc=0x000001e50004a1af sp=0x000000043c5facb0 mode 2
Event: 58.698 Thread 0x000001e569b24000 Uncommon trap: trap_request=0xffffffde fr.pc=0x000001e50805737c relative=0x000000000000005c
Event: 58.698 Thread 0x000001e569b24000 Uncommon trap: reason=class_check action=maybe_recompile pc=0x000001e50805737c method=org.jetbrains.kotlin.com.intellij.psi.impl.source.tree.SharedImplUtil.getParent(Lorg/jetbrains/kotlin/com/intellij/lang/ASTNode;)Lorg/jetbrains/kotlin/com/intellij/psi/P
Event: 58.698 Thread 0x000001e569b24000 DEOPT PACKING pc=0x000001e50805737c sp=0x000000043c5fae30
Event: 58.698 Thread 0x000001e569b24000 DEOPT UNPACKING pc=0x000001e50004a1af sp=0x000000043c5fadc0 mode 2
Event: 58.698 Thread 0x000001e569b24000 Uncommon trap: trap_request=0xffffffde fr.pc=0x000001e50805737c relative=0x000000000000005c
Event: 58.698 Thread 0x000001e569b24000 Uncommon trap: reason=class_check action=maybe_recompile pc=0x000001e50805737c method=org.jetbrains.kotlin.com.intellij.psi.impl.source.tree.SharedImplUtil.getParent(Lorg/jetbrains/kotlin/com/intellij/lang/ASTNode;)Lorg/jetbrains/kotlin/com/intellij/psi/P
Event: 58.698 Thread 0x000001e569b24000 DEOPT PACKING pc=0x000001e50805737c sp=0x000000043c5fae30
Event: 58.698 Thread 0x000001e569b24000 DEOPT UNPACKING pc=0x000001e50004a1af sp=0x000000043c5fadc0 mode 2
Event: 59.041 Thread 0x000001e569b24000 Uncommon trap: trap_request=0xffffffc6 fr.pc=0x000001e507e1c80c relative=0x00000000000002ac
Event: 59.041 Thread 0x000001e569b24000 Uncommon trap: reason=bimorphic_or_optimized_type_check action=maybe_recompile pc=0x000001e507e1c80c method=org.jetbrains.kotlin.com.intellij.extapi.psi.ASTDelegatePsiElement.findChildByType(Lorg/jetbrains/kotlin/com/intellij/psi/tree/IElementType;)Lorg/j
Event: 59.041 Thread 0x000001e569b24000 DEOPT PACKING pc=0x000001e507e1c80c sp=0x000000043c5fa4e0
Event: 59.041 Thread 0x000001e569b24000 DEOPT UNPACKING pc=0x000001e50004a1af sp=0x000000043c5fa498 mode 2
Event: 59.041 Thread 0x000001e569b24000 Uncommon trap: trap_request=0xffffffc6 fr.pc=0x000001e507e1c80c relative=0x00000000000002ac
Event: 59.041 Thread 0x000001e569b24000 Uncommon trap: reason=bimorphic_or_optimized_type_check action=maybe_recompile pc=0x000001e507e1c80c method=org.jetbrains.kotlin.com.intellij.extapi.psi.ASTDelegatePsiElement.findChildByType(Lorg/jetbrains/kotlin/com/intellij/psi/tree/IElementType;)Lorg/j
Event: 59.041 Thread 0x000001e569b24000 DEOPT PACKING pc=0x000001e507e1c80c sp=0x000000043c5fa410
Event: 59.041 Thread 0x000001e569b24000 DEOPT UNPACKING pc=0x000001e50004a1af sp=0x000000043c5fa3c8 mode 2
Event: 59.079 Thread 0x000001e569b24000 DEOPT PACKING pc=0x000001e5018d6393 sp=0x000000043c5fb0a0
Event: 59.079 Thread 0x000001e569b24000 DEOPT UNPACKING pc=0x000001e50004a95e sp=0x000000043c5fa540 mode 0

Classes redefined (0 events):
No events

Internal exceptions (20 events):
Event: 33.860 Thread 0x000001e569b24000 Exception <a 'java/lang/NoSuchMethodError'{0x000000070de140e0}: 'java.lang.Object java.lang.invoke.DirectMethodHandle$Holder.invokeStaticInit(java.lang.Object, java.lang.Object, java.lang.Object)'> (0x000000070de140e0) thrown at [./src/hotspot/share/interpreter/linkResolver.cpp, line 773]
Event: 34.213 Thread 0x000001e569b24000 Exception <a 'java/lang/NoSuchMethodError'{0x000000070dee8bf0}: 'int java.lang.invoke.DirectMethodHandle$Holder.invokeStatic(java.lang.Object, java.lang.Object, java.lang.Object, java.lang.Object, java.lang.Object)'> (0x000000070dee8bf0) thrown at [./src/hotspot/share/interpreter/linkResolver.cpp, line 773]
Event: 36.771 Thread 0x000001e569b24000 Exception <a 'java/lang/NoSuchMethodError'{0x0000000711c2aa90}: 'int java.lang.invoke.DirectMethodHandle$Holder.invokeStaticInit(java.lang.Object, int)'> (0x0000000711c2aa90) thrown at [./src/hotspot/share/interpreter/linkResolver.cpp, line 773]
Event: 39.073 Thread 0x000001e569b24000 Exception <a 'java/lang/NoSuchMethodError'{0x000000071125a0a0}: 'int java.lang.invoke.DirectMethodHandle$Holder.invokeInterface(java.lang.Object, java.lang.Object)'> (0x000000071125a0a0) thrown at [./src/hotspot/share/interpreter/linkResolver.cpp, line 773]
Event: 39.537 Thread 0x000001e569b24000 Exception <a 'java/lang/NoSuchMethodError'{0x0000000710e35b78}: 'java.lang.Object java.lang.invoke.DirectMethodHandle$Holder.invokeStatic(java.lang.Object, int, java.lang.Object, java.lang.Object)'> (0x0000000710e35b78) thrown at [./src/hotspot/share/interpreter/linkResolver.cpp, line 773]
Event: 39.552 Thread 0x000001e569b24000 Exception <a 'java/lang/NoSuchMethodError'{0x0000000710e3d340}: 'java.lang.Object java.lang.invoke.DirectMethodHandle$Holder.invokeStatic(java.lang.Object, int, java.lang.Object)'> (0x0000000710e3d340) thrown at [./src/hotspot/share/interpreter/linkResolver.cpp, line 773]
Event: 46.729 Thread 0x000001e569b24000 Exception <a 'java/lang/NoSuchMethodError'{0x000000070da30fc8}: 'java.lang.Object java.lang.invoke.DirectMethodHandle$Holder.invokeInterface(java.lang.Object, java.lang.Object, java.lang.Object)'> (0x000000070da30fc8) thrown at [./src/hotspot/share/interpreter/linkResolver.cpp, line 773]
Event: 46.730 Thread 0x000001e569b24000 Exception <a 'java/lang/IncompatibleClassChangeError'{0x000000070da341f8}: Found class java.lang.Object, but interface was expected> (0x000000070da341f8) thrown at [./src/hotspot/share/interpreter/linkResolver.cpp, line 839]
Event: 47.095 Thread 0x000001e569b24000 Exception <a 'java/lang/NoSuchMethodError'{0x000000070ce11fd8}: 'java.lang.Object java.lang.invoke.Invokers$Holder.linkToTargetMethod(java.lang.Object, java.lang.Object, java.lang.Object, java.lang.Object, java.lang.Object, java.lang.Object, java.lang.Object)'> (0x000000070ce11fd8) thrown at [./src/hotspot/share/interpreter/linkResolver.cpp, line 773]
Event: 47.750 Thread 0x000001e569b24000 Implicit null exception at 0x000001e507e8e4fc to 0x000001e507e8f78c
Event: 48.563 Thread 0x000001e569b24000 Exception <a 'java/lang/NoSuchMethodError'{0x000000070b579a68}: 'java.lang.Object java.lang.invoke.Invokers$Holder.linkToTargetMethod(java.lang.Object, java.lang.Object, java.lang.Object, int, int, java.lang.Object)'> (0x000000070b579a68) thrown at [./src/hotspot/share/interpreter/linkResolver.cpp, line 773]
Event: 48.603 Thread 0x000001e569b24000 Implicit null exception at 0x000001e507eba523 to 0x000001e507eba70a
Event: 49.940 Thread 0x000001e569b24000 Implicit null exception at 0x000001e507e68cf5 to 0x000001e507e69634
Event: 50.818 Thread 0x000001e569b24000 Implicit null exception at 0x000001e507b2ba75 to 0x000001e507b2bc58
Event: 52.380 Thread 0x000001e569b24000 Implicit null exception at 0x000001e507f60923 to 0x000001e507f63553
Event: 53.278 Thread 0x000001e569b24000 Implicit null exception at 0x000001e50801b00f to 0x000001e50801b210
Event: 55.470 Thread 0x000001e569b24000 Implicit null exception at 0x000001e507fe0f7d to 0x000001e507fe1270
Event: 55.558 Thread 0x000001e569b24000 Implicit null exception at 0x000001e507ee9b77 to 0x000001e507ee9e74
Event: 55.755 Thread 0x000001e569b24000 Implicit null exception at 0x000001e50807e4f7 to 0x000001e50807eb0c
Event: 55.800 Thread 0x000001e569b24000 Implicit null exception at 0x000001e5080637f4 to 0x000001e508063e14

Events (20 events):
Event: 58.843 loading class org/jetbrains/kotlin/com/intellij/psi/scope/ElementClassFilter$1 done
Event: 58.844 loading class org/jetbrains/kotlin/com/intellij/psi/impl/source/tree/java/PsiLiteralExpressionImpl
Event: 58.844 loading class org/jetbrains/kotlin/com/intellij/psi/impl/source/tree/java/PsiLiteralExpressionImpl done
Event: 58.859 loading class org/jetbrains/kotlin/com/intellij/psi/impl/source/tree/injected/StringLiteralEscaper
Event: 58.859 loading class org/jetbrains/kotlin/com/intellij/psi/impl/source/tree/injected/StringLiteralEscaper done
Event: 58.864 loading class org/jetbrains/kotlin/com/intellij/psi/util/PsiLiteralUtil
Event: 58.864 loading class org/jetbrains/kotlin/com/intellij/psi/util/PsiLiteralUtil done
Event: 58.866 loading class org/jetbrains/kotlin/com/intellij/codeInsight/CodeInsightUtilCore
Event: 58.866 loading class org/jetbrains/kotlin/com/intellij/codeInsight/CodeInsightUtilCore done
Event: 58.866 loading class org/jetbrains/kotlin/com/intellij/codeInsight/FileModificationService
Event: 58.866 loading class org/jetbrains/kotlin/com/intellij/codeInsight/FileModificationService done
Event: 58.867 loading class org/jetbrains/kotlin/com/intellij/codeInsight/CodeInsightUtilCore$StringParser
Event: 58.867 loading class org/jetbrains/kotlin/com/intellij/codeInsight/CodeInsightUtilCore$StringParser done
Event: 58.894 Executing VM operation: CGC_Operation
Event: 58.936 Executing VM operation: CGC_Operation done
Event: 59.028 Executing VM operation: CGC_Operation
Event: 59.028 Executing VM operation: CGC_Operation done
Event: 59.057 Thread 0x000001e5121c6800 Thread added: 0x000001e5121c6800
Event: 59.073 loading class org/jetbrains/kotlin/types/expressions/FakeCallResolver$TracingStrategyForComponentCall
Event: 59.073 loading class org/jetbrains/kotlin/types/expressions/FakeCallResolver$TracingStrategyForComponentCall done


Dynamic libraries:
0x00007ff655590000 - 0x00007ff65559d000 	C:\Program Files\Microsoft\jdk-11.0.18.10-hotspot\bin\java.exe
0x00007ffbb3450000 - 0x00007ffbb3648000 	C:\WINDOWS\SYSTEM32\ntdll.dll
0x00007ffbb2da0000 - 0x00007ffbb2e5f000 	C:\WINDOWS\System32\KERNEL32.DLL
0x00007ffbb0de0000 - 0x00007ffbb10b2000 	C:\WINDOWS\System32\KERNELBASE.dll
0x00007ffbb0b50000 - 0x00007ffbb0c50000 	C:\WINDOWS\System32\ucrtbase.dll
0x00007ffb4fa80000 - 0x00007ffb4fa97000 	C:\Program Files\Microsoft\jdk-11.0.18.10-hotspot\bin\jli.dll
0x00007ffb56e40000 - 0x00007ffb56e55000 	C:\Program Files\Microsoft\jdk-11.0.18.10-hotspot\bin\VCRUNTIME140.dll
0x00007ffbb2ec0000 - 0x00007ffbb3061000 	C:\WINDOWS\System32\USER32.dll
0x00007ffb9d380000 - 0x00007ffb9d61a000 	C:\WINDOWS\WinSxS\amd64_microsoft.windows.common-controls_6595b64144ccf1df_6.0.19041.1110_none_60b5254171f9507e\COMCTL32.dll
0x00007ffbb0c50000 - 0x00007ffbb0c72000 	C:\WINDOWS\System32\win32u.dll
0x00007ffbb2320000 - 0x00007ffbb23be000 	C:\WINDOWS\System32\msvcrt.dll
0x00007ffbb1910000 - 0x00007ffbb193b000 	C:\WINDOWS\System32\GDI32.dll
0x00007ffbb10c0000 - 0x00007ffbb11cf000 	C:\WINDOWS\System32\gdi32full.dll
0x00007ffbb1350000 - 0x00007ffbb13ed000 	C:\WINDOWS\System32\msvcp_win.dll
0x00007ffbb2200000 - 0x00007ffbb2230000 	C:\WINDOWS\System32\IMM32.DLL
0x00007ffb4f9e0000 - 0x00007ffb4fa7b000 	C:\Program Files\Microsoft\jdk-11.0.18.10-hotspot\bin\msvcp140.dll
0x00007ffb10960000 - 0x00007ffb114f2000 	C:\Program Files\Microsoft\jdk-11.0.18.10-hotspot\bin\server\jvm.dll
0x00007ffbb1ef0000 - 0x00007ffbb1f9e000 	C:\WINDOWS\System32\ADVAPI32.dll
0x00007ffbb1940000 - 0x00007ffbb19dc000 	C:\WINDOWS\System32\sechost.dll
0x00007ffbb32e0000 - 0x00007ffbb3404000 	C:\WINDOWS\System32\RPCRT4.dll
0x00007ffbb2450000 - 0x00007ffbb2458000 	C:\WINDOWS\System32\PSAPI.DLL
0x00007ffb7a840000 - 0x00007ffb7a849000 	C:\WINDOWS\SYSTEM32\WSOCK32.dll
0x00007ffbb3270000 - 0x00007ffbb32db000 	C:\WINDOWS\System32\WS2_32.dll
0x00007ffb9b6e0000 - 0x00007ffb9b707000 	C:\WINDOWS\SYSTEM32\WINMM.dll
0x00007ffba9010000 - 0x00007ffba901a000 	C:\WINDOWS\SYSTEM32\VERSION.dll
0x00007ffbaea10000 - 0x00007ffbaea22000 	C:\WINDOWS\SYSTEM32\kernel.appcore.dll
0x00007ffb6f130000 - 0x00007ffb6f140000 	C:\Program Files\Microsoft\jdk-11.0.18.10-hotspot\bin\verify.dll
0x00007ffbac510000 - 0x00007ffbac6f4000 	C:\WINDOWS\SYSTEM32\DBGHELP.DLL
0x00007ffb949e0000 - 0x00007ffb94a15000 	C:\WINDOWS\SYSTEM32\dbgcore.DLL
0x00007ffbb1220000 - 0x00007ffbb12a2000 	C:\WINDOWS\System32\bcryptPrimitives.dll
0x00007ffb4f9b0000 - 0x00007ffb4f9d8000 	C:\Program Files\Microsoft\jdk-11.0.18.10-hotspot\bin\java.dll
0x00007ffb69240000 - 0x00007ffb6924a000 	C:\Program Files\Microsoft\jdk-11.0.18.10-hotspot\bin\jimage.dll
0x00007ffb4f990000 - 0x00007ffb4f9a8000 	C:\Program Files\Microsoft\jdk-11.0.18.10-hotspot\bin\zip.dll
0x00007ffbb25f0000 - 0x00007ffbb2d35000 	C:\WINDOWS\System32\SHELL32.dll
0x00007ffbaec10000 - 0x00007ffbaf3a2000 	C:\WINDOWS\SYSTEM32\windows.storage.dll
0x00007ffbb19e0000 - 0x00007ffbb1d35000 	C:\WINDOWS\System32\combase.dll
0x00007ffbb05b0000 - 0x00007ffbb05e0000 	C:\WINDOWS\SYSTEM32\Wldp.dll
0x00007ffbb3110000 - 0x00007ffbb31bd000 	C:\WINDOWS\System32\SHCORE.dll
0x00007ffbb24c0000 - 0x00007ffbb2515000 	C:\WINDOWS\System32\shlwapi.dll
0x00007ffbb0a90000 - 0x00007ffbb0aaf000 	C:\WINDOWS\SYSTEM32\profapi.dll
0x00007ffb4f970000 - 0x00007ffb4f989000 	C:\Program Files\Microsoft\jdk-11.0.18.10-hotspot\bin\net.dll
0x00007ffba5fa0000 - 0x00007ffba60aa000 	C:\WINDOWS\SYSTEM32\WINHTTP.dll
0x00007ffbb0310000 - 0x00007ffbb037a000 	C:\WINDOWS\system32\mswsock.dll
0x00007ffb4f950000 - 0x00007ffb4f963000 	C:\Program Files\Microsoft\jdk-11.0.18.10-hotspot\bin\nio.dll

dbghelp: loaded successfully - version: 4.0.5 - missing functions: none
symbol engine: initialized successfully - sym options: 0x614 - pdb path: .;C:\Program Files\Microsoft\jdk-11.0.18.10-hotspot\bin;C:\WINDOWS\SYSTEM32;C:\WINDOWS\WinSxS\amd64_microsoft.windows.common-controls_6595b64144ccf1df_6.0.19041.1110_none_60b5254171f9507e;C:\Program Files\Microsoft\jdk-11.0.18.10-hotspot\bin\server

VM Arguments:
java_command: org.jetbrains.kotlin.cli.jvm.K2JVMCompiler @C:\Users\Juan\Desktop\React\appNaranja\node_modules\react-native-gesture-handler\android\build\20230409_9013909152112616986.compiler.options
java_class_path (initial): C:\Users\Juan\.gradle\caches\modules-2\files-2.1\org.jetbrains.kotlin\kotlin-compiler-embeddable\1.6.21\97bdd5a752ce73b58ef16c17bc7f0ea2faff7a2e\kotlin-compiler-embeddable-1.6.21.jar;C:\Users\Juan\.gradle\caches\modules-2\files-2.1\org.jetbrains.kotlin\kotlin-reflect\1.6.21\5dc3574d9b7bebfcb4ec6b10ada4aaa9e140bd0b\kotlin-reflect-1.6.21.jar;C:\Users\Juan\.gradle\caches\modules-2\files-2.1\org.jetbrains.kotlin\kotlin-stdlib\1.6.21\11ef67f1900634fd951bad28c53ec957fabbe5b8\kotlin-stdlib-1.6.21.jar;C:\Users\Juan\.gradle\caches\modules-2\files-2.1\org.jetbrains.kotlin\kotlin-script-runtime\1.6.21\99c6675100da5d6d5b1c5a1032f27f28008d101b\kotlin-script-runtime-1.6.21.jar;C:\Users\Juan\.gradle\caches\modules-2\files-2.1\org.jetbrains.kotlin\kotlin-daemon-embeddable\1.6.21\46b78cf392e1c4f10854c3cadba44abb7b82250f\kotlin-daemon-embeddable-1.6.21.jar;C:\Users\Juan\.gradle\caches\modules-2\files-2.1\org.jetbrains.intellij.deps\trove4j\1.0.20200330\3afb14d5f9ceb459d724e907a21145e8ff394f02\trove4j-1.0.20200330.jar;C:\Users\Juan\.gradle\caches\modules-2\files-2.1\net.java.dev.jna\jna\5.6.0\330f2244e9030119ab3030fc3fededc86713d9cc\jna-5.6.0.jar;C:\Users\Juan\.gradle\caches\modules-2\files-2.1\org.jetbrains.kotlin\kotlin-stdlib-common\1.6.21\5e5b55c26dbc80372a920aef60eb774b714559b8\kotlin-stdlib-common-1.6.21.jar;C:\Users\Juan\.gradle\caches\modules-2\files-2.1\org.jetbrains\annotations\13.0\919f0dfe192fb4e063e7dacadee7f8bb9a2672a9\annotations-13.0.jar
Launcher Type: SUN_STANDARD

[Global flags]
     intx CICompilerCount                          = 4                                         {product} {ergonomic}
     uint ConcGCThreads                            = 3                                         {product} {ergonomic}
     uint G1ConcRefinementThreads                  = 10                                        {product} {ergonomic}
   size_t G1HeapRegionSize                         = 1048576                                   {product} {ergonomic}
    uintx GCDrainStackTargetSize                   = 64                                        {product} {ergonomic}
   size_t InitialHeapSize                          = 266338304                                 {product} {ergonomic}
   size_t MarkStackSize                            = 4194304                                   {product} {ergonomic}
   size_t MaxHeapSize                              = 4261412864                                {product} {ergonomic}
   size_t MaxNewSize                               = 2556428288                                {product} {ergonomic}
   size_t MinHeapDeltaBytes                        = 1048576                                   {product} {ergonomic}
    uintx NonNMethodCodeHeapSize                   = 5836300                                {pd product} {ergonomic}
    uintx NonProfiledCodeHeapSize                  = 122910970                              {pd product} {ergonomic}
    uintx ProfiledCodeHeapSize                     = 122910970                              {pd product} {ergonomic}
    uintx ReservedCodeCacheSize                    = 251658240                              {pd product} {ergonomic}
     bool SegmentedCodeCache                       = true                                      {product} {ergonomic}
     bool UseCompressedClassPointers               = true                                 {lp64_product} {ergonomic}
     bool UseCompressedOops                        = true                                 {lp64_product} {ergonomic}
     bool UseG1GC                                  = true                                      {product} {ergonomic}
     bool UseLargePagesIndividualAllocation        = false                                  {pd product} {ergonomic}

Logging:
Log output configuration:
 #0: stdout all=warning uptime,level,tags
 #1: stderr all=off uptime,level,tags

Environment Variables:
JAVA_HOME=C:\Program Files\Microsoft\jdk-11.0.18.10-hotspot\
CLASSPATH=C:\Users\Juan\Desktop\React\appNaranja\android\\gradle\wrapper\gradle-wrapper.jar
PATH=C:\Users\Juan\Desktop\React\appNaranja\android\node_modules\.bin;C:\Users\Juan\Desktop\React\appNaranja\node_modules\.bin;C:\Users\Juan\Desktop\React\node_modules\.bin;C:\Users\Juan\Desktop\node_modules\.bin;C:\Users\Juan\node_modules\.bin;C:\Users\node_modules\.bin;C:\node_modules\.bin;C:\Program Files\nodejs;C:\Users\Juan\Desktop\React\appNaranja\node_modules\.bin;C:\Users\Juan\Desktop\React\appNaranja\node_modules\.bin;C:\Users\Juan\Desktop\React\node_modules\.bin;C:\Users\Juan\Desktop\node_modules\.bin;C:\Users\Juan\node_modules\.bin;C:\Users\node_modules\.bin;C:\node_modules\.bin;C:\Program Files\nodejs\node_modules\npm\node_modules\@npmcli\run-script\lib\node-gyp-bin;C:\Program Files\Microsoft\jdk-11.0.18.10-hotspot\bin;C:\Python310\Scripts\;C:\Python310\;C:\Program Files\Microsoft\jdk-11.0.12.7-hotspot\bin;C:\WINDOWS\system32;C:\WINDOWS;C:\WINDOWS\System32\Wbem;C:\WINDOWS\System32\WindowsPowerShell\v1.0\;C:\WINDOWS\System32\OpenSSH\;C:\Program Files\Microsoft SQL Server\150\Tools\Binn\;C:\Program Files\Microsoft SQL Server\Client SDK\ODBC\170\Tools\Binn\;C:\Program Files\dotnet\;C:\Program Files (x86)\Microsoft SQL Server\150\Tools\Binn\;C:\Program Files\Microsoft SQL Server\150\DTS\Binn\;C:\Program Files (x86)\Microsoft SQL Server\150\DTS\Binn\;C:\Program Files\Azure Data Studio\bin;C:\ProgramData\chocolatey\bin;C:\Program Files\PostgreSQL\10\bin;C:\php;C:\Program Files\MySQL\MySQL Server 8.0\bin;C:\ProgramData\ComposerSetup\bin;C:\Program Files\nodejs\;C:\Users\Juan\AppData\Local\Android\Sdk\platform-tools;C:\Program Files\Git\cmd;C:\Program Files\MySQL\MySQL Shell 8.0\bin\;C:\Users\Juan\AppData\Local\Microsoft\WindowsApps;C:\Users\Juan\.dotnet\tools;C:\Program Files\Azure Data Studio\bin;C:\Users\Juan\AppData\Local\Programs\Microsoft VS Code\bin;C:\Users\Juan\AppData\Roaming\Composer\vendor\bin;C:\Users\Juan\AppData\Roaming\npm
USERNAME=Noemi
LANG=es_ES.UTF-8
OS=Windows_NT
PROCESSOR_IDENTIFIER=Intel64 Family 6 Model 158 Stepping 10, GenuineIntel
TMP=C:\Users\Juan\AppData\Local\Temp
TEMP=C:\Users\Juan\AppData\Local\Temp



---------------  S Y S T E M  ---------------

OS: Windows 10 , 64 bit Build 19041 (10.0.19041.2546)
OS uptime: 0 days 0:07 hours

CPU:total 12 (initial active 12) (6 cores per cpu, 2 threads per core) family 6 model 158 stepping 10 microcode 0xb4, cmov, cx8, fxsr, mmx, sse, sse2, sse3, ssse3, sse4.1, sse4.2, popcnt, avx, avx2, aes, clmul, erms, 3dnowpref, lzcnt, ht, tsc, tscinvbit, bmi1, bmi2, adx, fma

Memory: 4k page, system-wide physical 16255M (2416M free)
TotalPageFile size 18303M (AvailPageFile size 1M)
current process WorkingSet (physical memory assigned to process): 399M, peak: 402M
current process commit charge ("private bytes"): 526M, peak: 531M

vm_info: OpenJDK 64-Bit Server VM (11.0.18+10-LTS) for windows-amd64 JRE (11.0.18+10-LTS), built on Jan 18 2023 15:56:47 by "MicrosoftCorporation" with MS VC++ 15.9 (VS2017)

END.
