#
# There is insufficient memory for the Java Runtime Environment to continue.
# Native memory allocation (malloc) failed to allocate 1170176 bytes for Chunk::new
# Possible reasons:
#   The system is out of physical RAM or swap space
#   The process is running with CompressedOops enabled, and the Java Heap may be blocking the growth of the native heap
# Possible solutions:
#   Reduce memory load on the system
#   Increase physical memory or swap space
#   Check if swap backing store is full
#   Decrease Java heap size (-Xmx/-Xms)
#   Decrease number of Java threads
#   Decrease Java thread stack sizes (-Xss)
#   Set larger code cache with -XX:ReservedCodeCacheSize=
#   JVM is running with Zero Based Compressed Oops mode in which the Java heap is
#     placed in the first 32GB address space. The Java Heap base address is the
#     maximum limit for the native heap growth. Please use -XX:HeapBaseMinAddress
#     to set the Java Heap base and to place the Java Heap above 32GB virtual address.
# This output file may be truncated or incomplete.
#
#  Out of Memory Error (./src/hotspot/share/memory/arena.cpp:197), pid=4440, tid=1320
#
# JRE version: OpenJDK Runtime Environment Microsoft-7208460 (11.0.18+10) (build 11.0.18+10-LTS)
# Java VM: OpenJDK 64-Bit Server VM Microsoft-7208460 (11.0.18+10-LTS, mixed mode, tiered, compressed oops, g1 gc, windows-amd64)
# No core dump will be written. Minidumps are not enabled by default on client versions of Windows
#

---------------  S U M M A R Y ------------

Command Line: org.jetbrains.kotlin.cli.jvm.K2JVMCompiler @C:\Users\Juan\Desktop\React\appNaranja\node_modules\react-native-gesture-handler\android\build\20230409_4505802226352165343.compiler.options

Host: Intel(R) Core(TM) i7-8750H CPU @ 2.20GHz, 12 cores, 15G,  Windows 10 , 64 bit Build 19041 (10.0.19041.2546)
Time: Sun Apr  9 23:38:35 2023 Hora estándar central (México) elapsed time: 1.577378 seconds (0d 0h 0m 1s)

---------------  T H R E A D  ---------------

Current thread (0x000001a1782c7000):  JavaThread "C2 CompilerThread0" daemon [_thread_in_native, id=1320, stack(0x0000000a4de00000,0x0000000a4df00000)]


Current CompileTask:
C2:   1577 1930   !   4       jdk.internal.loader.BuiltinClassLoader::loadClassOrNull (143 bytes)

Stack: [0x0000000a4de00000,0x0000000a4df00000]
Native frames: (J=compiled Java code, j=interpreted, Vv=VM code, C=native code)
V  [jvm.dll+0x62bf8a]
V  [jvm.dll+0x7b8fb9]
V  [jvm.dll+0x7ba6a8]
V  [jvm.dll+0x7bad83]
V  [jvm.dll+0x250248]
V  [jvm.dll+0xc260c]
V  [jvm.dll+0xc2bcc]
V  [jvm.dll+0x2c4e64]
V  [jvm.dll+0x533dcc]
V  [jvm.dll+0x21177b]
V  [jvm.dll+0x20b39a]
V  [jvm.dll+0x2083eb]
V  [jvm.dll+0x18a4b1]
V  [jvm.dll+0x217eec]
V  [jvm.dll+0x21612b]
V  [jvm.dll+0x77bac0]
V  [jvm.dll+0x7749f4]
V  [jvm.dll+0x62adf5]
C  [ucrtbase.dll+0x21bb2]
C  [KERNEL32.DLL+0x17614]
C  [ntdll.dll+0x526a1]


---------------  P R O C E S S  ---------------

Threads class SMR info:
_java_thread_list=0x000001a179986bc0, length=12, elements={
0x000001a15195a800, 0x000001a1779fa000, 0x000001a1779fb000, 0x000001a178317800,
0x000001a1782c1000, 0x000001a1782c2000, 0x000001a1782c7000, 0x000001a1782c8000,
0x000001a1782cb800, 0x000001a178491800, 0x000001a178d1a800, 0x000001a178d1c800
}

Java Threads: ( => current thread )
  0x000001a15195a800 JavaThread "main" [_thread_in_Java, id=16964, stack(0x0000000a4d200000,0x0000000a4d300000)]
  0x000001a1779fa000 JavaThread "Reference Handler" daemon [_thread_blocked, id=15892, stack(0x0000000a4d900000,0x0000000a4da00000)]
  0x000001a1779fb000 JavaThread "Finalizer" daemon [_thread_blocked, id=19276, stack(0x0000000a4da00000,0x0000000a4db00000)]
  0x000001a178317800 JavaThread "Signal Dispatcher" daemon [_thread_blocked, id=12084, stack(0x0000000a4db00000,0x0000000a4dc00000)]
  0x000001a1782c1000 JavaThread "Attach Listener" daemon [_thread_blocked, id=19744, stack(0x0000000a4dc00000,0x0000000a4dd00000)]
  0x000001a1782c2000 JavaThread "Service Thread" daemon [_thread_blocked, id=18800, stack(0x0000000a4dd00000,0x0000000a4de00000)]
=>0x000001a1782c7000 JavaThread "C2 CompilerThread0" daemon [_thread_in_native, id=1320, stack(0x0000000a4de00000,0x0000000a4df00000)]
  0x000001a1782c8000 JavaThread "C1 CompilerThread0" daemon [_thread_blocked, id=11620, stack(0x0000000a4df00000,0x0000000a4e000000)]
  0x000001a1782cb800 JavaThread "Sweeper thread" daemon [_thread_blocked, id=2652, stack(0x0000000a4e000000,0x0000000a4e100000)]
  0x000001a178491800 JavaThread "Common-Cleaner" daemon [_thread_blocked, id=14284, stack(0x0000000a4e200000,0x0000000a4e300000)]
  0x000001a178d1a800 JavaThread "C2 CompilerThread1" daemon [_thread_blocked, id=18476, stack(0x0000000a4e300000,0x0000000a4e400000)]
  0x000001a178d1c800 JavaThread "C2 CompilerThread2" daemon [_thread_blocked, id=19884, stack(0x0000000a4e400000,0x0000000a4e500000)]

Other Threads:
  0x000001a1779f8000 VMThread "VM Thread" [stack: 0x0000000a4d800000,0x0000000a4d900000] [id=7400]
  0x000001a178489000 WatcherThread [stack: 0x0000000a4e100000,0x0000000a4e200000] [id=2060]
  0x000001a1519b0800 GCTaskThread "GC Thread#0" [stack: 0x0000000a4d300000,0x0000000a4d400000] [id=20452]
  0x000001a178c53800 GCTaskThread "GC Thread#1" [stack: 0x0000000a4e500000,0x0000000a4e600000] [id=14208]
  0x000001a178c54000 GCTaskThread "GC Thread#2" [stack: 0x0000000a4e600000,0x0000000a4e700000] [id=8260]
  0x000001a178c5d800 GCTaskThread "GC Thread#3" [stack: 0x0000000a4e700000,0x0000000a4e800000] [id=1548]
  0x000001a178c5e000 GCTaskThread "GC Thread#4" [stack: 0x0000000a4e800000,0x0000000a4e900000] [id=19840]
  0x000001a178c5f000 GCTaskThread "GC Thread#5" [stack: 0x0000000a4e900000,0x0000000a4ea00000] [id=2780]
  0x000001a151a0d800 ConcurrentGCThread "G1 Main Marker" [stack: 0x0000000a4d400000,0x0000000a4d500000] [id=13388]
  0x000001a151a10000 ConcurrentGCThread "G1 Conc#0" [stack: 0x0000000a4d500000,0x0000000a4d600000] [id=944]
  0x000001a178e2c000 ConcurrentGCThread "G1 Conc#1" [stack: 0x0000000a4ea00000,0x0000000a4eb00000] [id=3312]
  0x000001a178c6a800 ConcurrentGCThread "G1 Conc#2" [stack: 0x0000000a4eb00000,0x0000000a4ec00000] [id=7988]
  0x000001a1778e0000 ConcurrentGCThread "G1 Refine#0" [stack: 0x0000000a4d600000,0x0000000a4d700000] [id=5128]
  0x000001a1778e1000 ConcurrentGCThread "G1 Young RemSet Sampling" [stack: 0x0000000a4d700000,0x0000000a4d800000] [id=5380]

Threads with active compile tasks:
C2 CompilerThread0     1601 1930   !   4       jdk.internal.loader.BuiltinClassLoader::loadClassOrNull (143 bytes)

VM state:not at safepoint (normal execution)

VM Mutex/Monitor currently owned by a thread: None

Heap address: 0x0000000702000000, size: 4064 MB, Compressed Oops mode: Zero based, Oop shift amount: 3
Narrow klass base: 0x0000000800000000, Narrow klass shift: 0
Compressed class space size: 1073741824 Address: 0x0000000800000000

Heap:
 garbage-first heap   total 260096K, used 34797K [0x0000000702000000, 0x0000000800000000)
  region size 1024K, 29 young (29696K), 6 survivors (6144K)
 Metaspace       used 27753K, capacity 28171K, committed 28288K, reserved 1075200K
  class space    used 3009K, capacity 3175K, committed 3200K, reserved 1048576K
Heap Regions: E=young(eden), S=young(survivor), O=old, HS=humongous(starts), HC=humongous(continues), CS=collection set, F=free, A=archive, TAMS=top-at-mark-start (previous, next)
|   0|0x0000000702000000, 0x0000000702100000, 0x0000000702100000|100%|HS|  |TAMS 0x0000000702100000, 0x0000000702000000| Complete 
|   1|0x0000000702100000, 0x0000000702200000, 0x0000000702200000|100%|HC|  |TAMS 0x0000000702200000, 0x0000000702100000| Complete 
|   2|0x0000000702200000, 0x0000000702300000, 0x0000000702300000|100%|HC|  |TAMS 0x0000000702300000, 0x0000000702200000| Complete 
|   3|0x0000000702300000, 0x0000000702400000, 0x0000000702400000|100%|HS|  |TAMS 0x0000000702300000, 0x0000000702300000| Complete 
|   4|0x0000000702400000, 0x0000000702500000, 0x0000000702500000|100%|HC|  |TAMS 0x0000000702400000, 0x0000000702400000| Complete 
|   5|0x0000000702500000, 0x0000000702600000, 0x0000000702600000|100%|HC|  |TAMS 0x0000000702500000, 0x0000000702500000| Complete 
|   6|0x0000000702600000, 0x0000000702600000, 0x0000000702700000|  0%| F|  |TAMS 0x0000000702600000, 0x0000000702600000| Untracked 
|   7|0x0000000702700000, 0x0000000702700000, 0x0000000702800000|  0%| F|  |TAMS 0x0000000702700000, 0x0000000702700000| Untracked 
|   8|0x0000000702800000, 0x0000000702800000, 0x0000000702900000|  0%| F|  |TAMS 0x0000000702800000, 0x0000000702800000| Untracked 
|   9|0x0000000702900000, 0x0000000702900000, 0x0000000702a00000|  0%| F|  |TAMS 0x0000000702900000, 0x0000000702900000| Untracked 
|  10|0x0000000702a00000, 0x0000000702a00000, 0x0000000702b00000|  0%| F|  |TAMS 0x0000000702a00000, 0x0000000702a00000| Untracked 
|  11|0x0000000702b00000, 0x0000000702b00000, 0x0000000702c00000|  0%| F|  |TAMS 0x0000000702b00000, 0x0000000702b00000| Untracked 
|  12|0x0000000702c00000, 0x0000000702c00000, 0x0000000702d00000|  0%| F|  |TAMS 0x0000000702c00000, 0x0000000702c00000| Untracked 
|  13|0x0000000702d00000, 0x0000000702d00000, 0x0000000702e00000|  0%| F|  |TAMS 0x0000000702d00000, 0x0000000702d00000| Untracked 
|  14|0x0000000702e00000, 0x0000000702e00000, 0x0000000702f00000|  0%| F|  |TAMS 0x0000000702e00000, 0x0000000702e00000| Untracked 
|  15|0x0000000702f00000, 0x0000000702f00000, 0x0000000703000000|  0%| F|  |TAMS 0x0000000702f00000, 0x0000000702f00000| Untracked 
|  16|0x0000000703000000, 0x0000000703000000, 0x0000000703100000|  0%| F|  |TAMS 0x0000000703000000, 0x0000000703000000| Untracked 
|  17|0x0000000703100000, 0x0000000703100000, 0x0000000703200000|  0%| F|  |TAMS 0x0000000703100000, 0x0000000703100000| Untracked 
|  18|0x0000000703200000, 0x0000000703200000, 0x0000000703300000|  0%| F|  |TAMS 0x0000000703200000, 0x0000000703200000| Untracked 
|  19|0x0000000703300000, 0x0000000703300000, 0x0000000703400000|  0%| F|  |TAMS 0x0000000703300000, 0x0000000703300000| Untracked 
|  20|0x0000000703400000, 0x0000000703400000, 0x0000000703500000|  0%| F|  |TAMS 0x0000000703400000, 0x0000000703400000| Untracked 
|  21|0x0000000703500000, 0x0000000703500000, 0x0000000703600000|  0%| F|  |TAMS 0x0000000703500000, 0x0000000703500000| Untracked 
|  22|0x0000000703600000, 0x0000000703600000, 0x0000000703700000|  0%| F|  |TAMS 0x0000000703600000, 0x0000000703600000| Untracked 
|  23|0x0000000703700000, 0x0000000703700000, 0x0000000703800000|  0%| F|  |TAMS 0x0000000703700000, 0x0000000703700000| Untracked 
|  24|0x0000000703800000, 0x0000000703800000, 0x0000000703900000|  0%| F|  |TAMS 0x0000000703800000, 0x0000000703800000| Untracked 
|  25|0x0000000703900000, 0x0000000703900000, 0x0000000703a00000|  0%| F|  |TAMS 0x0000000703900000, 0x0000000703900000| Untracked 
|  26|0x0000000703a00000, 0x0000000703a00000, 0x0000000703b00000|  0%| F|  |TAMS 0x0000000703a00000, 0x0000000703a00000| Untracked 
|  27|0x0000000703b00000, 0x0000000703b00000, 0x0000000703c00000|  0%| F|  |TAMS 0x0000000703b00000, 0x0000000703b00000| Untracked 
|  28|0x0000000703c00000, 0x0000000703c00000, 0x0000000703d00000|  0%| F|  |TAMS 0x0000000703c00000, 0x0000000703c00000| Untracked 
|  29|0x0000000703d00000, 0x0000000703d00000, 0x0000000703e00000|  0%| F|  |TAMS 0x0000000703d00000, 0x0000000703d00000| Untracked 
|  30|0x0000000703e00000, 0x0000000703e00000, 0x0000000703f00000|  0%| F|  |TAMS 0x0000000703e00000, 0x0000000703e00000| Untracked 
|  31|0x0000000703f00000, 0x0000000703f00000, 0x0000000704000000|  0%| F|  |TAMS 0x0000000703f00000, 0x0000000703f00000| Untracked 
|  32|0x0000000704000000, 0x0000000704000000, 0x0000000704100000|  0%| F|  |TAMS 0x0000000704000000, 0x0000000704000000| Untracked 
|  33|0x0000000704100000, 0x0000000704100000, 0x0000000704200000|  0%| F|  |TAMS 0x0000000704100000, 0x0000000704100000| Untracked 
|  34|0x0000000704200000, 0x0000000704200000, 0x0000000704300000|  0%| F|  |TAMS 0x0000000704200000, 0x0000000704200000| Untracked 
|  35|0x0000000704300000, 0x0000000704300000, 0x0000000704400000|  0%| F|  |TAMS 0x0000000704300000, 0x0000000704300000| Untracked 
|  36|0x0000000704400000, 0x0000000704400000, 0x0000000704500000|  0%| F|  |TAMS 0x0000000704400000, 0x0000000704400000| Untracked 
|  37|0x0000000704500000, 0x0000000704500000, 0x0000000704600000|  0%| F|  |TAMS 0x0000000704500000, 0x0000000704500000| Untracked 
|  38|0x0000000704600000, 0x0000000704600000, 0x0000000704700000|  0%| F|  |TAMS 0x0000000704600000, 0x0000000704600000| Untracked 
|  39|0x0000000704700000, 0x0000000704700000, 0x0000000704800000|  0%| F|  |TAMS 0x0000000704700000, 0x0000000704700000| Untracked 
|  40|0x0000000704800000, 0x0000000704800000, 0x0000000704900000|  0%| F|  |TAMS 0x0000000704800000, 0x0000000704800000| Untracked 
|  41|0x0000000704900000, 0x0000000704900000, 0x0000000704a00000|  0%| F|  |TAMS 0x0000000704900000, 0x0000000704900000| Untracked 
|  42|0x0000000704a00000, 0x0000000704a00000, 0x0000000704b00000|  0%| F|  |TAMS 0x0000000704a00000, 0x0000000704a00000| Untracked 
|  43|0x0000000704b00000, 0x0000000704b00000, 0x0000000704c00000|  0%| F|  |TAMS 0x0000000704b00000, 0x0000000704b00000| Untracked 
|  44|0x0000000704c00000, 0x0000000704c00000, 0x0000000704d00000|  0%| F|  |TAMS 0x0000000704c00000, 0x0000000704c00000| Untracked 
|  45|0x0000000704d00000, 0x0000000704d00000, 0x0000000704e00000|  0%| F|  |TAMS 0x0000000704d00000, 0x0000000704d00000| Untracked 
|  46|0x0000000704e00000, 0x0000000704e00000, 0x0000000704f00000|  0%| F|  |TAMS 0x0000000704e00000, 0x0000000704e00000| Untracked 
|  47|0x0000000704f00000, 0x0000000704f00000, 0x0000000705000000|  0%| F|  |TAMS 0x0000000704f00000, 0x0000000704f00000| Untracked 
|  48|0x0000000705000000, 0x0000000705000000, 0x0000000705100000|  0%| F|  |TAMS 0x0000000705000000, 0x0000000705000000| Untracked 
|  49|0x0000000705100000, 0x0000000705100000, 0x0000000705200000|  0%| F|  |TAMS 0x0000000705100000, 0x0000000705100000| Untracked 
|  50|0x0000000705200000, 0x0000000705200000, 0x0000000705300000|  0%| F|  |TAMS 0x0000000705200000, 0x0000000705200000| Untracked 
|  51|0x0000000705300000, 0x0000000705300000, 0x0000000705400000|  0%| F|  |TAMS 0x0000000705300000, 0x0000000705300000| Untracked 
|  52|0x0000000705400000, 0x0000000705400000, 0x0000000705500000|  0%| F|  |TAMS 0x0000000705400000, 0x0000000705400000| Untracked 
|  53|0x0000000705500000, 0x0000000705500000, 0x0000000705600000|  0%| F|  |TAMS 0x0000000705500000, 0x0000000705500000| Untracked 
|  54|0x0000000705600000, 0x0000000705600000, 0x0000000705700000|  0%| F|  |TAMS 0x0000000705600000, 0x0000000705600000| Untracked 
|  55|0x0000000705700000, 0x0000000705700000, 0x0000000705800000|  0%| F|  |TAMS 0x0000000705700000, 0x0000000705700000| Untracked 
|  56|0x0000000705800000, 0x0000000705800000, 0x0000000705900000|  0%| F|  |TAMS 0x0000000705800000, 0x0000000705800000| Untracked 
|  57|0x0000000705900000, 0x0000000705900000, 0x0000000705a00000|  0%| F|  |TAMS 0x0000000705900000, 0x0000000705900000| Untracked 
|  58|0x0000000705a00000, 0x0000000705a00000, 0x0000000705b00000|  0%| F|  |TAMS 0x0000000705a00000, 0x0000000705a00000| Untracked 
|  59|0x0000000705b00000, 0x0000000705b00000, 0x0000000705c00000|  0%| F|  |TAMS 0x0000000705b00000, 0x0000000705b00000| Untracked 
|  60|0x0000000705c00000, 0x0000000705c00000, 0x0000000705d00000|  0%| F|  |TAMS 0x0000000705c00000, 0x0000000705c00000| Untracked 
|  61|0x0000000705d00000, 0x0000000705d00000, 0x0000000705e00000|  0%| F|  |TAMS 0x0000000705d00000, 0x0000000705d00000| Untracked 
|  62|0x0000000705e00000, 0x0000000705e00000, 0x0000000705f00000|  0%| F|  |TAMS 0x0000000705e00000, 0x0000000705e00000| Untracked 
|  63|0x0000000705f00000, 0x0000000705f00000, 0x0000000706000000|  0%| F|  |TAMS 0x0000000705f00000, 0x0000000705f00000| Untracked 
|  64|0x0000000706000000, 0x0000000706000000, 0x0000000706100000|  0%| F|  |TAMS 0x0000000706000000, 0x0000000706000000| Untracked 
|  65|0x0000000706100000, 0x0000000706100000, 0x0000000706200000|  0%| F|  |TAMS 0x0000000706100000, 0x0000000706100000| Untracked 
|  66|0x0000000706200000, 0x0000000706200000, 0x0000000706300000|  0%| F|  |TAMS 0x0000000706200000, 0x0000000706200000| Untracked 
|  67|0x0000000706300000, 0x0000000706300000, 0x0000000706400000|  0%| F|  |TAMS 0x0000000706300000, 0x0000000706300000| Untracked 
|  68|0x0000000706400000, 0x0000000706400000, 0x0000000706500000|  0%| F|  |TAMS 0x0000000706400000, 0x0000000706400000| Untracked 
|  69|0x0000000706500000, 0x0000000706500000, 0x0000000706600000|  0%| F|  |TAMS 0x0000000706500000, 0x0000000706500000| Untracked 
|  70|0x0000000706600000, 0x0000000706600000, 0x0000000706700000|  0%| F|  |TAMS 0x0000000706600000, 0x0000000706600000| Untracked 
|  71|0x0000000706700000, 0x0000000706700000, 0x0000000706800000|  0%| F|  |TAMS 0x0000000706700000, 0x0000000706700000| Untracked 
|  72|0x0000000706800000, 0x0000000706800000, 0x0000000706900000|  0%| F|  |TAMS 0x0000000706800000, 0x0000000706800000| Untracked 
|  73|0x0000000706900000, 0x0000000706900000, 0x0000000706a00000|  0%| F|  |TAMS 0x0000000706900000, 0x0000000706900000| Untracked 
|  74|0x0000000706a00000, 0x0000000706a00000, 0x0000000706b00000|  0%| F|  |TAMS 0x0000000706a00000, 0x0000000706a00000| Untracked 
|  75|0x0000000706b00000, 0x0000000706b00000, 0x0000000706c00000|  0%| F|  |TAMS 0x0000000706b00000, 0x0000000706b00000| Untracked 
|  76|0x0000000706c00000, 0x0000000706c00000, 0x0000000706d00000|  0%| F|  |TAMS 0x0000000706c00000, 0x0000000706c00000| Untracked 
|  77|0x0000000706d00000, 0x0000000706d00000, 0x0000000706e00000|  0%| F|  |TAMS 0x0000000706d00000, 0x0000000706d00000| Untracked 
|  78|0x0000000706e00000, 0x0000000706e00000, 0x0000000706f00000|  0%| F|  |TAMS 0x0000000706e00000, 0x0000000706e00000| Untracked 
|  79|0x0000000706f00000, 0x0000000706f00000, 0x0000000707000000|  0%| F|  |TAMS 0x0000000706f00000, 0x0000000706f00000| Untracked 
|  80|0x0000000707000000, 0x0000000707000000, 0x0000000707100000|  0%| F|  |TAMS 0x0000000707000000, 0x0000000707000000| Untracked 
|  81|0x0000000707100000, 0x0000000707100000, 0x0000000707200000|  0%| F|  |TAMS 0x0000000707100000, 0x0000000707100000| Untracked 
|  82|0x0000000707200000, 0x0000000707200000, 0x0000000707300000|  0%| F|  |TAMS 0x0000000707200000, 0x0000000707200000| Untracked 
|  83|0x0000000707300000, 0x0000000707300000, 0x0000000707400000|  0%| F|  |TAMS 0x0000000707300000, 0x0000000707300000| Untracked 
|  84|0x0000000707400000, 0x0000000707400000, 0x0000000707500000|  0%| F|  |TAMS 0x0000000707400000, 0x0000000707400000| Untracked 
|  85|0x0000000707500000, 0x0000000707500000, 0x0000000707600000|  0%| F|  |TAMS 0x0000000707500000, 0x0000000707500000| Untracked 
|  86|0x0000000707600000, 0x0000000707600000, 0x0000000707700000|  0%| F|  |TAMS 0x0000000707600000, 0x0000000707600000| Untracked 
|  87|0x0000000707700000, 0x0000000707700000, 0x0000000707800000|  0%| F|  |TAMS 0x0000000707700000, 0x0000000707700000| Untracked 
|  88|0x0000000707800000, 0x0000000707800000, 0x0000000707900000|  0%| F|  |TAMS 0x0000000707800000, 0x0000000707800000| Untracked 
|  89|0x0000000707900000, 0x0000000707900000, 0x0000000707a00000|  0%| F|  |TAMS 0x0000000707900000, 0x0000000707900000| Untracked 
|  90|0x0000000707a00000, 0x0000000707a00000, 0x0000000707b00000|  0%| F|  |TAMS 0x0000000707a00000, 0x0000000707a00000| Untracked 
|  91|0x0000000707b00000, 0x0000000707b00000, 0x0000000707c00000|  0%| F|  |TAMS 0x0000000707b00000, 0x0000000707b00000| Untracked 
|  92|0x0000000707c00000, 0x0000000707c00000, 0x0000000707d00000|  0%| F|  |TAMS 0x0000000707c00000, 0x0000000707c00000| Untracked 
|  93|0x0000000707d00000, 0x0000000707d00000, 0x0000000707e00000|  0%| F|  |TAMS 0x0000000707d00000, 0x0000000707d00000| Untracked 
|  94|0x0000000707e00000, 0x0000000707e00000, 0x0000000707f00000|  0%| F|  |TAMS 0x0000000707e00000, 0x0000000707e00000| Untracked 
|  95|0x0000000707f00000, 0x0000000707f00000, 0x0000000708000000|  0%| F|  |TAMS 0x0000000707f00000, 0x0000000707f00000| Untracked 
|  96|0x0000000708000000, 0x0000000708000000, 0x0000000708100000|  0%| F|  |TAMS 0x0000000708000000, 0x0000000708000000| Untracked 
|  97|0x0000000708100000, 0x0000000708100000, 0x0000000708200000|  0%| F|  |TAMS 0x0000000708100000, 0x0000000708100000| Untracked 
|  98|0x0000000708200000, 0x0000000708200000, 0x0000000708300000|  0%| F|  |TAMS 0x0000000708200000, 0x0000000708200000| Untracked 
|  99|0x0000000708300000, 0x0000000708300000, 0x0000000708400000|  0%| F|  |TAMS 0x0000000708300000, 0x0000000708300000| Untracked 
| 100|0x0000000708400000, 0x0000000708400000, 0x0000000708500000|  0%| F|  |TAMS 0x0000000708400000, 0x0000000708400000| Untracked 
| 101|0x0000000708500000, 0x0000000708500000, 0x0000000708600000|  0%| F|  |TAMS 0x0000000708500000, 0x0000000708500000| Untracked 
| 102|0x0000000708600000, 0x0000000708600000, 0x0000000708700000|  0%| F|  |TAMS 0x0000000708600000, 0x0000000708600000| Untracked 
| 103|0x0000000708700000, 0x0000000708700000, 0x0000000708800000|  0%| F|  |TAMS 0x0000000708700000, 0x0000000708700000| Untracked 
| 104|0x0000000708800000, 0x0000000708800000, 0x0000000708900000|  0%| F|  |TAMS 0x0000000708800000, 0x0000000708800000| Untracked 
| 105|0x0000000708900000, 0x0000000708900000, 0x0000000708a00000|  0%| F|  |TAMS 0x0000000708900000, 0x0000000708900000| Untracked 
| 106|0x0000000708a00000, 0x0000000708a00000, 0x0000000708b00000|  0%| F|  |TAMS 0x0000000708a00000, 0x0000000708a00000| Untracked 
| 107|0x0000000708b00000, 0x0000000708b00000, 0x0000000708c00000|  0%| F|  |TAMS 0x0000000708b00000, 0x0000000708b00000| Untracked 
| 108|0x0000000708c00000, 0x0000000708c00000, 0x0000000708d00000|  0%| F|  |TAMS 0x0000000708c00000, 0x0000000708c00000| Untracked 
| 109|0x0000000708d00000, 0x0000000708d00000, 0x0000000708e00000|  0%| F|  |TAMS 0x0000000708d00000, 0x0000000708d00000| Untracked 
| 110|0x0000000708e00000, 0x0000000708e00000, 0x0000000708f00000|  0%| F|  |TAMS 0x0000000708e00000, 0x0000000708e00000| Untracked 
| 111|0x0000000708f00000, 0x0000000708f00000, 0x0000000709000000|  0%| F|  |TAMS 0x0000000708f00000, 0x0000000708f00000| Untracked 
| 112|0x0000000709000000, 0x0000000709000000, 0x0000000709100000|  0%| F|  |TAMS 0x0000000709000000, 0x0000000709000000| Untracked 
| 113|0x0000000709100000, 0x0000000709100000, 0x0000000709200000|  0%| F|  |TAMS 0x0000000709100000, 0x0000000709100000| Untracked 
| 114|0x0000000709200000, 0x0000000709200000, 0x0000000709300000|  0%| F|  |TAMS 0x0000000709200000, 0x0000000709200000| Untracked 
| 115|0x0000000709300000, 0x0000000709300000, 0x0000000709400000|  0%| F|  |TAMS 0x0000000709300000, 0x0000000709300000| Untracked 
| 116|0x0000000709400000, 0x0000000709400000, 0x0000000709500000|  0%| F|  |TAMS 0x0000000709400000, 0x0000000709400000| Untracked 
| 117|0x0000000709500000, 0x0000000709500000, 0x0000000709600000|  0%| F|  |TAMS 0x0000000709500000, 0x0000000709500000| Untracked 
| 118|0x0000000709600000, 0x0000000709600000, 0x0000000709700000|  0%| F|  |TAMS 0x0000000709600000, 0x0000000709600000| Untracked 
| 119|0x0000000709700000, 0x0000000709700000, 0x0000000709800000|  0%| F|  |TAMS 0x0000000709700000, 0x0000000709700000| Untracked 
| 120|0x0000000709800000, 0x0000000709800000, 0x0000000709900000|  0%| F|  |TAMS 0x0000000709800000, 0x0000000709800000| Untracked 
| 121|0x0000000709900000, 0x0000000709900000, 0x0000000709a00000|  0%| F|  |TAMS 0x0000000709900000, 0x0000000709900000| Untracked 
| 122|0x0000000709a00000, 0x0000000709a00000, 0x0000000709b00000|  0%| F|  |TAMS 0x0000000709a00000, 0x0000000709a00000| Untracked 
| 123|0x0000000709b00000, 0x0000000709b00000, 0x0000000709c00000|  0%| F|  |TAMS 0x0000000709b00000, 0x0000000709b00000| Untracked 
| 124|0x0000000709c00000, 0x0000000709c00000, 0x0000000709d00000|  0%| F|  |TAMS 0x0000000709c00000, 0x0000000709c00000| Untracked 
| 125|0x0000000709d00000, 0x0000000709d00000, 0x0000000709e00000|  0%| F|  |TAMS 0x0000000709d00000, 0x0000000709d00000| Untracked 
| 126|0x0000000709e00000, 0x0000000709e00000, 0x0000000709f00000|  0%| F|  |TAMS 0x0000000709e00000, 0x0000000709e00000| Untracked 
| 127|0x0000000709f00000, 0x0000000709f00000, 0x000000070a000000|  0%| F|  |TAMS 0x0000000709f00000, 0x0000000709f00000| Untracked 
| 128|0x000000070a000000, 0x000000070a000000, 0x000000070a100000|  0%| F|  |TAMS 0x000000070a000000, 0x000000070a000000| Untracked 
| 129|0x000000070a100000, 0x000000070a100000, 0x000000070a200000|  0%| F|  |TAMS 0x000000070a100000, 0x000000070a100000| Untracked 
| 130|0x000000070a200000, 0x000000070a200000, 0x000000070a300000|  0%| F|  |TAMS 0x000000070a200000, 0x000000070a200000| Untracked 
| 131|0x000000070a300000, 0x000000070a300000, 0x000000070a400000|  0%| F|  |TAMS 0x000000070a300000, 0x000000070a300000| Untracked 
| 132|0x000000070a400000, 0x000000070a400000, 0x000000070a500000|  0%| F|  |TAMS 0x000000070a400000, 0x000000070a400000| Untracked 
| 133|0x000000070a500000, 0x000000070a500000, 0x000000070a600000|  0%| F|  |TAMS 0x000000070a500000, 0x000000070a500000| Untracked 
| 134|0x000000070a600000, 0x000000070a600000, 0x000000070a700000|  0%| F|  |TAMS 0x000000070a600000, 0x000000070a600000| Untracked 
| 135|0x000000070a700000, 0x000000070a700000, 0x000000070a800000|  0%| F|  |TAMS 0x000000070a700000, 0x000000070a700000| Untracked 
| 136|0x000000070a800000, 0x000000070a800000, 0x000000070a900000|  0%| F|  |TAMS 0x000000070a800000, 0x000000070a800000| Untracked 
| 137|0x000000070a900000, 0x000000070a900000, 0x000000070aa00000|  0%| F|  |TAMS 0x000000070a900000, 0x000000070a900000| Untracked 
| 138|0x000000070aa00000, 0x000000070aa00000, 0x000000070ab00000|  0%| F|  |TAMS 0x000000070aa00000, 0x000000070aa00000| Untracked 
| 139|0x000000070ab00000, 0x000000070ab00000, 0x000000070ac00000|  0%| F|  |TAMS 0x000000070ab00000, 0x000000070ab00000| Untracked 
| 140|0x000000070ac00000, 0x000000070ac00000, 0x000000070ad00000|  0%| F|  |TAMS 0x000000070ac00000, 0x000000070ac00000| Untracked 
| 141|0x000000070ad00000, 0x000000070ad00000, 0x000000070ae00000|  0%| F|  |TAMS 0x000000070ad00000, 0x000000070ad00000| Untracked 
| 142|0x000000070ae00000, 0x000000070ae00000, 0x000000070af00000|  0%| F|  |TAMS 0x000000070ae00000, 0x000000070ae00000| Untracked 
| 143|0x000000070af00000, 0x000000070af00000, 0x000000070b000000|  0%| F|  |TAMS 0x000000070af00000, 0x000000070af00000| Untracked 
| 144|0x000000070b000000, 0x000000070b000000, 0x000000070b100000|  0%| F|  |TAMS 0x000000070b000000, 0x000000070b000000| Untracked 
| 145|0x000000070b100000, 0x000000070b100000, 0x000000070b200000|  0%| F|  |TAMS 0x000000070b100000, 0x000000070b100000| Untracked 
| 146|0x000000070b200000, 0x000000070b200000, 0x000000070b300000|  0%| F|  |TAMS 0x000000070b200000, 0x000000070b200000| Untracked 
| 147|0x000000070b300000, 0x000000070b300000, 0x000000070b400000|  0%| F|  |TAMS 0x000000070b300000, 0x000000070b300000| Untracked 
| 148|0x000000070b400000, 0x000000070b400000, 0x000000070b500000|  0%| F|  |TAMS 0x000000070b400000, 0x000000070b400000| Untracked 
| 149|0x000000070b500000, 0x000000070b500000, 0x000000070b600000|  0%| F|  |TAMS 0x000000070b500000, 0x000000070b500000| Untracked 
| 150|0x000000070b600000, 0x000000070b600000, 0x000000070b700000|  0%| F|  |TAMS 0x000000070b600000, 0x000000070b600000| Untracked 
| 151|0x000000070b700000, 0x000000070b700000, 0x000000070b800000|  0%| F|  |TAMS 0x000000070b700000, 0x000000070b700000| Untracked 
| 152|0x000000070b800000, 0x000000070b800000, 0x000000070b900000|  0%| F|  |TAMS 0x000000070b800000, 0x000000070b800000| Untracked 
| 153|0x000000070b900000, 0x000000070b900000, 0x000000070ba00000|  0%| F|  |TAMS 0x000000070b900000, 0x000000070b900000| Untracked 
| 154|0x000000070ba00000, 0x000000070ba00000, 0x000000070bb00000|  0%| F|  |TAMS 0x000000070ba00000, 0x000000070ba00000| Untracked 
| 155|0x000000070bb00000, 0x000000070bb00000, 0x000000070bc00000|  0%| F|  |TAMS 0x000000070bb00000, 0x000000070bb00000| Untracked 
| 156|0x000000070bc00000, 0x000000070bc00000, 0x000000070bd00000|  0%| F|  |TAMS 0x000000070bc00000, 0x000000070bc00000| Untracked 
| 157|0x000000070bd00000, 0x000000070bd00000, 0x000000070be00000|  0%| F|  |TAMS 0x000000070bd00000, 0x000000070bd00000| Untracked 
| 158|0x000000070be00000, 0x000000070be00000, 0x000000070bf00000|  0%| F|  |TAMS 0x000000070be00000, 0x000000070be00000| Untracked 
| 159|0x000000070bf00000, 0x000000070bf00000, 0x000000070c000000|  0%| F|  |TAMS 0x000000070bf00000, 0x000000070bf00000| Untracked 
| 160|0x000000070c000000, 0x000000070c000000, 0x000000070c100000|  0%| F|  |TAMS 0x000000070c000000, 0x000000070c000000| Untracked 
| 161|0x000000070c100000, 0x000000070c100000, 0x000000070c200000|  0%| F|  |TAMS 0x000000070c100000, 0x000000070c100000| Untracked 
| 162|0x000000070c200000, 0x000000070c200000, 0x000000070c300000|  0%| F|  |TAMS 0x000000070c200000, 0x000000070c200000| Untracked 
| 163|0x000000070c300000, 0x000000070c300000, 0x000000070c400000|  0%| F|  |TAMS 0x000000070c300000, 0x000000070c300000| Untracked 
| 164|0x000000070c400000, 0x000000070c400000, 0x000000070c500000|  0%| F|  |TAMS 0x000000070c400000, 0x000000070c400000| Untracked 
| 165|0x000000070c500000, 0x000000070c500000, 0x000000070c600000|  0%| F|  |TAMS 0x000000070c500000, 0x000000070c500000| Untracked 
| 166|0x000000070c600000, 0x000000070c600000, 0x000000070c700000|  0%| F|  |TAMS 0x000000070c600000, 0x000000070c600000| Untracked 
| 167|0x000000070c700000, 0x000000070c700000, 0x000000070c800000|  0%| F|  |TAMS 0x000000070c700000, 0x000000070c700000| Untracked 
| 168|0x000000070c800000, 0x000000070c800000, 0x000000070c900000|  0%| F|  |TAMS 0x000000070c800000, 0x000000070c800000| Untracked 
| 169|0x000000070c900000, 0x000000070c900000, 0x000000070ca00000|  0%| F|  |TAMS 0x000000070c900000, 0x000000070c900000| Untracked 
| 170|0x000000070ca00000, 0x000000070ca00000, 0x000000070cb00000|  0%| F|  |TAMS 0x000000070ca00000, 0x000000070ca00000| Untracked 
| 171|0x000000070cb00000, 0x000000070cb00000, 0x000000070cc00000|  0%| F|  |TAMS 0x000000070cb00000, 0x000000070cb00000| Untracked 
| 172|0x000000070cc00000, 0x000000070cc00000, 0x000000070cd00000|  0%| F|  |TAMS 0x000000070cc00000, 0x000000070cc00000| Untracked 
| 173|0x000000070cd00000, 0x000000070cd00000, 0x000000070ce00000|  0%| F|  |TAMS 0x000000070cd00000, 0x000000070cd00000| Untracked 
| 174|0x000000070ce00000, 0x000000070ce00000, 0x000000070cf00000|  0%| F|  |TAMS 0x000000070ce00000, 0x000000070ce00000| Untracked 
| 175|0x000000070cf00000, 0x000000070cf00000, 0x000000070d000000|  0%| F|  |TAMS 0x000000070cf00000, 0x000000070cf00000| Untracked 
| 176|0x000000070d000000, 0x000000070d000000, 0x000000070d100000|  0%| F|  |TAMS 0x000000070d000000, 0x000000070d000000| Untracked 
| 177|0x000000070d100000, 0x000000070d100000, 0x000000070d200000|  0%| F|  |TAMS 0x000000070d100000, 0x000000070d100000| Untracked 
| 178|0x000000070d200000, 0x000000070d200000, 0x000000070d300000|  0%| F|  |TAMS 0x000000070d200000, 0x000000070d200000| Untracked 
| 179|0x000000070d300000, 0x000000070d300000, 0x000000070d400000|  0%| F|  |TAMS 0x000000070d300000, 0x000000070d300000| Untracked 
| 180|0x000000070d400000, 0x000000070d400000, 0x000000070d500000|  0%| F|  |TAMS 0x000000070d400000, 0x000000070d400000| Untracked 
| 181|0x000000070d500000, 0x000000070d500000, 0x000000070d600000|  0%| F|  |TAMS 0x000000070d500000, 0x000000070d500000| Untracked 
| 182|0x000000070d600000, 0x000000070d600000, 0x000000070d700000|  0%| F|  |TAMS 0x000000070d600000, 0x000000070d600000| Untracked 
| 183|0x000000070d700000, 0x000000070d700000, 0x000000070d800000|  0%| F|  |TAMS 0x000000070d700000, 0x000000070d700000| Untracked 
| 184|0x000000070d800000, 0x000000070d800000, 0x000000070d900000|  0%| F|  |TAMS 0x000000070d800000, 0x000000070d800000| Untracked 
| 185|0x000000070d900000, 0x000000070d900000, 0x000000070da00000|  0%| F|  |TAMS 0x000000070d900000, 0x000000070d900000| Untracked 
| 186|0x000000070da00000, 0x000000070da00000, 0x000000070db00000|  0%| F|  |TAMS 0x000000070da00000, 0x000000070da00000| Untracked 
| 187|0x000000070db00000, 0x000000070db00000, 0x000000070dc00000|  0%| F|  |TAMS 0x000000070db00000, 0x000000070db00000| Untracked 
| 188|0x000000070dc00000, 0x000000070dc00000, 0x000000070dd00000|  0%| F|  |TAMS 0x000000070dc00000, 0x000000070dc00000| Untracked 
| 189|0x000000070dd00000, 0x000000070dd00000, 0x000000070de00000|  0%| F|  |TAMS 0x000000070dd00000, 0x000000070dd00000| Untracked 
| 190|0x000000070de00000, 0x000000070de00000, 0x000000070df00000|  0%| F|  |TAMS 0x000000070de00000, 0x000000070de00000| Untracked 
| 191|0x000000070df00000, 0x000000070df00000, 0x000000070e000000|  0%| F|  |TAMS 0x000000070df00000, 0x000000070df00000| Untracked 
| 192|0x000000070e000000, 0x000000070e000000, 0x000000070e100000|  0%| F|  |TAMS 0x000000070e000000, 0x000000070e000000| Untracked 
| 193|0x000000070e100000, 0x000000070e100000, 0x000000070e200000|  0%| F|  |TAMS 0x000000070e100000, 0x000000070e100000| Untracked 
| 194|0x000000070e200000, 0x000000070e200000, 0x000000070e300000|  0%| F|  |TAMS 0x000000070e200000, 0x000000070e200000| Untracked 
| 195|0x000000070e300000, 0x000000070e300000, 0x000000070e400000|  0%| F|  |TAMS 0x000000070e300000, 0x000000070e300000| Untracked 
| 196|0x000000070e400000, 0x000000070e400000, 0x000000070e500000|  0%| F|  |TAMS 0x000000070e400000, 0x000000070e400000| Untracked 
| 197|0x000000070e500000, 0x000000070e500000, 0x000000070e600000|  0%| F|  |TAMS 0x000000070e500000, 0x000000070e500000| Untracked 
| 198|0x000000070e600000, 0x000000070e600000, 0x000000070e700000|  0%| F|  |TAMS 0x000000070e600000, 0x000000070e600000| Untracked 
| 199|0x000000070e700000, 0x000000070e700000, 0x000000070e800000|  0%| F|  |TAMS 0x000000070e700000, 0x000000070e700000| Untracked 
| 200|0x000000070e800000, 0x000000070e800000, 0x000000070e900000|  0%| F|  |TAMS 0x000000070e800000, 0x000000070e800000| Untracked 
| 201|0x000000070e900000, 0x000000070e900000, 0x000000070ea00000|  0%| F|  |TAMS 0x000000070e900000, 0x000000070e900000| Untracked 
| 202|0x000000070ea00000, 0x000000070ea00000, 0x000000070eb00000|  0%| F|  |TAMS 0x000000070ea00000, 0x000000070ea00000| Untracked 
| 203|0x000000070eb00000, 0x000000070eb00000, 0x000000070ec00000|  0%| F|  |TAMS 0x000000070eb00000, 0x000000070eb00000| Untracked 
| 204|0x000000070ec00000, 0x000000070ec00000, 0x000000070ed00000|  0%| F|  |TAMS 0x000000070ec00000, 0x000000070ec00000| Untracked 
| 205|0x000000070ed00000, 0x000000070ed00000, 0x000000070ee00000|  0%| F|  |TAMS 0x000000070ed00000, 0x000000070ed00000| Untracked 
| 206|0x000000070ee00000, 0x000000070ee00000, 0x000000070ef00000|  0%| F|  |TAMS 0x000000070ee00000, 0x000000070ee00000| Untracked 
| 207|0x000000070ef00000, 0x000000070ef00000, 0x000000070f000000|  0%| F|  |TAMS 0x000000070ef00000, 0x000000070ef00000| Untracked 
| 208|0x000000070f000000, 0x000000070f000000, 0x000000070f100000|  0%| F|  |TAMS 0x000000070f000000, 0x000000070f000000| Untracked 
| 209|0x000000070f100000, 0x000000070f1fb7b0, 0x000000070f200000| 98%| S|CS|TAMS 0x000000070f100000, 0x000000070f100000| Complete 
| 210|0x000000070f200000, 0x000000070f300000, 0x000000070f300000|100%| S|CS|TAMS 0x000000070f200000, 0x000000070f200000| Complete 
| 211|0x000000070f300000, 0x000000070f400000, 0x000000070f400000|100%| S|CS|TAMS 0x000000070f300000, 0x000000070f300000| Complete 
| 212|0x000000070f400000, 0x000000070f500000, 0x000000070f500000|100%| S|CS|TAMS 0x000000070f400000, 0x000000070f400000| Complete 
| 213|0x000000070f500000, 0x000000070f600000, 0x000000070f600000|100%| S|CS|TAMS 0x000000070f500000, 0x000000070f500000| Complete 
| 214|0x000000070f600000, 0x000000070f700000, 0x000000070f700000|100%| S|CS|TAMS 0x000000070f600000, 0x000000070f600000| Complete 
| 215|0x000000070f700000, 0x000000070f700000, 0x000000070f800000|  0%| F|  |TAMS 0x000000070f700000, 0x000000070f700000| Untracked 
| 216|0x000000070f800000, 0x000000070f800000, 0x000000070f900000|  0%| F|  |TAMS 0x000000070f800000, 0x000000070f800000| Untracked 
| 217|0x000000070f900000, 0x000000070f900000, 0x000000070fa00000|  0%| F|  |TAMS 0x000000070f900000, 0x000000070f900000| Untracked 
| 218|0x000000070fa00000, 0x000000070fa00000, 0x000000070fb00000|  0%| F|  |TAMS 0x000000070fa00000, 0x000000070fa00000| Untracked 
| 219|0x000000070fb00000, 0x000000070fb00000, 0x000000070fc00000|  0%| F|  |TAMS 0x000000070fb00000, 0x000000070fb00000| Untracked 
| 220|0x000000070fc00000, 0x000000070fc00000, 0x000000070fd00000|  0%| F|  |TAMS 0x000000070fc00000, 0x000000070fc00000| Untracked 
| 221|0x000000070fd00000, 0x000000070fd00000, 0x000000070fe00000|  0%| F|  |TAMS 0x000000070fd00000, 0x000000070fd00000| Untracked 
| 222|0x000000070fe00000, 0x000000070fe00000, 0x000000070ff00000|  0%| F|  |TAMS 0x000000070fe00000, 0x000000070fe00000| Untracked 
| 223|0x000000070ff00000, 0x000000070ff00000, 0x0000000710000000|  0%| F|  |TAMS 0x000000070ff00000, 0x000000070ff00000| Untracked 
| 224|0x0000000710000000, 0x0000000710000000, 0x0000000710100000|  0%| F|  |TAMS 0x0000000710000000, 0x0000000710000000| Untracked 
| 225|0x0000000710100000, 0x0000000710100000, 0x0000000710200000|  0%| F|  |TAMS 0x0000000710100000, 0x0000000710100000| Untracked 
| 226|0x0000000710200000, 0x0000000710200000, 0x0000000710300000|  0%| F|  |TAMS 0x0000000710200000, 0x0000000710200000| Untracked 
| 227|0x0000000710300000, 0x0000000710300000, 0x0000000710400000|  0%| F|  |TAMS 0x0000000710300000, 0x0000000710300000| Untracked 
| 228|0x0000000710400000, 0x0000000710400000, 0x0000000710500000|  0%| F|  |TAMS 0x0000000710400000, 0x0000000710400000| Untracked 
| 229|0x0000000710500000, 0x0000000710500000, 0x0000000710600000|  0%| F|  |TAMS 0x0000000710500000, 0x0000000710500000| Untracked 
| 230|0x0000000710600000, 0x0000000710680800, 0x0000000710700000| 50%| E|  |TAMS 0x0000000710600000, 0x0000000710600000| Complete 
| 231|0x0000000710700000, 0x0000000710800000, 0x0000000710800000|100%| E|CS|TAMS 0x0000000710700000, 0x0000000710700000| Complete 
| 232|0x0000000710800000, 0x0000000710900000, 0x0000000710900000|100%| E|CS|TAMS 0x0000000710800000, 0x0000000710800000| Complete 
| 233|0x0000000710900000, 0x0000000710a00000, 0x0000000710a00000|100%| E|CS|TAMS 0x0000000710900000, 0x0000000710900000| Complete 
| 234|0x0000000710a00000, 0x0000000710b00000, 0x0000000710b00000|100%| E|CS|TAMS 0x0000000710a00000, 0x0000000710a00000| Complete 
| 235|0x0000000710b00000, 0x0000000710c00000, 0x0000000710c00000|100%| E|CS|TAMS 0x0000000710b00000, 0x0000000710b00000| Complete 
| 236|0x0000000710c00000, 0x0000000710d00000, 0x0000000710d00000|100%| E|CS|TAMS 0x0000000710c00000, 0x0000000710c00000| Complete 
| 237|0x0000000710d00000, 0x0000000710e00000, 0x0000000710e00000|100%| E|CS|TAMS 0x0000000710d00000, 0x0000000710d00000| Complete 
| 238|0x0000000710e00000, 0x0000000710f00000, 0x0000000710f00000|100%| E|CS|TAMS 0x0000000710e00000, 0x0000000710e00000| Complete 
| 239|0x0000000710f00000, 0x0000000711000000, 0x0000000711000000|100%| E|CS|TAMS 0x0000000710f00000, 0x0000000710f00000| Complete 
| 240|0x0000000711000000, 0x0000000711100000, 0x0000000711100000|100%| E|CS|TAMS 0x0000000711000000, 0x0000000711000000| Complete 
| 241|0x0000000711100000, 0x0000000711200000, 0x0000000711200000|100%| E|CS|TAMS 0x0000000711100000, 0x0000000711100000| Complete 
| 242|0x0000000711200000, 0x0000000711300000, 0x0000000711300000|100%| E|CS|TAMS 0x0000000711200000, 0x0000000711200000| Complete 
| 243|0x0000000711300000, 0x0000000711400000, 0x0000000711400000|100%| E|CS|TAMS 0x0000000711300000, 0x0000000711300000| Complete 
| 244|0x0000000711400000, 0x0000000711500000, 0x0000000711500000|100%| E|CS|TAMS 0x0000000711400000, 0x0000000711400000| Complete 
| 245|0x0000000711500000, 0x0000000711600000, 0x0000000711600000|100%| E|CS|TAMS 0x0000000711500000, 0x0000000711500000| Complete 
| 246|0x0000000711600000, 0x0000000711700000, 0x0000000711700000|100%| E|CS|TAMS 0x0000000711600000, 0x0000000711600000| Complete 
| 247|0x0000000711700000, 0x0000000711800000, 0x0000000711800000|100%| E|CS|TAMS 0x0000000711700000, 0x0000000711700000| Complete 
| 248|0x0000000711800000, 0x0000000711900000, 0x0000000711900000|100%| E|CS|TAMS 0x0000000711800000, 0x0000000711800000| Complete 
| 249|0x0000000711900000, 0x0000000711a00000, 0x0000000711a00000|100%| E|CS|TAMS 0x0000000711900000, 0x0000000711900000| Complete 
| 250|0x0000000711a00000, 0x0000000711b00000, 0x0000000711b00000|100%| E|CS|TAMS 0x0000000711a00000, 0x0000000711a00000| Complete 
| 251|0x0000000711b00000, 0x0000000711c00000, 0x0000000711c00000|100%| E|CS|TAMS 0x0000000711b00000, 0x0000000711b00000| Complete 
| 252|0x0000000711c00000, 0x0000000711d00000, 0x0000000711d00000|100%| E|CS|TAMS 0x0000000711c00000, 0x0000000711c00000| Complete 
| 253|0x0000000711d00000, 0x0000000711e00000, 0x0000000711e00000|100%| E|CS|TAMS 0x0000000711d00000, 0x0000000711d00000| Complete 

Card table byte_map: [0x000001a16bd60000,0x000001a16c550000] _byte_map_base: 0x000001a168550000

Marking Bits (Prev, Next): (CMBitMap*) 0x000001a1519fbae0, (CMBitMap*) 0x000001a1519fbaa8
 Prev Bits: [0x000001a170cc0000, 0x000001a174c40000)
 Next Bits: [0x000001a16cd40000, 0x000001a170cc0000)

Polling page: 0x000001a151a30000

Metaspace:

Usage:
  Non-class:     24.48 MB capacity,    24.26 MB (>99%) used,   180.62 KB ( <1%) free+waste,    43.81 KB ( <1%) overhead. 
      Class:      3.10 MB capacity,     2.95 MB ( 95%) used,   131.62 KB (  4%) free+waste,    20.81 KB ( <1%) overhead. 
       Both:     27.58 MB capacity,    27.21 MB ( 99%) used,   312.23 KB (  1%) free+waste,    64.63 KB ( <1%) overhead. 

Virtual space:
  Non-class space:       26.00 MB reserved,      24.50 MB ( 94%) committed 
      Class space:        1.00 GB reserved,       3.13 MB ( <1%) committed 
             Both:        1.03 GB reserved,      27.63 MB (  3%) committed 

Chunk freelists:
   Non-Class:  24.00 KB
       Class:  23.00 KB
        Both:  47.00 KB

MaxMetaspaceSize: 17179869184.00 GB
CompressedClassSpaceSize: 1.00 GB
Initial GC threshold: 20.80 MB
Current GC threshold: 34.79 MB
CDS: off

CodeHeap 'non-profiled nmethods': size=120000Kb used=708Kb max_used=708Kb free=119291Kb
 bounds [0x000001a1633c0000, 0x000001a163630000, 0x000001a16a8f0000]
CodeHeap 'profiled nmethods': size=120000Kb used=3635Kb max_used=3635Kb free=116364Kb
 bounds [0x000001a15be90000, 0x000001a15c220000, 0x000001a1633c0000]
CodeHeap 'non-nmethods': size=5760Kb used=1233Kb max_used=1246Kb free=4527Kb
 bounds [0x000001a15b8f0000, 0x000001a15bb60000, 0x000001a15be90000]
 total_blobs=2492 nmethods=1983 adapters=421
 compilation: enabled
              stopped_count=0, restarted_count=0
 full_count=0

Compilation events (20 events):
Event: 1.520 Thread 0x000001a1782c8000 nmethod 1964 0x000001a15c210410 code [0x000001a15c2105c0, 0x000001a15c2106b8]
Event: 1.523 Thread 0x000001a1782c8000 1966       3       sun.invoke.util.VerifyAccess::isTypeVisible (47 bytes)
Event: 1.523 Thread 0x000001a1782c8000 nmethod 1966 0x000001a15c210790 code [0x000001a15c210980, 0x000001a15c210d78]
Event: 1.523 Thread 0x000001a1782c8000 1967       3       java.lang.invoke.MethodHandles$Lookup::fixmods (16 bytes)
Event: 1.523 Thread 0x000001a1782c8000 nmethod 1967 0x000001a15c210f90 code [0x000001a15c211140, 0x000001a15c211278]
Event: 1.523 Thread 0x000001a1782c8000 1968       3       sun.invoke.util.VerifyAccess::isMemberAccessible (313 bytes)
Event: 1.526 Thread 0x000001a1782c8000 nmethod 1968 0x000001a15c211310 code [0x000001a15c2117e0, 0x000001a15c2139e8]
Event: 1.528 Thread 0x000001a1782c8000 1969       3       java.lang.invoke.InnerClassLambdaMetafactory::getOpcodeOffset (38 bytes)
Event: 1.528 Thread 0x000001a1782c8000 nmethod 1969 0x000001a15c214410 code [0x000001a15c2145e0, 0x000001a15c214858]
Event: 1.530 Thread 0x000001a1782c8000 1970       3       java.lang.String::startsWith (138 bytes)
Event: 1.531 Thread 0x000001a1782c8000 nmethod 1970 0x000001a15c214910 code [0x000001a15c214b40, 0x000001a15c215518]
Event: 1.538 Thread 0x000001a178d1c800 nmethod 1954 0x000001a16346e490 code [0x000001a16346e6a0, 0x000001a16346f610]
Event: 1.541 Thread 0x000001a1782c8000 1971       3       java.lang.invoke.LambdaFormEditor$Transform::<init> (17 bytes)
Event: 1.541 Thread 0x000001a1782c8000 nmethod 1971 0x000001a15c215810 code [0x000001a15c2159e0, 0x000001a15c215dd8]
Event: 1.554 Thread 0x000001a1782c8000 1972       3       jdk.internal.misc.Unsafe::getAndAddInt (27 bytes)
Event: 1.555 Thread 0x000001a1782c8000 nmethod 1972 0x000001a15c215f10 code [0x000001a15c2160c0, 0x000001a15c2162f8]
Event: 1.555 Thread 0x000001a1782c8000 1974       3       jdk.internal.misc.Unsafe::weakCompareAndSetInt (11 bytes)
Event: 1.555 Thread 0x000001a1782c8000 nmethod 1974 0x000001a15c216410 code [0x000001a15c2165c0, 0x000001a15c2166d8]
Event: 1.556 Thread 0x000001a178d1a800 1975       4       java.security.CodeSource::getCertificates (98 bytes)
Event: 1.556 Thread 0x000001a178d1a800 nmethod 1975 0x000001a163470210 code [0x000001a1634703a0, 0x000001a163470438]

GC Heap History (4 events):
Event: 0.508 GC heap before
{Heap before GC invocations=0 (full 0):
 garbage-first heap   total 260096K, used 27648K [0x0000000702000000, 0x0000000800000000)
  region size 1024K, 24 young (24576K), 0 survivors (0K)
 Metaspace       used 12366K, capacity 12504K, committed 12800K, reserved 1060864K
  class space    used 1150K, capacity 1207K, committed 1280K, reserved 1048576K
}
Event: 0.511 GC heap after
{Heap after GC invocations=1 (full 0):
 garbage-first heap   total 260096K, used 5886K [0x0000000702000000, 0x0000000800000000)
  region size 1024K, 3 young (3072K), 3 survivors (3072K)
 Metaspace       used 12366K, capacity 12504K, committed 12800K, reserved 1060864K
  class space    used 1150K, capacity 1207K, committed 1280K, reserved 1048576K
}
Event: 1.118 GC heap before
{Heap before GC invocations=1 (full 0):
 garbage-first heap   total 260096K, used 41726K [0x0000000702000000, 0x0000000800000000)
  region size 1024K, 39 young (39936K), 3 survivors (3072K)
 Metaspace       used 20917K, capacity 21054K, committed 21248K, reserved 1069056K
  class space    used 2215K, capacity 2280K, committed 2304K, reserved 1048576K
}
Event: 1.126 GC heap after
{Heap after GC invocations=2 (full 0):
 garbage-first heap   total 260096K, used 9197K [0x0000000702000000, 0x0000000800000000)
  region size 1024K, 6 young (6144K), 6 survivors (6144K)
 Metaspace       used 20917K, capacity 21054K, committed 21248K, reserved 1069056K
  class space    used 2215K, capacity 2280K, committed 2304K, reserved 1048576K
}

Deoptimization events (20 events):
Event: 1.344 Thread 0x000001a15195a800 Uncommon trap: trap_request=0xffffff4d fr.pc=0x000001a1633c1378 relative=0x0000000000000058
Event: 1.344 Thread 0x000001a15195a800 Uncommon trap: reason=unstable_if action=reinterpret pc=0x000001a1633c1378 method=java.lang.String.isLatin1()Z @ 10 c2
Event: 1.344 Thread 0x000001a15195a800 DEOPT PACKING pc=0x000001a1633c1378 sp=0x0000000a4d2fd4e0
Event: 1.344 Thread 0x000001a15195a800 DEOPT UNPACKING pc=0x000001a15b93a1af sp=0x0000000a4d2fd470 mode 2
Event: 1.344 Thread 0x000001a15195a800 Uncommon trap: trap_request=0xffffffde fr.pc=0x000001a1634491ac relative=0x00000000000014ec
Event: 1.344 Thread 0x000001a15195a800 Uncommon trap: reason=class_check action=maybe_recompile pc=0x000001a1634491ac method=java.util.zip.InflaterInputStream.read([BII)I @ 100 c2
Event: 1.344 Thread 0x000001a15195a800 DEOPT PACKING pc=0x000001a1634491ac sp=0x0000000a4d2fe8a0
Event: 1.344 Thread 0x000001a15195a800 DEOPT UNPACKING pc=0x000001a15b93a1af sp=0x0000000a4d2fe900 mode 2
Event: 1.421 Thread 0x000001a15195a800 Uncommon trap: trap_request=0xffffff4d fr.pc=0x000001a163440a94 relative=0x00000000000005d4
Event: 1.421 Thread 0x000001a15195a800 Uncommon trap: reason=unstable_if action=reinterpret pc=0x000001a163440a94 method=java.lang.Integer.getChars(II[B)I @ 25 c2
Event: 1.421 Thread 0x000001a15195a800 DEOPT PACKING pc=0x000001a163440a94 sp=0x0000000a4d2fe930
Event: 1.421 Thread 0x000001a15195a800 DEOPT UNPACKING pc=0x000001a15b93a1af sp=0x0000000a4d2fe820 mode 2
Event: 1.452 Thread 0x000001a15195a800 Uncommon trap: trap_request=0xffffffcc fr.pc=0x000001a16346776c relative=0x00000000000001ac
Event: 1.452 Thread 0x000001a15195a800 Uncommon trap: reason=intrinsic_or_type_checked_inlining action=make_not_entrant pc=0x000001a16346776c method=java.util.Arrays.copyOf([Ljava/lang/Object;ILjava/lang/Class;)[Ljava/lang/Object; @ 35 c2
Event: 1.452 Thread 0x000001a15195a800 DEOPT PACKING pc=0x000001a16346776c sp=0x0000000a4d2fdc60
Event: 1.452 Thread 0x000001a15195a800 DEOPT UNPACKING pc=0x000001a15b93a1af sp=0x0000000a4d2fdc08 mode 2
Event: 1.528 Thread 0x000001a15195a800 Uncommon trap: trap_request=0xffffff4d fr.pc=0x000001a1634270b8 relative=0x0000000000000198
Event: 1.528 Thread 0x000001a15195a800 Uncommon trap: reason=unstable_if action=reinterpret pc=0x000001a1634270b8 method=java.lang.String.startsWith(Ljava/lang/String;I)Z @ 1 c2
Event: 1.528 Thread 0x000001a15195a800 DEOPT PACKING pc=0x000001a1634270b8 sp=0x0000000a4d2fe160
Event: 1.528 Thread 0x000001a15195a800 DEOPT UNPACKING pc=0x000001a15b93a1af sp=0x0000000a4d2fe0d0 mode 2

Classes redefined (0 events):
No events

Internal exceptions (20 events):
Event: 0.974 Thread 0x000001a15195a800 Exception <a 'java/lang/NoSuchMethodError'{0x00000007101778f8}: 'int java.lang.invoke.DirectMethodHandle$Holder.invokeSpecialIFC(java.lang.Object, java.lang.Object, int)'> (0x00000007101778f8) thrown at [./src/hotspot/share/interpreter/linkResolver.cpp, line 773]
Event: 1.077 Thread 0x000001a15195a800 Exception <a 'java/lang/NoSuchMethodError'{0x000000070fac7ca8}: 'java.lang.Object java.lang.invoke.DirectMethodHandle$Holder.invokeStaticInit(java.lang.Object, int)'> (0x000000070fac7ca8) thrown at [./src/hotspot/share/interpreter/linkResolver.cpp, line 773]
Event: 1.104 Thread 0x000001a15195a800 Exception <a 'java/lang/NoSuchMethodError'{0x000000070f8a0250}: 'long java.lang.invoke.DirectMethodHandle$Holder.invokeStatic(java.lang.Object)'> (0x000000070f8a0250) thrown at [./src/hotspot/share/interpreter/linkResolver.cpp, line 773]
Event: 1.104 Thread 0x000001a15195a800 Exception <a 'java/lang/NoSuchMethodError'{0x000000070f8a30a8}: 'long java.lang.invoke.DirectMethodHandle$Holder.invokeStaticInit(java.lang.Object)'> (0x000000070f8a30a8) thrown at [./src/hotspot/share/interpreter/linkResolver.cpp, line 773]
Event: 1.163 Thread 0x000001a15195a800 Exception <a 'java/lang/NoSuchMethodError'{0x0000000711a339d8}: 'int java.lang.invoke.DirectMethodHandle$Holder.invokeStaticInit(java.lang.Object, java.lang.Object, java.lang.Object)'> (0x0000000711a339d8) thrown at [./src/hotspot/share/interpreter/linkResolver.cpp, line 773]
Event: 1.167 Thread 0x000001a15195a800 Exception <a 'java/lang/NoSuchMethodError'{0x0000000711a5f278}: 'int java.lang.invoke.DirectMethodHandle$Holder.invokeStaticInit(java.lang.Object, java.lang.Object)'> (0x0000000711a5f278) thrown at [./src/hotspot/share/interpreter/linkResolver.cpp, line 773]
Event: 1.206 Thread 0x000001a15195a800 Exception <a 'java/lang/NoSuchMethodError'{0x00000007118756c0}: 'void java.lang.invoke.DirectMethodHandle$Holder.invokeSpecial(java.lang.Object, java.lang.Object)'> (0x00000007118756c0) thrown at [./src/hotspot/share/interpreter/linkResolver.cpp, line 773]
Event: 1.357 Thread 0x000001a15195a800 Exception <a 'java/lang/NoSuchMethodError'{0x000000071105d518}: 'java.lang.Object java.lang.invoke.DirectMethodHandle$Holder.invokeStatic(java.lang.Object, java.lang.Object, java.lang.Object, java.lang.Object, java.lang.Object, java.lang.Object, java.lang.Object, java.lang.Object, java.lang.Object, java.lang.Object, java.lang.Object, java.lang.Object, java.lang.Object, java.lang.Object, java.lang.Object)'> (0x000000071105d518) thrown at [./src/hotspot/share/interpreter/linkResolver.cpp, line 773]
Event: 1.358 Thread 0x000001a15195a800 Exception <a 'java/lang/NoSuchMethodError'{0x000000071106b520}: 'java.lang.Object java.lang.invoke.DirectMethodHandle$Holder.invokeStatic(java.lang.Object, java.lang.Object, java.lang.Object, java.lang.Object, java.lang.Object, java.lang.Object, java.lang.Object, java.lang.Object, java.lang.Object, java.lang.Object, java.lang.Object, java.lang.Object, java.lang.Object, java.lang.Object, java.lang.Object, java.lang.Object)'> (0x000000071106b520) thrown at [./src/hotspot/share/interpreter/linkResolver.cpp, l
Event: 1.359 Thread 0x000001a15195a800 Exception <a 'java/lang/NoSuchMethodError'{0x0000000711079438}: 'java.lang.Object java.lang.invoke.DirectMethodHandle$Holder.invokeSpecial(java.lang.Object, java.lang.Object, int, int, java.lang.Object, java.lang.Object, java.lang.Object)'> (0x0000000711079438) thrown at [./src/hotspot/share/interpreter/linkResolver.cpp, line 773]
Event: 1.359 Thread 0x000001a15195a800 Exception <a 'java/lang/NoSuchMethodError'{0x000000071107cc70}: 'java.lang.Object java.lang.invoke.DelegatingMethodHandle$Holder.reinvoke_L(java.lang.Object, int, int, java.lang.Object, java.lang.Object, java.lang.Object)'> (0x000000071107cc70) thrown at [./src/hotspot/share/interpreter/linkResolver.cpp, line 773]
Event: 1.360 Thread 0x000001a15195a800 Exception <a 'java/lang/NoSuchMethodError'{0x0000000711081258}: 'java.lang.Object java.lang.invoke.DirectMethodHandle$Holder.invokeStatic(java.lang.Object, java.lang.Object, java.lang.Object, java.lang.Object, int)'> (0x0000000711081258) thrown at [./src/hotspot/share/interpreter/linkResolver.cpp, line 773]
Event: 1.420 Thread 0x000001a15195a800 Exception <a 'sun/nio/fs/WindowsException'{0x0000000710fc19a8}> (0x0000000710fc19a8) thrown at [./src/hotspot/share/prims/jni.cpp, line 617]
Event: 1.420 Thread 0x000001a15195a800 Exception <a 'sun/nio/fs/WindowsException'{0x0000000710fc2220}> (0x0000000710fc2220) thrown at [./src/hotspot/share/prims/jni.cpp, line 617]
Event: 1.420 Thread 0x000001a15195a800 Exception <a 'sun/nio/fs/WindowsException'{0x0000000710fc2aa8}> (0x0000000710fc2aa8) thrown at [./src/hotspot/share/prims/jni.cpp, line 617]
Event: 1.421 Thread 0x000001a15195a800 Exception <a 'sun/nio/fs/WindowsException'{0x0000000710fc3490}> (0x0000000710fc3490) thrown at [./src/hotspot/share/prims/jni.cpp, line 617]
Event: 1.421 Thread 0x000001a15195a800 Exception <a 'sun/nio/fs/WindowsException'{0x0000000710fc3d78}> (0x0000000710fc3d78) thrown at [./src/hotspot/share/prims/jni.cpp, line 617]
Event: 1.421 Thread 0x000001a15195a800 Exception <a 'sun/nio/fs/WindowsException'{0x0000000710fc46b0}> (0x0000000710fc46b0) thrown at [./src/hotspot/share/prims/jni.cpp, line 617]
Event: 1.423 Thread 0x000001a15195a800 Exception <a 'java/lang/NoSuchMethodError'{0x0000000710fcae70}: 'void java.lang.invoke.DirectMethodHandle$Holder.invokeStatic(java.lang.Object, java.lang.Object, java.lang.Object, java.lang.Object)'> (0x0000000710fcae70) thrown at [./src/hotspot/share/interpreter/linkResolver.cpp, line 773]
Event: 1.504 Thread 0x000001a15195a800 Exception <a 'java/lang/NoSuchMethodError'{0x0000000710bac210}: 'void java.lang.invoke.DirectMethodHandle$Holder.invokeStaticInit(java.lang.Object, java.lang.Object)'> (0x0000000710bac210) thrown at [./src/hotspot/share/interpreter/linkResolver.cpp, line 773]

Events (20 events):
Event: 1.573 loading class org/jetbrains/kotlin/resolve/extensions/SyntheticResolveExtension$Companion
Event: 1.573 loading class org/jetbrains/kotlin/resolve/extensions/SyntheticResolveExtension$Companion done
Event: 1.573 loading class org/jetbrains/kotlin/resolve/jvm/extensions/SyntheticJavaResolveExtension
Event: 1.573 loading class org/jetbrains/kotlin/resolve/jvm/extensions/SyntheticJavaResolveExtension done
Event: 1.573 loading class org/jetbrains/kotlin/resolve/jvm/extensions/SyntheticJavaResolveExtension$Companion
Event: 1.573 loading class org/jetbrains/kotlin/resolve/jvm/extensions/SyntheticJavaResolveExtension$Companion done
Event: 1.573 loading class org/jetbrains/kotlin/codegen/extensions/ClassBuilderInterceptorExtension
Event: 1.573 loading class org/jetbrains/kotlin/codegen/extensions/ClassBuilderInterceptorExtension done
Event: 1.573 loading class org/jetbrains/kotlin/codegen/extensions/ClassBuilderInterceptorExtension$Companion
Event: 1.573 loading class org/jetbrains/kotlin/codegen/extensions/ClassBuilderInterceptorExtension$Companion done
Event: 1.574 loading class org/jetbrains/kotlin/codegen/extensions/ClassFileFactoryFinalizerExtension
Event: 1.574 loading class org/jetbrains/kotlin/codegen/extensions/ClassFileFactoryFinalizerExtension done
Event: 1.574 loading class org/jetbrains/kotlin/codegen/extensions/ClassFileFactoryFinalizerExtension$Companion
Event: 1.574 loading class org/jetbrains/kotlin/codegen/extensions/ClassFileFactoryFinalizerExtension$Companion done
Event: 1.574 loading class org/jetbrains/kotlin/resolve/jvm/extensions/AnalysisHandlerExtension
Event: 1.574 loading class org/jetbrains/kotlin/resolve/jvm/extensions/AnalysisHandlerExtension done
Event: 1.574 loading class org/jetbrains/kotlin/resolve/extensions/AnalysisHandlerExtension
Event: 1.574 loading class org/jetbrains/kotlin/resolve/extensions/AnalysisHandlerExtension done
Event: 1.574 loading class org/jetbrains/kotlin/resolve/jvm/extensions/AnalysisHandlerExtension$Companion
Event: 1.574 loading class org/jetbrains/kotlin/resolve/jvm/extensions/AnalysisHandlerExtension$Companion done


Dynamic libraries:
0x00007ff7d2250000 - 0x00007ff7d225d000 	C:\Program Files\Microsoft\jdk-11.0.18.10-hotspot\bin\java.exe
0x00007ffca6ff0000 - 0x00007ffca71e8000 	C:\WINDOWS\SYSTEM32\ntdll.dll
0x00007ffca5220000 - 0x00007ffca52df000 	C:\WINDOWS\System32\KERNEL32.DLL
0x00007ffca47f0000 - 0x00007ffca4ac2000 	C:\WINDOWS\System32\KERNELBASE.dll
0x00007ffca4bf0000 - 0x00007ffca4cf0000 	C:\WINDOWS\System32\ucrtbase.dll
0x00007ffc9c240000 - 0x00007ffc9c257000 	C:\Program Files\Microsoft\jdk-11.0.18.10-hotspot\bin\jli.dll
0x00007ffc9c180000 - 0x00007ffc9c195000 	C:\Program Files\Microsoft\jdk-11.0.18.10-hotspot\bin\VCRUNTIME140.dll
0x00007ffca6cc0000 - 0x00007ffca6e61000 	C:\WINDOWS\System32\USER32.dll
0x00007ffca4bc0000 - 0x00007ffca4be2000 	C:\WINDOWS\System32\win32u.dll
0x00007ffca3af0000 - 0x00007ffca3d8a000 	C:\WINDOWS\WinSxS\amd64_microsoft.windows.common-controls_6595b64144ccf1df_6.0.19041.1110_none_60b5254171f9507e\COMCTL32.dll
0x00007ffca6560000 - 0x00007ffca658b000 	C:\WINDOWS\System32\GDI32.dll
0x00007ffca6050000 - 0x00007ffca60ee000 	C:\WINDOWS\System32\msvcrt.dll
0x00007ffca4da0000 - 0x00007ffca4eaf000 	C:\WINDOWS\System32\gdi32full.dll
0x00007ffca4ad0000 - 0x00007ffca4b6d000 	C:\WINDOWS\System32\msvcp_win.dll
0x00007ffca6f00000 - 0x00007ffca6f30000 	C:\WINDOWS\System32\IMM32.DLL
0x00007ffc646f0000 - 0x00007ffc6478b000 	C:\Program Files\Microsoft\jdk-11.0.18.10-hotspot\bin\msvcp140.dll
0x00007ffc030b0000 - 0x00007ffc03c42000 	C:\Program Files\Microsoft\jdk-11.0.18.10-hotspot\bin\server\jvm.dll
0x00007ffca64a0000 - 0x00007ffca654e000 	C:\WINDOWS\System32\ADVAPI32.dll
0x00007ffca60f0000 - 0x00007ffca618c000 	C:\WINDOWS\System32\sechost.dll
0x00007ffca5040000 - 0x00007ffca5164000 	C:\WINDOWS\System32\RPCRT4.dll
0x00007ffca65f0000 - 0x00007ffca65f8000 	C:\WINDOWS\System32\PSAPI.DLL
0x00007ffc9b7c0000 - 0x00007ffc9b7c9000 	C:\WINDOWS\SYSTEM32\WSOCK32.dll
0x00007ffc9c360000 - 0x00007ffc9c36a000 	C:\WINDOWS\SYSTEM32\VERSION.dll
0x00007ffc8ede0000 - 0x00007ffc8ee07000 	C:\WINDOWS\SYSTEM32\WINMM.dll
0x00007ffca5c20000 - 0x00007ffca5c8b000 	C:\WINDOWS\System32\WS2_32.dll
0x00007ffca28d0000 - 0x00007ffca28e2000 	C:\WINDOWS\SYSTEM32\kernel.appcore.dll
0x00007ffc9c230000 - 0x00007ffc9c240000 	C:\Program Files\Microsoft\jdk-11.0.18.10-hotspot\bin\verify.dll
0x00007ffca40a0000 - 0x00007ffca4284000 	C:\WINDOWS\SYSTEM32\DBGHELP.DLL
0x00007ffca3ec0000 - 0x00007ffca3ef5000 	C:\WINDOWS\SYSTEM32\dbgcore.DLL
0x00007ffca4760000 - 0x00007ffca47e2000 	C:\WINDOWS\System32\bcryptPrimitives.dll
0x00007ffc75bf0000 - 0x00007ffc75c18000 	C:\Program Files\Microsoft\jdk-11.0.18.10-hotspot\bin\java.dll
0x00007ffc9c170000 - 0x00007ffc9c17a000 	C:\Program Files\Microsoft\jdk-11.0.18.10-hotspot\bin\jimage.dll
0x00007ffc768d0000 - 0x00007ffc768e8000 	C:\Program Files\Microsoft\jdk-11.0.18.10-hotspot\bin\zip.dll
0x00007ffca5420000 - 0x00007ffca5b65000 	C:\WINDOWS\System32\SHELL32.dll
0x00007ffca2120000 - 0x00007ffca28b2000 	C:\WINDOWS\SYSTEM32\windows.storage.dll
0x00007ffca5cf0000 - 0x00007ffca6045000 	C:\WINDOWS\System32\combase.dll
0x00007ffca3a50000 - 0x00007ffca3a80000 	C:\WINDOWS\SYSTEM32\Wldp.dll
0x00007ffca5170000 - 0x00007ffca521d000 	C:\WINDOWS\System32\SHCORE.dll
0x00007ffca5c90000 - 0x00007ffca5ce5000 	C:\WINDOWS\System32\shlwapi.dll
0x00007ffca4630000 - 0x00007ffca464f000 	C:\WINDOWS\SYSTEM32\profapi.dll
0x00007ffc74970000 - 0x00007ffc74989000 	C:\Program Files\Microsoft\jdk-11.0.18.10-hotspot\bin\net.dll
0x00007ffc996c0000 - 0x00007ffc997ca000 	C:\WINDOWS\SYSTEM32\WINHTTP.dll
0x00007ffca3920000 - 0x00007ffca398a000 	C:\WINDOWS\system32\mswsock.dll
0x00007ffc74950000 - 0x00007ffc74963000 	C:\Program Files\Microsoft\jdk-11.0.18.10-hotspot\bin\nio.dll

dbghelp: loaded successfully - version: 4.0.5 - missing functions: none
symbol engine: initialized successfully - sym options: 0x614 - pdb path: .;C:\Program Files\Microsoft\jdk-11.0.18.10-hotspot\bin;C:\WINDOWS\SYSTEM32;C:\WINDOWS\WinSxS\amd64_microsoft.windows.common-controls_6595b64144ccf1df_6.0.19041.1110_none_60b5254171f9507e;C:\Program Files\Microsoft\jdk-11.0.18.10-hotspot\bin\server

VM Arguments:
java_command: org.jetbrains.kotlin.cli.jvm.K2JVMCompiler @C:\Users\Juan\Desktop\React\appNaranja\node_modules\react-native-gesture-handler\android\build\20230409_4505802226352165343.compiler.options
java_class_path (initial): C:\Users\Juan\.gradle\caches\modules-2\files-2.1\org.jetbrains.kotlin\kotlin-compiler-embeddable\1.6.21\97bdd5a752ce73b58ef16c17bc7f0ea2faff7a2e\kotlin-compiler-embeddable-1.6.21.jar;C:\Users\Juan\.gradle\caches\modules-2\files-2.1\org.jetbrains.kotlin\kotlin-reflect\1.6.21\5dc3574d9b7bebfcb4ec6b10ada4aaa9e140bd0b\kotlin-reflect-1.6.21.jar;C:\Users\Juan\.gradle\caches\modules-2\files-2.1\org.jetbrains.kotlin\kotlin-stdlib\1.6.21\11ef67f1900634fd951bad28c53ec957fabbe5b8\kotlin-stdlib-1.6.21.jar;C:\Users\Juan\.gradle\caches\modules-2\files-2.1\org.jetbrains.kotlin\kotlin-script-runtime\1.6.21\99c6675100da5d6d5b1c5a1032f27f28008d101b\kotlin-script-runtime-1.6.21.jar;C:\Users\Juan\.gradle\caches\modules-2\files-2.1\org.jetbrains.kotlin\kotlin-daemon-embeddable\1.6.21\46b78cf392e1c4f10854c3cadba44abb7b82250f\kotlin-daemon-embeddable-1.6.21.jar;C:\Users\Juan\.gradle\caches\modules-2\files-2.1\org.jetbrains.intellij.deps\trove4j\1.0.20200330\3afb14d5f9ceb459d724e907a21145e8ff394f02\trove4j-1.0.20200330.jar;C:\Users\Juan\.gradle\caches\modules-2\files-2.1\net.java.dev.jna\jna\5.6.0\330f2244e9030119ab3030fc3fededc86713d9cc\jna-5.6.0.jar;C:\Users\Juan\.gradle\caches\modules-2\files-2.1\org.jetbrains.kotlin\kotlin-stdlib-common\1.6.21\5e5b55c26dbc80372a920aef60eb774b714559b8\kotlin-stdlib-common-1.6.21.jar;C:\Users\Juan\.gradle\caches\modules-2\files-2.1\org.jetbrains\annotations\13.0\919f0dfe192fb4e063e7dacadee7f8bb9a2672a9\annotations-13.0.jar
Launcher Type: SUN_STANDARD

[Global flags]
     intx CICompilerCount                          = 4                                         {product} {ergonomic}
     uint ConcGCThreads                            = 3                                         {product} {ergonomic}
     uint G1ConcRefinementThreads                  = 10                                        {product} {ergonomic}
   size_t G1HeapRegionSize                         = 1048576                                   {product} {ergonomic}
    uintx GCDrainStackTargetSize                   = 64                                        {product} {ergonomic}
   size_t InitialHeapSize                          = 266338304                                 {product} {ergonomic}
   size_t MarkStackSize                            = 4194304                                   {product} {ergonomic}
   size_t MaxHeapSize                              = 4261412864                                {product} {ergonomic}
   size_t MaxNewSize                               = 2556428288                                {product} {ergonomic}
   size_t MinHeapDeltaBytes                        = 1048576                                   {product} {ergonomic}
    uintx NonNMethodCodeHeapSize                   = 5836300                                {pd product} {ergonomic}
    uintx NonProfiledCodeHeapSize                  = 122910970                              {pd product} {ergonomic}
    uintx ProfiledCodeHeapSize                     = 122910970                              {pd product} {ergonomic}
    uintx ReservedCodeCacheSize                    = 251658240                              {pd product} {ergonomic}
     bool SegmentedCodeCache                       = true                                      {product} {ergonomic}
     bool UseCompressedClassPointers               = true                                 {lp64_product} {ergonomic}
     bool UseCompressedOops                        = true                                 {lp64_product} {ergonomic}
     bool UseG1GC                                  = true                                      {product} {ergonomic}
     bool UseLargePagesIndividualAllocation        = false                                  {pd product} {ergonomic}

Logging:
Log output configuration:
 #0: stdout all=warning uptime,level,tags
 #1: stderr all=off uptime,level,tags

Environment Variables:
JAVA_HOME=C:\Program Files\Microsoft\jdk-11.0.18.10-hotspot\
CLASSPATH=C:\Users\Juan\Desktop\React\appNaranja\android\\gradle\wrapper\gradle-wrapper.jar
PATH=C:\Users\Juan\Desktop\React\appNaranja\android\node_modules\.bin;C:\Users\Juan\Desktop\React\appNaranja\node_modules\.bin;C:\Users\Juan\Desktop\React\node_modules\.bin;C:\Users\Juan\Desktop\node_modules\.bin;C:\Users\Juan\node_modules\.bin;C:\Users\node_modules\.bin;C:\node_modules\.bin;C:\Program Files\nodejs;C:\Users\Juan\Desktop\React\appNaranja\node_modules\.bin;C:\Users\Juan\Desktop\React\appNaranja\node_modules\.bin;C:\Users\Juan\Desktop\React\node_modules\.bin;C:\Users\Juan\Desktop\node_modules\.bin;C:\Users\Juan\node_modules\.bin;C:\Users\node_modules\.bin;C:\node_modules\.bin;C:\Program Files\nodejs\node_modules\npm\node_modules\@npmcli\run-script\lib\node-gyp-bin;C:\Users\Juan\Desktop\React\appNaranja\node_modules\.bin;C:\Users\Juan\Desktop\React\node_modules\.bin;C:\Users\Juan\Desktop\node_modules\.bin;C:\Users\Juan\node_modules\.bin;C:\Users\node_modules\.bin;C:\node_modules\.bin;C:\Program Files\nodejs;C:\Users\Juan\Desktop\React\appNaranja\node_modules\.bin;C:\Users\Juan\Desktop\React\node_modules\.bin;C:\Users\Juan\Desktop\node_modules\.bin;C:\Users\Juan\node_modules\.bin;C:\Users\node_modules\.bin;C:\node_modules\.bin;C:\Program Files\nodejs\node_modules\npm\node_modules\@npmcli\run-script\lib\node-gyp-bin;C:\Program Files\Microsoft\jdk-11.0.18.10-hotspot\bin;C:\Python310\Scripts\;C:\Python310\;C:\Program Files\Microsoft\jdk-11.0.12.7-hotspot\bin;C:\WINDOWS\system32;C:\WINDOWS;C:\WINDOWS\System32\Wbem;C:\WINDOWS\System32\WindowsPowerShell\v1.0\;C:\WINDOWS\System32\OpenSSH\;C:\Program Files\Microsoft SQL Server\150\Tools\Binn\;C:\Program Files\Microsoft SQL Server\Client SDK\ODBC\170\Tools\Binn\;C:\Program Files\dotnet\;C:\Program Files (x86)\Microsoft SQL Server\150\Tools\Binn\;C:\Program Files\Microsoft SQL Server\150\DTS\Binn\;C:\Program Files (x86)\Microsoft SQL Server\150\DTS\Binn\;C:\Program Files\Azure Data Studio\bin;C:\ProgramData\chocolatey\bin;C:\Program Files\PostgreSQL\10\bin;C:\php;C:\Program Files\MySQL\MySQL Server 8.0\bin;C:\Program
USERNAME=Noemi
LANG=es_ES.UTF-8
OS=Windows_NT
PROCESSOR_IDENTIFIER=Intel64 Family 6 Model 158 Stepping 10, GenuineIntel
TMP=C:\Users\Juan\AppData\Local\Temp
TEMP=C:\Users\Juan\AppData\Local\Temp



---------------  S Y S T E M  ---------------

OS: Windows 10 , 64 bit Build 19041 (10.0.19041.2546)
OS uptime: 0 days 1:34 hours

CPU:total 12 (initial active 12) (6 cores per cpu, 2 threads per core) family 6 model 158 stepping 10 microcode 0xb4, cmov, cx8, fxsr, mmx, sse, sse2, sse3, ssse3, sse4.1, sse4.2, popcnt, avx, avx2, aes, clmul, erms, 3dnowpref, lzcnt, ht, tsc, tscinvbit, bmi1, bmi2, adx, fma

Memory: 4k page, system-wide physical 16255M (3554M free)
TotalPageFile size 18303M (AvailPageFile size 5M)
current process WorkingSet (physical memory assigned to process): 143M, peak: 143M
current process commit charge ("private bytes"): 392M, peak: 393M

vm_info: OpenJDK 64-Bit Server VM (11.0.18+10-LTS) for windows-amd64 JRE (11.0.18+10-LTS), built on Jan 18 2023 15:56:47 by "MicrosoftCorporation" with MS VC++ 15.9 (VS2017)

END.
