#
# There is insufficient memory for the Java Runtime Environment to continue.
# Native memory allocation (mmap) failed to map 266338304 bytes for Failed to commit area from 0x0000000702000000 to 0x0000000711e00000 of length 266338304.
# Possible reasons:
#   The system is out of physical RAM or swap space
#   The process is running with CompressedOops enabled, and the Java Heap may be blocking the growth of the native heap
# Possible solutions:
#   Reduce memory load on the system
#   Increase physical memory or swap space
#   Check if swap backing store is full
#   Decrease Java heap size (-Xmx/-Xms)
#   Decrease number of Java threads
#   Decrease Java thread stack sizes (-Xss)
#   Set larger code cache with -XX:ReservedCodeCacheSize=
# This output file may be truncated or incomplete.
#
#  Out of Memory Error (./src/hotspot/os/windows/os_windows.cpp:3386), pid=8200, tid=17676
#
# JRE version:  (11.0.18+10) (build )
# Java VM: OpenJDK 64-Bit Server VM (11.0.18+10-LTS, mixed mode, sharing, tiered, compressed oops, g1 gc, windows-amd64)
# No core dump will be written. Minidumps are not enabled by default on client versions of Windows
#

---------------  S U M M A R Y ------------

Command Line: org.jetbrains.kotlin.cli.jvm.K2JVMCompiler @C:\Users\Juan\Desktop\React\appNaranja\node_modules\react-native-gesture-handler\android\build\20230422_17837592174825080997.compiler.options

Host: Intel(R) Core(TM) i7-8750H CPU @ 2.20GHz, 12 cores, 15G,  Windows 10 , 64 bit Build 19041 (10.0.19041.2788)
Time: Sat Apr 22 12:45:18 2023 Hora estándar central (México) elapsed time: 0.013404 seconds (0d 0h 0m 0s)

---------------  T H R E A D  ---------------

Current thread (0x000002195c4a4000):  JavaThread "Unknown thread" [_thread_in_vm, id=17676, stack(0x0000006422400000,0x0000006422500000)]

Stack: [0x0000006422400000,0x0000006422500000]
Native frames: (J=compiled Java code, j=interpreted, Vv=VM code, C=native code)
V  [jvm.dll+0x62bf8a]
V  [jvm.dll+0x7b8fb9]
V  [jvm.dll+0x7ba6a8]
V  [jvm.dll+0x7bad83]
V  [jvm.dll+0x250248]
V  [jvm.dll+0x62929a]
V  [jvm.dll+0x61d855]
V  [jvm.dll+0x30c32c]
V  [jvm.dll+0x30c1b2]
V  [jvm.dll+0x310ec6]
V  [jvm.dll+0x356f0f]
V  [jvm.dll+0x356940]
V  [jvm.dll+0x2e9348]
V  [jvm.dll+0x2ea4a6]
V  [jvm.dll+0x792e07]
V  [jvm.dll+0x79458f]
V  [jvm.dll+0x363c69]
V  [jvm.dll+0x775d70]
V  [jvm.dll+0x3d297f]
V  [jvm.dll+0x3d4d11]
C  [jli.dll+0x5207]
C  [ucrtbase.dll+0x21bb2]
C  [KERNEL32.DLL+0x17604]
C  [ntdll.dll+0x526a1]


---------------  P R O C E S S  ---------------

Threads class SMR info:
_java_thread_list=0x000002195a2662b0, length=0, elements={
}

Java Threads: ( => current thread )

Other Threads:
  0x000002195c4bc000 GCTaskThread "GC Thread#0" [stack: 0x0000006422500000,0x0000006422600000] [id=13880]
  0x000002195c51a000 ConcurrentGCThread "G1 Main Marker" [stack: 0x0000006422600000,0x0000006422700000] [id=17628]
  0x000002195c51d800 ConcurrentGCThread "G1 Conc#0" [stack: 0x0000006422700000,0x0000006422800000] [id=19068]

[error occurred during error reporting (printing all threads), id 0xc0000005, EXCEPTION_ACCESS_VIOLATION (0xc0000005) at pc=0x00007ffd465e8b17]

VM state:not at safepoint (not fully initialized)

VM Mutex/Monitor currently owned by a thread:  ([mutex/lock_event])
[0x000002195c4a1050] Heap_lock - owner thread: 0x000002195c4a4000

Heap address: 0x0000000702000000, size: 4064 MB, Compressed Oops mode: Non-zero based: 0x0000000702000000
Narrow klass base: 0x0000000000000000, Narrow klass shift: 0

GC Heap History (0 events):
No events

Deoptimization events (0 events):
No events

Classes redefined (0 events):
No events

Internal exceptions (0 events):
No events

Events (1 events):
Event: 0.008 Loaded shared library C:\Program Files\Microsoft\jdk-11.0.18.10-hotspot\bin\zip.dll


Dynamic libraries:
0x00007ff73e560000 - 0x00007ff73e56d000 	C:\Program Files\Microsoft\jdk-11.0.18.10-hotspot\bin\java.exe
0x00007ffdf30b0000 - 0x00007ffdf32a8000 	C:\WINDOWS\SYSTEM32\ntdll.dll
0x00007ffdf22a0000 - 0x00007ffdf235f000 	C:\WINDOWS\System32\KERNEL32.DLL
0x00007ffdf08c0000 - 0x00007ffdf0b9a000 	C:\WINDOWS\System32\KERNELBASE.dll
0x00007ffdf0ca0000 - 0x00007ffdf0da0000 	C:\WINDOWS\System32\ucrtbase.dll
0x00007ffda2110000 - 0x00007ffda2125000 	C:\Program Files\Microsoft\jdk-11.0.18.10-hotspot\bin\VCRUNTIME140.dll
0x00007ffdac7c0000 - 0x00007ffdac7d7000 	C:\Program Files\Microsoft\jdk-11.0.18.10-hotspot\bin\jli.dll
0x00007ffdf1710000 - 0x00007ffdf18ad000 	C:\WINDOWS\System32\USER32.dll
0x00007ffdf0890000 - 0x00007ffdf08b2000 	C:\WINDOWS\System32\win32u.dll
0x00007ffddb690000 - 0x00007ffddb92a000 	C:\WINDOWS\WinSxS\amd64_microsoft.windows.common-controls_6595b64144ccf1df_6.0.19041.1110_none_60b5254171f9507e\COMCTL32.dll
0x00007ffdf1110000 - 0x00007ffdf113b000 	C:\WINDOWS\System32\GDI32.dll
0x00007ffdf2d10000 - 0x00007ffdf2dae000 	C:\WINDOWS\System32\msvcrt.dll
0x00007ffdf0ea0000 - 0x00007ffdf0fb0000 	C:\WINDOWS\System32\gdi32full.dll
0x00007ffdf07c0000 - 0x00007ffdf085d000 	C:\WINDOWS\System32\msvcp_win.dll
0x00007ffdf21b0000 - 0x00007ffdf21e0000 	C:\WINDOWS\System32\IMM32.DLL
0x00007ffd46e90000 - 0x00007ffd46f2b000 	C:\Program Files\Microsoft\jdk-11.0.18.10-hotspot\bin\msvcp140.dll
0x00007ffd462f0000 - 0x00007ffd46e82000 	C:\Program Files\Microsoft\jdk-11.0.18.10-hotspot\bin\server\jvm.dll
0x00007ffdf2e80000 - 0x00007ffdf2f2e000 	C:\WINDOWS\System32\ADVAPI32.dll
0x00007ffdf2200000 - 0x00007ffdf229c000 	C:\WINDOWS\System32\sechost.dll
0x00007ffdf2010000 - 0x00007ffdf2136000 	C:\WINDOWS\System32\RPCRT4.dll
0x00007ffdf2f30000 - 0x00007ffdf2f38000 	C:\WINDOWS\System32\PSAPI.DLL
0x00007ffdd7d30000 - 0x00007ffdd7d57000 	C:\WINDOWS\SYSTEM32\WINMM.dll
0x00007ffde82e0000 - 0x00007ffde82e9000 	C:\WINDOWS\SYSTEM32\WSOCK32.dll
0x00007ffde8cd0000 - 0x00007ffde8cda000 	C:\WINDOWS\SYSTEM32\VERSION.dll
0x00007ffdf2140000 - 0x00007ffdf21ab000 	C:\WINDOWS\System32\WS2_32.dll
0x00007ffdef010000 - 0x00007ffdef022000 	C:\WINDOWS\SYSTEM32\kernel.appcore.dll
0x00007ffde37b0000 - 0x00007ffde37c0000 	C:\Program Files\Microsoft\jdk-11.0.18.10-hotspot\bin\verify.dll
0x00007ffdee580000 - 0x00007ffdee764000 	C:\WINDOWS\SYSTEM32\DBGHELP.DLL
0x00007ffdd9a50000 - 0x00007ffdd9a84000 	C:\WINDOWS\SYSTEM32\dbgcore.DLL
0x00007ffdf0e10000 - 0x00007ffdf0e92000 	C:\WINDOWS\System32\bcryptPrimitives.dll
0x00007ffd9f290000 - 0x00007ffd9f2b8000 	C:\Program Files\Microsoft\jdk-11.0.18.10-hotspot\bin\java.dll
0x00007ffdba0b0000 - 0x00007ffdba0ba000 	C:\Program Files\Microsoft\jdk-11.0.18.10-hotspot\bin\jimage.dll
0x00007ffda0160000 - 0x00007ffda0178000 	C:\Program Files\Microsoft\jdk-11.0.18.10-hotspot\bin\zip.dll

dbghelp: loaded successfully - version: 4.0.5 - missing functions: none
symbol engine: initialized successfully - sym options: 0x614 - pdb path: .;C:\Program Files\Microsoft\jdk-11.0.18.10-hotspot\bin;C:\WINDOWS\SYSTEM32;C:\WINDOWS\WinSxS\amd64_microsoft.windows.common-controls_6595b64144ccf1df_6.0.19041.1110_none_60b5254171f9507e;C:\Program Files\Microsoft\jdk-11.0.18.10-hotspot\bin\server

VM Arguments:
java_command: org.jetbrains.kotlin.cli.jvm.K2JVMCompiler @C:\Users\Juan\Desktop\React\appNaranja\node_modules\react-native-gesture-handler\android\build\20230422_17837592174825080997.compiler.options
java_class_path (initial): C:\Users\Juan\.gradle\caches\modules-2\files-2.1\org.jetbrains.kotlin\kotlin-compiler-embeddable\1.6.21\97bdd5a752ce73b58ef16c17bc7f0ea2faff7a2e\kotlin-compiler-embeddable-1.6.21.jar;C:\Users\Juan\.gradle\caches\modules-2\files-2.1\org.jetbrains.kotlin\kotlin-reflect\1.6.21\5dc3574d9b7bebfcb4ec6b10ada4aaa9e140bd0b\kotlin-reflect-1.6.21.jar;C:\Users\Juan\.gradle\caches\modules-2\files-2.1\org.jetbrains.kotlin\kotlin-stdlib\1.6.21\11ef67f1900634fd951bad28c53ec957fabbe5b8\kotlin-stdlib-1.6.21.jar;C:\Users\Juan\.gradle\caches\modules-2\files-2.1\org.jetbrains.kotlin\kotlin-script-runtime\1.6.21\99c6675100da5d6d5b1c5a1032f27f28008d101b\kotlin-script-runtime-1.6.21.jar;C:\Users\Juan\.gradle\caches\modules-2\files-2.1\org.jetbrains.kotlin\kotlin-daemon-embeddable\1.6.21\46b78cf392e1c4f10854c3cadba44abb7b82250f\kotlin-daemon-embeddable-1.6.21.jar;C:\Users\Juan\.gradle\caches\modules-2\files-2.1\org.jetbrains.intellij.deps\trove4j\1.0.20200330\3afb14d5f9ceb459d724e907a21145e8ff394f02\trove4j-1.0.20200330.jar;C:\Users\Juan\.gradle\caches\modules-2\files-2.1\net.java.dev.jna\jna\5.6.0\330f2244e9030119ab3030fc3fededc86713d9cc\jna-5.6.0.jar;C:\Users\Juan\.gradle\caches\modules-2\files-2.1\org.jetbrains.kotlin\kotlin-stdlib-common\1.6.21\5e5b55c26dbc80372a920aef60eb774b714559b8\kotlin-stdlib-common-1.6.21.jar;C:\Users\Juan\.gradle\caches\modules-2\files-2.1\org.jetbrains\annotations\13.0\919f0dfe192fb4e063e7dacadee7f8bb9a2672a9\annotations-13.0.jar
Launcher Type: SUN_STANDARD

[Global flags]
     intx CICompilerCount                          = 4                                         {product} {ergonomic}
     uint ConcGCThreads                            = 3                                         {product} {ergonomic}
     uint G1ConcRefinementThreads                  = 10                                        {product} {ergonomic}
   size_t G1HeapRegionSize                         = 1048576                                   {product} {ergonomic}
    uintx GCDrainStackTargetSize                   = 64                                        {product} {ergonomic}
   size_t InitialHeapSize                          = 266338304                                 {product} {ergonomic}
   size_t MarkStackSize                            = 4194304                                   {product} {ergonomic}
   size_t MaxHeapSize                              = 4261412864                                {product} {ergonomic}
   size_t MinHeapDeltaBytes                        = 1048576                                   {product} {ergonomic}
    uintx NonNMethodCodeHeapSize                   = 5836300                                {pd product} {ergonomic}
    uintx NonProfiledCodeHeapSize                  = 122910970                              {pd product} {ergonomic}
    uintx ProfiledCodeHeapSize                     = 122910970                              {pd product} {ergonomic}
    uintx ReservedCodeCacheSize                    = 251658240                              {pd product} {ergonomic}
     bool SegmentedCodeCache                       = true                                      {product} {ergonomic}
     bool UseCompressedClassPointers               = true                                 {lp64_product} {ergonomic}
     bool UseCompressedOops                        = true                                 {lp64_product} {ergonomic}
     bool UseG1GC                                  = true                                      {product} {ergonomic}
     bool UseLargePagesIndividualAllocation        = false                                  {pd product} {ergonomic}

Logging:
Log output configuration:
 #0: stdout all=warning uptime,level,tags
 #1: stderr all=off uptime,level,tags

Environment Variables:
JAVA_HOME=C:\Program Files\Microsoft\jdk-11.0.18.10-hotspot\
CLASSPATH=C:\Users\Juan\Desktop\React\appNaranja\android\\gradle\wrapper\gradle-wrapper.jar
PATH=C:\Users\Juan\Desktop\React\appNaranja\android\node_modules\.bin;C:\Users\Juan\Desktop\React\appNaranja\node_modules\.bin;C:\Users\Juan\Desktop\React\node_modules\.bin;C:\Users\Juan\Desktop\node_modules\.bin;C:\Users\Juan\node_modules\.bin;C:\Users\node_modules\.bin;C:\node_modules\.bin;C:\Program Files\nodejs;C:\Users\Juan\Desktop\React\appNaranja\node_modules\.bin;C:\Users\Juan\Desktop\React\appNaranja\node_modules\.bin;C:\Users\Juan\Desktop\React\node_modules\.bin;C:\Users\Juan\Desktop\node_modules\.bin;C:\Users\Juan\node_modules\.bin;C:\Users\node_modules\.bin;C:\node_modules\.bin;C:\Program Files\nodejs\node_modules\npm\node_modules\@npmcli\run-script\lib\node-gyp-bin;C:\Program Files\Microsoft\jdk-11.0.18.10-hotspot\bin;C:\Python310\Scripts\;C:\Python310\;C:\Program Files\Microsoft\jdk-11.0.12.7-hotspot\bin;C:\WINDOWS\system32;C:\WINDOWS;C:\WINDOWS\System32\Wbem;C:\WINDOWS\System32\WindowsPowerShell\v1.0\;C:\WINDOWS\System32\OpenSSH\;C:\Program Files\Microsoft SQL Server\150\Tools\Binn\;C:\Program Files\Microsoft SQL Server\Client SDK\ODBC\170\Tools\Binn\;C:\Program Files\dotnet\;C:\Program Files (x86)\Microsoft SQL Server\150\Tools\Binn\;C:\Program Files\Microsoft SQL Server\150\DTS\Binn\;C:\Program Files (x86)\Microsoft SQL Server\150\DTS\Binn\;C:\Program Files\Azure Data Studio\bin;C:\ProgramData\chocolatey\bin;C:\Program Files\PostgreSQL\10\bin;C:\php;C:\Program Files\MySQL\MySQL Server 8.0\bin;C:\ProgramData\ComposerSetup\bin;C:\Program Files\nodejs\;C:\Users\Juan\AppData\Local\Android\Sdk\platform-tools;C:\Program Files\Git\cmd;C:\Program Files\MySQL\MySQL Shell 8.0\bin\;C:\Users\Juan\AppData\Local\Microsoft\WindowsApps;C:\Users\Juan\.dotnet\tools;C:\Program Files\Azure Data Studio\bin;C:\Users\Juan\AppData\Local\Programs\Microsoft VS Code\bin;C:\Users\Juan\AppData\Roaming\Composer\vendor\bin;C:\Users\Juan\AppData\Roaming\npm
USERNAME=Noemi
LANG=es_ES.UTF-8
OS=Windows_NT
PROCESSOR_IDENTIFIER=Intel64 Family 6 Model 158 Stepping 10, GenuineIntel
TMP=C:\Users\Juan\AppData\Local\Temp
TEMP=C:\Users\Juan\AppData\Local\Temp



---------------  S Y S T E M  ---------------

OS: Windows 10 , 64 bit Build 19041 (10.0.19041.2788)
OS uptime: 0 days 0:26 hours

CPU:total 12 (initial active 12) (6 cores per cpu, 2 threads per core) family 6 model 158 stepping 10 microcode 0xb4, cmov, cx8, fxsr, mmx, sse, sse2, sse3, ssse3, sse4.1, sse4.2, popcnt, avx, avx2, aes, clmul, erms, 3dnowpref, lzcnt, ht, tsc, tscinvbit, bmi1, bmi2, adx, fma

Memory: 4k page, system-wide physical 16255M (3388M free)
TotalPageFile size 18303M (AvailPageFile size 228M)
current process WorkingSet (physical memory assigned to process): 10M, peak: 10M
current process commit charge ("private bytes"): 64M, peak: 318M

vm_info: OpenJDK 64-Bit Server VM (11.0.18+10-LTS) for windows-amd64 JRE (11.0.18+10-LTS), built on Jan 18 2023 15:56:47 by "MicrosoftCorporation" with MS VC++ 15.9 (VS2017)

END.
