#
# There is insufficient memory for the Java Runtime Environment to continue.
# Native memory allocation (malloc) failed to allocate 32784 bytes for Chunk::new
# Possible reasons:
#   The system is out of physical RAM or swap space
#   The process is running with CompressedOops enabled, and the Java Heap may be blocking the growth of the native heap
# Possible solutions:
#   Reduce memory load on the system
#   Increase physical memory or swap space
#   Check if swap backing store is full
#   Decrease Java heap size (-Xmx/-Xms)
#   Decrease number of Java threads
#   Decrease Java thread stack sizes (-Xss)
#   Set larger code cache with -XX:ReservedCodeCacheSize=
#   JVM is running with Unscaled Compressed Oops mode in which the Java heap is
#     placed in the first 4GB address space. The Java Heap base address is the
#     maximum limit for the native heap growth. Please use -XX:HeapBaseMinAddress
#     to set the Java Heap base and to place the Java Heap above 4GB virtual address.
# This output file may be truncated or incomplete.
#
#  Out of Memory Error (./src/hotspot/share/memory/arena.cpp:197), pid=12868, tid=20128
#
# JRE version: OpenJDK Runtime Environment Microsoft-7208460 (11.0.18+10) (build 11.0.18+10-LTS)
# Java VM: OpenJDK 64-Bit Server VM Microsoft-7208460 (11.0.18+10-LTS, mixed mode, tiered, compressed oops, g1 gc, windows-amd64)
# No core dump will be written. Minidumps are not enabled by default on client versions of Windows
#

---------------  S U M M A R Y ------------

Command Line: -Xmx64m -Xms64m -Dorg.gradle.appname=gradlew org.gradle.wrapper.GradleWrapperMain app:installDebug -PreactNativeDevServerPort=8081

Host: Intel(R) Core(TM) i7-8750H CPU @ 2.20GHz, 12 cores, 15G,  Windows 10 , 64 bit Build 19041 (10.0.19041.2546)
Time: Thu Apr  6 21:03:20 2023 Hora estándar central (México) elapsed time: 0.630746 seconds (0d 0h 0m 0s)

---------------  T H R E A D  ---------------

Current thread (0x000002859b26c000):  JavaThread "C2 CompilerThread0" daemon [_thread_in_native, id=20128, stack(0x000000c6c6d00000,0x000000c6c6e00000)]


Current CompileTask:
C2:    631  470       4       java.util.HashMap::putVal (300 bytes)

Stack: [0x000000c6c6d00000,0x000000c6c6e00000]
Native frames: (J=compiled Java code, j=interpreted, Vv=VM code, C=native code)
V  [jvm.dll+0x62bf8a]
V  [jvm.dll+0x7b8fb9]
V  [jvm.dll+0x7ba6a8]
V  [jvm.dll+0x7bad83]
V  [jvm.dll+0x250248]
V  [jvm.dll+0xc260c]
V  [jvm.dll+0xc2bcc]
V  [jvm.dll+0xc271b]
V  [jvm.dll+0x60978f]
V  [jvm.dll+0x894c3]
V  [jvm.dll+0x656981]
V  [jvm.dll+0x20958c]
V  [jvm.dll+0x20850d]
V  [jvm.dll+0x18a4b1]
V  [jvm.dll+0x217eec]
V  [jvm.dll+0x21612b]
V  [jvm.dll+0x77bac0]
V  [jvm.dll+0x7749f4]
V  [jvm.dll+0x62adf5]
C  [ucrtbase.dll+0x21bb2]
C  [KERNEL32.DLL+0x17614]
C  [ntdll.dll+0x526a1]


---------------  P R O C E S S  ---------------

Threads class SMR info:
_java_thread_list=0x000002859b1f5780, length=11, elements={
0x00000285fce74000, 0x000002859b205800, 0x000002859b20e800, 0x000002859b266800,
0x000002859b26a800, 0x000002859b214800, 0x000002859b26c000, 0x000002859b275000,
0x000002859b277000, 0x000002859b213000, 0x000002859c0f2800
}

Java Threads: ( => current thread )
  0x00000285fce74000 JavaThread "main" [_thread_blocked, id=11360, stack(0x000000c6c6100000,0x000000c6c6200000)]
  0x000002859b205800 JavaThread "Reference Handler" daemon [_thread_blocked, id=7212, stack(0x000000c6c6800000,0x000000c6c6900000)]
  0x000002859b20e800 JavaThread "Finalizer" daemon [_thread_blocked, id=2788, stack(0x000000c6c6900000,0x000000c6c6a00000)]
  0x000002859b266800 JavaThread "Signal Dispatcher" daemon [_thread_blocked, id=19180, stack(0x000000c6c6a00000,0x000000c6c6b00000)]
  0x000002859b26a800 JavaThread "Attach Listener" daemon [_thread_blocked, id=17984, stack(0x000000c6c6b00000,0x000000c6c6c00000)]
  0x000002859b214800 JavaThread "Service Thread" daemon [_thread_blocked, id=19660, stack(0x000000c6c6c00000,0x000000c6c6d00000)]
=>0x000002859b26c000 JavaThread "C2 CompilerThread0" daemon [_thread_in_native, id=20128, stack(0x000000c6c6d00000,0x000000c6c6e00000)]
  0x000002859b275000 JavaThread "C1 CompilerThread0" daemon [_thread_blocked, id=20284, stack(0x000000c6c6e00000,0x000000c6c6f00000)]
  0x000002859b277000 JavaThread "Sweeper thread" daemon [_thread_blocked, id=12996, stack(0x000000c6c6f00000,0x000000c6c7000000)]
  0x000002859b213000 JavaThread "Common-Cleaner" daemon [_thread_blocked, id=8596, stack(0x000000c6c7100000,0x000000c6c7200000)]
  0x000002859c0f2800 JavaThread "C2 CompilerThread1" daemon [_thread_blocked, id=19684, stack(0x000000c6c7200000,0x000000c6c7300000)]

Other Threads:
  0x000002859b1ef800 VMThread "VM Thread" [stack: 0x000000c6c6700000,0x000000c6c6800000] [id=8604]
  0x000002859bd16000 WatcherThread [stack: 0x000000c6c7000000,0x000000c6c7100000] [id=19468]
  0x00000285fce8b800 GCTaskThread "GC Thread#0" [stack: 0x000000c6c6200000,0x000000c6c6300000] [id=14620]
  0x00000285fce95800 ConcurrentGCThread "G1 Main Marker" [stack: 0x000000c6c6300000,0x000000c6c6400000] [id=12460]
  0x00000285fce97000 ConcurrentGCThread "G1 Conc#0" [stack: 0x000000c6c6400000,0x000000c6c6500000] [id=16372]
  0x00000285fcf06800 ConcurrentGCThread "G1 Refine#0" [stack: 0x000000c6c6500000,0x000000c6c6600000] [id=19700]
  0x00000285fcf08800 ConcurrentGCThread "G1 Young RemSet Sampling" [stack: 0x000000c6c6600000,0x000000c6c6700000] [id=8304]

Threads with active compile tasks:
C2 CompilerThread0      672  470       4       java.util.HashMap::putVal (300 bytes)

VM state:not at safepoint (normal execution)

VM Mutex/Monitor currently owned by a thread: None

OutOfMemory and StackOverflow Exception counts:
OutOfMemoryError java_heap_errors=4
LinkageErrors=5

Heap address: 0x00000000fc000000, size: 64 MB, Compressed Oops mode: 32-bit
Narrow klass base: 0x0000000000000000, Narrow klass shift: 3
Compressed class space size: 1073741824 Address: 0x0000000100000000

Heap:
 garbage-first heap   total 65536K, used 13312K [0x00000000fc000000, 0x0000000100000000)
  region size 1024K, 12 young (12288K), 0 survivors (0K)
 Metaspace       used 7553K, capacity 7641K, committed 7936K, reserved 1058816K
  class space    used 654K, capacity 714K, committed 768K, reserved 1048576K
Heap Regions: E=young(eden), S=young(survivor), O=old, HS=humongous(starts), HC=humongous(continues), CS=collection set, F=free, A=archive, TAMS=top-at-mark-start (previous, next)
|   0|0x00000000fc000000, 0x00000000fc100000, 0x00000000fc100000|100%|HS|  |TAMS 0x00000000fc000000, 0x00000000fc000000| Complete 
|   1|0x00000000fc100000, 0x00000000fc200000, 0x00000000fc200000|100%|HC|  |TAMS 0x00000000fc100000, 0x00000000fc100000| Complete 
|   2|0x00000000fc200000, 0x00000000fc300000, 0x00000000fc300000|100%|HC|  |TAMS 0x00000000fc200000, 0x00000000fc200000| Complete 
|   3|0x00000000fc300000, 0x00000000fc300000, 0x00000000fc400000|  0%| F|  |TAMS 0x00000000fc300000, 0x00000000fc300000| Untracked 
|   4|0x00000000fc400000, 0x00000000fc400000, 0x00000000fc500000|  0%| F|  |TAMS 0x00000000fc400000, 0x00000000fc400000| Untracked 
|   5|0x00000000fc500000, 0x00000000fc500000, 0x00000000fc600000|  0%| F|  |TAMS 0x00000000fc500000, 0x00000000fc500000| Untracked 
|   6|0x00000000fc600000, 0x00000000fc600000, 0x00000000fc700000|  0%| F|  |TAMS 0x00000000fc600000, 0x00000000fc600000| Untracked 
|   7|0x00000000fc700000, 0x00000000fc700000, 0x00000000fc800000|  0%| F|  |TAMS 0x00000000fc700000, 0x00000000fc700000| Untracked 
|   8|0x00000000fc800000, 0x00000000fc800000, 0x00000000fc900000|  0%| F|  |TAMS 0x00000000fc800000, 0x00000000fc800000| Untracked 
|   9|0x00000000fc900000, 0x00000000fc900000, 0x00000000fca00000|  0%| F|  |TAMS 0x00000000fc900000, 0x00000000fc900000| Untracked 
|  10|0x00000000fca00000, 0x00000000fca00000, 0x00000000fcb00000|  0%| F|  |TAMS 0x00000000fca00000, 0x00000000fca00000| Untracked 
|  11|0x00000000fcb00000, 0x00000000fcb00000, 0x00000000fcc00000|  0%| F|  |TAMS 0x00000000fcb00000, 0x00000000fcb00000| Untracked 
|  12|0x00000000fcc00000, 0x00000000fcc00000, 0x00000000fcd00000|  0%| F|  |TAMS 0x00000000fcc00000, 0x00000000fcc00000| Untracked 
|  13|0x00000000fcd00000, 0x00000000fcd00000, 0x00000000fce00000|  0%| F|  |TAMS 0x00000000fcd00000, 0x00000000fcd00000| Untracked 
|  14|0x00000000fce00000, 0x00000000fce00000, 0x00000000fcf00000|  0%| F|  |TAMS 0x00000000fce00000, 0x00000000fce00000| Untracked 
|  15|0x00000000fcf00000, 0x00000000fcf00000, 0x00000000fd000000|  0%| F|  |TAMS 0x00000000fcf00000, 0x00000000fcf00000| Untracked 
|  16|0x00000000fd000000, 0x00000000fd000000, 0x00000000fd100000|  0%| F|  |TAMS 0x00000000fd000000, 0x00000000fd000000| Untracked 
|  17|0x00000000fd100000, 0x00000000fd100000, 0x00000000fd200000|  0%| F|  |TAMS 0x00000000fd100000, 0x00000000fd100000| Untracked 
|  18|0x00000000fd200000, 0x00000000fd200000, 0x00000000fd300000|  0%| F|  |TAMS 0x00000000fd200000, 0x00000000fd200000| Untracked 
|  19|0x00000000fd300000, 0x00000000fd300000, 0x00000000fd400000|  0%| F|  |TAMS 0x00000000fd300000, 0x00000000fd300000| Untracked 
|  20|0x00000000fd400000, 0x00000000fd400000, 0x00000000fd500000|  0%| F|  |TAMS 0x00000000fd400000, 0x00000000fd400000| Untracked 
|  21|0x00000000fd500000, 0x00000000fd500000, 0x00000000fd600000|  0%| F|  |TAMS 0x00000000fd500000, 0x00000000fd500000| Untracked 
|  22|0x00000000fd600000, 0x00000000fd600000, 0x00000000fd700000|  0%| F|  |TAMS 0x00000000fd600000, 0x00000000fd600000| Untracked 
|  23|0x00000000fd700000, 0x00000000fd700000, 0x00000000fd800000|  0%| F|  |TAMS 0x00000000fd700000, 0x00000000fd700000| Untracked 
|  24|0x00000000fd800000, 0x00000000fd800000, 0x00000000fd900000|  0%| F|  |TAMS 0x00000000fd800000, 0x00000000fd800000| Untracked 
|  25|0x00000000fd900000, 0x00000000fd900000, 0x00000000fda00000|  0%| F|  |TAMS 0x00000000fd900000, 0x00000000fd900000| Untracked 
|  26|0x00000000fda00000, 0x00000000fda00000, 0x00000000fdb00000|  0%| F|  |TAMS 0x00000000fda00000, 0x00000000fda00000| Untracked 
|  27|0x00000000fdb00000, 0x00000000fdb00000, 0x00000000fdc00000|  0%| F|  |TAMS 0x00000000fdb00000, 0x00000000fdb00000| Untracked 
|  28|0x00000000fdc00000, 0x00000000fdc00000, 0x00000000fdd00000|  0%| F|  |TAMS 0x00000000fdc00000, 0x00000000fdc00000| Untracked 
|  29|0x00000000fdd00000, 0x00000000fdd00000, 0x00000000fde00000|  0%| F|  |TAMS 0x00000000fdd00000, 0x00000000fdd00000| Untracked 
|  30|0x00000000fde00000, 0x00000000fde00000, 0x00000000fdf00000|  0%| F|  |TAMS 0x00000000fde00000, 0x00000000fde00000| Untracked 
|  31|0x00000000fdf00000, 0x00000000fdf00000, 0x00000000fe000000|  0%| F|  |TAMS 0x00000000fdf00000, 0x00000000fdf00000| Untracked 
|  32|0x00000000fe000000, 0x00000000fe000000, 0x00000000fe100000|  0%| F|  |TAMS 0x00000000fe000000, 0x00000000fe000000| Untracked 
|  33|0x00000000fe100000, 0x00000000fe100000, 0x00000000fe200000|  0%| F|  |TAMS 0x00000000fe100000, 0x00000000fe100000| Untracked 
|  34|0x00000000fe200000, 0x00000000fe200000, 0x00000000fe300000|  0%| F|  |TAMS 0x00000000fe200000, 0x00000000fe200000| Untracked 
|  35|0x00000000fe300000, 0x00000000fe300000, 0x00000000fe400000|  0%| F|  |TAMS 0x00000000fe300000, 0x00000000fe300000| Untracked 
|  36|0x00000000fe400000, 0x00000000fe400000, 0x00000000fe500000|  0%| F|  |TAMS 0x00000000fe400000, 0x00000000fe400000| Untracked 
|  37|0x00000000fe500000, 0x00000000fe500000, 0x00000000fe600000|  0%| F|  |TAMS 0x00000000fe500000, 0x00000000fe500000| Untracked 
|  38|0x00000000fe600000, 0x00000000fe600000, 0x00000000fe700000|  0%| F|  |TAMS 0x00000000fe600000, 0x00000000fe600000| Untracked 
|  39|0x00000000fe700000, 0x00000000fe700000, 0x00000000fe800000|  0%| F|  |TAMS 0x00000000fe700000, 0x00000000fe700000| Untracked 
|  40|0x00000000fe800000, 0x00000000fe800000, 0x00000000fe900000|  0%| F|  |TAMS 0x00000000fe800000, 0x00000000fe800000| Untracked 
|  41|0x00000000fe900000, 0x00000000fe900000, 0x00000000fea00000|  0%| F|  |TAMS 0x00000000fe900000, 0x00000000fe900000| Untracked 
|  42|0x00000000fea00000, 0x00000000fea00000, 0x00000000feb00000|  0%| F|  |TAMS 0x00000000fea00000, 0x00000000fea00000| Untracked 
|  43|0x00000000feb00000, 0x00000000feb00000, 0x00000000fec00000|  0%| F|  |TAMS 0x00000000feb00000, 0x00000000feb00000| Untracked 
|  44|0x00000000fec00000, 0x00000000fec00000, 0x00000000fed00000|  0%| F|  |TAMS 0x00000000fec00000, 0x00000000fec00000| Untracked 
|  45|0x00000000fed00000, 0x00000000fed00000, 0x00000000fee00000|  0%| F|  |TAMS 0x00000000fed00000, 0x00000000fed00000| Untracked 
|  46|0x00000000fee00000, 0x00000000fee00000, 0x00000000fef00000|  0%| F|  |TAMS 0x00000000fee00000, 0x00000000fee00000| Untracked 
|  47|0x00000000fef00000, 0x00000000fef00000, 0x00000000ff000000|  0%| F|  |TAMS 0x00000000fef00000, 0x00000000fef00000| Untracked 
|  48|0x00000000ff000000, 0x00000000ff000000, 0x00000000ff100000|  0%| F|  |TAMS 0x00000000ff000000, 0x00000000ff000000| Untracked 
|  49|0x00000000ff100000, 0x00000000ff100000, 0x00000000ff200000|  0%| F|  |TAMS 0x00000000ff100000, 0x00000000ff100000| Untracked 
|  50|0x00000000ff200000, 0x00000000ff200000, 0x00000000ff300000|  0%| F|  |TAMS 0x00000000ff200000, 0x00000000ff200000| Untracked 
|  51|0x00000000ff300000, 0x00000000ff300000, 0x00000000ff400000|  0%| F|  |TAMS 0x00000000ff300000, 0x00000000ff300000| Untracked 
|  52|0x00000000ff400000, 0x00000000ff4f64c8, 0x00000000ff500000| 96%| E|  |TAMS 0x00000000ff400000, 0x00000000ff400000| Complete 
|  53|0x00000000ff500000, 0x00000000ff600000, 0x00000000ff600000|100%| E|CS|TAMS 0x00000000ff500000, 0x00000000ff500000| Complete 
|  54|0x00000000ff600000, 0x00000000ff700000, 0x00000000ff700000|100%| E|CS|TAMS 0x00000000ff600000, 0x00000000ff600000| Complete 
|  55|0x00000000ff700000, 0x00000000ff800000, 0x00000000ff800000|100%| E|CS|TAMS 0x00000000ff700000, 0x00000000ff700000| Complete 
|  56|0x00000000ff800000, 0x00000000ff900000, 0x00000000ff900000|100%| E|CS|TAMS 0x00000000ff800000, 0x00000000ff800000| Complete 
|  57|0x00000000ff900000, 0x00000000ffa00000, 0x00000000ffa00000|100%| E|CS|TAMS 0x00000000ff900000, 0x00000000ff900000| Complete 
|  58|0x00000000ffa00000, 0x00000000ffb00000, 0x00000000ffb00000|100%| E|CS|TAMS 0x00000000ffa00000, 0x00000000ffa00000| Complete 
|  59|0x00000000ffb00000, 0x00000000ffc00000, 0x00000000ffc00000|100%| E|CS|TAMS 0x00000000ffb00000, 0x00000000ffb00000| Complete 
|  60|0x00000000ffc00000, 0x00000000ffd00000, 0x00000000ffd00000|100%| E|CS|TAMS 0x00000000ffc00000, 0x00000000ffc00000| Complete 
|  61|0x00000000ffd00000, 0x00000000ffe00000, 0x00000000ffe00000|100%| E|  |TAMS 0x00000000ffd00000, 0x00000000ffd00000| Complete 
|  62|0x00000000ffe00000, 0x00000000fff00000, 0x00000000fff00000|100%| E|CS|TAMS 0x00000000ffe00000, 0x00000000ffe00000| Complete 
|  63|0x00000000fff00000, 0x0000000100000000, 0x0000000100000000|100%| E|CS|TAMS 0x00000000fff00000, 0x00000000fff00000| Complete 

Card table byte_map: [0x0000028598380000,0x00000285983a0000] _byte_map_base: 0x0000028597ba0000

Marking Bits (Prev, Next): (CMBitMap*) 0x00000285fce94858, (CMBitMap*) 0x00000285fce94890
 Prev Bits: [0x00000285983c0000, 0x00000285984c0000)
 Next Bits: [0x00000285984c0000, 0x00000285985c0000)

Polling page: 0x0000028580000000

Metaspace:

Usage:
  Non-class:      6.76 MB capacity,     6.74 MB (>99%) used,    21.81 KB ( <1%) free+waste,     5.44 KB ( <1%) overhead. 
      Class:    714.00 KB capacity,   654.00 KB ( 92%) used,    57.50 KB (  8%) free+waste,     2.50 KB ( <1%) overhead. 
       Both:      7.46 MB capacity,     7.38 MB ( 99%) used,    79.31 KB (  1%) free+waste,     7.94 KB ( <1%) overhead. 

Virtual space:
  Non-class space:       10.00 MB reserved,       7.00 MB ( 70%) committed 
      Class space:        1.00 GB reserved,     768.00 KB ( <1%) committed 
             Both:        1.01 GB reserved,       7.75 MB ( <1%) committed 

Chunk freelists:
   Non-Class:  49.00 KB
       Class:  22.00 KB
        Both:  71.00 KB

MaxMetaspaceSize: 17179869184.00 GB
CompressedClassSpaceSize: 1.00 GB
Initial GC threshold: 20.80 MB
Current GC threshold: 20.80 MB
CDS: off

CodeHeap 'non-profiled nmethods': size=120000Kb used=170Kb max_used=170Kb free=119829Kb
 bounds [0x0000028590190000, 0x0000028590400000, 0x00000285976c0000]
CodeHeap 'profiled nmethods': size=120000Kb used=840Kb max_used=840Kb free=119159Kb
 bounds [0x0000028588c60000, 0x0000028588ed0000, 0x0000028590190000]
CodeHeap 'non-nmethods': size=5760Kb used=1108Kb max_used=1130Kb free=4651Kb
 bounds [0x00000285886c0000, 0x0000028588930000, 0x0000028588c60000]
 total_blobs=883 nmethods=528 adapters=268
 compilation: enabled
              stopped_count=0, restarted_count=0
 full_count=0

Compilation events (20 events):
Event: 0.610 Thread 0x000002859b275000  507       3       sun.net.util.IPAddressUtil::checkHostString (53 bytes)
Event: 0.612 Thread 0x000002859b275000 nmethod 507 0x0000028588d22710 code [0x0000028588d229e0, 0x0000028588d236e8]
Event: 0.612 Thread 0x000002859b275000  509       3       java.net.URI::quote (196 bytes)
Event: 0.614 Thread 0x000002859b275000 nmethod 509 0x0000028588d23b90 code [0x0000028588d23f40, 0x0000028588d257a8]
Event: 0.614 Thread 0x000002859b275000  508       1       java.io.File::getPrefixLength (5 bytes)
Event: 0.614 Thread 0x000002859b275000 nmethod 508 0x00000285901b7b90 code [0x00000285901b7d40, 0x00000285901b7df8]
Event: 0.615 Thread 0x000002859b275000  510       3       java.io.File::isDirectory (43 bytes)
Event: 0.615 Thread 0x000002859b275000 nmethod 510 0x0000028588d26110 code [0x0000028588d26300, 0x0000028588d266a8]
Event: 0.616 Thread 0x000002859b275000  511       3       java.util.ArrayDeque::add (7 bytes)
Event: 0.617 Thread 0x000002859b275000 nmethod 511 0x0000028588d26810 code [0x0000028588d269c0, 0x0000028588d26b08]
Event: 0.617 Thread 0x000002859b275000  512       3       java.util.ArrayDeque::addLast (51 bytes)
Event: 0.617 Thread 0x000002859b275000 nmethod 512 0x0000028588d26b90 code [0x0000028588d26d80, 0x0000028588d27218]
Event: 0.621 Thread 0x000002859b275000  513       3       java.util.ArrayDeque::poll (5 bytes)
Event: 0.621 Thread 0x000002859b275000 nmethod 513 0x0000028588d27390 code [0x0000028588d27540, 0x0000028588d27688]
Event: 0.624 Thread 0x000002859b275000  514       3       java.lang.String::endsWith (15 bytes)
Event: 0.624 Thread 0x000002859b275000 nmethod 514 0x0000028588d27710 code [0x0000028588d27900, 0x0000028588d27c28]
Event: 0.626 Thread 0x000002859b275000  515       3       java.lang.String::<init> (14 bytes)
Event: 0.626 Thread 0x000002859b275000 nmethod 515 0x0000028588d27e10 code [0x0000028588d27fe0, 0x0000028588d281d8]
Event: 0.626 Thread 0x000002859b275000  516       3       java.lang.String::rangeCheck (9 bytes)
Event: 0.627 Thread 0x000002859b275000 nmethod 516 0x0000028588d28310 code [0x0000028588d284c0, 0x0000028588d285e8]

GC Heap History (0 events):
No events

Deoptimization events (20 events):
Event: 0.559 Thread 0x00000285fce74000 DEOPT PACKING pc=0x0000028588d1038b sp=0x000000c6c61fd2f0
Event: 0.559 Thread 0x00000285fce74000 DEOPT UNPACKING pc=0x000002858870a95e sp=0x000000c6c61fc7c0 mode 0
Event: 0.560 Thread 0x00000285fce74000 DEOPT PACKING pc=0x0000028588d1038b sp=0x000000c6c61fd2f0
Event: 0.560 Thread 0x00000285fce74000 DEOPT UNPACKING pc=0x000002858870a95e sp=0x000000c6c61fc7c0 mode 0
Event: 0.560 Thread 0x00000285fce74000 DEOPT PACKING pc=0x0000028588d1038b sp=0x000000c6c61fd2f0
Event: 0.560 Thread 0x00000285fce74000 DEOPT UNPACKING pc=0x000002858870a95e sp=0x000000c6c61fc7c0 mode 0
Event: 0.560 Thread 0x00000285fce74000 DEOPT PACKING pc=0x0000028588d1038b sp=0x000000c6c61fd2f0
Event: 0.560 Thread 0x00000285fce74000 DEOPT UNPACKING pc=0x000002858870a95e sp=0x000000c6c61fc7c0 mode 0
Event: 0.560 Thread 0x00000285fce74000 DEOPT PACKING pc=0x0000028588d1038b sp=0x000000c6c61fd2f0
Event: 0.560 Thread 0x00000285fce74000 DEOPT UNPACKING pc=0x000002858870a95e sp=0x000000c6c61fc7c0 mode 0
Event: 0.560 Thread 0x00000285fce74000 DEOPT PACKING pc=0x0000028588d1038b sp=0x000000c6c61fd2f0
Event: 0.560 Thread 0x00000285fce74000 DEOPT UNPACKING pc=0x000002858870a95e sp=0x000000c6c61fc7c0 mode 0
Event: 0.561 Thread 0x00000285fce74000 DEOPT PACKING pc=0x0000028588d1038b sp=0x000000c6c61fd2f0
Event: 0.561 Thread 0x00000285fce74000 DEOPT UNPACKING pc=0x000002858870a95e sp=0x000000c6c61fc7c0 mode 0
Event: 0.561 Thread 0x00000285fce74000 DEOPT PACKING pc=0x0000028588d1038b sp=0x000000c6c61fd2f0
Event: 0.561 Thread 0x00000285fce74000 DEOPT UNPACKING pc=0x000002858870a95e sp=0x000000c6c61fc7c0 mode 0
Event: 0.561 Thread 0x00000285fce74000 DEOPT PACKING pc=0x0000028588d1038b sp=0x000000c6c61fd2f0
Event: 0.561 Thread 0x00000285fce74000 DEOPT UNPACKING pc=0x000002858870a95e sp=0x000000c6c61fc7c0 mode 0
Event: 0.561 Thread 0x00000285fce74000 DEOPT PACKING pc=0x0000028588d1038b sp=0x000000c6c61fd2f0
Event: 0.561 Thread 0x00000285fce74000 DEOPT UNPACKING pc=0x000002858870a95e sp=0x000000c6c61fc7c0 mode 0

Classes redefined (0 events):
No events

Internal exceptions (3 events):
Event: 0.293 Thread 0x00000285fce74000 Exception <a 'java/lang/NoSuchMethodError'{0x00000000ffc5e288}: 'int java.lang.invoke.DirectMethodHandle$Holder.invokeStaticInit(java.lang.Object, java.lang.Object)'> (0x00000000ffc5e288) thrown at [./src/hotspot/share/interpreter/linkResolver.cpp, line 773]
Event: 0.341 Thread 0x00000285fce74000 Exception <a 'java/lang/NoSuchMethodError'{0x00000000ffb31a50}: 'int java.lang.invoke.DirectMethodHandle$Holder.invokeSpecial(java.lang.Object, java.lang.Object, java.lang.Object, java.lang.Object)'> (0x00000000ffb31a50) thrown at [./src/hotspot/share/interpreter/linkResolver.cpp, line 773]
Event: 0.351 Thread 0x00000285fce74000 Exception <a 'java/lang/NoSuchMethodError'{0x00000000ffb6a1e8}: 'int java.lang.invoke.DirectMethodHandle$Holder.invokeSpecialIFC(java.lang.Object, java.lang.Object, int)'> (0x00000000ffb6a1e8) thrown at [./src/hotspot/share/interpreter/linkResolver.cpp, line 773]

Events (20 events):
Event: 0.616 loading class org/gradle/launcher/Main
Event: 0.616 loading class org/gradle/launcher/Main done
Event: 0.621 loading class java/io/BufferedReader
Event: 0.621 loading class java/io/BufferedReader done
Event: 0.621 loading class sun/nio/cs/StreamDecoder
Event: 0.621 loading class sun/nio/cs/StreamDecoder done
Event: 0.622 loading class sun/nio/cs/UTF_8$Decoder
Event: 0.622 loading class sun/nio/cs/UTF_8$Decoder done
Event: 0.622 loading class java/nio/CharBuffer
Event: 0.622 loading class java/nio/CharBuffer done
Event: 0.622 loading class java/nio/HeapCharBuffer
Event: 0.623 loading class java/nio/HeapCharBuffer done
Event: 0.623 loading class java/nio/charset/CoderResult
Event: 0.623 loading class java/nio/charset/CoderResult done
Event: 0.624 loading class java/util/LinkedList
Event: 0.624 loading class java/util/AbstractSequentialList
Event: 0.625 loading class java/util/AbstractSequentialList done
Event: 0.625 loading class java/util/LinkedList done
Event: 0.625 loading class java/util/LinkedList$Node
Event: 0.625 loading class java/util/LinkedList$Node done


Dynamic libraries:
0x00007ff6d7ae0000 - 0x00007ff6d7aed000 	C:\Program Files\Microsoft\jdk-11.0.18.10-hotspot\bin\java.exe
0x00007ffe10650000 - 0x00007ffe10848000 	C:\WINDOWS\SYSTEM32\ntdll.dll
0x00007ffe0eae0000 - 0x00007ffe0eb9f000 	C:\WINDOWS\System32\KERNEL32.DLL
0x00007ffe0e390000 - 0x00007ffe0e662000 	C:\WINDOWS\System32\KERNELBASE.dll
0x00007ffe0e290000 - 0x00007ffe0e390000 	C:\WINDOWS\System32\ucrtbase.dll
0x00007ffde0d40000 - 0x00007ffde0d57000 	C:\Program Files\Microsoft\jdk-11.0.18.10-hotspot\bin\jli.dll
0x00007ffde0d60000 - 0x00007ffde0d75000 	C:\Program Files\Microsoft\jdk-11.0.18.10-hotspot\bin\VCRUNTIME140.dll
0x00007ffe0f640000 - 0x00007ffe0f7e1000 	C:\WINDOWS\System32\USER32.dll
0x00007ffdf8a60000 - 0x00007ffdf8cfa000 	C:\WINDOWS\WinSxS\amd64_microsoft.windows.common-controls_6595b64144ccf1df_6.0.19041.1110_none_60b5254171f9507e\COMCTL32.dll
0x00007ffe0dda0000 - 0x00007ffe0ddc2000 	C:\WINDOWS\System32\win32u.dll
0x00007ffe0efe0000 - 0x00007ffe0f07e000 	C:\WINDOWS\System32\msvcrt.dll
0x00007ffe10450000 - 0x00007ffe1047b000 	C:\WINDOWS\System32\GDI32.dll
0x00007ffe0de70000 - 0x00007ffe0df7f000 	C:\WINDOWS\System32\gdi32full.dll
0x00007ffe0ddd0000 - 0x00007ffe0de6d000 	C:\WINDOWS\System32\msvcp_win.dll
0x00007ffe0eab0000 - 0x00007ffe0eae0000 	C:\WINDOWS\System32\IMM32.DLL
0x00007ffdd0840000 - 0x00007ffdd08db000 	C:\Program Files\Microsoft\jdk-11.0.18.10-hotspot\bin\msvcp140.dll
0x00007ffda75c0000 - 0x00007ffda8152000 	C:\Program Files\Microsoft\jdk-11.0.18.10-hotspot\bin\server\jvm.dll
0x00007ffe10500000 - 0x00007ffe105ae000 	C:\WINDOWS\System32\ADVAPI32.dll
0x00007ffe0e820000 - 0x00007ffe0e8bc000 	C:\WINDOWS\System32\sechost.dll
0x00007ffe0f860000 - 0x00007ffe0f984000 	C:\WINDOWS\System32\RPCRT4.dll
0x00007ffe0e980000 - 0x00007ffe0e988000 	C:\WINDOWS\System32\PSAPI.DLL
0x00007ffe06f10000 - 0x00007ffe06f19000 	C:\WINDOWS\SYSTEM32\WSOCK32.dll
0x00007ffe03910000 - 0x00007ffe0391a000 	C:\WINDOWS\SYSTEM32\VERSION.dll
0x00007ffdf8510000 - 0x00007ffdf8537000 	C:\WINDOWS\SYSTEM32\WINMM.dll
0x00007ffe0f7f0000 - 0x00007ffe0f85b000 	C:\WINDOWS\System32\WS2_32.dll
0x00007ffe0c5a0000 - 0x00007ffe0c5b2000 	C:\WINDOWS\SYSTEM32\kernel.appcore.dll
0x00007ffe077c0000 - 0x00007ffe077d0000 	C:\Program Files\Microsoft\jdk-11.0.18.10-hotspot\bin\verify.dll
0x00007ffe0b9c0000 - 0x00007ffe0bba4000 	C:\WINDOWS\SYSTEM32\DBGHELP.DLL
0x00007ffdf6b80000 - 0x00007ffdf6bb5000 	C:\WINDOWS\SYSTEM32\dbgcore.DLL
0x00007ffe0df80000 - 0x00007ffe0e002000 	C:\WINDOWS\System32\bcryptPrimitives.dll
0x00007ffde0d10000 - 0x00007ffde0d38000 	C:\Program Files\Microsoft\jdk-11.0.18.10-hotspot\bin\java.dll
0x00007ffe07360000 - 0x00007ffe0736a000 	C:\Program Files\Microsoft\jdk-11.0.18.10-hotspot\bin\jimage.dll
0x00007ffde0cf0000 - 0x00007ffde0d08000 	C:\Program Files\Microsoft\jdk-11.0.18.10-hotspot\bin\zip.dll
0x00007ffe0fc70000 - 0x00007ffe103b5000 	C:\WINDOWS\System32\SHELL32.dll
0x00007ffe0bdf0000 - 0x00007ffe0c582000 	C:\WINDOWS\SYSTEM32\windows.storage.dll
0x00007ffe0eba0000 - 0x00007ffe0eef5000 	C:\WINDOWS\System32\combase.dll
0x00007ffe0d7b0000 - 0x00007ffe0d7e0000 	C:\WINDOWS\SYSTEM32\Wldp.dll
0x00007ffe0e8d0000 - 0x00007ffe0e97d000 	C:\WINDOWS\System32\SHCORE.dll
0x00007ffe0f990000 - 0x00007ffe0f9e5000 	C:\WINDOWS\System32\shlwapi.dll
0x00007ffe0dc90000 - 0x00007ffe0dcaf000 	C:\WINDOWS\SYSTEM32\profapi.dll
0x00007ffdd0820000 - 0x00007ffdd0839000 	C:\Program Files\Microsoft\jdk-11.0.18.10-hotspot\bin\net.dll
0x00007ffe01a00000 - 0x00007ffe01b0a000 	C:\WINDOWS\SYSTEM32\WINHTTP.dll
0x00007ffe0d510000 - 0x00007ffe0d57a000 	C:\WINDOWS\system32\mswsock.dll
0x00007ffdd0800000 - 0x00007ffdd0813000 	C:\Program Files\Microsoft\jdk-11.0.18.10-hotspot\bin\nio.dll

dbghelp: loaded successfully - version: 4.0.5 - missing functions: none
symbol engine: initialized successfully - sym options: 0x614 - pdb path: .;C:\Program Files\Microsoft\jdk-11.0.18.10-hotspot\bin;C:\WINDOWS\SYSTEM32;C:\WINDOWS\WinSxS\amd64_microsoft.windows.common-controls_6595b64144ccf1df_6.0.19041.1110_none_60b5254171f9507e;C:\Program Files\Microsoft\jdk-11.0.18.10-hotspot\bin\server

VM Arguments:
jvm_args: -Xmx64m -Xms64m -Dorg.gradle.appname=gradlew 
java_command: org.gradle.wrapper.GradleWrapperMain app:installDebug -PreactNativeDevServerPort=8081
java_class_path (initial): C:\Users\Juan\Desktop\React\appNaranja\android\\gradle\wrapper\gradle-wrapper.jar
Launcher Type: SUN_STANDARD

[Global flags]
     intx CICompilerCount                          = 4                                         {product} {ergonomic}
     uint ConcGCThreads                            = 3                                         {product} {ergonomic}
     uint G1ConcRefinementThreads                  = 10                                        {product} {ergonomic}
   size_t G1HeapRegionSize                         = 1048576                                   {product} {ergonomic}
    uintx GCDrainStackTargetSize                   = 64                                        {product} {ergonomic}
   size_t InitialHeapSize                          = 67108864                                  {product} {command line}
   size_t MarkStackSize                            = 4194304                                   {product} {ergonomic}
   size_t MaxHeapSize                              = 67108864                                  {product} {command line}
   size_t MaxNewSize                               = 39845888                                  {product} {ergonomic}
   size_t MinHeapDeltaBytes                        = 1048576                                   {product} {ergonomic}
    uintx NonNMethodCodeHeapSize                   = 5836300                                {pd product} {ergonomic}
    uintx NonProfiledCodeHeapSize                  = 122910970                              {pd product} {ergonomic}
    uintx ProfiledCodeHeapSize                     = 122910970                              {pd product} {ergonomic}
    uintx ReservedCodeCacheSize                    = 251658240                              {pd product} {ergonomic}
     bool SegmentedCodeCache                       = true                                      {product} {ergonomic}
     bool UseCompressedClassPointers               = true                                 {lp64_product} {ergonomic}
     bool UseCompressedOops                        = true                                 {lp64_product} {ergonomic}
     bool UseG1GC                                  = true                                      {product} {ergonomic}
     bool UseLargePagesIndividualAllocation        = false                                  {pd product} {ergonomic}

Logging:
Log output configuration:
 #0: stdout all=warning uptime,level,tags
 #1: stderr all=off uptime,level,tags

Environment Variables:
JAVA_HOME=C:\Program Files\Microsoft\jdk-11.0.18.10-hotspot\
CLASSPATH=C:\Users\Juan\Desktop\React\appNaranja\android\\gradle\wrapper\gradle-wrapper.jar
PATH=C:\Users\Juan\Desktop\React\appNaranja\android\node_modules\.bin;C:\Users\Juan\Desktop\React\appNaranja\node_modules\.bin;C:\Users\Juan\Desktop\React\node_modules\.bin;C:\Users\Juan\Desktop\node_modules\.bin;C:\Users\Juan\node_modules\.bin;C:\Users\node_modules\.bin;C:\node_modules\.bin;C:\Program Files\nodejs;C:\Users\Juan\Desktop\React\appNaranja\node_modules\.bin;C:\Users\Juan\Desktop\React\appNaranja\node_modules\.bin;C:\Users\Juan\Desktop\React\node_modules\.bin;C:\Users\Juan\Desktop\node_modules\.bin;C:\Users\Juan\node_modules\.bin;C:\Users\node_modules\.bin;C:\node_modules\.bin;C:\Program Files\nodejs\node_modules\npm\node_modules\@npmcli\run-script\lib\node-gyp-bin;C:\Users\Juan\Desktop\React\appNaranja\node_modules\.bin;C:\Users\Juan\Desktop\React\node_modules\.bin;C:\Users\Juan\Desktop\node_modules\.bin;C:\Users\Juan\node_modules\.bin;C:\Users\node_modules\.bin;C:\node_modules\.bin;C:\Program Files\nodejs;C:\Users\Juan\Desktop\React\appNaranja\node_modules\react-native\scripts\node_modules\.bin;C:\Users\Juan\Desktop\React\appNaranja\node_modules\react-native\node_modules\.bin;C:\Users\Juan\Desktop\React\appNaranja\node_modules\node_modules\.bin;C:\Users\Juan\Desktop\React\appNaranja\node_modules\.bin;C:\Users\Juan\Desktop\React\node_modules\.bin;C:\Users\Juan\Desktop\node_modules\.bin;C:\Users\Juan\node_modules\.bin;C:\Users\node_modules\.bin;C:\node_modules\.bin;C:\Program Files\nodejs;C:\Users\Juan\Desktop\React\appNaranja\node_modules\.bin;C:\Users\Juan\Desktop\React\appNaranja\node_modules\.bin;C:\Users\Juan\Desktop\React\node_modules\.bin;C:\Users\Juan\Desktop\node_modules\.bin;C:\Users\Juan\node_modules\.bin;C:\Users\node_modules\.bin;C:\node_modules\.bin;C:\Program Files\nodejs\node_modules\npm\node_modules\@npmcli\run-script\lib\node-gyp-bin;C:\Program Files\Microsoft\jdk-11.0.18.10-hotspot\bin;C:\Python310\Scripts\;C:\Python310\;C:\Program Files\Microsoft\jdk-11.0.12.7-hotspot\bin;C:\WINDOWS\system32;C:\WINDOWS;C:\WINDOWS\System32\Wbem;C:\WINDOW
USERNAME=Noemi
LANG=es_ES.UTF-8
OS=Windows_NT
PROCESSOR_IDENTIFIER=Intel64 Family 6 Model 158 Stepping 10, GenuineIntel
TMP=C:\Users\Juan\AppData\Local\Temp
TEMP=C:\Users\Juan\AppData\Local\Temp



---------------  S Y S T E M  ---------------

OS: Windows 10 , 64 bit Build 19041 (10.0.19041.2546)
OS uptime: 0 days 0:56 hours

CPU:total 12 (initial active 12) (6 cores per cpu, 2 threads per core) family 6 model 158 stepping 10 microcode 0xb4, cmov, cx8, fxsr, mmx, sse, sse2, sse3, ssse3, sse4.1, sse4.2, popcnt, avx, avx2, aes, clmul, erms, 3dnowpref, lzcnt, ht, tsc, tscinvbit, bmi1, bmi2, adx, fma

Memory: 4k page, system-wide physical 16255M (2238M free)
TotalPageFile size 18303M (AvailPageFile size 136M)
current process WorkingSet (physical memory assigned to process): 52M, peak: 52M
current process commit charge ("private bytes"): 148M, peak: 149M

vm_info: OpenJDK 64-Bit Server VM (11.0.18+10-LTS) for windows-amd64 JRE (11.0.18+10-LTS), built on Jan 18 2023 15:56:47 by "MicrosoftCorporation" with MS VC++ 15.9 (VS2017)

END.
