#
# There is insufficient memory for the Java Runtime Environment to continue.
# Native memory allocation (malloc) failed to allocate 32744 bytes for ChunkPool::allocate
# Possible reasons:
#   The system is out of physical RAM or swap space
#   The process is running with CompressedOops enabled, and the Java Heap may be blocking the growth of the native heap
# Possible solutions:
#   Reduce memory load on the system
#   Increase physical memory or swap space
#   Check if swap backing store is full
#   Decrease Java heap size (-Xmx/-Xms)
#   Decrease number of Java threads
#   Decrease Java thread stack sizes (-Xss)
#   Set larger code cache with -XX:ReservedCodeCacheSize=
#   JVM is running with Unscaled Compressed Oops mode in which the Java heap is
#     placed in the first 4GB address space. The Java Heap base address is the
#     maximum limit for the native heap growth. Please use -XX:HeapBaseMinAddress
#     to set the Java Heap base and to place the Java Heap above 4GB virtual address.
# This output file may be truncated or incomplete.
#
#  Out of Memory Error (./src/hotspot/share/memory/arena.cpp:81), pid=22360, tid=15560
#
# JRE version: OpenJDK Runtime Environment Microsoft-7208460 (11.0.18+10) (build 11.0.18+10-LTS)
# Java VM: OpenJDK 64-Bit Server VM Microsoft-7208460 (11.0.18+10-LTS, mixed mode, tiered, compressed oops, g1 gc, windows-amd64)
# No core dump will be written. Minidumps are not enabled by default on client versions of Windows
#

---------------  S U M M A R Y ------------

Command Line: -XX:MaxMetaspaceSize=512m --add-opens=java.base/java.util=ALL-UNNAMED --add-opens=java.base/java.lang=ALL-UNNAMED --add-opens=java.base/java.lang.invoke=ALL-UNNAMED --add-opens=java.base/java.util=ALL-UNNAMED --add-opens=java.prefs/java.util.prefs=ALL-UNNAMED --add-opens=java.prefs/java.util.prefs=ALL-UNNAMED --add-opens=java.base/java.nio.charset=ALL-UNNAMED --add-opens=java.base/java.net=ALL-UNNAMED --add-opens=java.base/java.util.concurrent.atomic=ALL-UNNAMED -Xmx2048m -Dfile.encoding=windows-1252 -Duser.country=ES -Duser.language=es -Duser.variant org.gradle.launcher.daemon.bootstrap.GradleDaemon 7.5.1

Host: Intel(R) Core(TM) i7-8750H CPU @ 2.20GHz, 12 cores, 15G,  Windows 10 , 64 bit Build 19041 (10.0.19041.2788)
Time: Sat Apr 22 12:17:57 2023 Hora estándar central (México) elapsed time: 1873.220322 seconds (0d 0h 31m 13s)

---------------  T H R E A D  ---------------

Current thread (0x00000200148e6000):  JavaThread "C2 CompilerThread1" daemon [_thread_in_native, id=15560, stack(0x0000005382100000,0x0000005382200000)]


Current CompileTask:
C2:1873220 18752       4       org.gradle.internal.service.DefaultServiceRegistry$ClassInspector::getDetailsForClass (50 bytes)

Stack: [0x0000005382100000,0x0000005382200000]
Native frames: (J=compiled Java code, j=interpreted, Vv=VM code, C=native code)
V  [jvm.dll+0x62bf8a]
V  [jvm.dll+0x7b8fb9]
V  [jvm.dll+0x7ba6a8]
V  [jvm.dll+0x7bad83]
V  [jvm.dll+0x250248]
V  [jvm.dll+0xc286b]
V  [jvm.dll+0xc2bcc]
V  [jvm.dll+0x363938]
V  [jvm.dll+0x362de1]
V  [jvm.dll+0x362e24]
V  [jvm.dll+0x5199e5]
V  [jvm.dll+0x51967f]
V  [jvm.dll+0x32a3a2]
V  [jvm.dll+0x3296aa]
V  [jvm.dll+0x2093b3]
V  [jvm.dll+0x20850d]
V  [jvm.dll+0x18a4b1]
V  [jvm.dll+0x217eec]
V  [jvm.dll+0x21612b]
V  [jvm.dll+0x77bac0]
V  [jvm.dll+0x7749f4]
V  [jvm.dll+0x62adf5]
C  [ucrtbase.dll+0x21bb2]
C  [KERNEL32.DLL+0x17604]
C  [ntdll.dll+0x526a1]


---------------  P R O C E S S  ---------------

Threads class SMR info:
_java_thread_list=0x0000020014f40c20, length=49, elements={
0x0000020073c49800, 0x00000200131f6800, 0x00000200131f9800, 0x0000020013a7f800,
0x0000020013a81800, 0x0000020013a82800, 0x0000020013a90000, 0x0000020013a9b800,
0x0000020013ac7800, 0x0000020013c26000, 0x0000020016e8b800, 0x00000200165b7800,
0x00000200169b0800, 0x00000200161e3800, 0x00000200161e4800, 0x00000200161e5000,
0x00000200161e7000, 0x00000200161e7800, 0x00000200161e8800, 0x000002001780b000,
0x0000020017806000, 0x0000020017805000, 0x0000020017806800, 0x000002001780d000,
0x0000020017807800, 0x000002001780e000, 0x0000020017808800, 0x0000020017810800,
0x000002001515d000, 0x0000020015160000, 0x000002001515e000, 0x000002001515e800,
0x000002001515f800, 0x0000020015162000, 0x000002001ac00800, 0x000002001abfd800,
0x000002001abfb000, 0x000002001abf3800, 0x000002001abf4800, 0x000002001abf5000,
0x000002001abf2000, 0x000002001abf6000, 0x000002001abf0800, 0x000002001abf1000,
0x00000200148e6000, 0x000002001abfc800, 0x000002001abfe000, 0x000002001abf8800,
0x000002001abf9800
}

Java Threads: ( => current thread )
  0x0000020073c49800 JavaThread "main" [_thread_blocked, id=22300, stack(0x0000005380400000,0x0000005380500000)]
  0x00000200131f6800 JavaThread "Reference Handler" daemon [_thread_blocked, id=22164, stack(0x0000005380b00000,0x0000005380c00000)]
  0x00000200131f9800 JavaThread "Finalizer" daemon [_thread_blocked, id=22168, stack(0x0000005380c00000,0x0000005380d00000)]
  0x0000020013a7f800 JavaThread "Signal Dispatcher" daemon [_thread_blocked, id=22076, stack(0x0000005380d00000,0x0000005380e00000)]
  0x0000020013a81800 JavaThread "Attach Listener" daemon [_thread_blocked, id=22124, stack(0x0000005380e00000,0x0000005380f00000)]
  0x0000020013a82800 JavaThread "Service Thread" daemon [_thread_blocked, id=22104, stack(0x0000005380f00000,0x0000005381000000)]
  0x0000020013a90000 JavaThread "C2 CompilerThread0" daemon [_thread_in_native, id=22116, stack(0x0000005381000000,0x0000005381100000)]
  0x0000020013a9b800 JavaThread "C1 CompilerThread0" daemon [_thread_blocked, id=22208, stack(0x0000005381100000,0x0000005381200000)]
  0x0000020013ac7800 JavaThread "Sweeper thread" daemon [_thread_blocked, id=22204, stack(0x0000005381200000,0x0000005381300000)]
  0x0000020013c26000 JavaThread "Common-Cleaner" daemon [_thread_blocked, id=14772, stack(0x0000005381300000,0x0000005381400000)]
  0x0000020016e8b800 JavaThread "Daemon health stats" [_thread_blocked, id=21416, stack(0x0000005381c00000,0x0000005381d00000)]
  0x00000200165b7800 JavaThread "Incoming local TCP Connector on port 50709" [_thread_in_native, id=13344, stack(0x0000005381500000,0x0000005381600000)]
  0x00000200169b0800 JavaThread "Daemon periodic checks" [_thread_blocked, id=13352, stack(0x0000005381b00000,0x0000005381c00000)]
  0x00000200161e3800 JavaThread "Cache worker for journal cache (C:\Users\Juan\.gradle\caches\journal-1)" [_thread_blocked, id=8784, stack(0x0000005382400000,0x0000005382500000)]
  0x00000200161e4800 JavaThread "File lock request listener" [_thread_in_native, id=10876, stack(0x0000005382500000,0x0000005382600000)]
  0x00000200161e5000 JavaThread "Cache worker for file hash cache (C:\Users\Juan\.gradle\caches\7.5.1\fileHashes)" [_thread_blocked, id=21860, stack(0x0000005382600000,0x0000005382700000)]
  0x00000200161e7000 JavaThread "File watcher server" daemon [_thread_in_native, id=21800, stack(0x0000005382f00000,0x0000005383000000)]
  0x00000200161e7800 JavaThread "File watcher consumer" daemon [_thread_blocked, id=21180, stack(0x0000005383000000,0x0000005383100000)]
  0x00000200161e8800 JavaThread "Cache worker for file content cache (C:\Users\Juan\.gradle\caches\7.5.1\fileContent)" [_thread_blocked, id=14432, stack(0x0000005383200000,0x0000005383300000)]
  0x000002001780b000 JavaThread "Cache worker for execution history cache (C:\Users\Juan\.gradle\caches\7.5.1\executionHistory)" [_thread_blocked, id=20032, stack(0x0000005383500000,0x0000005383600000)]
  0x0000020017806000 JavaThread "jar transforms" [_thread_blocked, id=5700, stack(0x0000005383700000,0x0000005383800000)]
  0x0000020017805000 JavaThread "jar transforms Thread 2" [_thread_blocked, id=16668, stack(0x0000005383800000,0x0000005383900000)]
  0x0000020017806800 JavaThread "jar transforms Thread 3" [_thread_blocked, id=18496, stack(0x0000005383900000,0x0000005383a00000)]
  0x000002001780d000 JavaThread "jar transforms Thread 4" [_thread_blocked, id=17548, stack(0x0000005383a00000,0x0000005383b00000)]
  0x0000020017807800 JavaThread "Cache worker for kotlin-dsl (C:\Users\Juan\.gradle\caches\7.5.1\kotlin-dsl)" [_thread_blocked, id=11356, stack(0x0000005383600000,0x0000005383700000)]
  0x000002001780e000 JavaThread "jar transforms Thread 5" [_thread_blocked, id=11904, stack(0x0000005383c00000,0x0000005383d00000)]
  0x0000020017808800 JavaThread "jar transforms Thread 6" [_thread_blocked, id=11364, stack(0x0000005383d00000,0x0000005383e00000)]
  0x0000020017810800 JavaThread "jar transforms Thread 7" [_thread_blocked, id=17836, stack(0x0000005384000000,0x0000005384100000)]
  0x000002001515d000 JavaThread "jar transforms Thread 8" [_thread_blocked, id=5884, stack(0x0000005386300000,0x0000005386400000)]
  0x0000020015160000 JavaThread "jar transforms Thread 9" [_thread_blocked, id=20900, stack(0x0000005386400000,0x0000005386500000)]
  0x000002001515e000 JavaThread "jar transforms Thread 10" [_thread_blocked, id=13596, stack(0x0000005386500000,0x0000005386600000)]
  0x000002001515e800 JavaThread "jar transforms Thread 11" [_thread_blocked, id=11016, stack(0x0000005386600000,0x0000005386700000)]
  0x000002001515f800 JavaThread "jar transforms Thread 12" [_thread_blocked, id=17848, stack(0x0000005386700000,0x0000005386800000)]
  0x0000020015162000 JavaThread "Memory manager" [_thread_blocked, id=19848, stack(0x0000005386900000,0x0000005386a00000)]
  0x000002001ac00800 JavaThread "Monitor" [_thread_in_native, id=20728, stack(0x000000538d800000,0x000000538d900000)]
  0x000002001abfd800 JavaThread "JdwpProxyConnection" [_thread_in_native, id=22868, stack(0x000000538d900000,0x000000538da00000)]
  0x000002001abfb000 JavaThread "Device List Monitor" [_thread_in_native, id=23148, stack(0x000000538da00000,0x000000538db00000)]
  0x000002001abf3800 JavaThread "Daemon Thread 2" [_thread_blocked, id=23352, stack(0x0000005380100000,0x0000005380200000)]
  0x000002001abf4800 JavaThread "Handler for socket connection from /127.0.0.1:50709 to /127.0.0.1:49902" [_thread_in_native, id=21892, stack(0x0000005380200000,0x0000005380300000)]
  0x000002001abf5000 JavaThread "Cancel handler" [_thread_blocked, id=22560, stack(0x0000005380300000,0x0000005380400000)]
  0x000002001abf2000 JavaThread "Daemon worker Thread 2" [_thread_in_native, id=17244, stack(0x0000005381d00000,0x0000005381e00000)]
  0x000002001abf6000 JavaThread "Asynchronous log dispatcher for DefaultDaemonConnection: socket connection from /127.0.0.1:50709 to /127.0.0.1:49902" [_thread_blocked, id=15720, stack(0x0000005381e00000,0x0000005381f00000)]
  0x000002001abf0800 JavaThread "Stdin handler" [_thread_blocked, id=3564, stack(0x0000005381f00000,0x0000005382000000)]
  0x000002001abf1000 JavaThread "Daemon client event forwarder" [_thread_blocked, id=5684, stack(0x0000005382000000,0x0000005382100000)]
=>0x00000200148e6000 JavaThread "C2 CompilerThread1" daemon [_thread_in_native, id=15560, stack(0x0000005382100000,0x0000005382200000)]
  0x000002001abfc800 JavaThread "Cache worker for checksums cache (C:\Users\Juan\Desktop\React\appNaranja\android\.gradle\7.5.1\checksums)" [_thread_blocked, id=14440, stack(0x0000005382200000,0x0000005382300000)]
  0x000002001abfe000 JavaThread "Cache worker for cache directory md-rule (C:\Users\Juan\.gradle\caches\7.5.1\md-rule)" [_thread_blocked, id=1508, stack(0x0000005382300000,0x0000005382400000)]
  0x000002001abf8800 JavaThread "Cache worker for file hash cache (C:\Users\Juan\Desktop\React\appNaranja\android\.gradle\7.5.1\fileHashes)" [_thread_blocked, id=20896, stack(0x0000005382d00000,0x0000005382e00000)]
  0x000002001abf9800 JavaThread "Cache worker for cache directory md-supplier (C:\Users\Juan\.gradle\caches\7.5.1\md-supplier)" [_thread_blocked, id=14160, stack(0x0000005382e00000,0x0000005382f00000)]

Other Threads:
  0x00000200131f4000 VMThread "VM Thread" [stack: 0x0000005380a00000,0x0000005380b00000] [id=22160]
  0x0000020013c33800 WatcherThread [stack: 0x0000005381400000,0x0000005381500000] [id=2240]
  0x0000020071a7b800 GCTaskThread "GC Thread#0" [stack: 0x0000005380500000,0x0000005380600000] [id=22384]
  0x000002001439a000 GCTaskThread "GC Thread#1" [stack: 0x0000005381600000,0x0000005381700000] [id=11664]
  0x0000020014a53000 GCTaskThread "GC Thread#2" [stack: 0x0000005381700000,0x0000005381800000] [id=18820]
  0x0000020014e01000 GCTaskThread "GC Thread#3" [stack: 0x0000005381800000,0x0000005381900000] [id=21400]
  0x000002001421e000 GCTaskThread "GC Thread#4" [stack: 0x0000005381900000,0x0000005381a00000] [id=21392]
  0x000002001422b000 GCTaskThread "GC Thread#5" [stack: 0x0000005381a00000,0x0000005381b00000] [id=21396]
  0x000002001627f800 GCTaskThread "GC Thread#6" [stack: 0x0000005382700000,0x0000005382800000] [id=21876]
  0x0000020016280000 GCTaskThread "GC Thread#7" [stack: 0x0000005382800000,0x0000005382900000] [id=21572]
  0x0000020016283000 GCTaskThread "GC Thread#8" [stack: 0x0000005382900000,0x0000005382a00000] [id=19992]
  0x0000020016282800 GCTaskThread "GC Thread#9" [stack: 0x0000005382a00000,0x0000005382b00000] [id=17840]
  0x0000020073c8f800 ConcurrentGCThread "G1 Main Marker" [stack: 0x0000005380600000,0x0000005380700000] [id=22388]
  0x0000020073c90800 ConcurrentGCThread "G1 Conc#0" [stack: 0x0000005380700000,0x0000005380800000] [id=22392]
  0x0000020016284000 ConcurrentGCThread "G1 Conc#1" [stack: 0x0000005382b00000,0x0000005382c00000] [id=13396]
  0x0000020016281800 ConcurrentGCThread "G1 Conc#2" [stack: 0x0000005382c00000,0x0000005382d00000] [id=12624]
  0x0000020073d1e000 ConcurrentGCThread "G1 Refine#0" [stack: 0x0000005380800000,0x0000005380900000] [id=22304]
  0x0000020013086800 ConcurrentGCThread "G1 Young RemSet Sampling" [stack: 0x0000005380900000,0x0000005380a00000] [id=22308]

Threads with active compile tasks:
C2 CompilerThread0  1873255 18786       4       java.util.concurrent.locks.ReentrantLock::lock (9 bytes)
C2 CompilerThread1  1873255 18752       4       org.gradle.internal.service.DefaultServiceRegistry$ClassInspector::getDetailsForClass (50 bytes)

VM state:not at safepoint (normal execution)

VM Mutex/Monitor currently owned by a thread: None

Heap address: 0x0000000080000000, size: 2048 MB, Compressed Oops mode: 32-bit
Narrow klass base: 0x0000000000000000, Narrow klass shift: 3
Compressed class space size: 528482304 Address: 0x0000000100000000

Heap:
 garbage-first heap   total 374784K, used 259008K [0x0000000080000000, 0x0000000100000000)
  region size 1024K, 33 young (33792K), 7 survivors (7168K)
 Metaspace       used 130694K, capacity 135597K, committed 135772K, reserved 634880K
  class space    used 16882K, capacity 18791K, committed 18816K, reserved 516096K
Heap Regions: E=young(eden), S=young(survivor), O=old, HS=humongous(starts), HC=humongous(continues), CS=collection set, F=free, A=archive, TAMS=top-at-mark-start (previous, next)
|   0|0x0000000080000000, 0x0000000080100000, 0x0000000080100000|100%| O|  |TAMS 0x0000000080100000, 0x0000000080000000| Untracked 
|   1|0x0000000080100000, 0x0000000080200000, 0x0000000080200000|100%| O|  |TAMS 0x0000000080200000, 0x0000000080100000| Untracked 
|   2|0x0000000080200000, 0x0000000080300000, 0x0000000080300000|100%| O|  |TAMS 0x0000000080300000, 0x0000000080200000| Untracked 
|   3|0x0000000080300000, 0x0000000080400000, 0x0000000080400000|100%|HS|  |TAMS 0x0000000080400000, 0x0000000080300000| Complete 
|   4|0x0000000080400000, 0x0000000080500000, 0x0000000080500000|100%|HC|  |TAMS 0x0000000080500000, 0x0000000080400000| Complete 
|   5|0x0000000080500000, 0x0000000080600000, 0x0000000080600000|100%|HC|  |TAMS 0x0000000080600000, 0x0000000080500000| Complete 
|   6|0x0000000080600000, 0x0000000080700000, 0x0000000080700000|100%| O|  |TAMS 0x0000000080700000, 0x0000000080600000| Untracked 
|   7|0x0000000080700000, 0x0000000080800000, 0x0000000080800000|100%| O|  |TAMS 0x0000000080800000, 0x0000000080700000| Untracked 
|   8|0x0000000080800000, 0x0000000080900000, 0x0000000080900000|100%| O|  |TAMS 0x0000000080900000, 0x0000000080800000| Untracked 
|   9|0x0000000080900000, 0x0000000080a00000, 0x0000000080a00000|100%| O|  |TAMS 0x0000000080a00000, 0x0000000080900000| Untracked 
|  10|0x0000000080a00000, 0x0000000080b00000, 0x0000000080b00000|100%| O|  |TAMS 0x0000000080b00000, 0x0000000080a00000| Untracked 
|  11|0x0000000080b00000, 0x0000000080c00000, 0x0000000080c00000|100%| O|  |TAMS 0x0000000080c00000, 0x0000000080b00000| Untracked 
|  12|0x0000000080c00000, 0x0000000080d00000, 0x0000000080d00000|100%| O|  |TAMS 0x0000000080d00000, 0x0000000080c00000| Untracked 
|  13|0x0000000080d00000, 0x0000000080e00000, 0x0000000080e00000|100%| O|  |TAMS 0x0000000080e00000, 0x0000000080d00000| Untracked 
|  14|0x0000000080e00000, 0x0000000080f00000, 0x0000000080f00000|100%| O|  |TAMS 0x0000000080f00000, 0x0000000080e00000| Untracked 
|  15|0x0000000080f00000, 0x0000000081000000, 0x0000000081000000|100%| O|  |TAMS 0x0000000081000000, 0x0000000080f00000| Untracked 
|  16|0x0000000081000000, 0x0000000081100000, 0x0000000081100000|100%| O|  |TAMS 0x0000000081100000, 0x0000000081000000| Untracked 
|  17|0x0000000081100000, 0x0000000081200000, 0x0000000081200000|100%|HS|  |TAMS 0x0000000081200000, 0x0000000081100000| Complete 
|  18|0x0000000081200000, 0x0000000081300000, 0x0000000081300000|100%| O|  |TAMS 0x0000000081300000, 0x0000000081200000| Untracked 
|  19|0x0000000081300000, 0x0000000081400000, 0x0000000081400000|100%| O|  |TAMS 0x0000000081400000, 0x0000000081300000| Untracked 
|  20|0x0000000081400000, 0x0000000081500000, 0x0000000081500000|100%| O|  |TAMS 0x0000000081500000, 0x0000000081400000| Untracked 
|  21|0x0000000081500000, 0x0000000081600000, 0x0000000081600000|100%| O|  |TAMS 0x0000000081600000, 0x0000000081500000| Untracked 
|  22|0x0000000081600000, 0x0000000081700000, 0x0000000081700000|100%| O|  |TAMS 0x0000000081700000, 0x0000000081600000| Untracked 
|  23|0x0000000081700000, 0x0000000081800000, 0x0000000081800000|100%|HS|  |TAMS 0x0000000081800000, 0x0000000081700000| Complete 
|  24|0x0000000081800000, 0x0000000081900000, 0x0000000081900000|100%|HC|  |TAMS 0x0000000081900000, 0x0000000081800000| Complete 
|  25|0x0000000081900000, 0x0000000081a00000, 0x0000000081a00000|100%|HC|  |TAMS 0x0000000081a00000, 0x0000000081900000| Complete 
|  26|0x0000000081a00000, 0x0000000081b00000, 0x0000000081b00000|100%| O|  |TAMS 0x0000000081b00000, 0x0000000081a00000| Untracked 
|  27|0x0000000081b00000, 0x0000000081c00000, 0x0000000081c00000|100%| O|  |TAMS 0x0000000081c00000, 0x0000000081b00000| Untracked 
|  28|0x0000000081c00000, 0x0000000081d00000, 0x0000000081d00000|100%| O|  |TAMS 0x0000000081d00000, 0x0000000081c00000| Untracked 
|  29|0x0000000081d00000, 0x0000000081e00000, 0x0000000081e00000|100%| O|  |TAMS 0x0000000081e00000, 0x0000000081d00000| Untracked 
|  30|0x0000000081e00000, 0x0000000081f00000, 0x0000000081f00000|100%| O|  |TAMS 0x0000000081f00000, 0x0000000081e00000| Untracked 
|  31|0x0000000081f00000, 0x0000000082000000, 0x0000000082000000|100%| O|  |TAMS 0x0000000082000000, 0x0000000081f00000| Untracked 
|  32|0x0000000082000000, 0x0000000082100000, 0x0000000082100000|100%| O|  |TAMS 0x0000000082100000, 0x0000000082000000| Untracked 
|  33|0x0000000082100000, 0x0000000082200000, 0x0000000082200000|100%| O|  |TAMS 0x0000000082200000, 0x0000000082100000| Untracked 
|  34|0x0000000082200000, 0x0000000082300000, 0x0000000082300000|100%| O|  |TAMS 0x0000000082300000, 0x0000000082200000| Untracked 
|  35|0x0000000082300000, 0x0000000082400000, 0x0000000082400000|100%| O|  |TAMS 0x0000000082400000, 0x0000000082300000| Untracked 
|  36|0x0000000082400000, 0x0000000082500000, 0x0000000082500000|100%| O|  |TAMS 0x0000000082500000, 0x0000000082400000| Untracked 
|  37|0x0000000082500000, 0x0000000082600000, 0x0000000082600000|100%| O|  |TAMS 0x0000000082600000, 0x0000000082500000| Untracked 
|  38|0x0000000082600000, 0x0000000082700000, 0x0000000082700000|100%| O|  |TAMS 0x0000000082700000, 0x0000000082600000| Untracked 
|  39|0x0000000082700000, 0x0000000082800000, 0x0000000082800000|100%| O|  |TAMS 0x0000000082800000, 0x0000000082700000| Untracked 
|  40|0x0000000082800000, 0x0000000082900000, 0x0000000082900000|100%|HS|  |TAMS 0x0000000082900000, 0x0000000082800000| Complete 
|  41|0x0000000082900000, 0x0000000082a00000, 0x0000000082a00000|100%|HS|  |TAMS 0x0000000082a00000, 0x0000000082900000| Complete 
|  42|0x0000000082a00000, 0x0000000082b00000, 0x0000000082b00000|100%| O|  |TAMS 0x0000000082b00000, 0x0000000082a00000| Untracked 
|  43|0x0000000082b00000, 0x0000000082c00000, 0x0000000082c00000|100%|HS|  |TAMS 0x0000000082c00000, 0x0000000082b00000| Complete 
|  44|0x0000000082c00000, 0x0000000082d00000, 0x0000000082d00000|100%|HC|  |TAMS 0x0000000082d00000, 0x0000000082c00000| Complete 
|  45|0x0000000082d00000, 0x0000000082e00000, 0x0000000082e00000|100%| O|  |TAMS 0x0000000082e00000, 0x0000000082d00000| Untracked 
|  46|0x0000000082e00000, 0x0000000082f00000, 0x0000000082f00000|100%| O|  |TAMS 0x0000000082f00000, 0x0000000082e00000| Untracked 
|  47|0x0000000082f00000, 0x0000000083000000, 0x0000000083000000|100%| O|  |TAMS 0x0000000083000000, 0x0000000082f00000| Untracked 
|  48|0x0000000083000000, 0x0000000083100000, 0x0000000083100000|100%| O|  |TAMS 0x0000000083100000, 0x0000000083000000| Untracked 
|  49|0x0000000083100000, 0x0000000083200000, 0x0000000083200000|100%| O|  |TAMS 0x0000000083200000, 0x0000000083100000| Untracked 
|  50|0x0000000083200000, 0x0000000083300000, 0x0000000083300000|100%| O|  |TAMS 0x0000000083300000, 0x0000000083200000| Untracked 
|  51|0x0000000083300000, 0x0000000083400000, 0x0000000083400000|100%| O|  |TAMS 0x0000000083400000, 0x0000000083300000| Untracked 
|  52|0x0000000083400000, 0x0000000083500000, 0x0000000083500000|100%| O|  |TAMS 0x0000000083500000, 0x0000000083400000| Untracked 
|  53|0x0000000083500000, 0x0000000083600000, 0x0000000083600000|100%| O|  |TAMS 0x0000000083600000, 0x0000000083500000| Untracked 
|  54|0x0000000083600000, 0x0000000083700000, 0x0000000083700000|100%| O|  |TAMS 0x0000000083700000, 0x0000000083600000| Untracked 
|  55|0x0000000083700000, 0x0000000083800000, 0x0000000083800000|100%| O|  |TAMS 0x0000000083800000, 0x0000000083700000| Untracked 
|  56|0x0000000083800000, 0x0000000083900000, 0x0000000083900000|100%| O|  |TAMS 0x0000000083900000, 0x0000000083800000| Untracked 
|  57|0x0000000083900000, 0x0000000083a00000, 0x0000000083a00000|100%| O|  |TAMS 0x0000000083a00000, 0x0000000083900000| Untracked 
|  58|0x0000000083a00000, 0x0000000083b00000, 0x0000000083b00000|100%| O|  |TAMS 0x0000000083b00000, 0x0000000083a00000| Untracked 
|  59|0x0000000083b00000, 0x0000000083c00000, 0x0000000083c00000|100%| O|  |TAMS 0x0000000083c00000, 0x0000000083b00000| Untracked 
|  60|0x0000000083c00000, 0x0000000083d00000, 0x0000000083d00000|100%| O|  |TAMS 0x0000000083d00000, 0x0000000083c00000| Untracked 
|  61|0x0000000083d00000, 0x0000000083e00000, 0x0000000083e00000|100%| O|  |TAMS 0x0000000083e00000, 0x0000000083d00000| Untracked 
|  62|0x0000000083e00000, 0x0000000083f00000, 0x0000000083f00000|100%| O|  |TAMS 0x0000000083f00000, 0x0000000083e00000| Untracked 
|  63|0x0000000083f00000, 0x0000000084000000, 0x0000000084000000|100%| O|  |TAMS 0x0000000084000000, 0x0000000083f00000| Untracked 
|  64|0x0000000084000000, 0x0000000084100000, 0x0000000084100000|100%| O|  |TAMS 0x0000000084100000, 0x0000000084000000| Untracked 
|  65|0x0000000084100000, 0x0000000084200000, 0x0000000084200000|100%| O|  |TAMS 0x0000000084200000, 0x0000000084100000| Untracked 
|  66|0x0000000084200000, 0x0000000084300000, 0x0000000084300000|100%| O|  |TAMS 0x0000000084300000, 0x0000000084200000| Untracked 
|  67|0x0000000084300000, 0x0000000084400000, 0x0000000084400000|100%| O|  |TAMS 0x0000000084400000, 0x0000000084300000| Untracked 
|  68|0x0000000084400000, 0x0000000084500000, 0x0000000084500000|100%| O|  |TAMS 0x0000000084500000, 0x0000000084400000| Untracked 
|  69|0x0000000084500000, 0x0000000084600000, 0x0000000084600000|100%| O|  |TAMS 0x0000000084600000, 0x0000000084500000| Untracked 
|  70|0x0000000084600000, 0x0000000084700000, 0x0000000084700000|100%| O|  |TAMS 0x0000000084700000, 0x0000000084600000| Untracked 
|  71|0x0000000084700000, 0x0000000084800000, 0x0000000084800000|100%| O|  |TAMS 0x0000000084800000, 0x0000000084700000| Untracked 
|  72|0x0000000084800000, 0x0000000084900000, 0x0000000084900000|100%| O|  |TAMS 0x0000000084900000, 0x0000000084800000| Untracked 
|  73|0x0000000084900000, 0x0000000084a00000, 0x0000000084a00000|100%|HS|  |TAMS 0x0000000084a00000, 0x0000000084900000| Complete 
|  74|0x0000000084a00000, 0x0000000084b00000, 0x0000000084b00000|100%|HS|  |TAMS 0x0000000084b00000, 0x0000000084a00000| Complete 
|  75|0x0000000084b00000, 0x0000000084c00000, 0x0000000084c00000|100%|HS|  |TAMS 0x0000000084c00000, 0x0000000084b00000| Complete 
|  76|0x0000000084c00000, 0x0000000084d00000, 0x0000000084d00000|100%|HS|  |TAMS 0x0000000084d00000, 0x0000000084c00000| Complete 
|  77|0x0000000084d00000, 0x0000000084e00000, 0x0000000084e00000|100%|HC|  |TAMS 0x0000000084e00000, 0x0000000084d00000| Complete 
|  78|0x0000000084e00000, 0x0000000084f00000, 0x0000000084f00000|100%|HC|  |TAMS 0x0000000084f00000, 0x0000000084e00000| Complete 
|  79|0x0000000084f00000, 0x0000000085000000, 0x0000000085000000|100%| O|  |TAMS 0x0000000085000000, 0x0000000084f00000| Untracked 
|  80|0x0000000085000000, 0x0000000085100000, 0x0000000085100000|100%| O|  |TAMS 0x0000000085100000, 0x0000000085000000| Untracked 
|  81|0x0000000085100000, 0x0000000085200000, 0x0000000085200000|100%| O|  |TAMS 0x0000000085200000, 0x0000000085100000| Untracked 
|  82|0x0000000085200000, 0x0000000085300000, 0x0000000085300000|100%| O|  |TAMS 0x0000000085300000, 0x0000000085200000| Untracked 
|  83|0x0000000085300000, 0x0000000085400000, 0x0000000085400000|100%| O|  |TAMS 0x0000000085400000, 0x0000000085300000| Untracked 
|  84|0x0000000085400000, 0x0000000085500000, 0x0000000085500000|100%| O|  |TAMS 0x0000000085500000, 0x0000000085400000| Untracked 
|  85|0x0000000085500000, 0x0000000085600000, 0x0000000085600000|100%| O|  |TAMS 0x0000000085600000, 0x0000000085500000| Untracked 
|  86|0x0000000085600000, 0x0000000085700000, 0x0000000085700000|100%| O|  |TAMS 0x0000000085700000, 0x0000000085600000| Untracked 
|  87|0x0000000085700000, 0x0000000085800000, 0x0000000085800000|100%| O|  |TAMS 0x0000000085800000, 0x0000000085700000| Untracked 
|  88|0x0000000085800000, 0x0000000085900000, 0x0000000085900000|100%| O|  |TAMS 0x0000000085900000, 0x0000000085800000| Untracked 
|  89|0x0000000085900000, 0x0000000085a00000, 0x0000000085a00000|100%| O|  |TAMS 0x0000000085a00000, 0x0000000085900000| Untracked 
|  90|0x0000000085a00000, 0x0000000085b00000, 0x0000000085b00000|100%|HS|  |TAMS 0x0000000085b00000, 0x0000000085a00000| Complete 
|  91|0x0000000085b00000, 0x0000000085c00000, 0x0000000085c00000|100%| O|  |TAMS 0x0000000085c00000, 0x0000000085b00000| Untracked 
|  92|0x0000000085c00000, 0x0000000085d00000, 0x0000000085d00000|100%| O|  |TAMS 0x0000000085d00000, 0x0000000085c00000| Untracked 
|  93|0x0000000085d00000, 0x0000000085e00000, 0x0000000085e00000|100%| O|  |TAMS 0x0000000085e00000, 0x0000000085d00000| Untracked 
|  94|0x0000000085e00000, 0x0000000085f00000, 0x0000000085f00000|100%| O|  |TAMS 0x0000000085f00000, 0x0000000085e00000| Untracked 
|  95|0x0000000085f00000, 0x0000000086000000, 0x0000000086000000|100%| O|  |TAMS 0x0000000086000000, 0x0000000085f00000| Untracked 
|  96|0x0000000086000000, 0x0000000086100000, 0x0000000086100000|100%| O|  |TAMS 0x0000000086100000, 0x0000000086000000| Untracked 
|  97|0x0000000086100000, 0x0000000086200000, 0x0000000086200000|100%| O|  |TAMS 0x0000000086200000, 0x0000000086100000| Untracked 
|  98|0x0000000086200000, 0x0000000086300000, 0x0000000086300000|100%| O|  |TAMS 0x0000000086300000, 0x0000000086200000| Untracked 
|  99|0x0000000086300000, 0x0000000086400000, 0x0000000086400000|100%| O|  |TAMS 0x0000000086400000, 0x0000000086300000| Untracked 
| 100|0x0000000086400000, 0x0000000086500000, 0x0000000086500000|100%| O|  |TAMS 0x0000000086500000, 0x0000000086400000| Untracked 
| 101|0x0000000086500000, 0x0000000086600000, 0x0000000086600000|100%|HS|  |TAMS 0x0000000086600000, 0x0000000086500000| Complete 
| 102|0x0000000086600000, 0x0000000086700000, 0x0000000086700000|100%|HC|  |TAMS 0x0000000086700000, 0x0000000086600000| Complete 
| 103|0x0000000086700000, 0x0000000086800000, 0x0000000086800000|100%|HC|  |TAMS 0x0000000086800000, 0x0000000086700000| Complete 
| 104|0x0000000086800000, 0x0000000086900000, 0x0000000086900000|100%| O|  |TAMS 0x0000000086900000, 0x0000000086800000| Untracked 
| 105|0x0000000086900000, 0x0000000086a00000, 0x0000000086a00000|100%| O|  |TAMS 0x0000000086a00000, 0x0000000086900000| Untracked 
| 106|0x0000000086a00000, 0x0000000086b00000, 0x0000000086b00000|100%| O|  |TAMS 0x0000000086b00000, 0x0000000086a00000| Untracked 
| 107|0x0000000086b00000, 0x0000000086c00000, 0x0000000086c00000|100%| O|  |TAMS 0x0000000086c00000, 0x0000000086b00000| Untracked 
| 108|0x0000000086c00000, 0x0000000086d00000, 0x0000000086d00000|100%| O|  |TAMS 0x0000000086d00000, 0x0000000086c00000| Untracked 
| 109|0x0000000086d00000, 0x0000000086e00000, 0x0000000086e00000|100%| O|  |TAMS 0x0000000086e00000, 0x0000000086d00000| Untracked 
| 110|0x0000000086e00000, 0x0000000086f00000, 0x0000000086f00000|100%| O|  |TAMS 0x0000000086f00000, 0x0000000086e00000| Untracked 
| 111|0x0000000086f00000, 0x0000000087000000, 0x0000000087000000|100%| O|  |TAMS 0x0000000087000000, 0x0000000086f00000| Untracked 
| 112|0x0000000087000000, 0x0000000087100000, 0x0000000087100000|100%| O|  |TAMS 0x0000000087100000, 0x0000000087000000| Untracked 
| 113|0x0000000087100000, 0x0000000087200000, 0x0000000087200000|100%| O|  |TAMS 0x0000000087200000, 0x0000000087100000| Untracked 
| 114|0x0000000087200000, 0x0000000087300000, 0x0000000087300000|100%| O|  |TAMS 0x0000000087300000, 0x0000000087200000| Untracked 
| 115|0x0000000087300000, 0x0000000087400000, 0x0000000087400000|100%| O|  |TAMS 0x0000000087400000, 0x0000000087300000| Untracked 
| 116|0x0000000087400000, 0x0000000087500000, 0x0000000087500000|100%| O|  |TAMS 0x0000000087500000, 0x0000000087400000| Untracked 
| 117|0x0000000087500000, 0x0000000087600000, 0x0000000087600000|100%| O|  |TAMS 0x0000000087600000, 0x0000000087500000| Untracked 
| 118|0x0000000087600000, 0x0000000087700000, 0x0000000087700000|100%| O|  |TAMS 0x0000000087700000, 0x0000000087600000| Untracked 
| 119|0x0000000087700000, 0x0000000087800000, 0x0000000087800000|100%| O|  |TAMS 0x0000000087800000, 0x0000000087700000| Untracked 
| 120|0x0000000087800000, 0x0000000087900000, 0x0000000087900000|100%| O|  |TAMS 0x0000000087900000, 0x0000000087800000| Untracked 
| 121|0x0000000087900000, 0x0000000087a00000, 0x0000000087a00000|100%| O|  |TAMS 0x0000000087a00000, 0x0000000087900000| Untracked 
| 122|0x0000000087a00000, 0x0000000087b00000, 0x0000000087b00000|100%| O|  |TAMS 0x0000000087b00000, 0x0000000087a00000| Untracked 
| 123|0x0000000087b00000, 0x0000000087c00000, 0x0000000087c00000|100%|HS|  |TAMS 0x0000000087c00000, 0x0000000087b00000| Complete 
| 124|0x0000000087c00000, 0x0000000087d00000, 0x0000000087d00000|100%| O|  |TAMS 0x0000000087d00000, 0x0000000087c00000| Untracked 
| 125|0x0000000087d00000, 0x0000000087e00000, 0x0000000087e00000|100%| O|  |TAMS 0x0000000087e00000, 0x0000000087d00000| Untracked 
| 126|0x0000000087e00000, 0x0000000087f00000, 0x0000000087f00000|100%| O|  |TAMS 0x0000000087f00000, 0x0000000087e00000| Untracked 
| 127|0x0000000087f00000, 0x0000000088000000, 0x0000000088000000|100%|HS|  |TAMS 0x0000000088000000, 0x0000000087f00000| Complete 
| 128|0x0000000088000000, 0x0000000088100000, 0x0000000088100000|100%|HS|  |TAMS 0x0000000088100000, 0x0000000088000000| Complete 
| 129|0x0000000088100000, 0x0000000088200000, 0x0000000088200000|100%|HS|  |TAMS 0x0000000088200000, 0x0000000088100000| Complete 
| 130|0x0000000088200000, 0x0000000088300000, 0x0000000088300000|100%|HS|  |TAMS 0x0000000088300000, 0x0000000088200000| Complete 
| 131|0x0000000088300000, 0x0000000088400000, 0x0000000088400000|100%|HC|  |TAMS 0x0000000088400000, 0x0000000088300000| Complete 
| 132|0x0000000088400000, 0x0000000088500000, 0x0000000088500000|100%|HC|  |TAMS 0x0000000088500000, 0x0000000088400000| Complete 
| 133|0x0000000088500000, 0x0000000088600000, 0x0000000088600000|100%| O|  |TAMS 0x0000000088600000, 0x0000000088500000| Untracked 
| 134|0x0000000088600000, 0x0000000088700000, 0x0000000088700000|100%| O|  |TAMS 0x0000000088700000, 0x0000000088600000| Untracked 
| 135|0x0000000088700000, 0x0000000088800000, 0x0000000088800000|100%| O|  |TAMS 0x0000000088800000, 0x0000000088700000| Untracked 
| 136|0x0000000088800000, 0x0000000088900000, 0x0000000088900000|100%| O|  |TAMS 0x0000000088900000, 0x0000000088800000| Untracked 
| 137|0x0000000088900000, 0x0000000088a00000, 0x0000000088a00000|100%| O|  |TAMS 0x0000000088a00000, 0x0000000088900000| Untracked 
| 138|0x0000000088a00000, 0x0000000088b00000, 0x0000000088b00000|100%| O|  |TAMS 0x0000000088b00000, 0x0000000088a00000| Untracked 
| 139|0x0000000088b00000, 0x0000000088c00000, 0x0000000088c00000|100%| O|  |TAMS 0x0000000088c00000, 0x0000000088b00000| Untracked 
| 140|0x0000000088c00000, 0x0000000088d00000, 0x0000000088d00000|100%| O|  |TAMS 0x0000000088d00000, 0x0000000088c00000| Untracked 
| 141|0x0000000088d00000, 0x0000000088e00000, 0x0000000088e00000|100%| O|  |TAMS 0x0000000088e00000, 0x0000000088d00000| Untracked 
| 142|0x0000000088e00000, 0x0000000088f00000, 0x0000000088f00000|100%| O|  |TAMS 0x0000000088f00000, 0x0000000088e00000| Untracked 
| 143|0x0000000088f00000, 0x0000000089000000, 0x0000000089000000|100%| O|  |TAMS 0x0000000089000000, 0x0000000088f00000| Untracked 
| 144|0x0000000089000000, 0x0000000089100000, 0x0000000089100000|100%| O|  |TAMS 0x0000000089100000, 0x0000000089000000| Untracked 
| 145|0x0000000089100000, 0x0000000089200000, 0x0000000089200000|100%| O|  |TAMS 0x0000000089200000, 0x0000000089100000| Untracked 
| 146|0x0000000089200000, 0x0000000089300000, 0x0000000089300000|100%| O|  |TAMS 0x0000000089300000, 0x0000000089200000| Untracked 
| 147|0x0000000089300000, 0x0000000089400000, 0x0000000089400000|100%| O|  |TAMS 0x0000000089400000, 0x0000000089300000| Untracked 
| 148|0x0000000089400000, 0x0000000089500000, 0x0000000089500000|100%| O|  |TAMS 0x0000000089500000, 0x0000000089400000| Untracked 
| 149|0x0000000089500000, 0x0000000089600000, 0x0000000089600000|100%| O|  |TAMS 0x0000000089600000, 0x0000000089500000| Untracked 
| 150|0x0000000089600000, 0x0000000089700000, 0x0000000089700000|100%| O|  |TAMS 0x0000000089700000, 0x0000000089600000| Untracked 
| 151|0x0000000089700000, 0x0000000089800000, 0x0000000089800000|100%| O|  |TAMS 0x0000000089800000, 0x0000000089700000| Untracked 
| 152|0x0000000089800000, 0x0000000089900000, 0x0000000089900000|100%| O|  |TAMS 0x0000000089900000, 0x0000000089800000| Untracked 
| 153|0x0000000089900000, 0x0000000089a00000, 0x0000000089a00000|100%| O|  |TAMS 0x0000000089a00000, 0x0000000089900000| Untracked 
| 154|0x0000000089a00000, 0x0000000089b00000, 0x0000000089b00000|100%| O|  |TAMS 0x0000000089b00000, 0x0000000089a00000| Untracked 
| 155|0x0000000089b00000, 0x0000000089c00000, 0x0000000089c00000|100%| O|  |TAMS 0x0000000089c00000, 0x0000000089b00000| Untracked 
| 156|0x0000000089c00000, 0x0000000089d00000, 0x0000000089d00000|100%| O|  |TAMS 0x0000000089d00000, 0x0000000089c00000| Untracked 
| 157|0x0000000089d00000, 0x0000000089e00000, 0x0000000089e00000|100%| O|  |TAMS 0x0000000089e00000, 0x0000000089d00000| Untracked 
| 158|0x0000000089e00000, 0x0000000089f00000, 0x0000000089f00000|100%| O|  |TAMS 0x0000000089f00000, 0x0000000089e00000| Untracked 
| 159|0x0000000089f00000, 0x000000008a000000, 0x000000008a000000|100%| O|  |TAMS 0x000000008a000000, 0x0000000089f00000| Untracked 
| 160|0x000000008a000000, 0x000000008a100000, 0x000000008a100000|100%| O|  |TAMS 0x000000008a100000, 0x000000008a000000| Untracked 
| 161|0x000000008a100000, 0x000000008a200000, 0x000000008a200000|100%| O|  |TAMS 0x000000008a200000, 0x000000008a100000| Untracked 
| 162|0x000000008a200000, 0x000000008a300000, 0x000000008a300000|100%| O|  |TAMS 0x000000008a300000, 0x000000008a200000| Untracked 
| 163|0x000000008a300000, 0x000000008a400000, 0x000000008a400000|100%| O|  |TAMS 0x000000008a400000, 0x000000008a300000| Untracked 
| 164|0x000000008a400000, 0x000000008a500000, 0x000000008a500000|100%| O|  |TAMS 0x000000008a500000, 0x000000008a400000| Untracked 
| 165|0x000000008a500000, 0x000000008a600000, 0x000000008a600000|100%| O|  |TAMS 0x000000008a600000, 0x000000008a500000| Untracked 
| 166|0x000000008a600000, 0x000000008a700000, 0x000000008a700000|100%| O|  |TAMS 0x000000008a700000, 0x000000008a600000| Untracked 
| 167|0x000000008a700000, 0x000000008a800000, 0x000000008a800000|100%| O|  |TAMS 0x000000008a800000, 0x000000008a700000| Untracked 
| 168|0x000000008a800000, 0x000000008a900000, 0x000000008a900000|100%| O|  |TAMS 0x000000008a900000, 0x000000008a800000| Untracked 
| 169|0x000000008a900000, 0x000000008aa00000, 0x000000008aa00000|100%| O|  |TAMS 0x000000008aa00000, 0x000000008a900000| Untracked 
| 170|0x000000008aa00000, 0x000000008ab00000, 0x000000008ab00000|100%| O|  |TAMS 0x000000008ab00000, 0x000000008aa00000| Untracked 
| 171|0x000000008ab00000, 0x000000008ac00000, 0x000000008ac00000|100%| O|  |TAMS 0x000000008ac00000, 0x000000008ab00000| Untracked 
| 172|0x000000008ac00000, 0x000000008ad00000, 0x000000008ad00000|100%| O|  |TAMS 0x000000008ad00000, 0x000000008ac00000| Untracked 
| 173|0x000000008ad00000, 0x000000008ae00000, 0x000000008ae00000|100%| O|  |TAMS 0x000000008ae00000, 0x000000008ad00000| Untracked 
| 174|0x000000008ae00000, 0x000000008af00000, 0x000000008af00000|100%| O|  |TAMS 0x000000008af00000, 0x000000008ae00000| Untracked 
| 175|0x000000008af00000, 0x000000008b000000, 0x000000008b000000|100%| O|  |TAMS 0x000000008b000000, 0x000000008af00000| Untracked 
| 176|0x000000008b000000, 0x000000008b100000, 0x000000008b100000|100%| O|  |TAMS 0x000000008b100000, 0x000000008b000000| Untracked 
| 177|0x000000008b100000, 0x000000008b200000, 0x000000008b200000|100%| O|  |TAMS 0x000000008b200000, 0x000000008b100000| Untracked 
| 178|0x000000008b200000, 0x000000008b300000, 0x000000008b300000|100%| O|  |TAMS 0x000000008b300000, 0x000000008b200000| Untracked 
| 179|0x000000008b300000, 0x000000008b400000, 0x000000008b400000|100%| O|  |TAMS 0x000000008b400000, 0x000000008b300000| Untracked 
| 180|0x000000008b400000, 0x000000008b500000, 0x000000008b500000|100%| O|  |TAMS 0x000000008b500000, 0x000000008b400000| Untracked 
| 181|0x000000008b500000, 0x000000008b600000, 0x000000008b600000|100%| O|  |TAMS 0x000000008b600000, 0x000000008b500000| Untracked 
| 182|0x000000008b600000, 0x000000008b700000, 0x000000008b700000|100%| O|  |TAMS 0x000000008b700000, 0x000000008b600000| Untracked 
| 183|0x000000008b700000, 0x000000008b800000, 0x000000008b800000|100%| O|  |TAMS 0x000000008b800000, 0x000000008b700000| Untracked 
| 184|0x000000008b800000, 0x000000008b900000, 0x000000008b900000|100%| O|  |TAMS 0x000000008b900000, 0x000000008b800000| Untracked 
| 185|0x000000008b900000, 0x000000008ba00000, 0x000000008ba00000|100%| O|  |TAMS 0x000000008ba00000, 0x000000008b900000| Untracked 
| 186|0x000000008ba00000, 0x000000008bb00000, 0x000000008bb00000|100%| O|  |TAMS 0x000000008bb00000, 0x000000008ba00000| Untracked 
| 187|0x000000008bb00000, 0x000000008bc00000, 0x000000008bc00000|100%| O|  |TAMS 0x000000008bc00000, 0x000000008bb00000| Untracked 
| 188|0x000000008bc00000, 0x000000008bd00000, 0x000000008bd00000|100%| O|  |TAMS 0x000000008bd00000, 0x000000008bc00000| Untracked 
| 189|0x000000008bd00000, 0x000000008be00000, 0x000000008be00000|100%| O|  |TAMS 0x000000008be00000, 0x000000008bd00000| Untracked 
| 190|0x000000008be00000, 0x000000008bf00000, 0x000000008bf00000|100%| O|  |TAMS 0x000000008bf00000, 0x000000008be00000| Untracked 
| 191|0x000000008bf00000, 0x000000008c000000, 0x000000008c000000|100%| O|  |TAMS 0x000000008c000000, 0x000000008bf00000| Untracked 
| 192|0x000000008c000000, 0x000000008c100000, 0x000000008c100000|100%| O|  |TAMS 0x000000008c100000, 0x000000008c000000| Untracked 
| 193|0x000000008c100000, 0x000000008c200000, 0x000000008c200000|100%| O|  |TAMS 0x000000008c200000, 0x000000008c100000| Untracked 
| 194|0x000000008c200000, 0x000000008c300000, 0x000000008c300000|100%| O|  |TAMS 0x000000008c300000, 0x000000008c200000| Untracked 
| 195|0x000000008c300000, 0x000000008c400000, 0x000000008c400000|100%| O|  |TAMS 0x000000008c400000, 0x000000008c300000| Untracked 
| 196|0x000000008c400000, 0x000000008c500000, 0x000000008c500000|100%| O|  |TAMS 0x000000008c500000, 0x000000008c400000| Untracked 
| 197|0x000000008c500000, 0x000000008c600000, 0x000000008c600000|100%| O|  |TAMS 0x000000008c600000, 0x000000008c500000| Untracked 
| 198|0x000000008c600000, 0x000000008c700000, 0x000000008c700000|100%| O|  |TAMS 0x000000008c700000, 0x000000008c600000| Untracked 
| 199|0x000000008c700000, 0x000000008c800000, 0x000000008c800000|100%| O|  |TAMS 0x000000008c800000, 0x000000008c700000| Untracked 
| 200|0x000000008c800000, 0x000000008c900000, 0x000000008c900000|100%| O|  |TAMS 0x000000008c900000, 0x000000008c800000| Untracked 
| 201|0x000000008c900000, 0x000000008ca00000, 0x000000008ca00000|100%| O|  |TAMS 0x000000008ca00000, 0x000000008c900000| Untracked 
| 202|0x000000008ca00000, 0x000000008cb00000, 0x000000008cb00000|100%| O|  |TAMS 0x000000008cb00000, 0x000000008ca00000| Untracked 
| 203|0x000000008cb00000, 0x000000008cc00000, 0x000000008cc00000|100%| O|  |TAMS 0x000000008cc00000, 0x000000008cb00000| Untracked 
| 204|0x000000008cc00000, 0x000000008cd00000, 0x000000008cd00000|100%| O|  |TAMS 0x000000008cd00000, 0x000000008cc00000| Untracked 
| 205|0x000000008cd00000, 0x000000008ce00000, 0x000000008ce00000|100%| O|  |TAMS 0x000000008ce00000, 0x000000008cd00000| Untracked 
| 206|0x000000008ce00000, 0x000000008cf00000, 0x000000008cf00000|100%| O|  |TAMS 0x000000008cf00000, 0x000000008ce00000| Untracked 
| 207|0x000000008cf00000, 0x000000008d000000, 0x000000008d000000|100%| O|  |TAMS 0x000000008d000000, 0x000000008cf00000| Untracked 
| 208|0x000000008d000000, 0x000000008d100000, 0x000000008d100000|100%| O|  |TAMS 0x000000008d100000, 0x000000008d000000| Untracked 
| 209|0x000000008d100000, 0x000000008d200000, 0x000000008d200000|100%| O|  |TAMS 0x000000008d200000, 0x000000008d100000| Untracked 
| 210|0x000000008d200000, 0x000000008d300000, 0x000000008d300000|100%| O|  |TAMS 0x000000008d300000, 0x000000008d200000| Untracked 
| 211|0x000000008d300000, 0x000000008d400000, 0x000000008d400000|100%| O|  |TAMS 0x000000008d400000, 0x000000008d300000| Untracked 
| 212|0x000000008d400000, 0x000000008d500000, 0x000000008d500000|100%| O|  |TAMS 0x000000008d500000, 0x000000008d400000| Untracked 
| 213|0x000000008d500000, 0x000000008d600000, 0x000000008d600000|100%| O|  |TAMS 0x000000008d600000, 0x000000008d500000| Untracked 
| 214|0x000000008d600000, 0x000000008d700000, 0x000000008d700000|100%| O|  |TAMS 0x000000008d700000, 0x000000008d600000| Untracked 
| 215|0x000000008d700000, 0x000000008d800000, 0x000000008d800000|100%| O|  |TAMS 0x000000008d800000, 0x000000008d700000| Untracked 
| 216|0x000000008d800000, 0x000000008d900000, 0x000000008d900000|100%| O|  |TAMS 0x000000008d900000, 0x000000008d800000| Untracked 
| 217|0x000000008d900000, 0x000000008da00000, 0x000000008da00000|100%| O|  |TAMS 0x000000008da00000, 0x000000008d900000| Untracked 
| 218|0x000000008da00000, 0x000000008db00000, 0x000000008db00000|100%| O|  |TAMS 0x000000008db00000, 0x000000008da00000| Untracked 
| 219|0x000000008db00000, 0x000000008dc00000, 0x000000008dc00000|100%| O|  |TAMS 0x000000008dc00000, 0x000000008db00000| Untracked 
| 220|0x000000008dc00000, 0x000000008dd00000, 0x000000008dd00000|100%| O|  |TAMS 0x000000008dd00000, 0x000000008dc00000| Untracked 
| 221|0x000000008dd00000, 0x000000008de00000, 0x000000008de00000|100%| O|  |TAMS 0x000000008de00000, 0x000000008dd00000| Untracked 
| 222|0x000000008de00000, 0x000000008de6fc00, 0x000000008df00000| 43%| O|  |TAMS 0x000000008de6fc00, 0x000000008de00000| Untracked 
| 223|0x000000008df00000, 0x000000008df00000, 0x000000008e000000|  0%| F|  |TAMS 0x000000008df00000, 0x000000008df00000| Untracked 
| 224|0x000000008e000000, 0x000000008e000000, 0x000000008e100000|  0%| F|  |TAMS 0x000000008e000000, 0x000000008e000000| Untracked 
| 225|0x000000008e100000, 0x000000008e100000, 0x000000008e200000|  0%| F|  |TAMS 0x000000008e100000, 0x000000008e100000| Untracked 
| 226|0x000000008e200000, 0x000000008e200000, 0x000000008e300000|  0%| F|  |TAMS 0x000000008e200000, 0x000000008e200000| Untracked 
| 227|0x000000008e300000, 0x000000008e300000, 0x000000008e400000|  0%| F|  |TAMS 0x000000008e300000, 0x000000008e300000| Untracked 
| 228|0x000000008e400000, 0x000000008e400000, 0x000000008e500000|  0%| F|  |TAMS 0x000000008e400000, 0x000000008e400000| Untracked 
| 229|0x000000008e500000, 0x000000008e500000, 0x000000008e600000|  0%| F|  |TAMS 0x000000008e500000, 0x000000008e500000| Untracked 
| 230|0x000000008e600000, 0x000000008e600000, 0x000000008e700000|  0%| F|  |TAMS 0x000000008e600000, 0x000000008e600000| Untracked 
| 231|0x000000008e700000, 0x000000008e700000, 0x000000008e800000|  0%| F|  |TAMS 0x000000008e700000, 0x000000008e700000| Untracked 
| 232|0x000000008e800000, 0x000000008e800000, 0x000000008e900000|  0%| F|  |TAMS 0x000000008e800000, 0x000000008e800000| Untracked 
| 233|0x000000008e900000, 0x000000008e900000, 0x000000008ea00000|  0%| F|  |TAMS 0x000000008e900000, 0x000000008e900000| Untracked 
| 234|0x000000008ea00000, 0x000000008ea00000, 0x000000008eb00000|  0%| F|  |TAMS 0x000000008ea00000, 0x000000008ea00000| Untracked 
| 235|0x000000008eb00000, 0x000000008eb00000, 0x000000008ec00000|  0%| F|  |TAMS 0x000000008eb00000, 0x000000008eb00000| Untracked 
| 236|0x000000008ec00000, 0x000000008ec00000, 0x000000008ed00000|  0%| F|  |TAMS 0x000000008ec00000, 0x000000008ec00000| Untracked 
| 237|0x000000008ed00000, 0x000000008ed00000, 0x000000008ee00000|  0%| F|  |TAMS 0x000000008ed00000, 0x000000008ed00000| Untracked 
| 238|0x000000008ee00000, 0x000000008ee00000, 0x000000008ef00000|  0%| F|  |TAMS 0x000000008ee00000, 0x000000008ee00000| Untracked 
| 239|0x000000008ef00000, 0x000000008ef00000, 0x000000008f000000|  0%| F|  |TAMS 0x000000008ef00000, 0x000000008ef00000| Untracked 
| 240|0x000000008f000000, 0x000000008f000000, 0x000000008f100000|  0%| F|  |TAMS 0x000000008f000000, 0x000000008f000000| Untracked 
| 241|0x000000008f100000, 0x000000008f100000, 0x000000008f200000|  0%| F|  |TAMS 0x000000008f100000, 0x000000008f100000| Untracked 
| 242|0x000000008f200000, 0x000000008f200000, 0x000000008f300000|  0%| F|  |TAMS 0x000000008f200000, 0x000000008f200000| Untracked 
| 243|0x000000008f300000, 0x000000008f300000, 0x000000008f400000|  0%| F|  |TAMS 0x000000008f300000, 0x000000008f300000| Untracked 
| 244|0x000000008f400000, 0x000000008f400000, 0x000000008f500000|  0%| F|  |TAMS 0x000000008f400000, 0x000000008f400000| Untracked 
| 245|0x000000008f500000, 0x000000008f500000, 0x000000008f600000|  0%| F|  |TAMS 0x000000008f500000, 0x000000008f500000| Untracked 
| 246|0x000000008f600000, 0x000000008f600000, 0x000000008f700000|  0%| F|  |TAMS 0x000000008f600000, 0x000000008f600000| Untracked 
| 247|0x000000008f700000, 0x000000008f700000, 0x000000008f800000|  0%| F|  |TAMS 0x000000008f700000, 0x000000008f700000| Untracked 
| 248|0x000000008f800000, 0x000000008f800000, 0x000000008f900000|  0%| F|  |TAMS 0x000000008f800000, 0x000000008f800000| Untracked 
| 249|0x000000008f900000, 0x000000008f900000, 0x000000008fa00000|  0%| F|  |TAMS 0x000000008f900000, 0x000000008f900000| Untracked 
| 250|0x000000008fa00000, 0x000000008fa00000, 0x000000008fb00000|  0%| F|  |TAMS 0x000000008fa00000, 0x000000008fa00000| Untracked 
| 251|0x000000008fb00000, 0x000000008fb00000, 0x000000008fc00000|  0%| F|  |TAMS 0x000000008fb00000, 0x000000008fb00000| Untracked 
| 252|0x000000008fc00000, 0x000000008fc00000, 0x000000008fd00000|  0%| F|  |TAMS 0x000000008fc00000, 0x000000008fc00000| Untracked 
| 253|0x000000008fd00000, 0x000000008fd00000, 0x000000008fe00000|  0%| F|  |TAMS 0x000000008fd00000, 0x000000008fd00000| Untracked 
| 254|0x000000008fe00000, 0x000000008fe00000, 0x000000008ff00000|  0%| F|  |TAMS 0x000000008fe00000, 0x000000008fe00000| Untracked 
| 255|0x000000008ff00000, 0x000000008ff00000, 0x0000000090000000|  0%| F|  |TAMS 0x000000008ff00000, 0x000000008ff00000| Untracked 
| 256|0x0000000090000000, 0x0000000090000000, 0x0000000090100000|  0%| F|  |TAMS 0x0000000090000000, 0x0000000090000000| Untracked 
| 257|0x0000000090100000, 0x0000000090100000, 0x0000000090200000|  0%| F|  |TAMS 0x0000000090100000, 0x0000000090100000| Untracked 
| 258|0x0000000090200000, 0x0000000090200000, 0x0000000090300000|  0%| F|  |TAMS 0x0000000090200000, 0x0000000090200000| Untracked 
| 259|0x0000000090300000, 0x0000000090300000, 0x0000000090400000|  0%| F|  |TAMS 0x0000000090300000, 0x0000000090300000| Untracked 
| 260|0x0000000090400000, 0x0000000090400000, 0x0000000090500000|  0%| F|  |TAMS 0x0000000090400000, 0x0000000090400000| Untracked 
| 261|0x0000000090500000, 0x0000000090500000, 0x0000000090600000|  0%| F|  |TAMS 0x0000000090500000, 0x0000000090500000| Untracked 
| 262|0x0000000090600000, 0x0000000090600000, 0x0000000090700000|  0%| F|  |TAMS 0x0000000090600000, 0x0000000090600000| Untracked 
| 263|0x0000000090700000, 0x0000000090700000, 0x0000000090800000|  0%| F|  |TAMS 0x0000000090700000, 0x0000000090700000| Untracked 
| 264|0x0000000090800000, 0x0000000090800000, 0x0000000090900000|  0%| F|  |TAMS 0x0000000090800000, 0x0000000090800000| Untracked 
| 265|0x0000000090900000, 0x0000000090900000, 0x0000000090a00000|  0%| F|  |TAMS 0x0000000090900000, 0x0000000090900000| Untracked 
| 266|0x0000000090a00000, 0x0000000090a00000, 0x0000000090b00000|  0%| F|  |TAMS 0x0000000090a00000, 0x0000000090a00000| Untracked 
| 267|0x0000000090b00000, 0x0000000090b00000, 0x0000000090c00000|  0%| F|  |TAMS 0x0000000090b00000, 0x0000000090b00000| Untracked 
| 268|0x0000000090c00000, 0x0000000090c00000, 0x0000000090d00000|  0%| F|  |TAMS 0x0000000090c00000, 0x0000000090c00000| Untracked 
| 269|0x0000000090d00000, 0x0000000090d00000, 0x0000000090e00000|  0%| F|  |TAMS 0x0000000090d00000, 0x0000000090d00000| Untracked 
| 270|0x0000000090e00000, 0x0000000090e00000, 0x0000000090f00000|  0%| F|  |TAMS 0x0000000090e00000, 0x0000000090e00000| Untracked 
| 271|0x0000000090f00000, 0x0000000090f00000, 0x0000000091000000|  0%| F|  |TAMS 0x0000000090f00000, 0x0000000090f00000| Untracked 
| 272|0x0000000091000000, 0x0000000091000000, 0x0000000091100000|  0%| F|  |TAMS 0x0000000091000000, 0x0000000091000000| Untracked 
| 273|0x0000000091100000, 0x0000000091100000, 0x0000000091200000|  0%| F|  |TAMS 0x0000000091100000, 0x0000000091100000| Untracked 
| 274|0x0000000091200000, 0x0000000091200000, 0x0000000091300000|  0%| F|  |TAMS 0x0000000091200000, 0x0000000091200000| Untracked 
| 275|0x0000000091300000, 0x0000000091300000, 0x0000000091400000|  0%| F|  |TAMS 0x0000000091300000, 0x0000000091300000| Untracked 
| 276|0x0000000091400000, 0x0000000091400000, 0x0000000091500000|  0%| F|  |TAMS 0x0000000091400000, 0x0000000091400000| Untracked 
| 277|0x0000000091500000, 0x0000000091500000, 0x0000000091600000|  0%| F|  |TAMS 0x0000000091500000, 0x0000000091500000| Untracked 
| 278|0x0000000091600000, 0x0000000091600000, 0x0000000091700000|  0%| F|  |TAMS 0x0000000091600000, 0x0000000091600000| Untracked 
| 279|0x0000000091700000, 0x0000000091700000, 0x0000000091800000|  0%| F|  |TAMS 0x0000000091700000, 0x0000000091700000| Untracked 
| 280|0x0000000091800000, 0x0000000091800000, 0x0000000091900000|  0%| F|  |TAMS 0x0000000091800000, 0x0000000091800000| Untracked 
| 281|0x0000000091900000, 0x0000000091900000, 0x0000000091a00000|  0%| F|  |TAMS 0x0000000091900000, 0x0000000091900000| Untracked 
| 282|0x0000000091a00000, 0x0000000091a00000, 0x0000000091b00000|  0%| F|  |TAMS 0x0000000091a00000, 0x0000000091a00000| Untracked 
| 283|0x0000000091b00000, 0x0000000091b00000, 0x0000000091c00000|  0%| F|  |TAMS 0x0000000091b00000, 0x0000000091b00000| Untracked 
| 284|0x0000000091c00000, 0x0000000091c00000, 0x0000000091d00000|  0%| F|  |TAMS 0x0000000091c00000, 0x0000000091c00000| Untracked 
| 285|0x0000000091d00000, 0x0000000091d00000, 0x0000000091e00000|  0%| F|  |TAMS 0x0000000091d00000, 0x0000000091d00000| Untracked 
| 286|0x0000000091e00000, 0x0000000091e00000, 0x0000000091f00000|  0%| F|  |TAMS 0x0000000091e00000, 0x0000000091e00000| Untracked 
| 287|0x0000000091f00000, 0x0000000091f00000, 0x0000000092000000|  0%| F|  |TAMS 0x0000000091f00000, 0x0000000091f00000| Untracked 
| 288|0x0000000092000000, 0x0000000092000000, 0x0000000092100000|  0%| F|  |TAMS 0x0000000092000000, 0x0000000092000000| Untracked 
| 289|0x0000000092100000, 0x0000000092100000, 0x0000000092200000|  0%| F|  |TAMS 0x0000000092100000, 0x0000000092100000| Untracked 
| 290|0x0000000092200000, 0x0000000092200000, 0x0000000092300000|  0%| F|  |TAMS 0x0000000092200000, 0x0000000092200000| Untracked 
| 291|0x0000000092300000, 0x0000000092300000, 0x0000000092400000|  0%| F|  |TAMS 0x0000000092300000, 0x0000000092300000| Untracked 
| 292|0x0000000092400000, 0x0000000092400000, 0x0000000092500000|  0%| F|  |TAMS 0x0000000092400000, 0x0000000092400000| Untracked 
| 293|0x0000000092500000, 0x0000000092500000, 0x0000000092600000|  0%| F|  |TAMS 0x0000000092500000, 0x0000000092500000| Untracked 
| 294|0x0000000092600000, 0x0000000092600000, 0x0000000092700000|  0%| F|  |TAMS 0x0000000092600000, 0x0000000092600000| Untracked 
| 295|0x0000000092700000, 0x0000000092780780, 0x0000000092800000| 50%| S|CS|TAMS 0x0000000092700000, 0x0000000092700000| Complete 
| 296|0x0000000092800000, 0x0000000092900000, 0x0000000092900000|100%| S|CS|TAMS 0x0000000092800000, 0x0000000092800000| Complete 
| 297|0x0000000092900000, 0x0000000092a00000, 0x0000000092a00000|100%| S|CS|TAMS 0x0000000092900000, 0x0000000092900000| Complete 
| 298|0x0000000092a00000, 0x0000000092b00000, 0x0000000092b00000|100%| S|CS|TAMS 0x0000000092a00000, 0x0000000092a00000| Complete 
| 299|0x0000000092b00000, 0x0000000092c00000, 0x0000000092c00000|100%| S|CS|TAMS 0x0000000092b00000, 0x0000000092b00000| Complete 
| 300|0x0000000092c00000, 0x0000000092d00000, 0x0000000092d00000|100%| S|CS|TAMS 0x0000000092c00000, 0x0000000092c00000| Complete 
| 301|0x0000000092d00000, 0x0000000092e00000, 0x0000000092e00000|100%| S|CS|TAMS 0x0000000092d00000, 0x0000000092d00000| Complete 
| 302|0x0000000092e00000, 0x0000000092e00000, 0x0000000092f00000|  0%| F|  |TAMS 0x0000000092e00000, 0x0000000092e00000| Untracked 
| 303|0x0000000092f00000, 0x0000000092f00000, 0x0000000093000000|  0%| F|  |TAMS 0x0000000092f00000, 0x0000000092f00000| Untracked 
| 304|0x0000000093000000, 0x0000000093000000, 0x0000000093100000|  0%| F|  |TAMS 0x0000000093000000, 0x0000000093000000| Untracked 
| 305|0x0000000093100000, 0x0000000093100000, 0x0000000093200000|  0%| F|  |TAMS 0x0000000093100000, 0x0000000093100000| Untracked 
| 306|0x0000000093200000, 0x0000000093200000, 0x0000000093300000|  0%| F|  |TAMS 0x0000000093200000, 0x0000000093200000| Untracked 
| 307|0x0000000093300000, 0x0000000093300000, 0x0000000093400000|  0%| F|  |TAMS 0x0000000093300000, 0x0000000093300000| Untracked 
| 308|0x0000000093400000, 0x0000000093400000, 0x0000000093500000|  0%| F|  |TAMS 0x0000000093400000, 0x0000000093400000| Untracked 
| 309|0x0000000093500000, 0x0000000093500000, 0x0000000093600000|  0%| F|  |TAMS 0x0000000093500000, 0x0000000093500000| Untracked 
| 310|0x0000000093600000, 0x0000000093600000, 0x0000000093700000|  0%| F|  |TAMS 0x0000000093600000, 0x0000000093600000| Untracked 
| 311|0x0000000093700000, 0x0000000093700000, 0x0000000093800000|  0%| F|  |TAMS 0x0000000093700000, 0x0000000093700000| Untracked 
| 312|0x0000000093800000, 0x0000000093800000, 0x0000000093900000|  0%| F|  |TAMS 0x0000000093800000, 0x0000000093800000| Untracked 
| 313|0x0000000093900000, 0x0000000093900000, 0x0000000093a00000|  0%| F|  |TAMS 0x0000000093900000, 0x0000000093900000| Untracked 
| 314|0x0000000093a00000, 0x0000000093a00000, 0x0000000093b00000|  0%| F|  |TAMS 0x0000000093a00000, 0x0000000093a00000| Untracked 
| 315|0x0000000093b00000, 0x0000000093b00000, 0x0000000093c00000|  0%| F|  |TAMS 0x0000000093b00000, 0x0000000093b00000| Untracked 
| 316|0x0000000093c00000, 0x0000000093c00000, 0x0000000093d00000|  0%| F|  |TAMS 0x0000000093c00000, 0x0000000093c00000| Untracked 
| 317|0x0000000093d00000, 0x0000000093d00000, 0x0000000093e00000|  0%| F|  |TAMS 0x0000000093d00000, 0x0000000093d00000| Untracked 
| 318|0x0000000093e00000, 0x0000000093e00000, 0x0000000093f00000|  0%| F|  |TAMS 0x0000000093e00000, 0x0000000093e00000| Untracked 
| 319|0x0000000093f00000, 0x0000000093f00000, 0x0000000094000000|  0%| F|  |TAMS 0x0000000093f00000, 0x0000000093f00000| Untracked 
| 320|0x0000000094000000, 0x0000000094000000, 0x0000000094100000|  0%| F|  |TAMS 0x0000000094000000, 0x0000000094000000| Untracked 
| 321|0x0000000094100000, 0x0000000094100000, 0x0000000094200000|  0%| F|  |TAMS 0x0000000094100000, 0x0000000094100000| Untracked 
| 322|0x0000000094200000, 0x0000000094200000, 0x0000000094300000|  0%| F|  |TAMS 0x0000000094200000, 0x0000000094200000| Untracked 
| 323|0x0000000094300000, 0x0000000094300000, 0x0000000094400000|  0%| F|  |TAMS 0x0000000094300000, 0x0000000094300000| Untracked 
| 324|0x0000000094400000, 0x0000000094400000, 0x0000000094500000|  0%| F|  |TAMS 0x0000000094400000, 0x0000000094400000| Untracked 
| 325|0x0000000094500000, 0x0000000094500000, 0x0000000094600000|  0%| F|  |TAMS 0x0000000094500000, 0x0000000094500000| Untracked 
| 326|0x0000000094600000, 0x0000000094600000, 0x0000000094700000|  0%| F|  |TAMS 0x0000000094600000, 0x0000000094600000| Untracked 
| 327|0x0000000094700000, 0x0000000094700000, 0x0000000094800000|  0%| F|  |TAMS 0x0000000094700000, 0x0000000094700000| Untracked 
| 328|0x0000000094800000, 0x0000000094800000, 0x0000000094900000|  0%| F|  |TAMS 0x0000000094800000, 0x0000000094800000| Untracked 
| 329|0x0000000094900000, 0x0000000094900000, 0x0000000094a00000|  0%| F|  |TAMS 0x0000000094900000, 0x0000000094900000| Untracked 
| 330|0x0000000094a00000, 0x0000000094a00000, 0x0000000094b00000|  0%| F|  |TAMS 0x0000000094a00000, 0x0000000094a00000| Untracked 
| 331|0x0000000094b00000, 0x0000000094b00000, 0x0000000094c00000|  0%| F|  |TAMS 0x0000000094b00000, 0x0000000094b00000| Untracked 
| 332|0x0000000094c00000, 0x0000000094c00000, 0x0000000094d00000|  0%| F|  |TAMS 0x0000000094c00000, 0x0000000094c00000| Untracked 
| 333|0x0000000094d00000, 0x0000000094d00000, 0x0000000094e00000|  0%| F|  |TAMS 0x0000000094d00000, 0x0000000094d00000| Untracked 
| 334|0x0000000094e00000, 0x0000000094e00000, 0x0000000094f00000|  0%| F|  |TAMS 0x0000000094e00000, 0x0000000094e00000| Untracked 
| 335|0x0000000094f00000, 0x0000000094f00000, 0x0000000095000000|  0%| F|  |TAMS 0x0000000094f00000, 0x0000000094f00000| Untracked 
| 336|0x0000000095000000, 0x0000000095000000, 0x0000000095100000|  0%| F|  |TAMS 0x0000000095000000, 0x0000000095000000| Untracked 
| 337|0x0000000095100000, 0x0000000095100000, 0x0000000095200000|  0%| F|  |TAMS 0x0000000095100000, 0x0000000095100000| Untracked 
| 338|0x0000000095200000, 0x0000000095200000, 0x0000000095300000|  0%| F|  |TAMS 0x0000000095200000, 0x0000000095200000| Untracked 
| 339|0x0000000095300000, 0x0000000095300000, 0x0000000095400000|  0%| F|  |TAMS 0x0000000095300000, 0x0000000095300000| Untracked 
| 340|0x0000000095400000, 0x00000000954e7078, 0x0000000095500000| 90%| E|  |TAMS 0x0000000095400000, 0x0000000095400000| Complete 
| 341|0x0000000095500000, 0x0000000095600000, 0x0000000095600000|100%| E|  |TAMS 0x0000000095500000, 0x0000000095500000| Complete 
| 342|0x0000000095600000, 0x0000000095700000, 0x0000000095700000|100%| E|CS|TAMS 0x0000000095600000, 0x0000000095600000| Complete 
| 343|0x0000000095700000, 0x0000000095800000, 0x0000000095800000|100%| E|CS|TAMS 0x0000000095700000, 0x0000000095700000| Complete 
| 344|0x0000000095800000, 0x0000000095900000, 0x0000000095900000|100%| E|CS|TAMS 0x0000000095800000, 0x0000000095800000| Complete 
| 345|0x0000000095900000, 0x0000000095a00000, 0x0000000095a00000|100%| E|CS|TAMS 0x0000000095900000, 0x0000000095900000| Complete 
| 346|0x0000000095a00000, 0x0000000095b00000, 0x0000000095b00000|100%| E|CS|TAMS 0x0000000095a00000, 0x0000000095a00000| Complete 
| 347|0x0000000095b00000, 0x0000000095c00000, 0x0000000095c00000|100%| E|CS|TAMS 0x0000000095b00000, 0x0000000095b00000| Complete 
| 348|0x0000000095c00000, 0x0000000095d00000, 0x0000000095d00000|100%| E|CS|TAMS 0x0000000095c00000, 0x0000000095c00000| Complete 
| 349|0x0000000095d00000, 0x0000000095e00000, 0x0000000095e00000|100%| E|CS|TAMS 0x0000000095d00000, 0x0000000095d00000| Complete 
| 350|0x0000000095e00000, 0x0000000095f00000, 0x0000000095f00000|100%| E|CS|TAMS 0x0000000095e00000, 0x0000000095e00000| Complete 
| 351|0x0000000095f00000, 0x0000000096000000, 0x0000000096000000|100%| E|CS|TAMS 0x0000000095f00000, 0x0000000095f00000| Complete 
| 352|0x0000000096000000, 0x0000000096100000, 0x0000000096100000|100%| E|CS|TAMS 0x0000000096000000, 0x0000000096000000| Complete 
| 353|0x0000000096100000, 0x0000000096200000, 0x0000000096200000|100%| E|CS|TAMS 0x0000000096100000, 0x0000000096100000| Complete 
| 354|0x0000000096200000, 0x0000000096300000, 0x0000000096300000|100%| E|CS|TAMS 0x0000000096200000, 0x0000000096200000| Complete 
| 355|0x0000000096300000, 0x0000000096400000, 0x0000000096400000|100%| E|CS|TAMS 0x0000000096300000, 0x0000000096300000| Complete 
| 356|0x0000000096400000, 0x0000000096500000, 0x0000000096500000|100%| E|CS|TAMS 0x0000000096400000, 0x0000000096400000| Complete 
| 357|0x0000000096500000, 0x0000000096600000, 0x0000000096600000|100%| E|CS|TAMS 0x0000000096500000, 0x0000000096500000| Complete 
| 358|0x0000000096600000, 0x0000000096700000, 0x0000000096700000|100%| E|CS|TAMS 0x0000000096600000, 0x0000000096600000| Complete 
| 359|0x0000000096700000, 0x0000000096800000, 0x0000000096800000|100%| E|CS|TAMS 0x0000000096700000, 0x0000000096700000| Complete 
| 360|0x0000000096800000, 0x0000000096900000, 0x0000000096900000|100%| E|CS|TAMS 0x0000000096800000, 0x0000000096800000| Complete 
| 361|0x0000000096900000, 0x0000000096a00000, 0x0000000096a00000|100%| E|CS|TAMS 0x0000000096900000, 0x0000000096900000| Complete 
| 362|0x0000000096a00000, 0x0000000096b00000, 0x0000000096b00000|100%| E|CS|TAMS 0x0000000096a00000, 0x0000000096a00000| Complete 
| 363|0x0000000096b00000, 0x0000000096c00000, 0x0000000096c00000|100%| E|CS|TAMS 0x0000000096b00000, 0x0000000096b00000| Complete 
| 364|0x0000000096c00000, 0x0000000096d00000, 0x0000000096d00000|100%| E|CS|TAMS 0x0000000096c00000, 0x0000000096c00000| Complete 
| 365|0x0000000096d00000, 0x0000000096e00000, 0x0000000096e00000|100%| E|CS|TAMS 0x0000000096d00000, 0x0000000096d00000| Complete 

Card table byte_map: [0x000002007cd10000,0x000002007d110000] _byte_map_base: 0x000002007c910000

Marking Bits (Prev, Next): (CMBitMap*) 0x0000020073c857d8, (CMBitMap*) 0x0000020073c85810
 Prev Bits: [0x000002007d510000, 0x000002007f510000)
 Next Bits: [0x000002000f000000, 0x0000020011000000)

Polling page: 0x0000020071bd0000

Metaspace:

Usage:
  Non-class:    114.13 MB capacity,   111.19 MB ( 97%) used,     2.53 MB (  2%) free+waste,   419.56 KB ( <1%) overhead. 
      Class:     18.35 MB capacity,    16.49 MB ( 90%) used,     1.67 MB (  9%) free+waste,   188.88 KB (  1%) overhead. 
       Both:    132.49 MB capacity,   127.68 MB ( 96%) used,     4.21 MB (  3%) free+waste,   608.44 KB ( <1%) overhead. 

Virtual space:
  Non-class space:      116.00 MB reserved,     114.21 MB ( 98%) committed 
      Class space:      504.00 MB reserved,      18.38 MB (  4%) committed 
             Both:      620.00 MB reserved,     132.59 MB ( 21%) committed 

Chunk freelists:
   Non-Class:  19.00 KB
       Class:  24.00 KB
        Both:  43.00 KB

MaxMetaspaceSize: 512.00 MB
CompressedClassSpaceSize: 504.00 MB
Initial GC threshold: 20.80 MB
Current GC threshold: 217.23 MB
CDS: off

CodeHeap 'non-profiled nmethods': size=120000Kb used=13538Kb max_used=13538Kb free=106462Kb
 bounds [0x0000020007ad0000, 0x0000020008810000, 0x000002000f000000]
CodeHeap 'profiled nmethods': size=120000Kb used=40451Kb max_used=40451Kb free=79548Kb
 bounds [0x00000200005a0000, 0x0000020002d30000, 0x0000020007ad0000]
CodeHeap 'non-nmethods': size=5760Kb used=2447Kb max_used=2556Kb free=3312Kb
 bounds [0x0000020000000000, 0x0000020000290000, 0x00000200005a0000]
 total_blobs=18844 nmethods=17856 adapters=899
 compilation: enabled
              stopped_count=0, restarted_count=0
 full_count=0

Compilation events (20 events):
Event: 1873.046 Thread 0x0000020013a9b800 nmethod 18771 0x0000020002d13690 code [0x0000020002d13840, 0x0000020002d13988]
Event: 1873.047 Thread 0x00000200148e6000 nmethod 18769 0x0000020008802890 code [0x0000020008802a40, 0x0000020008802e98]
Event: 1873.047 Thread 0x00000200148e6000 18772 %     4       jdk.internal.reflect.ClassFileAssembler::append @ 2 (30 bytes)
Event: 1873.050 Thread 0x0000020013a9b800 18773       3       org.gradle.api.internal.initialization.DefaultClassLoaderScope::buildEffectiveLoaders (449 bytes)
Event: 1873.053 Thread 0x00000200148e6000 nmethod 18772% 0x0000020008803090 code [0x0000020008803260, 0x0000020008803548]
Event: 1873.053 Thread 0x00000200148e6000 18752       4       org.gradle.internal.service.DefaultServiceRegistry$ClassInspector::getDetailsForClass (50 bytes)
Event: 1873.055 Thread 0x0000020013a9b800 nmethod 18773 0x0000020002d13a90 code [0x0000020002d141c0, 0x0000020002d184e8]
Event: 1873.055 Thread 0x0000020013a9b800 18778   !   3       org.gradle.internal.instantiation.generator.DependencyInjectingInstantiator::doCreate (64 bytes)
Event: 1873.056 Thread 0x0000020013a9b800 nmethod 18778 0x0000020002d19b90 code [0x0000020002d19da0, 0x0000020002d1a388]
Event: 1873.056 Thread 0x0000020013a9b800 18776       3       org.gradle.internal.action.DefaultConfigurableRules::computeCacheable (47 bytes)
Event: 1873.056 Thread 0x0000020013a9b800 nmethod 18776 0x0000020002d1a790 code [0x0000020002d1a9a0, 0x0000020002d1af48]
Event: 1873.056 Thread 0x0000020013a9b800 18774       3       org.gradle.internal.action.DefaultConfigurableRules::of (12 bytes)
Event: 1873.057 Thread 0x0000020013a9b800 nmethod 18774 0x0000020002d1b110 code [0x0000020002d1b320, 0x0000020002d1b878]
Event: 1873.057 Thread 0x0000020013a9b800 18775       3       org.gradle.internal.action.DefaultConfigurableRules::<init> (21 bytes)
Event: 1873.057 Thread 0x0000020013a9b800 nmethod 18775 0x0000020002d1ba90 code [0x0000020002d1bc60, 0x0000020002d1be98]
Event: 1873.057 Thread 0x0000020013a9b800 18777       3       org.gradle.internal.action.InstantiatingAction::<init> (38 bytes)
Event: 1873.057 Thread 0x0000020013a9b800 nmethod 18777 0x0000020002d1bf90 code [0x0000020002d1c180, 0x0000020002d1c608]
Event: 1873.070 Thread 0x0000020013a90000 nmethod 18750 0x0000020008803810 code [0x0000020008803a80, 0x0000020008804f90]
Event: 1873.071 Thread 0x0000020013a90000 18762       4       java.util.stream.ReferencePipeline::forEach (11 bytes)
Event: 1873.075 Thread 0x0000020013a90000 nmethod 18762 0x0000020008805a10 code [0x0000020008805bc0, 0x0000020008805e98]

GC Heap History (20 events):
Event: 38.775 GC heap before
{Heap before GC invocations=52 (full 0):
 garbage-first heap   total 260096K, used 224967K [0x0000000080000000, 0x0000000100000000)
  region size 1024K, 18 young (18432K), 3 survivors (3072K)
 Metaspace       used 124590K, capacity 129154K, committed 129500K, reserved 628736K
  class space    used 16207K, capacity 18024K, committed 18176K, reserved 516096K
}
Event: 38.781 GC heap after
{Heap after GC invocations=53 (full 0):
 garbage-first heap   total 260096K, used 212481K [0x0000000080000000, 0x0000000100000000)
  region size 1024K, 2 young (2048K), 2 survivors (2048K)
 Metaspace       used 124590K, capacity 129154K, committed 129500K, reserved 628736K
  class space    used 16207K, capacity 18024K, committed 18176K, reserved 516096K
}
Event: 38.963 GC heap before
{Heap before GC invocations=53 (full 0):
 garbage-first heap   total 260096K, used 225793K [0x0000000080000000, 0x0000000100000000)
  region size 1024K, 16 young (16384K), 2 survivors (2048K)
 Metaspace       used 125031K, capacity 129506K, committed 130140K, reserved 628736K
  class space    used 16262K, capacity 18056K, committed 18304K, reserved 516096K
}
Event: 38.969 GC heap after
{Heap after GC invocations=54 (full 0):
 garbage-first heap   total 312320K, used 214476K [0x0000000080000000, 0x0000000100000000)
  region size 1024K, 2 young (2048K), 2 survivors (2048K)
 Metaspace       used 125031K, capacity 129506K, committed 130140K, reserved 628736K
  class space    used 16262K, capacity 18056K, committed 18304K, reserved 516096K
}
Event: 39.354 GC heap before
{Heap before GC invocations=55 (full 0):
 garbage-first heap   total 312320K, used 250316K [0x0000000080000000, 0x0000000100000000)
  region size 1024K, 37 young (37888K), 2 survivors (2048K)
 Metaspace       used 126145K, capacity 130755K, committed 131036K, reserved 630784K
  class space    used 16409K, capacity 18231K, committed 18432K, reserved 516096K
}
Event: 39.361 GC heap after
{Heap after GC invocations=56 (full 0):
 garbage-first heap   total 312320K, used 219466K [0x0000000080000000, 0x0000000100000000)
  region size 1024K, 5 young (5120K), 5 survivors (5120K)
 Metaspace       used 126145K, capacity 130755K, committed 131036K, reserved 630784K
  class space    used 16409K, capacity 18231K, committed 18432K, reserved 516096K
}
Event: 39.540 GC heap before
{Heap before GC invocations=56 (full 0):
 garbage-first heap   total 312320K, used 234826K [0x0000000080000000, 0x0000000100000000)
  region size 1024K, 22 young (22528K), 5 survivors (5120K)
 Metaspace       used 126354K, capacity 131062K, committed 131292K, reserved 630784K
  class space    used 16435K, capacity 18285K, committed 18432K, reserved 516096K
}
Event: 39.545 GC heap after
{Heap after GC invocations=57 (full 0):
 garbage-first heap   total 312320K, used 221820K [0x0000000080000000, 0x0000000100000000)
  region size 1024K, 3 young (3072K), 3 survivors (3072K)
 Metaspace       used 126354K, capacity 131062K, committed 131292K, reserved 630784K
  class space    used 16435K, capacity 18285K, committed 18432K, reserved 516096K
}
Event: 39.708 GC heap before
{Heap before GC invocations=57 (full 0):
 garbage-first heap   total 312320K, used 258684K [0x0000000080000000, 0x0000000100000000)
  region size 1024K, 32 young (32768K), 3 survivors (3072K)
 Metaspace       used 126377K, capacity 131079K, committed 131292K, reserved 630784K
  class space    used 16438K, capacity 18290K, committed 18432K, reserved 516096K
}
Event: 39.714 GC heap after
{Heap after GC invocations=58 (full 0):
 garbage-first heap   total 312320K, used 224179K [0x0000000080000000, 0x0000000100000000)
  region size 1024K, 4 young (4096K), 4 survivors (4096K)
 Metaspace       used 126377K, capacity 131079K, committed 131292K, reserved 630784K
  class space    used 16438K, capacity 18290K, committed 18432K, reserved 516096K
}
Event: 39.892 GC heap before
{Heap before GC invocations=58 (full 0):
 garbage-first heap   total 312320K, used 258995K [0x0000000080000000, 0x0000000100000000)
  region size 1024K, 35 young (35840K), 4 survivors (4096K)
 Metaspace       used 126382K, capacity 131079K, committed 131292K, reserved 630784K
  class space    used 16438K, capacity 18290K, committed 18432K, reserved 516096K
}
Event: 39.901 GC heap after
{Heap after GC invocations=59 (full 0):
 garbage-first heap   total 374784K, used 226423K [0x0000000080000000, 0x0000000100000000)
  region size 1024K, 5 young (5120K), 5 survivors (5120K)
 Metaspace       used 126382K, capacity 131079K, committed 131292K, reserved 630784K
  class space    used 16438K, capacity 18290K, committed 18432K, reserved 516096K
}
Event: 40.225 GC heap before
{Heap before GC invocations=60 (full 0):
 garbage-first heap   total 374784K, used 269431K [0x0000000080000000, 0x0000000100000000)
  region size 1024K, 49 young (50176K), 5 survivors (5120K)
 Metaspace       used 127274K, capacity 131974K, committed 132316K, reserved 630784K
  class space    used 16481K, capacity 18327K, committed 18432K, reserved 516096K
}
Event: 40.230 GC heap after
{Heap after GC invocations=61 (full 0):
 garbage-first heap   total 374784K, used 228204K [0x0000000080000000, 0x0000000100000000)
  region size 1024K, 4 young (4096K), 4 survivors (4096K)
 Metaspace       used 127274K, capacity 131974K, committed 132316K, reserved 630784K
  class space    used 16481K, capacity 18327K, committed 18432K, reserved 516096K
}
Event: 43.323 GC heap before
{Heap before GC invocations=62 (full 0):
 garbage-first heap   total 374784K, used 287596K [0x0000000080000000, 0x0000000100000000)
  region size 1024K, 59 young (60416K), 4 survivors (4096K)
 Metaspace       used 128049K, capacity 132823K, committed 132956K, reserved 630784K
  class space    used 16580K, capacity 18438K, committed 18560K, reserved 516096K
}
Event: 43.328 GC heap after
{Heap after GC invocations=63 (full 0):
 garbage-first heap   total 374784K, used 231350K [0x0000000080000000, 0x0000000100000000)
  region size 1024K, 7 young (7168K), 7 survivors (7168K)
 Metaspace       used 128049K, capacity 132823K, committed 132956K, reserved 630784K
  class space    used 16580K, capacity 18438K, committed 18560K, reserved 516096K
}
Event: 43.866 GC heap before
{Heap before GC invocations=63 (full 0):
 garbage-first heap   total 374784K, used 251830K [0x0000000080000000, 0x0000000100000000)
  region size 1024K, 28 young (28672K), 7 survivors (7168K)
 Metaspace       used 128668K, capacity 133412K, committed 133468K, reserved 632832K
  class space    used 16676K, capacity 18545K, committed 18560K, reserved 516096K
}
Event: 43.871 GC heap after
{Heap after GC invocations=64 (full 0):
 garbage-first heap   total 374784K, used 230784K [0x0000000080000000, 0x0000000100000000)
  region size 1024K, 3 young (3072K), 3 survivors (3072K)
 Metaspace       used 128668K, capacity 133412K, committed 133468K, reserved 632832K
  class space    used 16676K, capacity 18545K, committed 18560K, reserved 516096K
}
Event: 688.860 GC heap before
{Heap before GC invocations=65 (full 0):
 garbage-first heap   total 374784K, used 296320K [0x0000000080000000, 0x0000000100000000)
  region size 1024K, 64 young (65536K), 3 survivors (3072K)
 Metaspace       used 130525K, capacity 135391K, committed 135516K, reserved 634880K
  class space    used 16880K, capacity 18789K, committed 18816K, reserved 516096K
}
Event: 688.865 GC heap after
{Heap after GC invocations=66 (full 0):
 garbage-first heap   total 374784K, used 234432K [0x0000000080000000, 0x0000000100000000)
  region size 1024K, 7 young (7168K), 7 survivors (7168K)
 Metaspace       used 130525K, capacity 135391K, committed 135516K, reserved 634880K
  class space    used 16880K, capacity 18789K, committed 18816K, reserved 516096K
}

Deoptimization events (20 events):
Event: 1873.024 Thread 0x000002001abf2000 Uncommon trap: trap_request=0xffffff4d fr.pc=0x0000020007b2ab0c relative=0x00000000000001cc
Event: 1873.024 Thread 0x000002001abf2000 Uncommon trap: reason=unstable_if action=reinterpret pc=0x0000020007b2ab0c method=com.google.common.collect.EnumMultiset.add(Ljava/lang/Enum;I)I @ 75 c2
Event: 1873.024 Thread 0x000002001abf2000 DEOPT PACKING pc=0x0000020007b2ab0c sp=0x0000005381dfbf00
Event: 1873.024 Thread 0x000002001abf2000 DEOPT UNPACKING pc=0x000002000004a1af sp=0x0000005381dfbe98 mode 2
Event: 1873.026 Thread 0x000002001abf2000 Uncommon trap: trap_request=0xffffffc6 fr.pc=0x00000200081f6a2c relative=0x000000000000074c
Event: 1873.026 Thread 0x000002001abf2000 Uncommon trap: reason=bimorphic_or_optimized_type_check action=maybe_recompile pc=0x00000200081f6a2c method=org.gradle.internal.operations.DefaultBuildOperationListenerManager$ProgressShieldingBuildOperationListener.finished(Lorg/gradle/internal/operation
Event: 1873.026 Thread 0x000002001abf2000 DEOPT PACKING pc=0x00000200081f6a2c sp=0x0000005381dfcdc0
Event: 1873.026 Thread 0x000002001abf2000 DEOPT UNPACKING pc=0x000002000004a1af sp=0x0000005381dfcd88 mode 2
Event: 1873.038 Thread 0x000002001abf2000 Uncommon trap: trap_request=0xffffff4d fr.pc=0x00000200081cae80 relative=0x0000000000005640
Event: 1873.038 Thread 0x000002001abf2000 Uncommon trap: reason=unstable_if action=reinterpret pc=0x00000200081cae80 method=org.gradle.cache.internal.DefaultCrossBuildInMemoryCacheFactory$AbstractCrossBuildInMemoryCache.getIfPresentWithoutLock(Ljava/lang/Object;)Ljava/lang/Object; @ 24 c2
Event: 1873.038 Thread 0x000002001abf2000 DEOPT PACKING pc=0x00000200081cae80 sp=0x0000005381df8db0
Event: 1873.038 Thread 0x000002001abf2000 DEOPT UNPACKING pc=0x000002000004a1af sp=0x0000005381df8b40 mode 2
Event: 1873.044 Thread 0x000002001abf2000 Uncommon trap: trap_request=0xffffff4d fr.pc=0x0000020007f51610 relative=0x0000000000000070
Event: 1873.044 Thread 0x000002001abf2000 Uncommon trap: reason=unstable_if action=reinterpret pc=0x0000020007f51610 method=com.google.common.math.IntMath.log2(ILjava/math/RoundingMode;)I @ 15 c2
Event: 1873.044 Thread 0x000002001abf2000 DEOPT PACKING pc=0x0000020007f51610 sp=0x0000005381df8c00
Event: 1873.044 Thread 0x000002001abf2000 DEOPT UNPACKING pc=0x000002000004a1af sp=0x0000005381df8b88 mode 2
Event: 1873.050 Thread 0x000002001abf2000 Uncommon trap: trap_request=0xffffff4d fr.pc=0x00000200081b4c1c relative=0x000000000000571c
Event: 1873.050 Thread 0x000002001abf2000 Uncommon trap: reason=unstable_if action=reinterpret pc=0x00000200081b4c1c method=org.gradle.cache.internal.DefaultCrossBuildInMemoryCacheFactory$AbstractCrossBuildInMemoryCache.getIfPresentWithoutLock(Ljava/lang/Object;)Ljava/lang/Object; @ 24 c2
Event: 1873.050 Thread 0x000002001abf2000 DEOPT PACKING pc=0x00000200081b4c1c sp=0x0000005381dfa790
Event: 1873.050 Thread 0x000002001abf2000 DEOPT UNPACKING pc=0x000002000004a1af sp=0x0000005381dfa590 mode 2

Classes redefined (0 events):
No events

Internal exceptions (20 events):
Event: 38.074 Thread 0x000002001aa80800 Exception <a 'java/lang/NoSuchMethodError'{0x000000008fd46b68}: <clinit>> (0x000000008fd46b68) thrown at [./src/hotspot/share/prims/jni.cpp, line 1367]
Event: 38.075 Thread 0x000002001aa80800 Exception <a 'java/lang/NoSuchMethodError'{0x000000008fd483b0}: <clinit>> (0x000000008fd483b0) thrown at [./src/hotspot/share/prims/jni.cpp, line 1367]
Event: 38.075 Thread 0x000002001aa80800 Exception <a 'java/lang/NoSuchMethodError'{0x000000008fd4d4b0}: <clinit>> (0x000000008fd4d4b0) thrown at [./src/hotspot/share/prims/jni.cpp, line 1367]
Event: 38.078 Thread 0x000002001aa80800 Exception <a 'java/lang/NoSuchMethodError'{0x000000008fd66e20}: <clinit>> (0x000000008fd66e20) thrown at [./src/hotspot/share/prims/jni.cpp, line 1367]
Event: 38.079 Thread 0x000002001aa80800 Exception <a 'java/lang/NoSuchMethodError'{0x000000008fd68058}: <clinit>> (0x000000008fd68058) thrown at [./src/hotspot/share/prims/jni.cpp, line 1367]
Event: 39.467 Thread 0x000002001aa78800 Implicit null exception at 0x000002000842c6c9 to 0x000002000842c8f8
Event: 40.085 Thread 0x000002001aa80000 Implicit null exception at 0x0000020008556dd4 to 0x000002000855b1ac
Event: 40.096 Thread 0x000002001aa82800 Implicit null exception at 0x000002000854e850 to 0x0000020008552c9c
Event: 41.340 Thread 0x000002001aa7f000 Exception <a 'java/lang/NoSuchMethodError'{0x00000000958cd238}: 'java.lang.Object java.lang.invoke.DirectMethodHandle$Holder.newInvokeSpecial(java.lang.Object, java.lang.Object, java.lang.Object, java.lang.Object)'> (0x00000000958cd238) thrown at [./src/hotspot/share/interpreter/linkResolver.cpp, line 773]
Event: 43.677 Thread 0x000002001aa7f000 Implicit null exception at 0x00000200082889c7 to 0x0000020008289740
Event: 43.742 Thread 0x000002001aa7f000 Exception <a 'java/lang/NoSuchMethodError'{0x00000000964c1828}: <clinit>> (0x00000000964c1828) thrown at [./src/hotspot/share/prims/jni.cpp, line 1367]
Event: 43.751 Thread 0x000002001ac00000 Exception <a 'java/lang/NoSuchMethodError'{0x00000000963cfaf8}: 'void java.lang.invoke.DirectMethodHandle$Holder.invokeSpecial(java.lang.Object, java.lang.Object, java.lang.Object, int)'> (0x00000000963cfaf8) thrown at [./src/hotspot/share/interpreter/linkResolver.cpp, line 773]
Event: 44.310 Thread 0x000002001aa7d800 Exception <a 'java/lang/NoSuchMethodError'{0x0000000094c08480}: 'java.lang.Object java.lang.invoke.DirectMethodHandle$Holder.invokeInterface(java.lang.Object, java.lang.Object, java.lang.Object, java.lang.Object)'> (0x0000000094c08480) thrown at [./src/hotspot/share/interpreter/linkResolver.cpp, line 773]
Event: 47.465 Thread 0x000002001552f000 Implicit null exception at 0x00000200082f8189 to 0x00000200082f90f0
Event: 47.500 Thread 0x000002001552f000 Implicit null exception at 0x000002000840956a to 0x00000200084096f4
Event: 47.500 Thread 0x000002001552f000 Implicit null exception at 0x0000020007d9d77a to 0x0000020007d9ea1c
Event: 47.501 Thread 0x000002001552f000 Implicit null exception at 0x000002000821e42f to 0x000002000821e47c
Event: 47.528 Thread 0x000002001552f000 Implicit null exception at 0x00000200082fea91 to 0x0000020008300a94
Event: 47.599 Thread 0x000002001552f000 Implicit null exception at 0x000002000826e46b to 0x000002000826e808
Event: 1873.018 Thread 0x000002001abf2000 Implicit null exception at 0x00000200087ef724 to 0x00000200087f32e8

Events (20 events):
Event: 1872.508 loading class com/google/common/util/concurrent/AbstractFuture$Failure$1 done
Event: 1872.509 Executing VM operation: RevokeBias
Event: 1872.509 Executing VM operation: RevokeBias done
Event: 1872.509 Thread 0x000002001abf2000 Thread exited: 0x000002001abf2000
Event: 1872.991 Thread 0x000002001abf3800 Thread added: 0x000002001abf3800
Event: 1872.992 Thread 0x000002001abf4800 Thread added: 0x000002001abf4800
Event: 1873.010 Thread 0x000002001abf5000 Thread added: 0x000002001abf5000
Event: 1873.013 Thread 0x000002001abf2000 Thread added: 0x000002001abf2000
Event: 1873.014 Executing VM operation: RevokeBias
Event: 1873.014 Executing VM operation: RevokeBias done
Event: 1873.016 Thread 0x000002001abf6000 Thread added: 0x000002001abf6000
Event: 1873.017 Thread 0x000002001abf0800 Thread added: 0x000002001abf0800
Event: 1873.017 Thread 0x000002001abf1000 Thread added: 0x000002001abf1000
Event: 1873.020 Executing VM operation: RevokeBias
Event: 1873.021 Executing VM operation: RevokeBias done
Event: 1873.027 Thread 0x00000200148e6000 Thread added: 0x00000200148e6000
Event: 1873.033 Thread 0x000002001abfc800 Thread added: 0x000002001abfc800
Event: 1873.037 Thread 0x000002001abfe000 Thread added: 0x000002001abfe000
Event: 1873.039 Thread 0x000002001abf8800 Thread added: 0x000002001abf8800
Event: 1873.041 Thread 0x000002001abf9800 Thread added: 0x000002001abf9800


Dynamic libraries:
0x00007ff769ef0000 - 0x00007ff769efd000 	C:\Program Files\Microsoft\jdk-11.0.18.10-hotspot\bin\java.exe
0x00007ffc65390000 - 0x00007ffc65588000 	C:\WINDOWS\SYSTEM32\ntdll.dll
0x00007ffc640e0000 - 0x00007ffc6419f000 	C:\WINDOWS\System32\KERNEL32.DLL
0x00007ffc62c80000 - 0x00007ffc62f5a000 	C:\WINDOWS\System32\KERNELBASE.dll
0x00007ffc63090000 - 0x00007ffc63190000 	C:\WINDOWS\System32\ucrtbase.dll
0x00007ffc3a560000 - 0x00007ffc3a575000 	C:\Program Files\Microsoft\jdk-11.0.18.10-hotspot\bin\VCRUNTIME140.dll
0x00007ffc461c0000 - 0x00007ffc461d7000 	C:\Program Files\Microsoft\jdk-11.0.18.10-hotspot\bin\jli.dll
0x00007ffc64fe0000 - 0x00007ffc6517d000 	C:\WINDOWS\System32\USER32.dll
0x00007ffc4f760000 - 0x00007ffc4f9fa000 	C:\WINDOWS\WinSxS\amd64_microsoft.windows.common-controls_6595b64144ccf1df_6.0.19041.1110_none_60b5254171f9507e\COMCTL32.dll
0x00007ffc62aa0000 - 0x00007ffc62ac2000 	C:\WINDOWS\System32\win32u.dll
0x00007ffc63cd0000 - 0x00007ffc63d6e000 	C:\WINDOWS\System32\msvcrt.dll
0x00007ffc65320000 - 0x00007ffc6534b000 	C:\WINDOWS\System32\GDI32.dll
0x00007ffc62ad0000 - 0x00007ffc62be0000 	C:\WINDOWS\System32\gdi32full.dll
0x00007ffc62ff0000 - 0x00007ffc6308d000 	C:\WINDOWS\System32\msvcp_win.dll
0x00007ffc639b0000 - 0x00007ffc639e0000 	C:\WINDOWS\System32\IMM32.DLL
0x00007ffbcf740000 - 0x00007ffbcf7db000 	C:\Program Files\Microsoft\jdk-11.0.18.10-hotspot\bin\msvcp140.dll
0x00007ffbb9fb0000 - 0x00007ffbbab42000 	C:\Program Files\Microsoft\jdk-11.0.18.10-hotspot\bin\server\jvm.dll
0x00007ffc65190000 - 0x00007ffc6523e000 	C:\WINDOWS\System32\ADVAPI32.dll
0x00007ffc63de0000 - 0x00007ffc63e7c000 	C:\WINDOWS\System32\sechost.dll
0x00007ffc64610000 - 0x00007ffc64736000 	C:\WINDOWS\System32\RPCRT4.dll
0x00007ffc64fd0000 - 0x00007ffc64fd8000 	C:\WINDOWS\System32\PSAPI.DLL
0x00007ffc38be0000 - 0x00007ffc38be9000 	C:\WINDOWS\SYSTEM32\WSOCK32.dll
0x00007ffc4d060000 - 0x00007ffc4d087000 	C:\WINDOWS\SYSTEM32\WINMM.dll
0x00007ffc5ad00000 - 0x00007ffc5ad0a000 	C:\WINDOWS\SYSTEM32\VERSION.dll
0x00007ffc63d70000 - 0x00007ffc63ddb000 	C:\WINDOWS\System32\WS2_32.dll
0x00007ffc60960000 - 0x00007ffc60972000 	C:\WINDOWS\SYSTEM32\kernel.appcore.dll
0x00007ffc5e0c0000 - 0x00007ffc5e0d0000 	C:\Program Files\Microsoft\jdk-11.0.18.10-hotspot\bin\verify.dll
0x00007ffc5e4b0000 - 0x00007ffc5e694000 	C:\WINDOWS\SYSTEM32\DBGHELP.DLL
0x00007ffc3f3b0000 - 0x00007ffc3f3e4000 	C:\WINDOWS\SYSTEM32\dbgcore.DLL
0x00007ffc62f60000 - 0x00007ffc62fe2000 	C:\WINDOWS\System32\bcryptPrimitives.dll
0x00007ffc22f40000 - 0x00007ffc22f68000 	C:\Program Files\Microsoft\jdk-11.0.18.10-hotspot\bin\java.dll
0x00007ffc5d2b0000 - 0x00007ffc5d2ba000 	C:\Program Files\Microsoft\jdk-11.0.18.10-hotspot\bin\jimage.dll
0x00007ffc3a3d0000 - 0x00007ffc3a3e8000 	C:\Program Files\Microsoft\jdk-11.0.18.10-hotspot\bin\zip.dll
0x00007ffc64740000 - 0x00007ffc64e84000 	C:\WINDOWS\System32\SHELL32.dll
0x00007ffc60b60000 - 0x00007ffc612f3000 	C:\WINDOWS\SYSTEM32\windows.storage.dll
0x00007ffc633f0000 - 0x00007ffc63744000 	C:\WINDOWS\System32\combase.dll
0x00007ffc62500000 - 0x00007ffc6252e000 	C:\WINDOWS\SYSTEM32\Wldp.dll
0x00007ffc63c20000 - 0x00007ffc63ccd000 	C:\WINDOWS\System32\SHCORE.dll
0x00007ffc64e90000 - 0x00007ffc64ee5000 	C:\WINDOWS\System32\shlwapi.dll
0x00007ffc629e0000 - 0x00007ffc629ff000 	C:\WINDOWS\SYSTEM32\profapi.dll
0x00007ffc38ed0000 - 0x00007ffc38ee9000 	C:\Program Files\Microsoft\jdk-11.0.18.10-hotspot\bin\net.dll
0x00007ffc56780000 - 0x00007ffc5688a000 	C:\WINDOWS\SYSTEM32\WINHTTP.dll
0x00007ffc62260000 - 0x00007ffc622ca000 	C:\WINDOWS\system32\mswsock.dll
0x00007ffc24920000 - 0x00007ffc24933000 	C:\Program Files\Microsoft\jdk-11.0.18.10-hotspot\bin\nio.dll
0x00007ffc4d030000 - 0x00007ffc4d057000 	C:\Users\Juan\.gradle\native\e1d6ef7f7dcc3fd88c89a11ec53ec762bb8ba0a96d01ffa2cd45eb1d1d8dd5c5\windows-amd64\native-platform.dll
0x00007ffbed490000 - 0x00007ffbed5d4000 	C:\Users\Juan\.gradle\native\0d407fdbe67a94daf76414ababcb853783967236a71b16ec16e742cd7a986fd3\windows-amd64\native-platform-file-events.dll
0x00007ffc5a920000 - 0x00007ffc5a929000 	C:\Program Files\Microsoft\jdk-11.0.18.10-hotspot\bin\management.dll
0x00007ffc4dd10000 - 0x00007ffc4dd1b000 	C:\Program Files\Microsoft\jdk-11.0.18.10-hotspot\bin\management_ext.dll
0x00007ffc62460000 - 0x00007ffc62478000 	C:\WINDOWS\SYSTEM32\CRYPTSP.dll
0x00007ffc61b10000 - 0x00007ffc61b44000 	C:\WINDOWS\system32\rsaenh.dll
0x00007ffc62be0000 - 0x00007ffc62c07000 	C:\WINDOWS\System32\bcrypt.dll
0x00007ffc62960000 - 0x00007ffc6298e000 	C:\WINDOWS\SYSTEM32\USERENV.dll
0x00007ffc62450000 - 0x00007ffc6245c000 	C:\WINDOWS\SYSTEM32\CRYPTBASE.dll
0x00007ffc61f00000 - 0x00007ffc61f3c000 	C:\WINDOWS\SYSTEM32\IPHLPAPI.DLL
0x00007ffc65180000 - 0x00007ffc65188000 	C:\WINDOWS\System32\NSI.dll
0x00007ffc56bd0000 - 0x00007ffc56be7000 	C:\WINDOWS\SYSTEM32\dhcpcsvc6.DLL
0x00007ffc59720000 - 0x00007ffc5973d000 	C:\WINDOWS\SYSTEM32\dhcpcsvc.DLL
0x00007ffc61f50000 - 0x00007ffc6201b000 	C:\WINDOWS\SYSTEM32\DNSAPI.dll
0x00007ffc5d2c0000 - 0x00007ffc5d2ce000 	C:\Program Files\Microsoft\jdk-11.0.18.10-hotspot\bin\sunmscapi.dll
0x00007ffc63190000 - 0x00007ffc632e6000 	C:\WINDOWS\System32\CRYPT32.dll
0x00007ffc62570000 - 0x00007ffc62598000 	C:\WINDOWS\SYSTEM32\ncrypt.dll
0x00007ffc62530000 - 0x00007ffc6256b000 	C:\WINDOWS\SYSTEM32\NTASN1.dll
0x00007ffc3bd50000 - 0x00007ffc3bd75000 	C:\Program Files\Microsoft\jdk-11.0.18.10-hotspot\bin\sunec.dll
0x0000000061e30000 - 0x0000000061e56000 	C:\Program Files\Bonjour\mdnsNSP.dll
0x00007ffc4d950000 - 0x00007ffc4d95a000 	C:\Windows\System32\rasadhlp.dll
0x00007ffc4a9b0000 - 0x00007ffc4aa30000 	C:\WINDOWS\System32\fwpuclnt.dll

dbghelp: loaded successfully - version: 4.0.5 - missing functions: none
symbol engine: initialized successfully - sym options: 0x614 - pdb path: .;C:\Program Files\Microsoft\jdk-11.0.18.10-hotspot\bin;C:\WINDOWS\SYSTEM32;C:\WINDOWS\WinSxS\amd64_microsoft.windows.common-controls_6595b64144ccf1df_6.0.19041.1110_none_60b5254171f9507e;C:\Program Files\Microsoft\jdk-11.0.18.10-hotspot\bin\server;C:\Users\Juan\.gradle\native\e1d6ef7f7dcc3fd88c89a11ec53ec762bb8ba0a96d01ffa2cd45eb1d1d8dd5c5\windows-amd64;C:\Users\Juan\.gradle\native\0d407fdbe67a94daf76414ababcb853783967236a71b16ec16e742cd7a986fd3\windows-amd64;C:\Program Files\Bonjour

VM Arguments:
jvm_args: -XX:MaxMetaspaceSize=512m --add-opens=java.base/java.util=ALL-UNNAMED --add-opens=java.base/java.lang=ALL-UNNAMED --add-opens=java.base/java.lang.invoke=ALL-UNNAMED --add-opens=java.base/java.util=ALL-UNNAMED --add-opens=java.prefs/java.util.prefs=ALL-UNNAMED --add-opens=java.prefs/java.util.prefs=ALL-UNNAMED --add-opens=java.base/java.nio.charset=ALL-UNNAMED --add-opens=java.base/java.net=ALL-UNNAMED --add-opens=java.base/java.util.concurrent.atomic=ALL-UNNAMED -Xmx2048m -Dfile.encoding=windows-1252 -Duser.country=ES -Duser.language=es -Duser.variant 
java_command: org.gradle.launcher.daemon.bootstrap.GradleDaemon 7.5.1
java_class_path (initial): C:\Users\Juan\.gradle\wrapper\dists\gradle-7.5.1-all\1ehga6e77gqps5uk2kc5kf1vc\gradle-7.5.1\lib\gradle-launcher-7.5.1.jar
Launcher Type: SUN_STANDARD

[Global flags]
     intx CICompilerCount                          = 4                                         {product} {ergonomic}
   size_t CompressedClassSpaceSize                 = 528482304                                 {product} {ergonomic}
     uint ConcGCThreads                            = 3                                         {product} {ergonomic}
     uint G1ConcRefinementThreads                  = 10                                        {product} {ergonomic}
   size_t G1HeapRegionSize                         = 1048576                                   {product} {ergonomic}
    uintx GCDrainStackTargetSize                   = 64                                        {product} {ergonomic}
   size_t InitialHeapSize                          = 266338304                                 {product} {ergonomic}
   size_t MarkStackSize                            = 4194304                                   {product} {ergonomic}
   size_t MaxHeapSize                              = 2147483648                                {product} {command line}
   size_t MaxMetaspaceSize                         = 536870912                                 {product} {command line}
   size_t MaxNewSize                               = 1287651328                                {product} {ergonomic}
   size_t MinHeapDeltaBytes                        = 1048576                                   {product} {ergonomic}
    uintx NonNMethodCodeHeapSize                   = 5836300                                {pd product} {ergonomic}
    uintx NonProfiledCodeHeapSize                  = 122910970                              {pd product} {ergonomic}
    uintx ProfiledCodeHeapSize                     = 122910970                              {pd product} {ergonomic}
    uintx ReservedCodeCacheSize                    = 251658240                              {pd product} {ergonomic}
     bool SegmentedCodeCache                       = true                                      {product} {ergonomic}
     bool UseCompressedClassPointers               = true                                 {lp64_product} {ergonomic}
     bool UseCompressedOops                        = true                                 {lp64_product} {ergonomic}
     bool UseG1GC                                  = true                                      {product} {ergonomic}
     bool UseLargePagesIndividualAllocation        = false                                  {pd product} {ergonomic}

Logging:
Log output configuration:
 #0: stdout all=warning uptime,level,tags
 #1: stderr all=off uptime,level,tags

Environment Variables:
JAVA_HOME=C:\Program Files\Microsoft\jdk-11.0.18.10-hotspot\
CLASSPATH=C:\Users\Juan\Desktop\React\appNaranja\android\\gradle\wrapper\gradle-wrapper.jar
PATH=C:\Users\Juan\Desktop\React\appNaranja\android\node_modules\.bin;C:\Users\Juan\Desktop\React\appNaranja\node_modules\.bin;C:\Users\Juan\Desktop\React\node_modules\.bin;C:\Users\Juan\Desktop\node_modules\.bin;C:\Users\Juan\node_modules\.bin;C:\Users\node_modules\.bin;C:\node_modules\.bin;C:\Program Files\nodejs;C:\Users\Juan\Desktop\React\appNaranja\node_modules\.bin;C:\Users\Juan\Desktop\React\appNaranja\node_modules\.bin;C:\Users\Juan\Desktop\React\node_modules\.bin;C:\Users\Juan\Desktop\node_modules\.bin;C:\Users\Juan\node_modules\.bin;C:\Users\node_modules\.bin;C:\node_modules\.bin;C:\Program Files\nodejs\node_modules\npm\node_modules\@npmcli\run-script\lib\node-gyp-bin;C:\Program Files\Microsoft\jdk-11.0.18.10-hotspot\bin;C:\Python310\Scripts\;C:\Python310\;C:\Program Files\Microsoft\jdk-11.0.12.7-hotspot\bin;C:\WINDOWS\system32;C:\WINDOWS;C:\WINDOWS\System32\Wbem;C:\WINDOWS\System32\WindowsPowerShell\v1.0\;C:\WINDOWS\System32\OpenSSH\;C:\Program Files\Microsoft SQL Server\150\Tools\Binn\;C:\Program Files\Microsoft SQL Server\Client SDK\ODBC\170\Tools\Binn\;C:\Program Files\dotnet\;C:\Program Files (x86)\Microsoft SQL Server\150\Tools\Binn\;C:\Program Files\Microsoft SQL Server\150\DTS\Binn\;C:\Program Files (x86)\Microsoft SQL Server\150\DTS\Binn\;C:\Program Files\Azure Data Studio\bin;C:\ProgramData\chocolatey\bin;C:\Program Files\PostgreSQL\10\bin;C:\php;C:\Program Files\MySQL\MySQL Server 8.0\bin;C:\ProgramData\ComposerSetup\bin;C:\Program Files\nodejs\;C:\Users\Juan\AppData\Local\Android\Sdk\platform-tools;C:\Program Files\Git\cmd;C:\Program Files\MySQL\MySQL Shell 8.0\bin\;C:\Users\Juan\AppData\Local\Microsoft\WindowsApps;C:\Users\Juan\.dotnet\tools;C:\Program Files\Azure Data Studio\bin;C:\Users\Juan\AppData\Local\Programs\Microsoft VS Code\bin;C:\Users\Juan\AppData\Roaming\Composer\vendor\bin;C:\Users\Juan\AppData\Roaming\npm
USERNAME=Noemi
LANG=es_ES.UTF-8
OS=Windows_NT
PROCESSOR_IDENTIFIER=Intel64 Family 6 Model 158 Stepping 10, GenuineIntel
TMP=C:\Users\Juan\AppData\Local\Temp
TEMP=C:\Users\Juan\AppData\Local\Temp



---------------  S Y S T E M  ---------------

OS: Windows 10 , 64 bit Build 19041 (10.0.19041.2788)
OS uptime: 0 days 1:01 hours

CPU:total 12 (initial active 12) (6 cores per cpu, 2 threads per core) family 6 model 158 stepping 10 microcode 0xb4, cmov, cx8, fxsr, mmx, sse, sse2, sse3, ssse3, sse4.1, sse4.2, popcnt, avx, avx2, aes, clmul, erms, 3dnowpref, lzcnt, ht, tsc, tscinvbit, bmi1, bmi2, adx, fma

Memory: 4k page, system-wide physical 16255M (3900M free)
TotalPageFile size 18303M (AvailPageFile size 27M)
current process WorkingSet (physical memory assigned to process): 722M, peak: 753M
current process commit charge ("private bytes"): 786M, peak: 831M

vm_info: OpenJDK 64-Bit Server VM (11.0.18+10-LTS) for windows-amd64 JRE (11.0.18+10-LTS), built on Jan 18 2023 15:56:47 by "MicrosoftCorporation" with MS VC++ 15.9 (VS2017)

END.
